### Number of tubes used: 730
### Nuclear profiles per tube: 1.68219
### Resolution (bp): 40000
### Slice thickness (microns): 0.22
### Nuclear radius (microns): 4.5
### Detection efficiency: 0.858886
distance	 pi_threshold
1	0.338732
2	0.285294
3	0.265487
4	0.248089
5	0.236263
6	0.229205
7	0.222255
8	0.216976
9	0.209158
10	0.210623
11	0.205348
12	0.199228
13	0.193821
14	0.190252
15	0.190458
16	0.188194
17	0.189822
18	0.183815
19	0.181803
20	0.177849
21	0.17673
22	0.174774
23	0.174404
24	0.175938
25	0.176724
26	0.170915
27	0.166476
28	0.168314
29	0.166726
30	0.167928
31	0.166448
32	0.159848
33	0.162279
34	0.16485
35	0.16074
36	0.160011
37	0.163485
38	0.157797
39	0.158688
40	0.156815
41	0.158194
42	0.155802
43	0.155948
44	0.155441
45	0.152425
46	0.154632
47	0.155233
48	0.150709
49	0.151306
50	0.150143
51	0.151122
52	0.14851
53	0.147164
54	0.143133
55	0.148694
56	0.14548
57	0.147759
58	0.146339
59	0.146875
60	0.147275
61	0.145148
62	0.143226
63	0.145985
64	0.145645
65	0.14123
66	0.142861
67	0.142613
68	0.145803
69	0.139704
70	0.142422
71	0.139802
72	0.139684
73	0.140329
74	0.144307
75	0.141496
76	0.142894
77	0.137028
78	0.142452
79	0.139756
80	0.137533
81	0.139253
82	0.138855
83	0.138113
84	0.136998
85	0.137036
86	0.139553
87	0.136464
88	0.135056
89	0.138156
90	0.138771
91	0.135455
92	0.135304
93	0.136271
94	0.135583
95	0.13477
96	0.135902
97	0.135424
98	0.139339
99	0.132676
100	0.134449
101	0.134505
102	0.132631
103	0.137606
104	0.134243
105	0.134511
106	0.133122
107	0.135273
108	0.135085
109	0.132619
110	0.132034
111	0.137309
112	0.131637
113	0.134961
114	0.135562
115	0.131842
116	0.135558
117	0.134942
118	0.132035
119	0.131876
120	0.128698
121	0.1346
122	0.130202
123	0.132406
124	0.131078
125	0.131633
126	0.131955
127	0.1359
128	0.134023
129	0.130829
130	0.130119
131	0.131045
132	0.129542
133	0.129085
134	0.128389
135	0.133054
136	0.129192
137	0.133205
138	0.128897
139	0.131114
140	0.129078
141	0.129865
142	0.128977
143	0.131615
144	0.130023
145	0.12904
146	0.127517
147	0.130901
148	0.130037
149	0.130569
150	0.13169
151	0.129095
152	0.129196
153	0.127435
154	0.12769
155	0.128615
156	0.130413
157	0.129815
158	0.13042
159	0.129133
160	0.129434
161	0.129274
162	0.12987
163	0.129332
164	0.125447
165	0.129529
166	0.126689
167	0.127951
168	0.12726
169	0.126212
170	0.124114
171	0.127408
172	0.126632
173	0.127591
174	0.129822
175	0.13143
176	0.125017
177	0.128335
178	0.126835
179	0.126149
180	0.129465
181	0.125127
182	0.124396
183	0.128386
184	0.125275
185	0.12654
186	0.126525
187	0.127267
188	0.126194
189	0.127057
190	0.125949
191	0.124598
192	0.128926
193	0.124732
194	0.128476
195	0.126792
196	0.12832
197	0.125078
198	0.123518
199	0.128029
200	0.125033
201	0.127383
202	0.128572
203	0.125442
204	0.125454
205	0.124841
206	0.125247
207	0.126906
208	0.122309
209	0.128289
210	0.1262
211	0.127394
212	0.123091
213	0.122444
214	0.126155
215	0.12395
216	0.122557
217	0.124511
218	0.127439
219	0.123192
220	0.123509
221	0.124539
222	0.1244
223	0.124009
224	0.125377
225	0.122147
226	0.123743
227	0.124606
228	0.124436
229	0.125215
230	0.124781
231	0.122536
232	0.127095
233	0.124536
234	0.126431
235	0.122668
236	0.122103
237	0.126111
238	0.122335
239	0.125044
240	0.122451
241	0.122776
242	0.123454
243	0.123134
244	0.122707
245	0.12114
246	0.124432
247	0.123531
248	0.125351
249	0.12174
250	0.124585
251	0.122877
252	0.122318
253	0.126203
254	0.125485
255	0.121901
256	0.123796
257	0.123607
258	0.123264
259	0.122585
260	0.124134
261	0.123008
262	0.123673
263	0.123121
264	0.120796
265	0.123237
266	0.123959
267	0.123601
268	0.122797
269	0.124636
270	0.124583
271	0.124206
272	0.126711
273	0.121109
274	0.12476
275	0.120581
276	0.125285
277	0.124733
278	0.121038
279	0.122731
280	0.12169
281	0.123226
282	0.122579
283	0.120756
284	0.125408
285	0.12414
286	0.123345
287	0.120792
288	0.124323
289	0.124587
290	0.120555
291	0.123427
292	0.125006
293	0.122887
294	0.125475
295	0.120329
296	0.123254
297	0.120492
298	0.124176
299	0.121073
300	0.120744
301	0.121319
302	0.121502
303	0.123324
304	0.119997
305	0.122754
306	0.122316
307	0.124437
308	0.122021
309	0.12419
310	0.11951
311	0.119703
312	0.122593
313	0.12272
314	0.123846
315	0.122981
316	0.124057
317	0.122211
318	0.122429
319	0.124741
320	0.122403
321	0.122375
322	0.11919
323	0.124923
324	0.119391
325	0.12027
326	0.122858
327	0.118825
328	0.122525
329	0.121879
330	0.127962
331	0.126128
332	0.121838
333	0.118861
334	0.122299
335	0.125721
336	0.122632
337	0.122699
338	0.125127
339	0.122381
340	0.12227
341	0.120583
342	0.121553
343	0.121563
344	0.123305
345	0.124232
346	0.125224
347	0.122448
348	0.12231
349	0.12296
350	0.12203
351	0.124182
352	0.121994
353	0.118428
354	0.122337
355	0.118534
356	0.120148
357	0.123351
358	0.125503
359	0.122482
360	0.121977
361	0.121437
362	0.121652
363	0.123745
364	0.122387
365	0.122497
366	0.122799
367	0.122605
368	0.11978
369	0.119485
370	0.118882
371	0.121472
372	0.122779
373	0.124285
374	0.120767
375	0.121848
376	0.121179
377	0.120934
378	0.126462
379	0.124233
380	0.123957
381	0.122807
382	0.126181
383	0.123501
384	0.122402
385	0.123846
386	0.121035
387	0.123054
388	0.121963
389	0.122085
390	0.121915
391	0.119061
392	0.123857
393	0.120583
394	0.120981
395	0.124132
396	0.122522
397	0.123829
398	0.121226
399	0.120941
400	0.123903
401	0.122982
402	0.122837
403	0.122943
404	0.123146
405	0.122653
406	0.123096
407	0.126268
408	0.123192
409	0.12356
410	0.11974
411	0.122621
412	0.120503
413	0.120109
414	0.120775
415	0.120305
416	0.121878
417	0.12247
418	0.122547
419	0.121103
420	0.12369
421	0.12326
422	0.123024
423	0.12137
424	0.124091
425	0.122046
426	0.123677
427	0.122216
428	0.119472
429	0.124029
430	0.122601
431	0.122332
432	0.122155
433	0.122001
434	0.121458
435	0.121576
436	0.124404
437	0.124746
438	0.124393
439	0.118691
440	0.123231
441	0.122033
442	0.122225
443	0.1191
444	0.119742
445	0.122804
446	0.119814
447	0.122084
448	0.122777
449	0.122128
450	0.124691
451	0.127385
452	0.12142
453	0.122629
454	0.121655
455	0.124093
456	0.123829
457	0.124037
458	0.122929
459	0.120095
460	0.123264
461	0.120981
462	0.119469
463	0.122989
464	0.122672
465	0.118137
466	0.124515
467	0.124751
468	0.123964
469	0.123376
470	0.121232
471	0.124368
472	0.121438
473	0.121701
474	0.123416
475	0.121059
476	0.122634
477	0.123579
478	0.125156
479	0.122072
480	0.12128
481	0.124603
482	0.126703
483	0.12202
484	0.11942
485	0.12341
486	0.1231
487	0.120026
488	0.12355
489	0.123315
490	0.123816
491	0.123337
492	0.120615
493	0.119946
494	0.122198
495	0.125117
496	0.120867
497	0.122577
498	0.122334
499	0.121167
500	0.118906
501	0.121838
502	0.121165
503	0.124477
504	0.124127
505	0.119192
506	0.121149
507	0.12096
508	0.120455
509	0.11778
510	0.119043
511	0.120885
512	0.120229
513	0.121352
514	0.124008
515	0.121323
516	0.122925
517	0.117824
518	0.12424
519	0.120288
520	0.117981
521	0.121264
522	0.123756
523	0.119881
524	0.118827
525	0.125212
526	0.121522
527	0.119594
528	0.12283
529	0.123315
530	0.121708
531	0.120182
532	0.12324
533	0.124037
534	0.121173
535	0.121764
536	0.120951
537	0.127037
538	0.121577
539	0.124488
540	0.120279
541	0.12154
542	0.120366
543	0.120879
544	0.120366
545	0.119212
546	0.123119
547	0.122652
548	0.11728
549	0.124213
550	0.122812
551	0.120214
552	0.12329
553	0.122497
554	0.119901
555	0.119664
556	0.119818
557	0.123966
558	0.125357
559	0.120321
560	0.122502
561	0.124739
562	0.118929
563	0.120539
564	0.120159
565	0.119899
566	0.121523
567	0.121424
568	0.120729
569	0.119514
570	0.1232
571	0.120093
572	0.123331
573	0.124257
574	0.122525
575	0.122567
576	0.122224
577	0.127265
578	0.124548
579	0.121845
580	0.123022
581	0.123205
582	0.119516
583	0.121941
584	0.126896
585	0.118468
586	0.122282
587	0.121984
588	0.120295
589	0.120691
590	0.118864
591	0.124785
592	0.122575
593	0.11797
594	0.120266
595	0.1235
596	0.121081
597	0.121634
598	0.122387
599	0.12217
600	0.123365
601	0.119579
602	0.119765
603	0.119979
604	0.12237
605	0.119646
606	0.123431
607	0.120587
608	0.119875
609	0.120381
610	0.12311
611	0.122691
612	0.123421
613	0.120404
614	0.117892
615	0.119789
616	0.122304
617	0.118006
618	0.12002
619	0.123823
620	0.121319
621	0.122076
622	0.121021
623	0.123421
624	0.120046
625	0.120157
626	0.118958
627	0.121228
628	0.117345
629	0.11961
630	0.123355
631	0.121498
632	0.124035
633	0.12099
634	0.118286
635	0.122135
636	0.121412
637	0.121982
638	0.120768
639	0.122253
640	0.120292
641	0.122796
642	0.117494
643	0.124226
644	0.121339
645	0.119552
646	0.119815
647	0.119093
648	0.121873
649	0.120907
650	0.118591
651	0.11991
652	0.120904
653	0.119297
654	0.120297
655	0.119069
656	0.121292
657	0.122287
658	0.118765
659	0.117878
660	0.122546
661	0.119737
662	0.119721
663	0.119684
664	0.120372
665	0.121743
666	0.119638
667	0.122683
668	0.120646
669	0.121529
670	0.119273
671	0.121537
672	0.11813
673	0.122222
674	0.118705
675	0.118543
676	0.118486
677	0.119445
678	0.12061
679	0.120407
680	0.122537
681	0.121242
682	0.120436
683	0.118672
684	0.120308
685	0.120295
686	0.118553
687	0.119263
688	0.119052
689	0.118002
690	0.117618
691	0.11817
692	0.117999
693	0.120523
694	0.118913
695	0.120287
696	0.120183
697	0.116851
698	0.118395
699	0.120585
700	0.118562
701	0.118548
702	0.121137
703	0.119882
704	0.12004
705	0.121317
706	0.117123
707	0.119359
708	0.119279
709	0.11874
710	0.120346
711	0.120621
712	0.121531
713	0.120539
714	0.118846
715	0.119059
716	0.121832
717	0.123045
718	0.120711
719	0.119593
720	0.11803
721	0.119358
722	0.118592
723	0.121159
724	0.120785
725	0.123958
726	0.119618
727	0.121484
728	0.121884
729	0.119896
730	0.124158
731	0.122678
732	0.11768
733	0.116509
734	0.122469
735	0.120427
736	0.118138
737	0.119101
738	0.121316
739	0.120138
740	0.120926
741	0.121241
742	0.121489
743	0.122247
744	0.119496
745	0.121856
746	0.12012
747	0.121312
748	0.121851
749	0.122007
750	0.119598
751	0.121168
752	0.120753
753	0.119472
754	0.119968
755	0.120727
756	0.122879
757	0.120558
758	0.120855
759	0.123858
760	0.121335
761	0.121917
762	0.11875
763	0.121699
764	0.121036
765	0.121116
766	0.119396
767	0.122327
768	0.122828
769	0.122282
770	0.12193
771	0.12106
772	0.118328
773	0.116862
774	0.118541
775	0.12156
776	0.121316
777	0.124239
778	0.119688
779	0.11986
780	0.121207
781	0.119523
782	0.118652
783	0.12124
784	0.118042
785	0.12096
786	0.117956
787	0.120909
788	0.120658
789	0.119533
790	0.119775
791	0.121495
792	0.120177
793	0.11653
794	0.118599
795	0.118402
796	0.118824
797	0.118861
798	0.120083
799	0.118956
800	0.11759
801	0.118001
802	0.121762
803	0.11829
804	0.118555
805	0.117975
806	0.121759
807	0.119742
808	0.121038
809	0.117774
810	0.11685
811	0.120116
812	0.119355
813	0.118424
814	0.119097
815	0.120334
816	0.118097
817	0.119312
818	0.119442
819	0.120274
820	0.115653
821	0.118308
822	0.118223
823	0.117771
824	0.11521
825	0.118947
826	0.11934
827	0.117324
828	0.118262
829	0.122578
830	0.11836
831	0.119971
832	0.118109
833	0.118699
834	0.119383
835	0.118505
836	0.119573
837	0.116684
838	0.115968
839	0.119221
840	0.120036
841	0.119635
842	0.118377
843	0.116164
844	0.115068
845	0.118773
846	0.116677
847	0.116578
848	0.119584
849	0.11522
850	0.118492
851	0.118573
852	0.116849
853	0.116569
854	0.118244
855	0.115859
856	0.117915
857	0.116592
858	0.120958
859	0.11605
860	0.114889
861	0.118006
862	0.118271
863	0.117154
864	0.117636
865	0.118382
866	0.11615
867	0.114921
868	0.118677
869	0.119461
870	0.114698
871	0.115487
872	0.11863
873	0.116155
874	0.11338
875	0.115486
876	0.11952
877	0.113681
878	0.116229
879	0.117234
880	0.118482
881	0.115383
882	0.116252
883	0.117979
884	0.117803
885	0.11466
886	0.119846
887	0.115755
888	0.11835
889	0.120896
890	0.116226
891	0.114402
892	0.117131
893	0.116886
894	0.120373
895	0.117848
896	0.116538
897	0.118801
898	0.121366
899	0.117436
900	0.116991
901	0.117241
902	0.114811
903	0.115554
904	0.117065
905	0.1149
906	0.114959
907	0.116565
908	0.116374
909	0.113614
910	0.116579
911	0.116956
912	0.113797
913	0.117704
914	0.119183
915	0.115015
916	0.114353
917	0.116496
918	0.116771
919	0.1185
920	0.116576
921	0.113075
922	0.117792
923	0.119466
924	0.113068
925	0.116235
926	0.118862
927	0.118645
928	0.117291
929	0.11703
930	0.116069
931	0.117065
932	0.113899
933	0.118751
934	0.11647
935	0.11696
936	0.11592
937	0.119605
938	0.117218
939	0.116868
940	0.118898
941	0.117663
942	0.116419
943	0.117386
944	0.115659
945	0.113956
946	0.114535
947	0.116831
948	0.120608
949	0.117084
950	0.116757
951	0.116781
952	0.118246
953	0.118631
954	0.117113
955	0.117552
956	0.115056
957	0.119813
958	0.11838
959	0.117869
960	0.117781
961	0.11762
962	0.116404
963	0.116697
964	0.116922
965	0.115259
966	0.119334
967	0.114457
968	0.118712
969	0.118031
970	0.117205
971	0.119234
972	0.116534
973	0.116774
974	0.117228
975	0.117257
976	0.11797
977	0.114432
978	0.117415
979	0.116305
980	0.113878
981	0.117509
982	0.117097
983	0.116832
984	0.1195
985	0.119068
986	0.1181
987	0.118769
988	0.117777
989	0.116022
990	0.117432
991	0.116775
992	0.120716
993	0.115211
994	0.114875
995	0.117863
996	0.116409
997	0.116526
998	0.118096
999	0.120438
1000	0.119585
1001	0.117586
1002	0.116345
1003	0.117288
1004	0.113575
1005	0.118283
1006	0.117638
1007	0.114589
1008	0.115077
1009	0.118167
1010	0.117511
1011	0.117213
1012	0.119341
1013	0.118776
1014	0.117343
1015	0.115939
1016	0.114874
1017	0.118109
1018	0.116487
1019	0.116781
1020	0.116862
1021	0.117104
1022	0.116358
1023	0.116841
1024	0.114021
1025	0.116299
1026	0.116287
1027	0.116921
1028	0.119057
1029	0.117659
1030	0.117875
1031	0.118121
1032	0.11752
1033	0.115933
1034	0.114402
1035	0.117774
1036	0.119047
1037	0.119192
1038	0.118708
1039	0.118168
1040	0.117766
1041	0.116486
1042	0.11869
1043	0.116663
1044	0.115855
1045	0.114799
1046	0.116103
1047	0.116609
1048	0.11784
1049	0.117634
1050	0.116905
1051	0.114456
1052	0.117242
1053	0.118883
1054	0.116216
1055	0.117164
1056	0.116024
1057	0.116057
1058	0.114491
1059	0.118284
1060	0.117974
1061	0.114788
1062	0.117608
1063	0.118547
1064	0.116965
1065	0.116625
1066	0.117218
1067	0.11767
1068	0.118277
1069	0.11654
1070	0.118233
1071	0.11944
1072	0.118348
1073	0.115532
1074	0.116319
1075	0.118195
1076	0.117393
1077	0.117367
1078	0.116275
1079	0.117519
1080	0.116669
1081	0.114671
1082	0.116653
1083	0.115903
1084	0.117376
1085	0.11676
1086	0.119024
1087	0.115957
1088	0.115909
1089	0.115176
1090	0.115559
1091	0.116285
1092	0.115636
1093	0.118833
1094	0.117581
1095	0.11758
1096	0.114876
1097	0.116851
1098	0.118475
1099	0.119859
1100	0.116205
1101	0.116583
1102	0.118462
1103	0.11559
1104	0.114667
1105	0.116969
1106	0.114156
1107	0.115754
1108	0.117998
1109	0.117658
1110	0.116347
1111	0.115429
1112	0.116499
1113	0.115184
1114	0.119556
1115	0.115577
1116	0.117222
1117	0.115079
1118	0.116029
1119	0.116556
1120	0.114172
1121	0.115311
1122	0.11748
1123	0.11722
1124	0.117371
1125	0.114891
1126	0.116928
1127	0.116695
1128	0.116747
1129	0.115236
1130	0.117484
1131	0.112028
1132	0.114058
1133	0.114367
1134	0.117597
1135	0.117215
1136	0.117247
1137	0.116779
1138	0.115915
1139	0.115693
1140	0.116213
1141	0.116244
1142	0.117598
1143	0.116648
1144	0.119083
1145	0.116582
1146	0.116444
1147	0.115489
1148	0.117206
1149	0.117313
1150	0.115283
1151	0.117291
1152	0.118559
1153	0.120046
1154	0.116894
1155	0.116213
1156	0.113256
1157	0.113029
1158	0.114955
1159	0.113363
1160	0.115631
1161	0.11773
1162	0.116063
1163	0.115853
1164	0.116139
1165	0.115874
1166	0.114397
1167	0.115342
1168	0.115268
1169	0.112014
1170	0.116303
1171	0.115744
1172	0.113109
1173	0.116732
1174	0.116118
1175	0.115315
1176	0.112328
1177	0.115849
1178	0.111842
1179	0.114008
1180	0.117481
1181	0.115184
1182	0.114093
1183	0.112544
1184	0.114309
1185	0.115183
1186	0.114928
1187	0.11459
1188	0.113153
1189	0.115708
1190	0.114497
1191	0.116125
1192	0.114117
1193	0.113639
1194	0.112532
1195	0.117737
1196	0.117532
1197	0.115508
1198	0.116375
1199	0.113927
1200	0.119863
1201	0.115213
1202	0.114061
1203	0.115229
1204	0.111982
1205	0.116154
1206	0.114368
1207	0.114813
1208	0.115803
1209	0.114616
1210	0.112873
1211	0.113776
1212	0.113567
1213	0.116308
1214	0.117338
1215	0.114595
1216	0.114424
1217	0.116081
1218	0.112811
1219	0.112623
1220	0.117281
1221	0.115609
1222	0.114158
1223	0.112865
1224	0.117961
1225	0.114274
1226	0.114888
1227	0.114979
1228	0.113401
1229	0.112027
1230	0.115538
1231	0.114358
1232	0.114121
1233	0.113062
1234	0.11396
1235	0.116167
1236	0.116972
1237	0.115855
1238	0.112436
1239	0.115018
1240	0.118882
1241	0.113753
1242	0.113443
1243	0.113082
1244	0.115288
1245	0.112304
1246	0.11144
1247	0.113543
1248	0.114562
1249	0.113626
1250	0.114442
1251	0.114537
1252	0.115611
1253	0.111978
1254	0.110506
1255	0.113011
1256	0.113149
1257	0.11273
1258	0.113339
1259	0.113411
1260	0.114063
1261	0.109549
1262	0.114122
1263	0.115684
1264	0.113948
1265	0.113479
1266	0.114967
1267	0.114865
1268	0.111753
1269	0.115072
1270	0.115026
1271	0.113085
1272	0.11804
1273	0.115477
1274	0.113117
1275	0.113445
1276	0.113233
1277	0.1128
1278	0.114629
1279	0.115819
1280	0.111577
1281	0.114302
1282	0.114734
1283	0.111896
1284	0.11487
1285	0.113787
1286	0.113059
1287	0.113613
1288	0.112519
1289	0.113611
1290	0.114558
1291	0.115122
1292	0.111835
1293	0.115078
1294	0.11386
1295	0.114374
1296	0.114843
1297	0.115095
1298	0.113048
1299	0.113019
1300	0.116664
1301	0.115874
1302	0.112433
1303	0.112173
1304	0.113523
1305	0.111555
1306	0.113959
1307	0.114099
1308	0.11414
1309	0.114503
1310	0.11492
1311	0.109886
1312	0.115468
1313	0.113596
1314	0.11424
1315	0.112797
1316	0.114955
1317	0.113629
1318	0.111653
1319	0.11702
1320	0.115452
1321	0.115976
1322	0.114271
1323	0.116186
1324	0.11479
1325	0.116855
1326	0.113995
1327	0.109386
1328	0.115973
1329	0.114879
1330	0.113383
1331	0.113124
1332	0.110782
1333	0.116209
1334	0.110768
1335	0.112191
1336	0.115565
1337	0.115359
1338	0.114531
1339	0.115231
1340	0.112509
1341	0.113339
1342	0.113321
1343	0.113559
1344	0.113129
1345	0.113616
1346	0.114443
1347	0.115008
1348	0.115647
1349	0.115618
1350	0.116915
1351	0.116418
1352	0.112378
1353	0.110864
1354	0.113013
1355	0.110859
1356	0.115056
1357	0.115245
1358	0.114397
1359	0.112208
1360	0.117733
1361	0.115824
1362	0.11382
1363	0.112099
1364	0.115261
1365	0.115404
1366	0.112627
1367	0.113802
1368	0.111677
1369	0.113159
1370	0.112309
1371	0.117677
1372	0.114887
1373	0.116584
1374	0.113096
1375	0.114904
1376	0.11506
1377	0.111676
1378	0.11622
1379	0.113702
1380	0.114333
1381	0.116382
1382	0.116005
1383	0.114201
1384	0.113832
1385	0.113758
1386	0.115439
1387	0.113488
1388	0.113602
1389	0.114444
1390	0.113527
1391	0.111617
1392	0.114083
1393	0.112549
1394	0.111694
1395	0.115012
1396	0.113057
1397	0.115987
1398	0.112327
1399	0.112487
1400	0.113594
1401	0.11501
1402	0.112859
1403	0.114261
1404	0.113608
1405	0.112718
1406	0.112804
1407	0.113363
1408	0.114772
1409	0.117232
1410	0.115333
1411	0.113547
1412	0.110816
1413	0.114529
1414	0.110438
1415	0.115209
1416	0.114805
1417	0.112193
1418	0.112892
1419	0.113992
1420	0.113078
1421	0.115744
1422	0.113011
1423	0.112134
1424	0.114722
1425	0.114124
1426	0.115095
1427	0.115353
1428	0.114755
1429	0.112417
1430	0.116307
1431	0.116156
1432	0.11095
1433	0.114166
1434	0.110087
1435	0.113744
1436	0.111034
1437	0.116823
1438	0.111424
1439	0.115793
1440	0.113612
1441	0.113834
1442	0.112713
1443	0.112135
1444	0.109603
1445	0.114761
1446	0.113717
1447	0.111053
1448	0.11305
1449	0.114417
1450	0.116608
1451	0.113149
1452	0.113335
1453	0.113308
1454	0.112529
1455	0.111855
1456	0.115039
1457	0.110037
1458	0.111022
1459	0.11198
1460	0.110036
1461	0.111215
1462	0.112267
1463	0.110201
1464	0.114397
1465	0.112231
1466	0.111846
1467	0.114183
1468	0.11042
1469	0.113124
1470	0.112828
1471	0.110792
1472	0.112828
1473	0.114664
1474	0.112615
1475	0.1091
1476	0.112372
1477	0.11016
1478	0.110621
1479	0.114212
1480	0.115007
1481	0.112992
1482	0.114283
1483	0.111487
1484	0.115461
1485	0.114828
1486	0.112722
1487	0.112174
1488	0.112935
1489	0.111272
1490	0.112414
1491	0.111085
1492	0.112724
1493	0.112105
1494	0.114078
1495	0.113147
1496	0.112802
1497	0.110855
1498	0.114589
1499	0.11349
1500	0.115751
1501	0.113926
1502	0.112703
1503	0.112843
1504	0.109747
1505	0.114448
1506	0.114517
1507	0.113293
1508	0.113644
1509	0.116864
1510	0.113758
1511	0.112215
1512	0.114232
1513	0.112931
1514	0.113228
1515	0.110304
1516	0.113329
1517	0.111139
1518	0.111267
1519	0.11226
1520	0.113708
1521	0.111765
1522	0.11195
1523	0.113524
1524	0.114368
1525	0.112583
1526	0.114146
1527	0.113021
1528	0.113446
1529	0.110668
1530	0.111533
1531	0.113607
1532	0.113942
1533	0.111826
1534	0.110528
1535	0.114024
1536	0.115377
1537	0.113421
1538	0.113847
1539	0.116025
1540	0.113735
1541	0.112217
1542	0.116272
1543	0.113785
1544	0.110393
1545	0.112701
1546	0.115232
1547	0.111181
1548	0.112447
1549	0.112551
1550	0.113967
1551	0.112382
1552	0.109503
1553	0.113588
1554	0.113742
1555	0.113651
1556	0.11147
1557	0.110952
1558	0.112496
1559	0.112682
1560	0.114087
1561	0.112566
1562	0.113038
1563	0.116067
1564	0.112214
1565	0.113274
1566	0.113455
1567	0.112348
1568	0.114761
1569	0.110588
1570	0.108572
1571	0.111608
1572	0.107814
1573	0.110433
1574	0.111494
1575	0.111738
1576	0.110379
1577	0.109796
1578	0.111026
1579	0.109325
1580	0.112035
1581	0.110805
1582	0.11294
1583	0.109219
1584	0.111151
1585	0.115338
1586	0.111816
1587	0.11341
1588	0.113114
1589	0.110753
1590	0.11353
1591	0.112419
1592	0.110051
1593	0.112841
1594	0.111479
1595	0.111648
1596	0.112127
1597	0.109376
1598	0.111059
1599	0.11147
1600	0.116766
1601	0.111424
1602	0.113021
1603	0.110537
1604	0.108977
1605	0.110974
1606	0.111914
1607	0.112015
1608	0.112209
1609	0.110656
1610	0.111403
1611	0.112444
1612	0.109993
1613	0.112759
1614	0.110081
1615	0.110109
1616	0.112658
1617	0.109821
1618	0.111202
1619	0.111097
1620	0.110553
1621	0.111279
1622	0.110894
1623	0.113042
1624	0.111308
1625	0.11094
1626	0.111488
1627	0.110573
1628	0.114012
1629	0.110383
1630	0.112224
1631	0.11194
1632	0.109845
1633	0.109501
1634	0.110869
1635	0.112891
1636	0.111156
1637	0.109673
1638	0.111226
1639	0.113246
1640	0.114486
1641	0.107107
1642	0.114226
1643	0.114924
1644	0.111334
1645	0.111533
1646	0.110928
1647	0.111734
1648	0.112084
1649	0.111432
1650	0.110039
1651	0.112571
1652	0.113834
1653	0.112217
1654	0.114018
1655	0.10974
1656	0.113512
1657	0.112808
1658	0.113454
1659	0.113736
1660	0.112485
1661	0.112946
1662	0.110623
1663	0.114904
1664	0.113365
1665	0.109049
1666	0.116154
1667	0.114663
1668	0.113064
1669	0.11235
1670	0.112542
1671	0.114531
1672	0.112545
1673	0.11129
1674	0.114922
1675	0.112642
1676	0.11214
1677	0.114394
1678	0.111867
1679	0.110035
1680	0.112151
1681	0.112483
1682	0.114661
1683	0.112543
1684	0.116773
1685	0.110168
1686	0.112112
1687	0.111183
1688	0.110899
1689	0.110254
1690	0.111713
1691	0.11068
1692	0.112698
1693	0.110671
1694	0.110355
1695	0.113655
1696	0.112658
1697	0.11127
1698	0.111516
1699	0.111932
1700	0.111629
1701	0.110314
1702	0.110783
1703	0.114055
1704	0.109124
1705	0.110063
1706	0.109929
1707	0.11014
1708	0.109827
1709	0.111116
1710	0.109397
1711	0.110642
1712	0.110975
1713	0.110619
1714	0.110938
1715	0.11078
1716	0.110097
1717	0.110796
1718	0.109739
1719	0.110551
1720	0.110071
1721	0.110868
1722	0.114017
1723	0.111959
1724	0.111834
1725	0.110604
1726	0.111018
1727	0.111324
1728	0.111866
1729	0.113575
1730	0.109533
1731	0.110855
1732	0.109531
1733	0.112699
1734	0.110459
1735	0.114612
1736	0.111702
1737	0.110784
1738	0.108576
1739	0.109355
1740	0.114014
1741	0.113151
1742	0.110609
1743	0.112762
1744	0.110836
1745	0.110456
1746	0.110302
1747	0.111257
1748	0.109876
1749	0.109971
1750	0.114072
1751	0.111758
1752	0.112109
1753	0.110194
1754	0.113795
1755	0.116574
1756	0.112371
1757	0.111083
1758	0.113498
1759	0.114311
1760	0.111877
1761	0.112788
1762	0.113723
1763	0.115109
1764	0.113003
1765	0.111666
1766	0.114291
1767	0.112701
1768	0.117319
1769	0.113476
1770	0.114695
1771	0.115138
1772	0.113811
1773	0.115098
1774	0.109065
1775	0.112481
1776	0.112268
1777	0.109573
1778	0.114226
1779	0.114727
1780	0.113496
1781	0.114465
1782	0.112497
1783	0.111587
1784	0.112384
1785	0.110151
1786	0.109545
1787	0.108078
1788	0.112785
1789	0.112092
1790	0.11043
1791	0.109866
1792	0.110138
1793	0.110492
1794	0.109486
1795	0.11185
1796	0.111748
1797	0.112653
1798	0.110397
1799	0.110515
1800	0.110658
1801	0.108839
1802	0.111808
1803	0.112556
1804	0.113992
1805	0.110968
1806	0.111929
1807	0.111015
1808	0.10778
1809	0.111543
1810	0.107434
1811	0.107823
1812	0.106745
1813	0.111093
1814	0.109625
1815	0.108166
1816	0.109677
1817	0.111192
1818	0.110298
1819	0.111381
1820	0.108724
1821	0.111631
1822	0.109227
1823	0.109066
1824	0.110421
1825	0.108197
1826	0.111476
1827	0.106544
1828	0.108638
1829	0.10935
1830	0.107025
1831	0.111118
1832	0.10757
1833	0.108763
1834	0.110606
1835	0.108918
1836	0.106027
1837	0.108882
1838	0.106517
1839	0.110738
1840	0.109068
1841	0.110946
1842	0.110171
1843	0.11237
1844	0.111371
1845	0.11072
1846	0.110263
1847	0.110788
1848	0.108507
1849	0.109679
1850	0.110647
1851	0.109548
1852	0.110994
1853	0.110881
1854	0.112453
1855	0.108252
1856	0.112389
1857	0.105234
1858	0.10901
1859	0.108271
1860	0.107869
1861	0.110927
1862	0.11012
1863	0.109541
1864	0.108772
1865	0.108772
1866	0.112201
1867	0.109142
1868	0.108096
1869	0.109297
1870	0.108265
1871	0.1102
1872	0.106821
1873	0.110328
1874	0.110051
1875	0.108325
1876	0.111117
1877	0.109305
1878	0.111549
1879	0.106807
1880	0.108365
1881	0.106172
1882	0.106999
1883	0.108331
1884	0.110081
1885	0.110246
1886	0.108771
1887	0.108979
1888	0.111033
1889	0.110158
1890	0.113752
1891	0.107577
1892	0.110887
1893	0.106873
1894	0.108205
1895	0.109385
1896	0.109855
1897	0.11108
1898	0.111028
1899	0.108608
1900	0.107806
1901	0.108303
1902	0.110133
1903	0.111341
1904	0.110743
1905	0.111486
1906	0.11002
1907	0.109358
1908	0.112196
1909	0.110553
1910	0.1087
1911	0.111233
1912	0.108586
1913	0.109003
1914	0.107894
1915	0.107181
1916	0.108233
1917	0.112247
1918	0.111072
1919	0.107666
1920	0.107774
1921	0.108991
1922	0.11162
1923	0.109554
1924	0.106635
1925	0.109904
1926	0.108571
1927	0.109072
1928	0.109191
1929	0.109759
1930	0.111554
1931	0.109193
1932	0.108633
1933	0.110408
1934	0.107433
1935	0.109629
1936	0.108445
1937	0.108693
1938	0.110081
1939	0.106543
1940	0.107868
1941	0.109831
1942	0.105939
1943	0.112102
1944	0.107582
1945	0.106768
1946	0.111313
1947	0.110008
1948	0.108534
1949	0.1116
1950	0.112702
1951	0.108127
1952	0.110386
1953	0.110348
1954	0.10844
1955	0.11053
1956	0.107358
1957	0.111505
1958	0.111122
1959	0.109661
1960	0.112249
1961	0.10723
1962	0.112476
1963	0.109122
1964	0.111142
1965	0.110715
1966	0.112802
1967	0.107974
1968	0.11251
1969	0.111776
1970	0.109585
1971	0.111408
1972	0.111077
1973	0.110585
1974	0.109319
1975	0.109485
1976	0.113047
1977	0.112262
1978	0.110704
1979	0.110179
1980	0.108945
1981	0.112325
1982	0.111578
1983	0.112976
1984	0.110578
1985	0.10783
1986	0.109584
1987	0.110325
1988	0.110677
1989	0.111852
1990	0.112436
1991	0.110428
1992	0.112209
1993	0.109066
1994	0.10835
1995	0.110146
1996	0.106586
1997	0.109716
1998	0.112327
1999	0.110849
2000	0.108784
2001	0.113102
2002	0.10873
2003	0.111094
2004	0.10918
2005	0.111526
2006	0.108876
2007	0.108369
2008	0.10958
2009	0.107301
2010	0.111383
2011	0.107329
2012	0.104231
2013	0.110998
2014	0.109049
2015	0.110302
2016	0.108254
2017	0.107989
2018	0.107524
2019	0.105994
2020	0.110697
2021	0.106909
2022	0.105776
2023	0.104299
2024	0.106976
2025	0.105665
2026	0.107885
2027	0.106789
2028	0.106712
2029	0.106528
2030	0.105408
2031	0.104618
2032	0.103292
2033	0.10648
2034	0.107943
2035	0.107709
2036	0.10542
2037	0.103366
2038	0.106833
2039	0.103963
2040	0.105634
2041	0.105519
2042	0.10602
2043	0.105068
2044	0.105296
2045	0.107179
2046	0.104997
2047	0.107334
2048	0.104173
2049	0.103636
2050	0.10228
2051	0.104779
2052	0.10166
2053	0.103492
2054	0.102157
2055	0.106884
2056	0.100416
2057	0.101963
2058	0.105189
2059	0.105934
2060	0.104171
2061	0.103095
2062	0.102531
2063	0.105027
2064	0.102029
2065	0.101849
2066	0.101979
2067	0.10251
2068	0.103915
2069	0.106778
2070	0.103416
2071	0.103743
2072	0.105016
2073	0.101453
2074	0.104353
2075	0.104194
2076	0.102644
2077	0.102363
2078	0.102438
2079	0.102214
2080	0.104479
2081	0.103348
2082	0.105428
2083	0.103078
2084	0.103925
2085	0.10171
2086	0.102961
2087	0.104385
2088	0.105037
2089	0.10325
2090	0.101909
2091	0.102471
2092	0.10307
2093	0.102645
