### Number of tubes used: 730
### Nuclear profiles per tube: 1.68219
### Resolution (bp): 40000
### Slice thickness (microns): 0.22
### Nuclear radius (microns): 4.5
### Detection efficiency: 0.858886
distance	 pi_threshold
1	0.339353
2	0.28053
3	0.253252
4	0.242407
5	0.235403
6	0.227595
7	0.216668
8	0.214756
9	0.212504
10	0.201916
11	0.199154
12	0.195708
13	0.196807
14	0.197653
15	0.190074
16	0.187181
17	0.186454
18	0.183855
19	0.177088
20	0.175605
21	0.180642
22	0.175994
23	0.170317
24	0.17017
25	0.171677
26	0.172798
27	0.171474
28	0.168651
29	0.162875
30	0.16702
31	0.162079
32	0.163019
33	0.16336
34	0.165021
35	0.15991
36	0.159938
37	0.160341
38	0.159571
39	0.159475
40	0.158941
41	0.150799
42	0.156024
43	0.152535
44	0.153735
45	0.152307
46	0.15211
47	0.151583
48	0.153529
49	0.1466
50	0.14639
51	0.142868
52	0.146541
53	0.145348
54	0.149687
55	0.14893
56	0.147469
57	0.147328
58	0.147298
59	0.147008
60	0.145903
61	0.146009
62	0.144678
63	0.146321
64	0.141755
65	0.14473
66	0.143641
67	0.143611
68	0.140539
69	0.142835
70	0.140198
71	0.14148
72	0.143237
73	0.140622
74	0.137583
75	0.140743
76	0.139695
77	0.136703
78	0.138678
79	0.137498
80	0.134576
81	0.138496
82	0.139594
83	0.137504
84	0.138779
85	0.133674
86	0.136249
87	0.135324
88	0.13758
89	0.135855
90	0.135047
91	0.132843
92	0.134679
93	0.138486
94	0.134287
95	0.135324
96	0.133716
97	0.132822
98	0.135814
99	0.132822
100	0.13349
101	0.134805
102	0.133944
103	0.131527
104	0.132408
105	0.132208
106	0.131375
107	0.129371
108	0.133463
109	0.13004
110	0.131093
111	0.131361
112	0.129792
113	0.12977
114	0.133471
115	0.129534
116	0.130447
117	0.132654
118	0.128388
119	0.129153
120	0.13206
121	0.132601
122	0.131045
123	0.129106
124	0.129066
125	0.13033
126	0.129422
127	0.131672
128	0.128657
129	0.126722
130	0.129393
131	0.132955
132	0.131134
133	0.131266
134	0.129474
135	0.129635
136	0.127801
137	0.131032
138	0.129146
139	0.129647
140	0.129445
141	0.129109
142	0.125121
143	0.130164
144	0.130093
145	0.12645
146	0.124742
147	0.126547
148	0.127651
149	0.127544
150	0.130192
151	0.126665
152	0.127598
153	0.125944
154	0.127253
155	0.125167
156	0.12862
157	0.127011
158	0.126822
159	0.127801
160	0.125662
161	0.125037
162	0.127406
163	0.128366
164	0.124165
165	0.125586
166	0.126173
167	0.126639
168	0.128441
169	0.125011
170	0.125975
171	0.124608
172	0.12621
173	0.126926
174	0.124795
175	0.124267
176	0.122447
177	0.128638
178	0.126061
179	0.123473
180	0.127091
181	0.123517
182	0.124754
183	0.121869
184	0.124347
185	0.123032
186	0.123004
187	0.125981
188	0.124389
189	0.124344
190	0.126463
191	0.126775
192	0.122891
193	0.124581
194	0.126286
195	0.124187
196	0.123842
197	0.125548
198	0.124002
199	0.12599
200	0.122943
201	0.130783
202	0.123631
203	0.123533
204	0.12399
205	0.122824
206	0.124158
207	0.126867
208	0.123582
209	0.124564
210	0.122372
211	0.124776
212	0.120092
213	0.123086
214	0.123962
215	0.122745
216	0.123844
217	0.122499
218	0.123968
219	0.125113
220	0.124832
221	0.123067
222	0.12446
223	0.121075
224	0.124642
225	0.120786
226	0.123059
227	0.125324
228	0.121256
229	0.125881
230	0.124079
231	0.122766
232	0.126667
233	0.121071
234	0.123662
235	0.122064
236	0.12217
237	0.123719
238	0.124435
239	0.123073
240	0.122838
241	0.122417
242	0.121799
243	0.12502
244	0.123254
245	0.12289
246	0.121763
247	0.121325
248	0.124512
249	0.123657
250	0.122382
251	0.122918
252	0.123043
253	0.12156
254	0.120883
255	0.122866
256	0.123443
257	0.119935
258	0.124696
259	0.123848
260	0.124326
261	0.123772
262	0.123228
263	0.121729
264	0.121082
265	0.122066
266	0.121749
267	0.127401
268	0.124468
269	0.125798
270	0.121922
271	0.12234
272	0.121643
273	0.12115
274	0.118785
275	0.121182
276	0.121597
277	0.121778
278	0.124372
279	0.122486
280	0.121985
281	0.125837
282	0.12001
283	0.122862
284	0.120661
285	0.120109
286	0.119831
287	0.123639
288	0.124287
289	0.121128
290	0.121607
291	0.124229
292	0.12515
293	0.121762
294	0.124666
295	0.121694
296	0.12134
297	0.12497
298	0.121104
299	0.121651
300	0.119089
301	0.118633
302	0.121645
303	0.121843
304	0.121214
305	0.121168
306	0.121016
307	0.121811
308	0.122021
309	0.121842
310	0.119111
311	0.12209
312	0.119731
313	0.119869
314	0.122913
315	0.120617
316	0.120838
317	0.124251
318	0.124286
319	0.117402
320	0.120658
321	0.121137
322	0.119603
323	0.120852
324	0.118393
325	0.121634
326	0.122027
327	0.123978
328	0.12214
329	0.120572
330	0.122362
331	0.121679
332	0.121727
333	0.11931
334	0.121695
335	0.119936
336	0.118959
337	0.117899
338	0.118756
339	0.12266
340	0.123164
341	0.120205
342	0.122985
343	0.123012
344	0.123004
345	0.120391
346	0.118355
347	0.123456
348	0.121234
349	0.123847
350	0.120924
351	0.120883
352	0.119455
353	0.120289
354	0.119862
355	0.120648
356	0.123305
357	0.117138
358	0.121343
359	0.119998
360	0.122808
361	0.124422
362	0.123206
363	0.120112
364	0.120402
365	0.123763
366	0.121089
367	0.120717
368	0.12418
369	0.120572
370	0.122867
371	0.121017
372	0.120164
373	0.122834
374	0.120418
375	0.12328
376	0.121188
377	0.122758
378	0.120823
379	0.121317
380	0.121223
381	0.123357
382	0.118981
383	0.120634
384	0.122009
385	0.121357
386	0.121305
387	0.121002
388	0.121845
389	0.122871
390	0.11799
391	0.120503
392	0.121078
393	0.117959
394	0.120989
395	0.120812
396	0.123703
397	0.121254
398	0.118337
399	0.122972
400	0.123224
401	0.122182
402	0.119945
403	0.121778
404	0.119943
405	0.122216
406	0.122595
407	0.119988
408	0.120046
409	0.119343
410	0.119398
411	0.122815
412	0.117704
413	0.117138
414	0.119895
415	0.119347
416	0.122159
417	0.119618
418	0.121407
419	0.118842
420	0.119277
421	0.122053
422	0.118888
423	0.118758
424	0.12305
425	0.120821
426	0.121447
427	0.120668
428	0.120402
429	0.120838
430	0.121265
431	0.119164
432	0.121161
433	0.120599
434	0.118842
435	0.121251
436	0.121964
437	0.11965
438	0.120414
439	0.120538
440	0.122243
441	0.119975
442	0.123302
443	0.120972
444	0.121176
445	0.117693
446	0.119834
447	0.120586
448	0.122365
449	0.119844
450	0.122655
451	0.12023
452	0.12189
453	0.119312
454	0.123091
455	0.12088
456	0.121689
457	0.121923
458	0.122259
459	0.119914
460	0.120189
461	0.119891
462	0.121291
463	0.118526
464	0.1191
465	0.118542
466	0.118856
467	0.120117
468	0.119262
469	0.121834
470	0.122954
471	0.121193
472	0.118661
473	0.121582
474	0.120104
475	0.121831
476	0.122068
477	0.121621
478	0.118547
479	0.122567
480	0.1222
481	0.120573
482	0.11968
483	0.120123
484	0.122211
485	0.122342
486	0.119979
487	0.119612
488	0.122604
489	0.122045
490	0.119658
491	0.120434
492	0.120205
493	0.120066
494	0.120611
495	0.120483
496	0.121989
497	0.118247
498	0.118766
499	0.120217
500	0.120958
501	0.118904
502	0.117452
503	0.119164
504	0.11884
505	0.117294
506	0.118648
507	0.120825
508	0.121263
509	0.12038
510	0.122697
511	0.118823
512	0.121336
513	0.120721
514	0.120165
515	0.122733
516	0.11741
517	0.11843
518	0.120247
519	0.121142
520	0.122039
521	0.121752
522	0.119973
523	0.121518
524	0.120061
525	0.11996
526	0.120183
527	0.121889
528	0.119432
529	0.120919
530	0.118711
531	0.118992
532	0.11469
533	0.120666
534	0.118503
535	0.120409
536	0.119933
537	0.118068
538	0.118558
539	0.120011
540	0.120148
541	0.121497
542	0.119197
543	0.121439
544	0.118901
545	0.121479
546	0.117257
547	0.116304
548	0.118878
549	0.119267
550	0.122361
551	0.120695
552	0.117418
553	0.120198
554	0.118538
555	0.122768
556	0.119501
557	0.120231
558	0.118019
559	0.11778
560	0.119536
561	0.118734
562	0.118827
563	0.118779
564	0.120099
565	0.117657
566	0.119214
567	0.119258
568	0.117725
569	0.116967
570	0.117896
571	0.118816
572	0.118798
573	0.120625
574	0.119798
575	0.118099
576	0.117785
577	0.120961
578	0.1216
579	0.118644
580	0.119669
581	0.123167
582	0.119193
583	0.119092
584	0.121114
585	0.119632
586	0.118657
587	0.120179
588	0.118877
589	0.121205
590	0.119402
591	0.118473
592	0.123234
593	0.121551
594	0.121167
595	0.118886
596	0.119115
597	0.118463
598	0.119346
599	0.11699
600	0.118069
601	0.120892
602	0.119283
603	0.118963
604	0.118904
605	0.117416
606	0.119612
607	0.120082
608	0.119221
609	0.118557
610	0.116418
611	0.118067
612	0.117097
613	0.118749
614	0.122543
615	0.117394
616	0.117392
617	0.118276
618	0.119882
619	0.115199
620	0.120626
621	0.117904
622	0.116116
623	0.119538
624	0.119339
625	0.118281
626	0.120642
627	0.117521
628	0.118746
629	0.117858
630	0.119911
631	0.118982
632	0.117665
633	0.119402
634	0.117681
635	0.118613
636	0.117953
637	0.119783
638	0.118189
639	0.118349
640	0.116499
641	0.120198
642	0.118249
643	0.118925
644	0.116683
645	0.117261
646	0.120443
647	0.120675
648	0.12003
649	0.119872
650	0.117545
651	0.120918
652	0.120452
653	0.117755
654	0.120975
655	0.116698
656	0.119347
657	0.120431
658	0.11761
659	0.118504
660	0.119732
661	0.117938
662	0.118795
663	0.119539
664	0.120624
665	0.12077
666	0.11677
667	0.119163
668	0.115406
669	0.115734
670	0.118532
671	0.117157
672	0.118888
673	0.117582
674	0.116241
675	0.1181
676	0.120823
677	0.115937
678	0.119226
679	0.117355
680	0.119874
681	0.115212
682	0.11613
683	0.116848
684	0.118883
685	0.119461
686	0.118195
687	0.118746
688	0.119806
689	0.117204
690	0.118607
691	0.118718
692	0.119382
693	0.116473
694	0.11799
695	0.118155
696	0.119921
697	0.115751
698	0.11566
699	0.11867
700	0.119206
701	0.119517
702	0.117632
703	0.119274
704	0.119206
705	0.118075
706	0.117036
707	0.119635
708	0.118912
709	0.119463
710	0.118131
711	0.117655
712	0.120389
713	0.119736
714	0.120715
715	0.117776
716	0.117972
717	0.119891
718	0.117781
719	0.116482
720	0.12022
721	0.118024
722	0.120987
723	0.117449
724	0.118089
725	0.12123
726	0.119649
727	0.116263
728	0.119396
729	0.118857
730	0.119302
731	0.120872
732	0.11932
733	0.116016
734	0.116467
735	0.12086
736	0.117949
737	0.118941
738	0.117361
739	0.117961
740	0.117775
741	0.118804
742	0.120092
743	0.115568
744	0.11523
745	0.116834
746	0.116182
747	0.118118
748	0.118276
749	0.114523
750	0.118678
751	0.118761
752	0.11735
753	0.120027
754	0.118739
755	0.114679
756	0.11805
757	0.116142
758	0.115995
759	0.119196
760	0.117594
761	0.117446
762	0.117662
763	0.119454
764	0.119027
765	0.119719
766	0.118022
767	0.118828
768	0.116159
769	0.118331
770	0.118227
771	0.119955
772	0.120454
773	0.117718
774	0.119243
775	0.117362
776	0.118086
777	0.118993
778	0.119832
779	0.118542
780	0.11823
781	0.116572
782	0.117012
783	0.117022
784	0.119695
785	0.116004
786	0.117022
787	0.120354
788	0.116682
789	0.12006
790	0.116923
791	0.116853
792	0.117877
793	0.120744
794	0.118845
795	0.120484
796	0.118692
797	0.115209
798	0.119905
799	0.119316
800	0.121069
801	0.119379
802	0.117355
803	0.116516
804	0.116983
805	0.118147
806	0.116043
807	0.12137
808	0.121267
809	0.119446
810	0.117558
811	0.120559
812	0.118789
813	0.11581
814	0.116902
815	0.117459
816	0.119583
817	0.11531
818	0.116659
819	0.119665
820	0.118144
821	0.116237
822	0.119045
823	0.118321
824	0.120228
825	0.119555
826	0.117318
827	0.117501
828	0.115263
829	0.118409
830	0.118642
831	0.116897
832	0.118192
833	0.118274
834	0.114235
835	0.119046
836	0.118416
837	0.117959
838	0.116552
839	0.116045
840	0.11649
841	0.119855
842	0.119205
843	0.118207
844	0.116762
845	0.118272
846	0.117694
847	0.117414
848	0.119162
849	0.118269
850	0.117402
851	0.116827
852	0.117991
853	0.118521
854	0.120315
855	0.119884
856	0.118026
857	0.116924
858	0.118537
859	0.118295
860	0.117281
861	0.118487
862	0.119549
863	0.118541
864	0.116777
865	0.120459
866	0.116995
867	0.117012
868	0.116199
869	0.11928
870	0.118371
871	0.117474
872	0.120202
873	0.120042
874	0.11753
875	0.119962
876	0.120799
877	0.117004
878	0.119095
879	0.115768
880	0.114365
881	0.11966
882	0.115801
883	0.118711
884	0.116315
885	0.119079
886	0.117575
887	0.118732
888	0.118725
889	0.115237
890	0.11918
891	0.115624
892	0.117027
893	0.114717
894	0.118538
895	0.115036
896	0.118898
897	0.115408
898	0.116805
899	0.116381
900	0.117665
901	0.114979
902	0.117977
903	0.116269
904	0.116954
905	0.116432
906	0.11569
907	0.117861
908	0.115371
909	0.116684
910	0.114588
911	0.1173
912	0.115975
913	0.116406
914	0.115395
915	0.114914
916	0.118661
917	0.116942
918	0.116344
919	0.116524
920	0.114545
921	0.114367
922	0.115146
923	0.116087
924	0.117622
925	0.114102
926	0.120646
927	0.117838
928	0.115964
929	0.114231
930	0.118092
931	0.115061
932	0.1141
933	0.114226
934	0.116411
935	0.117522
936	0.115921
937	0.118858
938	0.115046
939	0.115044
940	0.116894
941	0.116198
942	0.117263
943	0.116862
944	0.117596
945	0.117001
946	0.115597
947	0.113694
948	0.11515
949	0.115104
950	0.120253
951	0.115463
952	0.114838
953	0.118198
954	0.118664
955	0.114978
956	0.114697
957	0.118459
958	0.116529
959	0.11651
960	0.116096
961	0.117969
962	0.117189
963	0.114084
964	0.116265
965	0.115357
966	0.112393
967	0.117894
968	0.115223
969	0.116811
970	0.11795
971	0.115931
972	0.116081
973	0.115537
974	0.115621
975	0.114954
976	0.115916
977	0.114234
978	0.114492
979	0.114629
980	0.113167
981	0.114401
982	0.117424
983	0.116295
984	0.11288
985	0.117901
986	0.116735
987	0.116302
988	0.113213
989	0.116612
990	0.113864
991	0.115994
992	0.114384
993	0.114946
994	0.113377
995	0.114443
996	0.114779
997	0.115967
998	0.117618
999	0.113058
1000	0.115212
1001	0.116202
1002	0.116151
1003	0.118636
1004	0.117487
1005	0.115093
1006	0.116101
1007	0.116004
1008	0.113267
1009	0.117829
1010	0.111994
1011	0.114363
1012	0.112937
1013	0.113403
1014	0.114916
1015	0.115409
1016	0.117815
1017	0.11609
1018	0.114789
1019	0.117842
1020	0.113792
1021	0.117067
1022	0.114528
1023	0.116038
1024	0.114619
1025	0.115709
1026	0.114556
1027	0.11397
1028	0.114261
1029	0.116384
1030	0.115404
1031	0.114862
1032	0.117364
1033	0.115028
1034	0.116297
1035	0.113476
1036	0.115456
1037	0.116365
1038	0.114551
1039	0.115255
1040	0.116661
1041	0.114548
1042	0.11601
1043	0.114262
1044	0.115524
1045	0.116122
1046	0.11583
1047	0.119088
1048	0.114905
1049	0.115897
1050	0.113386
1051	0.117926
1052	0.116554
1053	0.119328
1054	0.114927
1055	0.117936
1056	0.118392
1057	0.11419
1058	0.117065
1059	0.117301
1060	0.114379
1061	0.117231
1062	0.115356
1063	0.114788
1064	0.117497
1065	0.120604
1066	0.116754
1067	0.116569
1068	0.115335
1069	0.116105
1070	0.117007
1071	0.117753
1072	0.116151
1073	0.116466
1074	0.118343
1075	0.115304
1076	0.116458
1077	0.116498
1078	0.114174
1079	0.115915
1080	0.11564
1081	0.117119
1082	0.11654
1083	0.117609
1084	0.11478
1085	0.117955
1086	0.116923
1087	0.118268
1088	0.114954
1089	0.117551
1090	0.114774
1091	0.114266
1092	0.116461
1093	0.116314
1094	0.117264
1095	0.117527
1096	0.119253
1097	0.117681
1098	0.116259
1099	0.114886
1100	0.11576
1101	0.117314
1102	0.114083
1103	0.115331
1104	0.11469
1105	0.116045
1106	0.117323
1107	0.113933
1108	0.117518
1109	0.116695
1110	0.116008
1111	0.11579
1112	0.115617
1113	0.113525
1114	0.11684
1115	0.116379
1116	0.114039
1117	0.115095
1118	0.116778
1119	0.11568
1120	0.118862
1121	0.116124
1122	0.115829
1123	0.116019
1124	0.116105
1125	0.11531
1126	0.115431
1127	0.116201
1128	0.11358
1129	0.114682
1130	0.113434
1131	0.116792
1132	0.115657
1133	0.113728
1134	0.11675
1135	0.117865
1136	0.11572
1137	0.114587
1138	0.11884
1139	0.115172
1140	0.11278
1141	0.11493
1142	0.115359
1143	0.116834
1144	0.112532
1145	0.113403
1146	0.111664
1147	0.11778
1148	0.116282
1149	0.116187
1150	0.115625
1151	0.114358
1152	0.112588
1153	0.114839
1154	0.115764
1155	0.115222
1156	0.115703
1157	0.115551
1158	0.115344
1159	0.114505
1160	0.114539
1161	0.114868
1162	0.113238
1163	0.11546
1164	0.113822
1165	0.116106
1166	0.111178
1167	0.11316
1168	0.115658
1169	0.114093
1170	0.114132
1171	0.115395
1172	0.115172
1173	0.115779
1174	0.114647
1175	0.116082
1176	0.115807
1177	0.114941
1178	0.118126
1179	0.11559
1180	0.115248
1181	0.115779
1182	0.115483
1183	0.117094
1184	0.114407
1185	0.113201
1186	0.116108
1187	0.11545
1188	0.116545
1189	0.114829
1190	0.11328
1191	0.115975
1192	0.113504
1193	0.116169
1194	0.11484
1195	0.114788
1196	0.113649
1197	0.115347
1198	0.112357
1199	0.112776
1200	0.114401
1201	0.113685
1202	0.116541
1203	0.116259
1204	0.114525
1205	0.115147
1206	0.110879
1207	0.111983
1208	0.114334
1209	0.117047
1210	0.112498
1211	0.11294
1212	0.111556
1213	0.114043
1214	0.112866
1215	0.113808
1216	0.112739
1217	0.114393
1218	0.11474
1219	0.1139
1220	0.111601
1221	0.113721
1222	0.112879
1223	0.113542
1224	0.115984
1225	0.116112
1226	0.115373
1227	0.11474
1228	0.112143
1229	0.113155
1230	0.11289
1231	0.113215
1232	0.109997
1233	0.112666
1234	0.11336
1235	0.114185
1236	0.112374
1237	0.113149
1238	0.116721
1239	0.113638
1240	0.113796
1241	0.112772
1242	0.113829
1243	0.115997
1244	0.11187
1245	0.114003
1246	0.111775
1247	0.117584
1248	0.115154
1249	0.11472
1250	0.1128
1251	0.113695
1252	0.112642
1253	0.113641
1254	0.116374
1255	0.114413
1256	0.111473
1257	0.113949
1258	0.112188
1259	0.114984
1260	0.113647
1261	0.116481
1262	0.112909
1263	0.113169
1264	0.113508
1265	0.113792
1266	0.114943
1267	0.115723
1268	0.113264
1269	0.113893
1270	0.115065
1271	0.115296
1272	0.112279
1273	0.113848
1274	0.115651
1275	0.112245
1276	0.110536
1277	0.113874
1278	0.115229
1279	0.115583
1280	0.11376
1281	0.114961
1282	0.112266
1283	0.113154
1284	0.116485
1285	0.113567
1286	0.115363
1287	0.110273
1288	0.112448
1289	0.11368
1290	0.114824
1291	0.112123
1292	0.111493
1293	0.111269
1294	0.112841
1295	0.111074
1296	0.109391
1297	0.114423
1298	0.113905
1299	0.111648
1300	0.113144
1301	0.111794
1302	0.112667
1303	0.110019
1304	0.111517
1305	0.111446
1306	0.113887
1307	0.113197
1308	0.111431
1309	0.112236
1310	0.111833
1311	0.114406
1312	0.112802
1313	0.111203
1314	0.108512
1315	0.112989
1316	0.113289
1317	0.112045
1318	0.113074
1319	0.110641
1320	0.111072
1321	0.110628
1322	0.112287
1323	0.11483
1324	0.110573
1325	0.112273
1326	0.112325
1327	0.108767
1328	0.111815
1329	0.110117
1330	0.111476
1331	0.112664
1332	0.113504
1333	0.112855
1334	0.112593
1335	0.112865
1336	0.110178
1337	0.109904
1338	0.113847
1339	0.113463
1340	0.112443
1341	0.112316
1342	0.111422
1343	0.112276
1344	0.110074
1345	0.11118
1346	0.112576
1347	0.114909
1348	0.110926
1349	0.114569
1350	0.111152
1351	0.112299
1352	0.114253
1353	0.113854
1354	0.110748
1355	0.113199
1356	0.110874
1357	0.113242
1358	0.113042
1359	0.111921
1360	0.113373
1361	0.113694
1362	0.112246
1363	0.113176
1364	0.114043
1365	0.111968
1366	0.112687
1367	0.115351
1368	0.111574
1369	0.112297
1370	0.113476
1371	0.109686
1372	0.112488
1373	0.111121
1374	0.111156
1375	0.113265
1376	0.111218
1377	0.11222
1378	0.112096
1379	0.110718
1380	0.112348
1381	0.113865
1382	0.11141
1383	0.113331
1384	0.11114
1385	0.112079
1386	0.112544
1387	0.111668
1388	0.111963
1389	0.110474
1390	0.111976
1391	0.114556
1392	0.112447
1393	0.114087
1394	0.112153
1395	0.110546
1396	0.110243
1397	0.111454
1398	0.109931
1399	0.112208
1400	0.111633
1401	0.110541
1402	0.115529
1403	0.10976
1404	0.114484
1405	0.111786
1406	0.108204
1407	0.110493
1408	0.110911
1409	0.110364
1410	0.112898
1411	0.114328
1412	0.113343
1413	0.114204
1414	0.110832
1415	0.110918
1416	0.110071
1417	0.112546
1418	0.111696
1419	0.110158
1420	0.110635
1421	0.110718
1422	0.112184
1423	0.110404
1424	0.112342
1425	0.111259
1426	0.114068
1427	0.112153
1428	0.111739
1429	0.109605
1430	0.110671
1431	0.113016
1432	0.111802
1433	0.111454
1434	0.111384
1435	0.111989
1436	0.111621
1437	0.111084
1438	0.109577
1439	0.108884
1440	0.108449
1441	0.111114
1442	0.110761
1443	0.110748
1444	0.111306
1445	0.113678
1446	0.111912
1447	0.110255
1448	0.111382
1449	0.111581
1450	0.111532
1451	0.111761
1452	0.112652
1453	0.109397
1454	0.111341
1455	0.109528
1456	0.112363
1457	0.110359
1458	0.110836
1459	0.110464
1460	0.109397
1461	0.110377
1462	0.108515
1463	0.110163
1464	0.108562
1465	0.108584
1466	0.110417
1467	0.111184
1468	0.112004
1469	0.114432
1470	0.112851
1471	0.112251
1472	0.10959
1473	0.110227
1474	0.112547
1475	0.110888
1476	0.111095
1477	0.112527
1478	0.111308
1479	0.107526
1480	0.107276
1481	0.109308
1482	0.107483
1483	0.109587
1484	0.109593
1485	0.110862
1486	0.110351
1487	0.109919
1488	0.108234
1489	0.112255
1490	0.112286
1491	0.111283
1492	0.109136
1493	0.111101
1494	0.111657
1495	0.109562
1496	0.111659
1497	0.110155
1498	0.1138
1499	0.110714
1500	0.11166
1501	0.10851
1502	0.108071
1503	0.111547
1504	0.11125
1505	0.111639
1506	0.109705
1507	0.107584
1508	0.107224
1509	0.111807
1510	0.110094
1511	0.110979
1512	0.111017
1513	0.11029
1514	0.109447
1515	0.109715
1516	0.11214
1517	0.110485
1518	0.108823
1519	0.110634
1520	0.11235
1521	0.109376
1522	0.110969
1523	0.110499
1524	0.110941
1525	0.111229
1526	0.112782
1527	0.108441
1528	0.112085
1529	0.113201
1530	0.11191
1531	0.111384
1532	0.111027
1533	0.110579
1534	0.111607
1535	0.108778
1536	0.109128
1537	0.107431
1538	0.109632
1539	0.109516
1540	0.109585
1541	0.11089
1542	0.106678
1543	0.109303
1544	0.109361
1545	0.109128
1546	0.107609
1547	0.107503
1548	0.108089
1549	0.110486
1550	0.110309
1551	0.111919
1552	0.107339
1553	0.111597
1554	0.109811
1555	0.10513
1556	0.108912
1557	0.110097
1558	0.108241
1559	0.108146
1560	0.109811
1561	0.107719
1562	0.110243
1563	0.111164
1564	0.105823
1565	0.108493
1566	0.109222
1567	0.108336
1568	0.110901
1569	0.110965
1570	0.112413
1571	0.109201
1572	0.109094
1573	0.110709
1574	0.110563
1575	0.110839
1576	0.111238
1577	0.110994
1578	0.108362
1579	0.110001
1580	0.110332
1581	0.107689
1582	0.110514
1583	0.110499
1584	0.110005
1585	0.108098
1586	0.108316
1587	0.108133
1588	0.109748
1589	0.110247
1590	0.111104
1591	0.109933
1592	0.10803
1593	0.109767
1594	0.107703
1595	0.110756
1596	0.110211
1597	0.110902
1598	0.108331
1599	0.108625
1600	0.110609
1601	0.110997
1602	0.110535
1603	0.111474
1604	0.106597
1605	0.111541
1606	0.110065
1607	0.109506
1608	0.109726
1609	0.109618
1610	0.109747
1611	0.107759
1612	0.109975
1613	0.108716
1614	0.106905
1615	0.112075
1616	0.111157
1617	0.111796
1618	0.11096
1619	0.110859
1620	0.109358
1621	0.109864
1622	0.110781
1623	0.109453
1624	0.108664
1625	0.109186
1626	0.108765
1627	0.108122
1628	0.108509
1629	0.108296
1630	0.108378
1631	0.108605
1632	0.110135
1633	0.109508
1634	0.109647
1635	0.107446
1636	0.112772
1637	0.111045
1638	0.111151
1639	0.109174
1640	0.111162
1641	0.111618
1642	0.110109
1643	0.107383
1644	0.112077
1645	0.10974
1646	0.111607
1647	0.109883
1648	0.111504
1649	0.112851
1650	0.10769
1651	0.108044
1652	0.110096
1653	0.11101
1654	0.110563
1655	0.107235
1656	0.107187
1657	0.110555
1658	0.108335
1659	0.113503
1660	0.110195
1661	0.10958
1662	0.109029
1663	0.107192
1664	0.108451
1665	0.110155
1666	0.112361
1667	0.111392
1668	0.110768
1669	0.108628
1670	0.1078
1671	0.110435
1672	0.111345
1673	0.11125
1674	0.111309
1675	0.108252
1676	0.111088
1677	0.108296
1678	0.110946
1679	0.110981
1680	0.109095
1681	0.110098
1682	0.108895
1683	0.109673
1684	0.112241
1685	0.109127
1686	0.109429
1687	0.108803
1688	0.106914
1689	0.108616
1690	0.106995
1691	0.109444
1692	0.110418
1693	0.109686
1694	0.107879
1695	0.112014
1696	0.110251
1697	0.110297
1698	0.108301
1699	0.111095
1700	0.110411
1701	0.110949
1702	0.108223
1703	0.111332
1704	0.108527
1705	0.109196
1706	0.109507
1707	0.106342
1708	0.108173
1709	0.106121
1710	0.111609
1711	0.108555
1712	0.107002
1713	0.109469
1714	0.11037
1715	0.110435
1716	0.105962
1717	0.10774
1718	0.10826
1719	0.105391
1720	0.108734
1721	0.104961
1722	0.108867
1723	0.10832
1724	0.108283
1725	0.106854
1726	0.106183
1727	0.110796
1728	0.110543
1729	0.107826
1730	0.111122
1731	0.106624
1732	0.107949
1733	0.10759
1734	0.110221
1735	0.107971
1736	0.112212
1737	0.109659
1738	0.107885
1739	0.109711
1740	0.107992
1741	0.11065
1742	0.107988
1743	0.109607
1744	0.11066
1745	0.110766
1746	0.108024
1747	0.109585
1748	0.109321
1749	0.108265
1750	0.107609
1751	0.108444
1752	0.110517
1753	0.107638
1754	0.107665
1755	0.107167
1756	0.110058
1757	0.110471
1758	0.109704
1759	0.107597
1760	0.109716
1761	0.108475
1762	0.107986
1763	0.108313
1764	0.108825
1765	0.106549
1766	0.108441
1767	0.108967
1768	0.11129
1769	0.108627
1770	0.111206
1771	0.105796
1772	0.107886
1773	0.107571
1774	0.106163
1775	0.106594
1776	0.109813
1777	0.108622
1778	0.10833
1779	0.106365
1780	0.108291
1781	0.108713
1782	0.111026
1783	0.109015
1784	0.10768
1785	0.108502
1786	0.106185
1787	0.107635
1788	0.110153
1789	0.105973
1790	0.108192
1791	0.108621
1792	0.108852
1793	0.110776
1794	0.107644
1795	0.107052
1796	0.107203
1797	0.106669
1798	0.109851
1799	0.107055
1800	0.106579
1801	0.106608
1802	0.109303
1803	0.109015
1804	0.106002
1805	0.106255
1806	0.10852
1807	0.109687
1808	0.108602
1809	0.110539
1810	0.104553
1811	0.108216
1812	0.107395
1813	0.10989
1814	0.107267
1815	0.108098
1816	0.108276
1817	0.108353
1818	0.110194
1819	0.108461
1820	0.110279
1821	0.108926
1822	0.108505
1823	0.107269
1824	0.106198
1825	0.11149
1826	0.106115
1827	0.108485
1828	0.108555
1829	0.111522
1830	0.107014
1831	0.109803
1832	0.109279
1833	0.109587
1834	0.107209
1835	0.110724
1836	0.110092
1837	0.109179
1838	0.108094
1839	0.108356
1840	0.10777
1841	0.110601
1842	0.107871
1843	0.110767
1844	0.108186
1845	0.107847
1846	0.107929
1847	0.109991
1848	0.11276
1849	0.108484
1850	0.108472
1851	0.106132
1852	0.108008
1853	0.107168
1854	0.109174
1855	0.107546
1856	0.109166
1857	0.109402
1858	0.10719
1859	0.109038
1860	0.109396
1861	0.106978
1862	0.109073
1863	0.109614
1864	0.105768
1865	0.108234
1866	0.110532
1867	0.109096
1868	0.107062
1869	0.108803
1870	0.10852
1871	0.108615
1872	0.108442
1873	0.106588
1874	0.111237
1875	0.108047
1876	0.110736
1877	0.108464
1878	0.11086
1879	0.108392
1880	0.109058
1881	0.109315
1882	0.109102
1883	0.108608
1884	0.106725
1885	0.109171
1886	0.108755
1887	0.10724
1888	0.107881
1889	0.109476
1890	0.108672
1891	0.106915
1892	0.108749
1893	0.108448
1894	0.108221
1895	0.108976
1896	0.109594
1897	0.108768
1898	0.108708
1899	0.109046
1900	0.108559
1901	0.109446
1902	0.108647
1903	0.108696
1904	0.107529
1905	0.105681
1906	0.111112
1907	0.111445
1908	0.107348
1909	0.110452
1910	0.107419
1911	0.106955
1912	0.109526
1913	0.107002
1914	0.106545
1915	0.110667
1916	0.108015
1917	0.110245
1918	0.108338
1919	0.1082
1920	0.109013
1921	0.108578
1922	0.1043
1923	0.107935
1924	0.107895
1925	0.108459
1926	0.109462
1927	0.107078
1928	0.106367
1929	0.104856
1930	0.109261
1931	0.106471
1932	0.110019
1933	0.106237
1934	0.107224
1935	0.10881
1936	0.103833
1937	0.107694
1938	0.107889
1939	0.107694
1940	0.109036
1941	0.106549
1942	0.107039
1943	0.106042
1944	0.106646
1945	0.109725
1946	0.107834
1947	0.107974
1948	0.111173
1949	0.103873
1950	0.108706
1951	0.106058
1952	0.107501
1953	0.108026
1954	0.104574
1955	0.107883
1956	0.108077
1957	0.108409
1958	0.10606
1959	0.107149
1960	0.107167
1961	0.106688
1962	0.105924
1963	0.106933
1964	0.108673
1965	0.106358
1966	0.107607
1967	0.106566
1968	0.10872
1969	0.10798
1970	0.107825
1971	0.107246
1972	0.107027
1973	0.107598
1974	0.107356
1975	0.109293
1976	0.108131
1977	0.109438
1978	0.106991
1979	0.109415
1980	0.106466
1981	0.107568
1982	0.106861
1983	0.106291
1984	0.11015
1985	0.109783
1986	0.105432
1987	0.108734
1988	0.106103
1989	0.10717
1990	0.106602
1991	0.107005
1992	0.105562
1993	0.108011
1994	0.107342
1995	0.109191
1996	0.109242
1997	0.109427
1998	0.109488
1999	0.107606
2000	0.107057
2001	0.10695
2002	0.106315
2003	0.109041
2004	0.107596
2005	0.108897
2006	0.111327
2007	0.107426
2008	0.106562
2009	0.106726
2010	0.109772
2011	0.106706
2012	0.107393
2013	0.106633
2014	0.107257
2015	0.106227
2016	0.107624
2017	0.107426
2018	0.108576
2019	0.10688
2020	0.107361
2021	0.107343
2022	0.107485
2023	0.1054
2024	0.108321
2025	0.108098
2026	0.107555
2027	0.107888
2028	0.106587
2029	0.108393
2030	0.106932
2031	0.10614
2032	0.107871
2033	0.107607
2034	0.108182
2035	0.107095
2036	0.105947
2037	0.108371
2038	0.105466
2039	0.108163
2040	0.105394
2041	0.106895
2042	0.106271
2043	0.108041
2044	0.106446
2045	0.106659
2046	0.105827
2047	0.106821
2048	0.106525
2049	0.106985
2050	0.10688
2051	0.105327
2052	0.105976
2053	0.108611
2054	0.108426
2055	0.10814
2056	0.107678
2057	0.108554
2058	0.104833
2059	0.10867
2060	0.103631
2061	0.10726
2062	0.107028
2063	0.108396
2064	0.106408
2065	0.107531
2066	0.106906
2067	0.105905
2068	0.106273
2069	0.107248
2070	0.108142
2071	0.106042
2072	0.108022
2073	0.105316
2074	0.107701
2075	0.106954
2076	0.107266
2077	0.10614
2078	0.10699
2079	0.105393
2080	0.1059
2081	0.108011
2082	0.106531
2083	0.106194
2084	0.109007
2085	0.106699
2086	0.107809
2087	0.106321
2088	0.106228
2089	0.105869
2090	0.105741
2091	0.107591
2092	0.10749
2093	0.108556
2094	0.106049
2095	0.106546
2096	0.105856
2097	0.103187
2098	0.106944
2099	0.109819
2100	0.105757
2101	0.107318
2102	0.105959
2103	0.106893
2104	0.104823
2105	0.105778
2106	0.107114
2107	0.108718
2108	0.107262
2109	0.104724
2110	0.108123
2111	0.10837
2112	0.10649
2113	0.106851
2114	0.107134
2115	0.10577
2116	0.107382
2117	0.107765
2118	0.108065
2119	0.105908
2120	0.106533
2121	0.105844
2122	0.106112
2123	0.10588
2124	0.107348
2125	0.104216
2126	0.10787
2127	0.10619
2128	0.107759
2129	0.105708
2130	0.107174
2131	0.103843
2132	0.107019
2133	0.102032
2134	0.10512
2135	0.107182
2136	0.106107
2137	0.104449
2138	0.10368
2139	0.102736
2140	0.106719
2141	0.106001
2142	0.10524
2143	0.104186
2144	0.108259
2145	0.105039
2146	0.103743
2147	0.106103
2148	0.103997
2149	0.107639
2150	0.106549
2151	0.108097
2152	0.104854
2153	0.105069
2154	0.103864
2155	0.104613
2156	0.105936
2157	0.104441
2158	0.1074
2159	0.104381
2160	0.104075
2161	0.105893
2162	0.107681
2163	0.106165
2164	0.107101
2165	0.106724
2166	0.105794
2167	0.104868
2168	0.106191
2169	0.106051
2170	0.107378
2171	0.107061
2172	0.105984
2173	0.105305
2174	0.105044
2175	0.106096
2176	0.105235
2177	0.106698
2178	0.10897
2179	0.105889
2180	0.105217
2181	0.106569
2182	0.103962
2183	0.107225
2184	0.105848
2185	0.105759
2186	0.105155
2187	0.106748
2188	0.10535
2189	0.106156
2190	0.104545
2191	0.106914
2192	0.104303
2193	0.107747
2194	0.108296
2195	0.10583
2196	0.105358
2197	0.104726
2198	0.10763
2199	0.105709
2200	0.107689
2201	0.104147
2202	0.105333
2203	0.107681
2204	0.105908
2205	0.105681
2206	0.105255
2207	0.107243
2208	0.108054
2209	0.105293
2210	0.104711
2211	0.106445
2212	0.106269
2213	0.105085
2214	0.107005
2215	0.106946
2216	0.108005
2217	0.10456
2218	0.107923
2219	0.107033
2220	0.10813
2221	0.107777
2222	0.106711
2223	0.110712
2224	0.104664
2225	0.107992
2226	0.103813
2227	0.107289
2228	0.105877
2229	0.106239
2230	0.108626
2231	0.110647
2232	0.107172
2233	0.10534
2234	0.105538
2235	0.109185
2236	0.107361
2237	0.105207
2238	0.106177
2239	0.105767
2240	0.104739
2241	0.109796
2242	0.10592
2243	0.104778
2244	0.106867
2245	0.108656
2246	0.104634
2247	0.106689
2248	0.108784
2249	0.105739
2250	0.106287
2251	0.106276
2252	0.104882
2253	0.109927
2254	0.107696
2255	0.108287
2256	0.106903
2257	0.108296
2258	0.10641
2259	0.107603
2260	0.107283
2261	0.108468
2262	0.1086
2263	0.107439
2264	0.107504
2265	0.105266
2266	0.106472
2267	0.107665
2268	0.104563
2269	0.104756
2270	0.109333
2271	0.106458
2272	0.106335
2273	0.106258
2274	0.105927
2275	0.108599
2276	0.108004
2277	0.108185
2278	0.107037
2279	0.105872
2280	0.104842
2281	0.106501
2282	0.10516
2283	0.104226
2284	0.109097
2285	0.105345
2286	0.106921
2287	0.103725
2288	0.109085
2289	0.109253
2290	0.105909
2291	0.105488
2292	0.107548
2293	0.106321
2294	0.107361
2295	0.106649
2296	0.10698
2297	0.105779
2298	0.104102
2299	0.103673
2300	0.105229
2301	0.104557
2302	0.106744
2303	0.105752
2304	0.10348
2305	0.104909
2306	0.105976
2307	0.107706
2308	0.10629
2309	0.10603
2310	0.107339
2311	0.107509
2312	0.103804
2313	0.106579
2314	0.104148
2315	0.107571
2316	0.104565
2317	0.105926
2318	0.106332
2319	0.10757
2320	0.104853
2321	0.106521
2322	0.106468
2323	0.105481
2324	0.105093
2325	0.106533
2326	0.105091
2327	0.106645
2328	0.105801
2329	0.108349
2330	0.108413
2331	0.1052
2332	0.103134
2333	0.107505
2334	0.104732
2335	0.105269
2336	0.106023
2337	0.107719
2338	0.104813
2339	0.10639
2340	0.104459
2341	0.107952
2342	0.105284
2343	0.108738
2344	0.105222
2345	0.106037
2346	0.10495
2347	0.103334
2348	0.107313
2349	0.103336
2350	0.10643
2351	0.109784
2352	0.105426
2353	0.10566
2354	0.106435
2355	0.107126
2356	0.107688
2357	0.109239
2358	0.104586
2359	0.104648
2360	0.106916
2361	0.104257
2362	0.105838
2363	0.106816
2364	0.104707
2365	0.107742
2366	0.102754
2367	0.105998
2368	0.105775
2369	0.105483
2370	0.103015
2371	0.103983
2372	0.106789
2373	0.104718
2374	0.107208
2375	0.106627
2376	0.106426
2377	0.10789
2378	0.107592
2379	0.105381
2380	0.103832
2381	0.107657
2382	0.10621
2383	0.104364
2384	0.107944
2385	0.106964
2386	0.107708
2387	0.105984
2388	0.105613
2389	0.107532
2390	0.108434
2391	0.105596
2392	0.105895
2393	0.105649
2394	0.103906
2395	0.105431
2396	0.105015
2397	0.107553
2398	0.104904
2399	0.105692
2400	0.105438
2401	0.10436
2402	0.107127
2403	0.105609
2404	0.10744
2405	0.103706
2406	0.109199
2407	0.108317
2408	0.10583
2409	0.107652
2410	0.105736
2411	0.107223
2412	0.106123
2413	0.107272
2414	0.105846
2415	0.106304
2416	0.104936
2417	0.106342
2418	0.106969
2419	0.106109
2420	0.105591
2421	0.107134
2422	0.106003
2423	0.104209
2424	0.104234
2425	0.104176
2426	0.106951
2427	0.106706
2428	0.106008
2429	0.107304
2430	0.107575
2431	0.105701
2432	0.109155
2433	0.107662
2434	0.105798
2435	0.103761
2436	0.105061
2437	0.104315
2438	0.103803
2439	0.105872
2440	0.105302
2441	0.10501
2442	0.103531
2443	0.105322
2444	0.104328
2445	0.10943
2446	0.106954
2447	0.107006
2448	0.105253
2449	0.104763
2450	0.105499
2451	0.10624
2452	0.104586
2453	0.103111
2454	0.105039
2455	0.105565
2456	0.105075
2457	0.106194
2458	0.105061
2459	0.104698
2460	0.106247
2461	0.105687
2462	0.104322
2463	0.107055
2464	0.107438
2465	0.104743
2466	0.104794
2467	0.104707
2468	0.104969
2469	0.107524
2470	0.107816
2471	0.105102
2472	0.104901
2473	0.105453
2474	0.105018
2475	0.106669
2476	0.107584
2477	0.106003
2478	0.10635
2479	0.105587
2480	0.103831
2481	0.106314
2482	0.106342
2483	0.106872
2484	0.104666
2485	0.104628
2486	0.105237
2487	0.105681
2488	0.10673
2489	0.105978
2490	0.108183
2491	0.103838
2492	0.106877
2493	0.103485
2494	0.103643
2495	0.106841
2496	0.107195
2497	0.104741
2498	0.106584
2499	0.106052
2500	0.104968
2501	0.104116
2502	0.105059
2503	0.10515
2504	0.107981
2505	0.106813
2506	0.105442
2507	0.10735
2508	0.103918
2509	0.106215
2510	0.105301
2511	0.103879
2512	0.102729
2513	0.107312
2514	0.104187
2515	0.103985
2516	0.10248
2517	0.103973
2518	0.104775
2519	0.107598
2520	0.104663
2521	0.107096
2522	0.105878
2523	0.105433
2524	0.105839
2525	0.103602
2526	0.105826
2527	0.1054
2528	0.102635
2529	0.106921
2530	0.10603
2531	0.10441
2532	0.106556
2533	0.104309
2534	0.105981
2535	0.106319
2536	0.103238
2537	0.105542
2538	0.106043
2539	0.102915
2540	0.103531
2541	0.104176
2542	0.104107
2543	0.103249
2544	0.102672
2545	0.107056
2546	0.106702
2547	0.106306
2548	0.104856
2549	0.104714
2550	0.105593
2551	0.106515
2552	0.10506
2553	0.103316
2554	0.105112
2555	0.106224
2556	0.104212
2557	0.104499
2558	0.105146
2559	0.102217
2560	0.10639
2561	0.105299
2562	0.10395
2563	0.105235
2564	0.10382
2565	0.100783
2566	0.102228
2567	0.106552
2568	0.105524
2569	0.104172
2570	0.104567
2571	0.102249
2572	0.102475
2573	0.102467
2574	0.105012
2575	0.103365
2576	0.105153
2577	0.104554
2578	0.103031
2579	0.10402
2580	0.101723
2581	0.10304
2582	0.103487
2583	0.107218
2584	0.102025
2585	0.102929
2586	0.102406
2587	0.10217
2588	0.101479
2589	0.102024
2590	0.104462
2591	0.102314
2592	0.10414
2593	0.10328
2594	0.10332
2595	0.104562
2596	0.103152
2597	0.103026
2598	0.103239
2599	0.102956
2600	0.103246
2601	0.104123
2602	0.104796
2603	0.104074
2604	0.103065
2605	0.105209
2606	0.105132
2607	0.105034
2608	0.103045
2609	0.104218
2610	0.105543
2611	0.104106
2612	0.104894
2613	0.10311
2614	0.103683
2615	0.103599
2616	0.106647
2617	0.10526
2618	0.104008
2619	0.102757
2620	0.103381
2621	0.105763
2622	0.105059
2623	0.103894
2624	0.103524
2625	0.104222
2626	0.10301
2627	0.104884
2628	0.103993
2629	0.102474
2630	0.10332
2631	0.103704
2632	0.104124
2633	0.104078
2634	0.103217
2635	0.102721
2636	0.104419
2637	0.102716
2638	0.103241
2639	0.100332
2640	0.101403
2641	0.104614
2642	0.104224
2643	0.102328
2644	0.104349
2645	0.104516
2646	0.105854
2647	0.106492
2648	0.104338
2649	0.102835
2650	0.105057
2651	0.104076
2652	0.103752
2653	0.102963
2654	0.105089
2655	0.103149
2656	0.104794
2657	0.105508
2658	0.105905
2659	0.10466
2660	0.104627
2661	0.100178
2662	0.103964
2663	0.102671
2664	0.104112
2665	0.104555
2666	0.102635
2667	0.105379
2668	0.104055
2669	0.104622
2670	0.102052
2671	0.102611
2672	0.105017
2673	0.106683
2674	0.106317
2675	0.106714
2676	0.103389
2677	0.105414
2678	0.104395
2679	0.102681
2680	0.106803
2681	0.10467
2682	0.105878
2683	0.10221
2684	0.102814
2685	0.104553
2686	0.104901
2687	0.103734
2688	0.104077
2689	0.102345
2690	0.105752
2691	0.105475
2692	0.105376
2693	0.108215
2694	0.102352
2695	0.104146
2696	0.102903
2697	0.102196
2698	0.103649
2699	0.103027
2700	0.103657
2701	0.104857
2702	0.102353
2703	0.104663
2704	0.104759
2705	0.10375
2706	0.103281
2707	0.104177
2708	0.10306
2709	0.105733
2710	0.102351
2711	0.103454
2712	0.103566
2713	0.101446
2714	0.106603
2715	0.102079
2716	0.104179
2717	0.103875
2718	0.104296
2719	0.103258
2720	0.103026
2721	0.107448
2722	0.106476
2723	0.102586
2724	0.100589
2725	0.105377
2726	0.104804
2727	0.106004
2728	0.104355
2729	0.103645
2730	0.101652
2731	0.106267
2732	0.103534
2733	0.103879
2734	0.10656
2735	0.103212
2736	0.103994
2737	0.103176
2738	0.106482
2739	0.104203
2740	0.105864
2741	0.104387
2742	0.105473
2743	0.104104
2744	0.105954
2745	0.105353
2746	0.105879
2747	0.108798
2748	0.103571
2749	0.103335
2750	0.1051
2751	0.105204
2752	0.105699
2753	0.102596
2754	0.102464
2755	0.104667
2756	0.101661
2757	0.104223
2758	0.105489
2759	0.105048
2760	0.10438
2761	0.103971
2762	0.105289
2763	0.103442
2764	0.106374
2765	0.106221
2766	0.1013
2767	0.104741
2768	0.104413
2769	0.104604
2770	0.105405
2771	0.105684
2772	0.102231
2773	0.104176
2774	0.105094
2775	0.105119
2776	0.105252
2777	0.105137
2778	0.10654
2779	0.104636
2780	0.10578
2781	0.10382
2782	0.103598
2783	0.105294
2784	0.103139
2785	0.103356
2786	0.104771
2787	0.103287
2788	0.106294
2789	0.104233
2790	0.105035
2791	0.104736
2792	0.104876
2793	0.101488
2794	0.104728
2795	0.10416
2796	0.104288
2797	0.102405
2798	0.103632
2799	0.104353
2800	0.104437
2801	0.101006
2802	0.104461
2803	0.104449
2804	0.102966
2805	0.104486
2806	0.103798
2807	0.1026
2808	0.102543
2809	0.104613
2810	0.106967
2811	0.103961
2812	0.10265
2813	0.104068
2814	0.106055
2815	0.107167
2816	0.101712
2817	0.105077
2818	0.102015
2819	0.103013
2820	0.102804
2821	0.104517
2822	0.10397
2823	0.102401
2824	0.103112
2825	0.103525
2826	0.105477
2827	0.100988
2828	0.104601
2829	0.105333
2830	0.106334
2831	0.104918
2832	0.106657
2833	0.107848
2834	0.103652
2835	0.106126
2836	0.102236
2837	0.102694
2838	0.104674
2839	0.106424
2840	0.104156
2841	0.103091
2842	0.104656
2843	0.1053
2844	0.10573
2845	0.10592
2846	0.101052
2847	0.103288
2848	0.104668
2849	0.10482
2850	0.103693
2851	0.104044
2852	0.104566
2853	0.10277
2854	0.104481
2855	0.103018
2856	0.104107
2857	0.107047
2858	0.103454
2859	0.102734
2860	0.101601
2861	0.104955
2862	0.102555
2863	0.107437
2864	0.105021
2865	0.10321
2866	0.10556
2867	0.10384
2868	0.103009
2869	0.101163
2870	0.103159
2871	0.1037
2872	0.107825
2873	0.105402
2874	0.105095
2875	0.103555
2876	0.102849
2877	0.10331
2878	0.107312
2879	0.104963
2880	0.103566
2881	0.102458
2882	0.103368
2883	0.105318
2884	0.102311
2885	0.102518
2886	0.103252
2887	0.105101
2888	0.103774
2889	0.103518
2890	0.103457
2891	0.106116
2892	0.10421
2893	0.103929
2894	0.106756
2895	0.103306
2896	0.105529
2897	0.103952
2898	0.104261
2899	0.104379
2900	0.104641
2901	0.10285
2902	0.104708
2903	0.101001
2904	0.10623
2905	0.105512
2906	0.10192
2907	0.108133
2908	0.10345
2909	0.1059
2910	0.10341
2911	0.105665
2912	0.10546
2913	0.105275
2914	0.104881
2915	0.103089
2916	0.102021
2917	0.10367
2918	0.104432
2919	0.104151
2920	0.103838
2921	0.103101
2922	0.104887
2923	0.103601
2924	0.105689
2925	0.104111
2926	0.10455
2927	0.103933
2928	0.103493
2929	0.102639
2930	0.104045
2931	0.102461
2932	0.105544
2933	0.103277
2934	0.103228
2935	0.102346
2936	0.101679
2937	0.102426
2938	0.102615
2939	0.103762
2940	0.101577
2941	0.103281
2942	0.104366
2943	0.105291
2944	0.104338
2945	0.103907
2946	0.104862
2947	0.105165
2948	0.104758
2949	0.10283
2950	0.105258
2951	0.104124
2952	0.102496
2953	0.10431
2954	0.101912
2955	0.105779
2956	0.104951
2957	0.104867
2958	0.10384
2959	0.101088
2960	0.105834
2961	0.102084
2962	0.101472
2963	0.105032
2964	0.10371
2965	0.100655
2966	0.104771
2967	0.104992
2968	0.103155
2969	0.101394
2970	0.106041
2971	0.104421
2972	0.103168
2973	0.104967
2974	0.101745
2975	0.103819
2976	0.106293
2977	0.101322
2978	0.103889
2979	0.102259
2980	0.101402
2981	0.104308
2982	0.102328
2983	0.103665
2984	0.103763
2985	0.10743
2986	0.104503
2987	0.104968
2988	0.103998
2989	0.105452
2990	0.103501
2991	0.10438
2992	0.103538
2993	0.0996765
2994	0.10224
2995	0.104133
2996	0.105185
2997	0.102868
2998	0.105169
2999	0.103079
3000	0.10315
3001	0.103662
3002	0.107608
3003	0.103886
3004	0.103255
3005	0.10282
3006	0.105076
3007	0.104505
3008	0.105729
3009	0.103111
3010	0.105348
3011	0.103325
3012	0.10321
3013	0.104041
3014	0.105723
3015	0.105817
3016	0.103328
3017	0.102583
3018	0.105851
3019	0.105424
3020	0.106529
3021	0.105225
3022	0.105043
3023	0.105689
3024	0.104644
3025	0.10531
3026	0.101726
3027	0.103868
3028	0.106877
3029	0.106097
3030	0.102363
3031	0.104483
3032	0.101807
3033	0.103157
3034	0.10609
3035	0.102103
3036	0.104413
3037	0.104977
3038	0.102922
3039	0.104385
3040	0.10377
3041	0.103694
3042	0.104113
3043	0.106424
3044	0.105131
3045	0.104563
3046	0.103511
3047	0.105384
3048	0.103849
3049	0.102102
3050	0.105913
3051	0.10411
3052	0.104997
3053	0.105103
3054	0.106742
3055	0.105014
3056	0.102234
3057	0.104347
3058	0.10404
3059	0.107364
3060	0.104283
3061	0.104667
3062	0.102803
3063	0.102862
3064	0.101869
3065	0.104465
3066	0.10413
3067	0.104352
3068	0.103621
3069	0.105113
3070	0.104661
3071	0.102551
3072	0.104317
3073	0.103777
3074	0.105511
3075	0.105058
3076	0.105126
3077	0.105349
3078	0.106181
3079	0.103252
3080	0.105148
3081	0.104388
3082	0.106207
3083	0.106006
3084	0.105736
3085	0.102818
3086	0.104636
3087	0.102771
3088	0.102437
3089	0.104071
3090	0.103286
3091	0.102084
3092	0.105904
3093	0.105456
3094	0.102463
3095	0.104381
3096	0.104251
3097	0.106036
3098	0.104532
3099	0.105785
3100	0.101424
3101	0.102822
3102	0.10175
3103	0.105445
3104	0.104653
3105	0.104666
3106	0.10293
3107	0.102133
3108	0.105887
3109	0.101504
3110	0.103892
3111	0.100906
3112	0.106207
3113	0.102447
3114	0.104031
3115	0.106924
3116	0.103574
3117	0.106412
3118	0.105794
3119	0.103927
3120	0.103671
3121	0.10236
3122	0.105266
3123	0.103444
3124	0.101547
3125	0.100984
3126	0.103109
3127	0.106035
3128	0.102879
3129	0.103166
3130	0.104779
3131	0.104422
3132	0.104065
3133	0.103746
3134	0.102891
3135	0.104461
3136	0.1045
3137	0.105941
3138	0.105136
3139	0.104051
3140	0.104246
3141	0.101061
3142	0.104053
3143	0.102495
3144	0.102981
3145	0.104917
3146	0.105926
3147	0.103168
3148	0.102893
3149	0.10423
3150	0.103307
3151	0.104491
3152	0.10538
3153	0.105971
3154	0.10589
3155	0.105196
3156	0.106894
3157	0.104051
3158	0.104898
3159	0.103811
3160	0.103574
3161	0.103051
3162	0.105867
3163	0.100491
3164	0.104901
3165	0.101619
3166	0.103595
3167	0.104819
3168	0.103319
3169	0.103141
3170	0.105962
3171	0.10335
3172	0.104796
3173	0.104712
3174	0.10302
3175	0.106354
3176	0.102587
3177	0.103387
3178	0.103458
3179	0.103844
3180	0.10344
3181	0.104037
3182	0.106306
3183	0.102471
3184	0.102584
3185	0.10382
3186	0.102626
3187	0.105261
3188	0.103802
3189	0.103244
3190	0.102868
3191	0.104068
3192	0.105601
3193	0.105448
3194	0.10535
3195	0.105259
3196	0.104666
3197	0.103668
3198	0.106062
3199	0.105563
3200	0.102364
3201	0.103769
3202	0.104969
3203	0.105095
3204	0.104558
3205	0.103366
3206	0.102461
3207	0.101994
3208	0.103755
3209	0.104109
3210	0.105161
3211	0.105164
3212	0.10689
3213	0.104419
3214	0.104653
3215	0.105295
3216	0.106722
3217	0.104271
3218	0.106491
3219	0.104717
3220	0.103559
3221	0.10482
3222	0.105838
3223	0.103553
3224	0.106176
3225	0.105636
3226	0.10241
3227	0.106763
3228	0.104711
3229	0.105426
3230	0.104451
3231	0.103867
3232	0.104414
3233	0.10283
3234	0.104535
3235	0.10617
3236	0.102933
3237	0.106158
3238	0.103367
3239	0.104878
3240	0.102276
3241	0.104889
3242	0.104965
3243	0.106371
3244	0.102541
3245	0.104823
3246	0.104472
3247	0.105957
3248	0.104321
3249	0.104289
3250	0.105365
3251	0.104931
3252	0.104065
3253	0.102898
3254	0.10364
3255	0.106463
3256	0.103981
3257	0.103329
3258	0.104771
3259	0.104151
3260	0.105076
3261	0.104112
3262	0.103074
3263	0.103344
3264	0.105187
3265	0.105831
3266	0.105747
3267	0.104644
3268	0.103781
3269	0.104511
3270	0.103629
3271	0.10559
3272	0.102404
3273	0.104155
3274	0.105243
3275	0.108238
3276	0.104149
3277	0.104271
3278	0.106084
3279	0.104755
3280	0.102644
3281	0.106854
3282	0.10268
3283	0.103712
3284	0.103448
3285	0.10403
3286	0.104241
3287	0.104029
3288	0.103508
3289	0.104359
3290	0.102683
3291	0.103527
3292	0.103394
3293	0.104482
3294	0.101254
3295	0.103877
3296	0.103441
3297	0.102471
3298	0.103473
3299	0.104757
3300	0.103326
3301	0.102938
3302	0.102774
3303	0.103659
3304	0.103477
3305	0.104535
3306	0.103668
3307	0.100526
3308	0.103851
3309	0.10173
3310	0.102604
3311	0.102669
3312	0.101881
3313	0.10518
3314	0.102182
3315	0.102578
3316	0.104561
3317	0.103311
3318	0.102267
3319	0.102732
3320	0.102901
3321	0.103547
3322	0.105051
3323	0.100991
3324	0.100008
3325	0.104763
3326	0.101731
3327	0.102113
3328	0.103931
3329	0.102622
3330	0.0992142
3331	0.102368
3332	0.10264
3333	0.10442
3334	0.104419
3335	0.105336
3336	0.102161
3337	0.101835
3338	0.103622
3339	0.102003
3340	0.102106
3341	0.103413
3342	0.103503
3343	0.101943
3344	0.101485
3345	0.101305
3346	0.101379
3347	0.10191
3348	0.0987204
3349	0.101291
3350	0.102311
3351	0.101445
3352	0.10299
3353	0.101914
3354	0.102505
3355	0.100767
3356	0.0993155
3357	0.102353
3358	0.0996728
3359	0.102484
3360	0.10334
3361	0.102465
3362	0.0986417
3363	0.100501
3364	0.101726
3365	0.102987
3366	0.0992585
3367	0.10102
3368	0.100079
3369	0.100452
3370	0.102429
3371	0.102355
3372	0.101171
3373	0.101458
3374	0.0994434
3375	0.10144
3376	0.0990692
3377	0.0989734
3378	0.10195
3379	0.0993457
3380	0.101236
3381	0.10254
3382	0.100221
3383	0.100766
3384	0.101572
3385	0.104456
3386	0.0973245
3387	0.101594
3388	0.0997218
3389	0.0999058
3390	0.100472
3391	0.0993017
3392	0.10209
3393	0.0999868
3394	0.100888
3395	0.0974361
3396	0.099138
3397	0.101417
3398	0.0994578
3399	0.0991871
3400	0.100454
3401	0.0984251
3402	0.10006
3403	0.0990977
3404	0.100554
3405	0.0984767
3406	0.099406
3407	0.0995821
3408	0.0998174
3409	0.100903
3410	0.0995818
3411	0.0995614
3412	0.0992568
3413	0.101393
3414	0.100695
3415	0.0993798
3416	0.101337
3417	0.100322
3418	0.100907
3419	0.101252
3420	0.0970495
3421	0.100295
3422	0.100692
3423	0.0998683
3424	0.100838
3425	0.0993766
3426	0.100532
3427	0.101263
3428	0.101063
3429	0.101455
3430	0.100506
3431	0.0999589
3432	0.100241
3433	0.100498
3434	0.102122
3435	0.099442
3436	0.0981339
3437	0.100162
3438	0.10098
3439	0.101221
3440	0.0992606
3441	0.100886
3442	0.100368
3443	0.0992358
3444	0.0993125
3445	0.0996777
3446	0.102411
3447	0.102351
3448	0.0988867
3449	0.100264
3450	0.101326
3451	0.101223
3452	0.104453
3453	0.10084
3454	0.0997191
3455	0.101129
3456	0.100636
3457	0.0996458
3458	0.100218
3459	0.100653
3460	0.101021
3461	0.100466
3462	0.101412
3463	0.101031
3464	0.101337
3465	0.101999
3466	0.0976931
3467	0.10006
3468	0.101006
3469	0.100932
3470	0.100979
3471	0.100178
3472	0.100395
3473	0.101407
3474	0.10186
3475	0.0996262
3476	0.10131
3477	0.101077
3478	0.100209
3479	0.101816
3480	0.101719
3481	0.0995639
3482	0.0993603
3483	0.101031
3484	0.100288
3485	0.102846
3486	0.101203
3487	0.102196
3488	0.101893
3489	0.100022
3490	0.101443
3491	0.101175
3492	0.103301
3493	0.102342
3494	0.103025
3495	0.102799
3496	0.103194
3497	0.103764
3498	0.101556
3499	0.100738
3500	0.103733
3501	0.101363
3502	0.0980982
3503	0.0998591
3504	0.101635
3505	0.0995288
3506	0.102347
3507	0.101825
3508	0.102107
3509	0.103122
3510	0.100049
3511	0.101922
3512	0.102738
3513	0.101784
3514	0.103122
3515	0.101782
3516	0.102077
3517	0.101417
3518	0.102296
3519	0.10418
3520	0.103129
3521	0.102108
3522	0.101726
3523	0.102466
3524	0.100907
3525	0.100771
3526	0.102319
3527	0.1015
3528	0.102241
3529	0.103269
3530	0.100813
3531	0.101374
3532	0.100398
3533	0.100565
3534	0.103034
3535	0.103124
3536	0.100217
3537	0.101697
3538	0.103494
3539	0.101908
3540	0.102142
3541	0.102521
3542	0.102342
3543	0.101247
3544	0.101318
3545	0.102141
3546	0.103528
3547	0.100688
3548	0.0995883
3549	0.101072
3550	0.102508
3551	0.10085
3552	0.103958
3553	0.10155
3554	0.104467
3555	0.10174
3556	0.101852
3557	0.10098
3558	0.0998323
3559	0.101728
3560	0.101605
3561	0.10281
3562	0.102693
3563	0.104252
3564	0.100148
3565	0.102203
3566	0.104582
3567	0.101285
3568	0.102505
3569	0.103112
3570	0.101653
3571	0.100203
3572	0.103095
3573	0.100417
3574	0.102405
3575	0.103275
3576	0.100625
3577	0.102201
3578	0.102366
3579	0.101875
3580	0.102636
3581	0.103902
3582	0.105343
3583	0.100453
3584	0.104053
3585	0.104771
3586	0.103207
3587	0.101642
3588	0.102632
3589	0.100561
3590	0.103439
3591	0.10105
3592	0.0999243
3593	0.102256
3594	0.102212
3595	0.105358
3596	0.101568
3597	0.103652
3598	0.10087
3599	0.104573
3600	0.102002
3601	0.102994
3602	0.104477
3603	0.100731
3604	0.103257
3605	0.102728
3606	0.101541
3607	0.102719
3608	0.103585
3609	0.102719
3610	0.102345
3611	0.103473
3612	0.103923
3613	0.102491
3614	0.100349
3615	0.104865
3616	0.102806
3617	0.102964
3618	0.101912
3619	0.103658
3620	0.100505
3621	0.103313
3622	0.101329
3623	0.102866
3624	0.103882
3625	0.101214
3626	0.102358
3627	0.103473
3628	0.103072
3629	0.0993058
3630	0.101805
3631	0.102979
3632	0.101514
3633	0.10491
3634	0.102501
3635	0.105086
3636	0.102588
3637	0.103645
3638	0.103954
3639	0.101242
3640	0.103583
3641	0.104128
3642	0.10242
3643	0.102367
3644	0.103161
3645	0.100636
3646	0.103274
3647	0.104706
3648	0.103183
3649	0.104472
3650	0.104093
3651	0.102133
3652	0.102828
3653	0.104309
3654	0.101183
3655	0.101494
3656	0.103226
3657	0.104236
3658	0.102963
3659	0.102392
3660	0.101979
3661	0.105968
3662	0.102304
3663	0.103691
3664	0.101751
3665	0.101977
3666	0.103329
3667	0.102808
3668	0.101529
3669	0.104003
3670	0.1031
3671	0.102004
3672	0.101405
3673	0.100963
3674	0.10217
3675	0.103451
3676	0.101183
3677	0.102443
3678	0.104068
3679	0.102641
3680	0.102965
3681	0.104356
3682	0.102661
3683	0.102902
3684	0.102413
3685	0.102991
3686	0.101639
3687	0.102241
3688	0.101958
3689	0.103056
3690	0.103468
3691	0.104264
3692	0.101263
3693	0.104699
3694	0.105572
3695	0.102731
3696	0.104344
3697	0.102784
3698	0.100639
3699	0.105495
3700	0.102117
3701	0.101956
3702	0.102746
3703	0.101395
3704	0.101346
3705	0.103695
3706	0.103675
3707	0.102908
3708	0.103507
3709	0.104472
3710	0.103361
3711	0.104088
3712	0.104753
3713	0.105513
3714	0.103386
3715	0.10431
3716	0.100898
3717	0.102431
3718	0.102769
3719	0.103159
3720	0.102553
3721	0.104959
3722	0.10141
3723	0.101494
3724	0.103642
3725	0.101757
3726	0.104306
3727	0.103136
3728	0.103027
3729	0.103135
3730	0.105473
3731	0.102741
3732	0.102389
3733	0.102731
3734	0.104702
3735	0.103474
3736	0.101825
3737	0.101465
3738	0.102093
3739	0.102354
3740	0.103991
3741	0.103647
3742	0.101126
3743	0.101334
3744	0.104852
3745	0.102765
3746	0.10096
3747	0.105275
3748	0.103612
3749	0.102659
3750	0.104216
3751	0.102206
3752	0.104048
3753	0.104056
3754	0.103287
3755	0.101769
3756	0.104332
3757	0.0994649
3758	0.101073
3759	0.102849
3760	0.101653
3761	0.102552
3762	0.104597
3763	0.103104
3764	0.101773
3765	0.0999903
3766	0.101471
3767	0.0999507
3768	0.102442
3769	0.102369
3770	0.101932
3771	0.102993
3772	0.100888
3773	0.100791
3774	0.0992844
3775	0.101997
3776	0.101122
3777	0.10215
3778	0.102732
3779	0.10135
3780	0.100332
3781	0.100491
3782	0.102668
3783	0.101114
3784	0.10166
3785	0.103645
3786	0.103046
3787	0.0998517
3788	0.0989221
3789	0.099385
3790	0.101026
3791	0.101049
3792	0.100341
3793	0.101888
3794	0.102416
3795	0.0999348
3796	0.100051
3797	0.100501
3798	0.0994287
3799	0.0995647
3800	0.103031
3801	0.1016
3802	0.102606
3803	0.0993298
3804	0.098973
3805	0.102178
3806	0.103488
3807	0.103814
3808	0.0979387
3809	0.102263
3810	0.100335
3811	0.101656
3812	0.0991628
3813	0.097467
3814	0.101334
3815	0.0993499
3816	0.100859
3817	0.100785
3818	0.101419
3819	0.0994448
3820	0.10112
3821	0.0993384
3822	0.101775
3823	0.100733
3824	0.10072
3825	0.101959
3826	0.101743
3827	0.100253
3828	0.100279
3829	0.101422
3830	0.100567
3831	0.101644
3832	0.100417
3833	0.102029
3834	0.101043
3835	0.100616
3836	0.0993466
3837	0.101125
3838	0.101552
3839	0.100008
3840	0.10253
3841	0.102272
3842	0.101008
3843	0.101819
3844	0.101972
3845	0.102213
3846	0.0982441
3847	0.102695
3848	0.0998312
3849	0.10069
3850	0.0993984
3851	0.100826
3852	0.0996797
3853	0.0995008
3854	0.100428
3855	0.0996579
3856	0.100538
3857	0.101793
3858	0.0995536
3859	0.103763
3860	0.101543
3861	0.0988433
3862	0.101078
3863	0.101078
3864	0.099568
3865	0.10143
3866	0.104141
3867	0.100296
3868	0.101655
3869	0.103986
3870	0.101459
3871	0.0996733
3872	0.102963
3873	0.102249
3874	0.10045
3875	0.0996111
3876	0.100732
3877	0.101665
3878	0.101199
3879	0.101551
3880	0.102107
3881	0.10167
3882	0.102124
3883	0.100869
3884	0.103498
3885	0.098504
3886	0.101478
3887	0.10161
3888	0.101425
3889	0.0994553
3890	0.101666
3891	0.100895
3892	0.100944
3893	0.0998842
3894	0.102885
3895	0.102367
3896	0.0996561
3897	0.101433
3898	0.1007
3899	0.102218
3900	0.102463
3901	0.0998969
3902	0.101322
3903	0.102526
3904	0.0992363
3905	0.101164
3906	0.0992404
3907	0.100467
3908	0.0998771
3909	0.100862
3910	0.101732
3911	0.0998723
3912	0.100331
3913	0.0999981
3914	0.101461
3915	0.099599
3916	0.101714
3917	0.0985817
3918	0.0990144
3919	0.103604
3920	0.099124
3921	0.0997208
3922	0.101009
3923	0.0995075
3924	0.10141
3925	0.0999284
3926	0.102222
3927	0.101817
3928	0.100425
3929	0.102022
3930	0.102927
3931	0.0995636
3932	0.102249
3933	0.1056
3934	0.101115
3935	0.101809
3936	0.100866
3937	0.100839
3938	0.0995385
3939	0.100736
3940	0.101707
3941	0.0997463
3942	0.100631
3943	0.10167
3944	0.101621
3945	0.1006
3946	0.101883
3947	0.0992269
3948	0.100767
3949	0.101309
3950	0.100868
3951	0.10229
3952	0.098493
3953	0.0997853
3954	0.100036
3955	0.101906
3956	0.102385
3957	0.0993999
3958	0.0999641
3959	0.100092
3960	0.101996
3961	0.10041
3962	0.100771
3963	0.100028
3964	0.0997215
3965	0.101948
3966	0.101855
3967	0.101885
3968	0.101155
3969	0.100282
3970	0.101143
3971	0.0984474
3972	0.0993024
3973	0.100722
3974	0.0999806
3975	0.101574
3976	0.100835
3977	0.0987342
3978	0.100707
3979	0.101032
3980	0.103233
3981	0.101603
3982	0.100714
3983	0.100552
3984	0.100541
3985	0.102404
3986	0.100915
3987	0.101248
3988	0.102184
3989	0.0991492
3990	0.101859
3991	0.0986055
3992	0.100737
3993	0.100565
3994	0.101543
3995	0.102741
3996	0.10138
3997	0.0985631
3998	0.0992654
3999	0.0998084
4000	0.100526
4001	0.0985803
4002	0.100329
4003	0.100133
4004	0.10028
4005	0.0992443
4006	0.102454
4007	0.101044
4008	0.100894
4009	0.0995628
4010	0.100937
4011	0.101526
4012	0.0986241
4013	0.0988737
4014	0.100176
4015	0.101257
4016	0.102228
4017	0.0991756
4018	0.0990312
4019	0.0977796
4020	0.0984442
4021	0.0988826
4022	0.0990373
4023	0.100099
4024	0.0990248
4025	0.0994083
4026	0.0970002
4027	0.0992128
4028	0.0990667
4029	0.098756
4030	0.0993846
4031	0.100406
4032	0.10066
4033	0.100568
4034	0.0989993
4035	0.100644
4036	0.0996226
4037	0.101188
4038	0.100652
4039	0.100093
4040	0.101409
4041	0.0999034
4042	0.101451
4043	0.101211
4044	0.102862
4045	0.10108
4046	0.101756
4047	0.100621
4048	0.099503
4049	0.101118
4050	0.102512
4051	0.101262
4052	0.0988091
4053	0.102274
4054	0.101764
4055	0.102033
4056	0.100737
4057	0.100994
4058	0.0987814
4059	0.103297
4060	0.101231
4061	0.102112
4062	0.102095
4063	0.0955476
4064	0.102288
4065	0.100305
4066	0.100371
4067	0.100818
4068	0.100194
4069	0.100158
4070	0.104769
4071	0.0997187
4072	0.0999739
4073	0.101249
4074	0.100636
4075	0.102414
4076	0.101489
4077	0.104425
4078	0.0996188
4079	0.100932
4080	0.0983166
4081	0.10155
4082	0.0976463
4083	0.101501
4084	0.100523
4085	0.0992565
4086	0.10116
4087	0.100277
4088	0.100037
4089	0.101013
4090	0.101627
4091	0.100992
4092	0.101538
4093	0.101648
4094	0.0990057
4095	0.0999646
4096	0.0997666
4097	0.100953
4098	0.101493
4099	0.100899
4100	0.0986405
4101	0.102386
4102	0.0978427
4103	0.100924
4104	0.0987926
4105	0.100618
4106	0.102097
4107	0.0977182
4108	0.0987716
4109	0.0995944
4110	0.100133
4111	0.09874
4112	0.0990247
4113	0.098083
4114	0.0977861
4115	0.0979358
4116	0.0986216
4117	0.0972572
4118	0.100512
4119	0.0983054
4120	0.0967559
4121	0.0973807
4122	0.0979916
4123	0.100525
4124	0.0983295
4125	0.098485
4126	0.0992623
4127	0.097936
4128	0.0995006
4129	0.0976118
4130	0.0983769
4131	0.0980877
4132	0.0992088
4133	0.0954257
4134	0.0976672
4135	0.0989753
4136	0.0980064
4137	0.0992877
4138	0.0990654
4139	0.101126
4140	0.10135
4141	0.0995416
4142	0.101424
4143	0.0980918
4144	0.0986237
4145	0.0991461
4146	0.0972324
4147	0.0984975
4148	0.0995238
4149	0.0984205
4150	0.0993073
4151	0.0988683
4152	0.0976442
4153	0.0991571
4154	0.0974815
4155	0.0978004
4156	0.0981044
4157	0.0981303
4158	0.100377
4159	0.0992688
4160	0.100546
4161	0.0994725
4162	0.0958542
4163	0.0989585
4164	0.101129
4165	0.100044
4166	0.0980794
4167	0.101084
4168	0.0983679
4169	0.0971555
4170	0.0994716
4171	0.098504
4172	0.101817
4173	0.0972319
4174	0.0993527
4175	0.0974925
4176	0.0972989
4177	0.101275
4178	0.10062
4179	0.10129
4180	0.0967802
4181	0.0985452
4182	0.0989965
4183	0.0993392
4184	0.101042
4185	0.0969268
4186	0.0988073
4187	0.0986639
4188	0.0979267
4189	0.098608
4190	0.0997508
4191	0.0967178
4192	0.0971007
4193	0.0996257
4194	0.0986474
4195	0.0991863
4196	0.0988126
4197	0.0984908
4198	0.0977193
4199	0.0979909
4200	0.0980746
4201	0.0961723
4202	0.0976001
4203	0.0956938
4204	0.0987895
4205	0.0995485
4206	0.0991194
4207	0.0979839
4208	0.0992641
4209	0.0985011
4210	0.0990744
4211	0.0967655
4212	0.0975462
4213	0.0967477
4214	0.10215
4215	0.0974632
4216	0.0973205
4217	0.102132
4218	0.0960272
4219	0.0983342
4220	0.097946
4221	0.0981021
4222	0.0991177
4223	0.0972472
4224	0.0987717
4225	0.0971325
4226	0.097653
4227	0.0995488
4228	0.0975676
4229	0.0993111
4230	0.0992666
4231	0.0989564
4232	0.0990468
4233	0.100431
4234	0.0969457
4235	0.0995182
4236	0.0957834
4237	0.097209
4238	0.0994185
4239	0.0988319
4240	0.0991408
4241	0.0967447
4242	0.0970735
4243	0.100589
4244	0.0963959
4245	0.0980251
4246	0.0991784
4247	0.0989498
4248	0.0985016
4249	0.0997415
4250	0.0962242
4251	0.0987584
4252	0.100285
4253	0.102291
4254	0.0997064
4255	0.0988723
4256	0.100058
4257	0.0990184
4258	0.0987736
4259	0.101503
4260	0.0996671
4261	0.100237
4262	0.101424
4263	0.0995981
4264	0.100553
4265	0.0963755
4266	0.0985131
4267	0.0986756
4268	0.0982905
4269	0.102274
4270	0.100975
4271	0.0995829
4272	0.101192
4273	0.101741
4274	0.101458
4275	0.102451
4276	0.100943
4277	0.100054
4278	0.101815
4279	0.100616
4280	0.100534
4281	0.0995739
4282	0.101092
4283	0.0976393
4284	0.0984865
4285	0.0999019
4286	0.100257
4287	0.0987707
4288	0.102276
4289	0.0985973
4290	0.0997181
4291	0.100882
4292	0.099939
4293	0.101753
4294	0.100536
4295	0.100438
4296	0.0992488
4297	0.100221
4298	0.0984035
4299	0.0970046
4300	0.0994447
4301	0.0979552
4302	0.0985897
4303	0.0968706
4304	0.0993136
4305	0.100642
4306	0.0983456
4307	0.0993389
4308	0.0996161
4309	0.0995702
4310	0.0981108
4311	0.103434
4312	0.0989233
4313	0.0995022
4314	0.0989394
4315	0.100053
4316	0.0997032
4317	0.0996558
4318	0.0979603
4319	0.0998997
4320	0.101723
4321	0.0985806
4322	0.0997435
4323	0.101803
4324	0.0989154
4325	0.0973055
4326	0.100119
4327	0.100871
4328	0.10069
4329	0.0998405
4330	0.0987687
4331	0.100462
4332	0.0984559
4333	0.100547
4334	0.100889
4335	0.0990826
4336	0.100082
4337	0.100476
4338	0.101963
4339	0.100781
4340	0.101627
4341	0.0978604
4342	0.100119
4343	0.101143
4344	0.103095
4345	0.10098
4346	0.100396
4347	0.0999288
4348	0.100415
4349	0.100115
4350	0.0995253
4351	0.101199
4352	0.10039
4353	0.102712
4354	0.103131
4355	0.101944
4356	0.101302
4357	0.100494
4358	0.0995552
4359	0.101132
4360	0.10301
4361	0.102149
4362	0.101098
4363	0.103113
4364	0.102967
4365	0.101913
4366	0.0998605
4367	0.0992461
4368	0.0994016
4369	0.102851
4370	0.100561
4371	0.100103
4372	0.102593
4373	0.104676
4374	0.101256
4375	0.101764
4376	0.100542
4377	0.100211
4378	0.10158
4379	0.101013
4380	0.101535
4381	0.0999859
4382	0.100648
4383	0.100398
4384	0.103143
4385	0.103556
4386	0.0995654
4387	0.101021
4388	0.102404
4389	0.100187
4390	0.103291
4391	0.0991991
4392	0.098574
4393	0.100486
4394	0.100463
4395	0.0969091
4396	0.0991639
4397	0.0983867
4398	0.0991193
4399	0.099351
4400	0.0980537
4401	0.101653
4402	0.10007
4403	0.09827
4404	0.102203
4405	0.0980385
4406	0.100412
4407	0.100456
4408	0.100648
4409	0.100438
4410	0.0995155
4411	0.10118
4412	0.101433
4413	0.0998192
4414	0.10199
4415	0.100875
4416	0.101168
4417	0.10037
4418	0.102101
4419	0.104036
4420	0.101256
4421	0.100864
4422	0.101359
4423	0.10066
4424	0.103083
4425	0.100659
4426	0.0999812
4427	0.0996735
4428	0.102144
4429	0.101322
4430	0.101447
4431	0.100883
4432	0.102657
4433	0.103094
4434	0.0996519
4435	0.100604
4436	0.100492
4437	0.100117
4438	0.0993111
4439	0.0989138
4440	0.100277
4441	0.101582
4442	0.102418
4443	0.0997861
4444	0.10244
4445	0.0993534
4446	0.0996083
4447	0.100907
4448	0.0983437
4449	0.101034
4450	0.101562
4451	0.101592
4452	0.101611
4453	0.100128
4454	0.101268
4455	0.0990755
4456	0.101316
4457	0.101049
4458	0.0996054
4459	0.101175
4460	0.0953976
4461	0.100954
4462	0.101084
4463	0.100163
4464	0.0990624
4465	0.0980807
4466	0.101936
4467	0.0988605
4468	0.0987713
4469	0.0984909
4470	0.0987116
4471	0.0999053
4472	0.0977414
4473	0.0988884
4474	0.0988462
4475	0.0999376
4476	0.101056
4477	0.0989841
4478	0.100895
4479	0.0988787
4480	0.100373
4481	0.0979901
4482	0.0969771
4483	0.101777
4484	0.101311
4485	0.0996768
4486	0.101466
4487	0.100109
4488	0.0982201
4489	0.099915
4490	0.100185
4491	0.100043
4492	0.096386
4493	0.100841
4494	0.0992136
4495	0.0966094
4496	0.0976481
4497	0.101607
4498	0.101762
4499	0.0987023
4500	0.0963217
4501	0.0984079
4502	0.0977732
4503	0.0965083
4504	0.0996758
4505	0.0970562
4506	0.0979718
4507	0.0980256
4508	0.0994847
4509	0.0969368
4510	0.0979319
4511	0.100029
4512	0.0975657
4513	0.0970993
4514	0.100657
4515	0.0988339
4516	0.0957529
4517	0.0977233
4518	0.0955852
4519	0.0980626
4520	0.0976628
4521	0.101131
4522	0.0977769
4523	0.0984501
4524	0.098374
4525	0.0962048
4526	0.0987103
4527	0.0976798
4528	0.0989207
4529	0.0991381
4530	0.0987451
4531	0.0956184
4532	0.093314
4533	0.0984087
4534	0.0960525
4535	0.0973727
4536	0.0974413
4537	0.0966662
4538	0.0970582
4539	0.0980026
4540	0.0947988
4541	0.0950682
4542	0.097222
4543	0.0975175
4544	0.0969221
4545	0.0942013
4546	0.0945627
4547	0.0966438
4548	0.097759
4549	0.0965515
4550	0.095791
4551	0.0941504
4552	0.0971688
4553	0.0978652
4554	0.0957403
4555	0.0947943
4556	0.0951435
4557	0.0969907
4558	0.0953781
4559	0.0982916
4560	0.0978757
4561	0.0963324
4562	0.0967408
4563	0.0998394
4564	0.0990431
4565	0.09646
4566	0.0987669
4567	0.100572
4568	0.098477
4569	0.0982624
4570	0.100802
4571	0.0958998
4572	0.102494
4573	0.0985461
4574	0.0961865
4575	0.0981481
4576	0.102107
4577	0.0968492
4578	0.101129
4579	0.0988137
4580	0.0980832
4581	0.100219
4582	0.098135
4583	0.0978477
4584	0.0996385
4585	0.100187
4586	0.0993162
4587	0.0999473
4588	0.0962083
4589	0.0990361
4590	0.0989432
4591	0.0984834
4592	0.0992617
4593	0.100337
4594	0.101637
4595	0.0981423
4596	0.0990783
4597	0.100646
4598	0.103539
4599	0.100772
4600	0.100542
4601	0.098657
4602	0.100132
4603	0.0996209
4604	0.0990053
4605	0.101186
4606	0.0997395
4607	0.103332
4608	0.0997299
4609	0.0983062
4610	0.0988191
4611	0.0998397
4612	0.0997552
4613	0.0980986
4614	0.0996304
4615	0.0981656
4616	0.100105
4617	0.10001
4618	0.0993154
4619	0.100098
4620	0.0999239
4621	0.0988263
4622	0.099324
4623	0.100225
4624	0.0999212
4625	0.100233
4626	0.0993929
4627	0.100131
4628	0.0987922
4629	0.0988045
4630	0.100271
4631	0.0995356
4632	0.0982858
4633	0.099253
4634	0.0984869
4635	0.0998966
4636	0.0980897
4637	0.0988716
4638	0.101136
4639	0.0983019
4640	0.0999661
4641	0.097798
4642	0.0972338
4643	0.0984263
4644	0.0982225
4645	0.0967595
4646	0.0961514
4647	0.0973141
4648	0.0979513
4649	0.0976735
4650	0.0980111
4651	0.09686
4652	0.0970901
4653	0.097456
4654	0.0988412
4655	0.098412
4656	0.0974096
4657	0.0990382
4658	0.0974276
4659	0.0978996
4660	0.0972504
4661	0.0976088
4662	0.0975887
4663	0.0963401
4664	0.0967823
4665	0.0984696
4666	0.0965992
4667	0.0969795
4668	0.0974466
4669	0.0986799
4670	0.0975585
4671	0.0974926
4672	0.0980589
4673	0.098916
4674	0.0995991
4675	0.0967969
4676	0.0969739
4677	0.0981383
4678	0.0980536
4679	0.0980829
4680	0.0956621
4681	0.0976397
4682	0.0976916
4683	0.0978213
4684	0.0965852
4685	0.0985425
4686	0.0989973
4687	0.0971811
4688	0.0976974
4689	0.0983292
4690	0.0992589
4691	0.0963532
4692	0.0968267
4693	0.0976959
4694	0.0979363
4695	0.0975747
4696	0.0965866
4697	0.0966124
4698	0.0968467
4699	0.0961833
4700	0.0981393
4701	0.0986488
4702	0.0965803
4703	0.0982016
4704	0.0991606
4705	0.09847
4706	0.0968102
4707	0.097341
4708	0.0961404
4709	0.0955429
4710	0.0944322
4711	0.0975682
4712	0.0982463
4713	0.0966633
4714	0.0953417
4715	0.0948235
4716	0.0938591
4717	0.0969278
4718	0.0971323
4719	0.0972607
4720	0.0945594
4721	0.095656
4722	0.0967478
4723	0.0968959
4724	0.0948163
4725	0.0966613
4726	0.0944645
4727	0.0964107
4728	0.096048
4729	0.0944167
4730	0.0945149
4731	0.0954872
4732	0.0964706
4733	0.0967972
4734	0.0943642
4735	0.0947134
4736	0.0958233
4737	0.095575
4738	0.0930197
4739	0.0981842
4740	0.0945286
4741	0.0935514
4742	0.0915888
4743	0.0931532
4744	0.0946957
4745	0.0936959
4746	0.0961123
4747	0.0973448
4748	0.0942541
4749	0.0955883
4750	0.0948564
4751	0.0917179
4752	0.0946514
4753	0.0953163
4754	0.0956188
4755	0.0927136
