### Number of tubes used: 730
### Nuclear profiles per tube: 1.68219
### Resolution (bp): 40000
### Slice thickness (microns): 0.22
### Nuclear radius (microns): 4.5
### Detection efficiency: 0.858886
distance	 pi_threshold
1	0.331483
2	0.273258
3	0.250123
4	0.239087
5	0.228595
6	0.220111
7	0.218137
8	0.211018
9	0.209084
10	0.205757
11	0.196657
12	0.19822
13	0.197853
14	0.196818
15	0.190115
16	0.193303
17	0.185034
18	0.182748
19	0.17856
20	0.181315
21	0.179022
22	0.178418
23	0.174173
24	0.174599
25	0.171282
26	0.170801
27	0.169151
28	0.167314
29	0.169908
30	0.165097
31	0.161685
32	0.159315
33	0.160665
34	0.161324
35	0.162097
36	0.157675
37	0.158966
38	0.160532
39	0.150676
40	0.159252
41	0.154175
42	0.15561
43	0.152458
44	0.15049
45	0.154713
46	0.152729
47	0.149406
48	0.152576
49	0.150535
50	0.151141
51	0.148927
52	0.150781
53	0.149863
54	0.145991
55	0.144931
56	0.148755
57	0.146996
58	0.149605
59	0.144323
60	0.14625
61	0.143537
62	0.145263
63	0.143454
64	0.143055
65	0.1437
66	0.146037
67	0.140225
68	0.141574
69	0.143625
70	0.137714
71	0.139674
72	0.141899
73	0.141724
74	0.13946
75	0.139777
76	0.134714
77	0.138948
78	0.138199
79	0.137117
80	0.13938
81	0.136169
82	0.137711
83	0.139708
84	0.13557
85	0.137697
86	0.136316
87	0.138753
88	0.135188
89	0.135672
90	0.13476
91	0.134171
92	0.134288
93	0.135919
94	0.136111
95	0.135516
96	0.134188
97	0.131481
98	0.134664
99	0.133804
100	0.132533
101	0.134399
102	0.133921
103	0.13217
104	0.132556
105	0.132617
106	0.133809
107	0.133553
108	0.134369
109	0.136537
110	0.134978
111	0.130755
112	0.13277
113	0.131552
114	0.128631
115	0.131426
116	0.130048
117	0.131735
118	0.131426
119	0.128806
120	0.132347
121	0.134052
122	0.130253
123	0.129526
124	0.132456
125	0.130587
126	0.129001
127	0.132198
128	0.130568
129	0.132916
130	0.132416
131	0.129517
132	0.128742
133	0.131261
134	0.129362
135	0.128308
136	0.12892
137	0.130882
138	0.126449
139	0.129926
140	0.129319
141	0.129441
142	0.129811
143	0.130754
144	0.129221
145	0.129559
146	0.128547
147	0.125837
148	0.130227
149	0.125243
150	0.131154
151	0.127243
152	0.130308
153	0.12706
154	0.1272
155	0.128184
156	0.126691
157	0.126772
158	0.125987
159	0.12805
160	0.128817
161	0.129708
162	0.126043
163	0.124554
164	0.126516
165	0.125521
166	0.123945
167	0.126993
168	0.12415
169	0.127213
170	0.125737
171	0.127326
172	0.126216
173	0.126078
174	0.128122
175	0.129593
176	0.125041
177	0.126298
178	0.125639
179	0.126673
180	0.128796
181	0.125111
182	0.124836
183	0.125195
184	0.123995
185	0.125701
186	0.127253
187	0.127479
188	0.127501
189	0.124783
190	0.120903
191	0.126384
192	0.124756
193	0.130057
194	0.124454
195	0.124597
196	0.125479
197	0.124812
198	0.125763
199	0.125474
200	0.124796
201	0.124426
202	0.124352
203	0.124288
204	0.125285
205	0.123059
206	0.124358
207	0.126364
208	0.123601
209	0.126978
210	0.126191
211	0.122793
212	0.124909
213	0.12524
214	0.125896
215	0.126087
216	0.123516
217	0.123555
218	0.123387
219	0.123743
220	0.126839
221	0.123937
222	0.124178
223	0.126873
224	0.122252
225	0.122295
226	0.124513
227	0.124159
228	0.121879
229	0.124545
230	0.124437
231	0.122048
232	0.125078
233	0.122109
234	0.12497
235	0.122816
236	0.121934
237	0.123887
238	0.122522
239	0.121031
240	0.12353
241	0.120508
242	0.123832
243	0.124537
244	0.117737
245	0.121621
246	0.121818
247	0.123515
248	0.121702
249	0.124501
250	0.117581
251	0.126958
252	0.123307
253	0.123036
254	0.123298
255	0.123165
256	0.124622
257	0.12145
258	0.124983
259	0.121821
260	0.122369
261	0.122194
262	0.119752
263	0.123811
264	0.126488
265	0.1239
266	0.118013
267	0.122838
268	0.120761
269	0.121036
270	0.121005
271	0.121089
272	0.121823
273	0.122374
274	0.124833
275	0.121885
276	0.12248
277	0.122621
278	0.122697
279	0.12332
280	0.120657
281	0.119646
282	0.120373
283	0.119814
284	0.122388
285	0.12329
286	0.12035
287	0.123284
288	0.12354
289	0.123339
290	0.120097
291	0.123432
292	0.120489
293	0.120744
294	0.121022
295	0.124988
296	0.119034
297	0.119705
298	0.119559
299	0.122241
300	0.122343
301	0.122921
302	0.120223
303	0.1176
304	0.122746
305	0.120521
306	0.12065
307	0.122463
308	0.122907
309	0.119648
310	0.122574
311	0.11977
312	0.120594
313	0.121667
314	0.119412
315	0.117389
316	0.123713
317	0.120311
318	0.121017
319	0.122816
320	0.120576
321	0.120683
322	0.122314
323	0.120116
324	0.120931
325	0.120807
326	0.124344
327	0.120764
328	0.123882
329	0.120152
330	0.123838
331	0.120383
332	0.122573
333	0.123214
334	0.121039
335	0.12263
336	0.119199
337	0.118813
338	0.124058
339	0.122134
340	0.123679
341	0.122648
342	0.121843
343	0.120722
344	0.121739
345	0.118883
346	0.123252
347	0.118534
348	0.119872
349	0.119644
350	0.119691
351	0.122591
352	0.120253
353	0.120354
354	0.122884
355	0.123191
356	0.117176
357	0.120652
358	0.120559
359	0.121354
360	0.121472
361	0.121474
362	0.120075
363	0.120757
364	0.12045
365	0.119966
366	0.120264
367	0.121478
368	0.118088
369	0.12073
370	0.120837
371	0.119887
372	0.120744
373	0.120981
374	0.117975
375	0.121412
376	0.122362
377	0.120559
378	0.122075
379	0.121596
380	0.119439
381	0.120305
382	0.120342
383	0.12019
384	0.118559
385	0.12143
386	0.120971
387	0.119364
388	0.122486
389	0.120216
390	0.12073
391	0.120604
392	0.119846
393	0.122672
394	0.119999
395	0.120098
396	0.122312
397	0.121181
398	0.120773
399	0.121776
400	0.120822
401	0.120734
402	0.118545
403	0.122033
404	0.118529
405	0.118809
406	0.119891
407	0.118674
408	0.124852
409	0.120875
410	0.124528
411	0.118999
412	0.121046
413	0.120172
414	0.120562
415	0.122116
416	0.119658
417	0.12145
418	0.119291
419	0.122371
420	0.117213
421	0.122161
422	0.120259
423	0.120081
424	0.120875
425	0.117524
426	0.121544
427	0.119206
428	0.119036
429	0.118566
430	0.120918
431	0.120954
432	0.121267
433	0.120581
434	0.120036
435	0.122711
436	0.121285
437	0.120957
438	0.118981
439	0.121919
440	0.121418
441	0.122028
442	0.121511
443	0.121986
444	0.122121
445	0.121523
446	0.120884
447	0.118566
448	0.120643
449	0.120204
450	0.119667
451	0.120243
452	0.120515
453	0.122253
454	0.11999
455	0.122385
456	0.119009
457	0.121776
458	0.121541
459	0.119765
460	0.121943
461	0.122823
462	0.121503
463	0.119816
464	0.119617
465	0.12153
466	0.121514
467	0.121437
468	0.124899
469	0.122013
470	0.121209
471	0.121726
472	0.119968
473	0.118555
474	0.122364
475	0.119733
476	0.122401
477	0.120192
478	0.120387
479	0.119843
480	0.12219
481	0.121851
482	0.125166
483	0.12182
484	0.121686
485	0.122657
486	0.124878
487	0.119146
488	0.121538
489	0.119099
490	0.121172
491	0.123749
492	0.120815
493	0.121018
494	0.120819
495	0.118129
496	0.121191
497	0.118582
498	0.124439
499	0.123753
500	0.120548
501	0.12314
502	0.1213
503	0.121279
504	0.121725
505	0.121646
506	0.12101
507	0.122478
508	0.122545
509	0.1219
510	0.120324
511	0.120462
512	0.120825
513	0.1235
514	0.119223
515	0.119509
516	0.123087
517	0.124021
518	0.123029
519	0.122356
520	0.122406
521	0.119478
522	0.120366
523	0.121132
524	0.122837
525	0.12264
526	0.119378
527	0.122856
528	0.123153
529	0.120566
530	0.115811
531	0.122842
532	0.123285
533	0.12384
534	0.122724
535	0.120513
536	0.121525
537	0.121779
538	0.118481
539	0.119395
540	0.118405
541	0.119999
542	0.117471
543	0.118376
544	0.120167
545	0.119985
546	0.121165
547	0.119924
548	0.121553
549	0.120586
550	0.11957
551	0.120158
552	0.119826
553	0.119988
554	0.120742
555	0.121124
556	0.118972
557	0.117274
558	0.120387
559	0.120055
560	0.119638
561	0.118691
562	0.119986
563	0.117637
564	0.120151
565	0.12157
566	0.118092
567	0.118797
568	0.118629
569	0.120976
570	0.121021
571	0.120719
572	0.121183
573	0.120112
574	0.120953
575	0.122066
576	0.116267
577	0.118698
578	0.116362
579	0.118198
580	0.118242
581	0.117868
582	0.119029
583	0.119182
584	0.11964
585	0.119628
586	0.121166
587	0.119246
588	0.120444
589	0.121381
590	0.118335
591	0.11894
592	0.119517
593	0.119564
594	0.116924
595	0.116522
596	0.120061
597	0.118697
598	0.115346
599	0.119568
600	0.11848
601	0.119592
602	0.11922
603	0.11959
604	0.116743
605	0.119367
606	0.118807
607	0.116605
608	0.121738
609	0.121093
610	0.117519
611	0.117303
612	0.122153
613	0.121184
614	0.119635
615	0.115408
616	0.121016
617	0.117947
618	0.116995
619	0.119559
620	0.119458
621	0.117518
622	0.121447
623	0.117044
624	0.118766
625	0.117599
626	0.116686
627	0.118618
628	0.117507
629	0.11992
630	0.115864
631	0.118493
632	0.119326
633	0.120313
634	0.118966
635	0.118633
636	0.118887
637	0.117024
638	0.119194
639	0.11623
640	0.119896
641	0.118396
642	0.119284
643	0.117777
644	0.1164
645	0.119992
646	0.118705
647	0.117873
648	0.120695
649	0.116978
650	0.118797
651	0.119255
652	0.118452
653	0.117126
654	0.117922
655	0.121649
656	0.119435
657	0.117988
658	0.118248
659	0.116481
660	0.118174
661	0.115821
662	0.117085
663	0.120155
664	0.117826
665	0.118991
666	0.115569
667	0.119039
668	0.116086
669	0.119049
670	0.116511
671	0.117835
672	0.118289
673	0.117583
674	0.11355
675	0.117648
676	0.1175
677	0.119569
678	0.117818
679	0.118899
680	0.117148
681	0.118706
682	0.117929
683	0.116817
684	0.117228
685	0.119487
686	0.120621
687	0.118332
688	0.118993
689	0.117196
690	0.118104
691	0.119797
692	0.119907
693	0.117781
694	0.118433
695	0.115495
696	0.116735
697	0.120368
698	0.117506
699	0.117754
700	0.117486
701	0.115279
702	0.115936
703	0.118929
704	0.115988
705	0.118342
706	0.116068
707	0.116754
708	0.119132
709	0.115324
710	0.118082
711	0.119508
712	0.118054
713	0.115843
714	0.114787
715	0.118098
716	0.11923
717	0.115999
718	0.116673
719	0.117884
720	0.119704
721	0.117276
722	0.117539
723	0.116509
724	0.121637
725	0.115015
726	0.119758
727	0.117032
728	0.117062
729	0.11657
730	0.119344
731	0.12036
732	0.117626
733	0.11641
734	0.118686
735	0.117716
736	0.118638
737	0.121859
738	0.117409
739	0.116322
740	0.118371
741	0.116395
742	0.115528
743	0.117791
744	0.118148
745	0.118864
746	0.119544
747	0.116984
748	0.116715
749	0.118841
750	0.115535
751	0.119716
752	0.118786
753	0.118602
754	0.117295
755	0.1182
756	0.117121
757	0.116997
758	0.119772
759	0.116034
760	0.11862
761	0.119826
762	0.11378
763	0.117991
764	0.115101
765	0.117839
766	0.118197
767	0.119488
768	0.117852
769	0.116497
770	0.117154
771	0.117018
772	0.118654
773	0.117963
774	0.116974
775	0.114736
776	0.117621
777	0.114775
778	0.116539
779	0.118229
780	0.113471
781	0.117303
782	0.113243
783	0.11847
784	0.117486
785	0.118391
786	0.116781
787	0.117778
788	0.117808
789	0.117725
790	0.118374
791	0.118914
792	0.11526
793	0.11746
794	0.117396
795	0.117244
796	0.116904
797	0.120013
798	0.117022
799	0.118639
800	0.121019
801	0.117623
802	0.116576
803	0.116877
804	0.117067
805	0.117046
806	0.116988
807	0.117371
808	0.118764
809	0.119077
810	0.115755
811	0.11635
812	0.116835
813	0.118366
814	0.114193
815	0.116689
816	0.119883
817	0.118828
818	0.115732
819	0.119381
820	0.11754
821	0.116569
822	0.116902
823	0.118124
824	0.118943
825	0.113999
826	0.117994
827	0.116272
828	0.114191
829	0.116221
830	0.115635
831	0.119514
832	0.115602
833	0.115052
834	0.118969
835	0.114307
836	0.114402
837	0.11719
838	0.11625
839	0.115612
840	0.117628
841	0.115668
842	0.117293
843	0.118228
844	0.117784
845	0.11443
846	0.118136
847	0.11664
848	0.116092
849	0.115867
850	0.116953
851	0.11708
852	0.117883
853	0.116917
854	0.116135
855	0.117701
856	0.117962
857	0.115374
858	0.11545
859	0.116364
860	0.115025
861	0.118349
862	0.118036
863	0.115368
864	0.117228
865	0.116823
866	0.117724
867	0.117574
868	0.118185
869	0.115838
870	0.118782
871	0.116346
872	0.116296
873	0.118977
874	0.115816
875	0.117977
876	0.117661
877	0.118342
878	0.11684
879	0.11597
880	0.117991
881	0.118152
882	0.115894
883	0.116256
884	0.117292
885	0.117
886	0.115084
887	0.117844
888	0.115764
889	0.115726
890	0.116054
891	0.11689
892	0.116816
893	0.117514
894	0.117195
895	0.117842
896	0.116533
897	0.116548
898	0.115911
899	0.115724
900	0.116323
901	0.116054
902	0.116951
903	0.117517
904	0.118752
905	0.118706
906	0.116506
907	0.117024
908	0.116671
909	0.117998
910	0.119163
911	0.117699
912	0.117569
913	0.116162
914	0.116948
915	0.117431
916	0.116762
917	0.116436
918	0.119862
919	0.115504
920	0.117463
921	0.115968
922	0.117075
923	0.117717
924	0.118586
925	0.116692
926	0.115517
927	0.114247
928	0.118717
929	0.116869
930	0.116139
931	0.116255
932	0.115394
933	0.115188
934	0.115705
935	0.115998
936	0.118484
937	0.116546
938	0.117777
939	0.117875
940	0.116309
941	0.116836
942	0.116386
943	0.118441
944	0.11637
945	0.116999
946	0.115955
947	0.117402
948	0.116392
949	0.116446
950	0.116314
951	0.116521
952	0.116875
953	0.117583
954	0.117107
955	0.114264
956	0.115077
957	0.116858
958	0.115094
959	0.117679
960	0.115964
961	0.115002
962	0.116532
963	0.118387
964	0.114669
965	0.118098
966	0.11519
967	0.115301
968	0.116958
969	0.118079
970	0.116118
971	0.11752
972	0.117531
973	0.115512
974	0.115605
975	0.115903
976	0.116029
977	0.115979
978	0.11561
979	0.118464
980	0.117711
981	0.117823
982	0.116426
983	0.11819
984	0.116447
985	0.114133
986	0.115796
987	0.114548
988	0.116417
989	0.117904
990	0.118163
991	0.113272
992	0.117022
993	0.119066
994	0.11379
995	0.116814
996	0.116122
997	0.113777
998	0.114452
999	0.115848
1000	0.117006
1001	0.119088
1002	0.118637
1003	0.116926
1004	0.115487
1005	0.117162
1006	0.115369
1007	0.116069
1008	0.11429
1009	0.117793
1010	0.119446
1011	0.11794
1012	0.116087
1013	0.115252
1014	0.114977
1015	0.116563
1016	0.118386
1017	0.1185
1018	0.116124
1019	0.116183
1020	0.116785
1021	0.114902
1022	0.115528
1023	0.117894
1024	0.116995
1025	0.115599
1026	0.114405
1027	0.119215
1028	0.115792
1029	0.115003
1030	0.117419
1031	0.116973
1032	0.11627
1033	0.115122
1034	0.116722
1035	0.115775
1036	0.117657
1037	0.11455
1038	0.117623
1039	0.115937
1040	0.116487
1041	0.118353
1042	0.116643
1043	0.118105
1044	0.116082
1045	0.116772
1046	0.117581
1047	0.116256
1048	0.114933
1049	0.116273
1050	0.117631
1051	0.116311
1052	0.119307
1053	0.117015
1054	0.118081
1055	0.114949
1056	0.118273
1057	0.117552
1058	0.11458
1059	0.115845
1060	0.11532
1061	0.11469
1062	0.116102
1063	0.116338
1064	0.116546
1065	0.117295
1066	0.115041
1067	0.115578
1068	0.118861
1069	0.118808
1070	0.11521
1071	0.113805
1072	0.112427
1073	0.12104
1074	0.117238
1075	0.115454
1076	0.114797
1077	0.117345
1078	0.119098
1079	0.116501
1080	0.117158
1081	0.11385
1082	0.11552
1083	0.116477
1084	0.11794
1085	0.117699
1086	0.115162
1087	0.117585
1088	0.116434
1089	0.11423
1090	0.117064
1091	0.114408
1092	0.1164
1093	0.115603
1094	0.114658
1095	0.116984
1096	0.115246
1097	0.112583
1098	0.11542
1099	0.115998
1100	0.117041
1101	0.113834
1102	0.117089
1103	0.117306
1104	0.112318
1105	0.11633
1106	0.115968
1107	0.116468
1108	0.115794
1109	0.11578
1110	0.115855
1111	0.116415
1112	0.114201
1113	0.115402
1114	0.115499
1115	0.116636
1116	0.116353
1117	0.114822
1118	0.115492
1119	0.115146
1120	0.116027
1121	0.117251
1122	0.116672
1123	0.114414
1124	0.115703
1125	0.117086
1126	0.113399
1127	0.11559
1128	0.114299
1129	0.11534
1130	0.112258
1131	0.113746
1132	0.116164
1133	0.116739
1134	0.117556
1135	0.117658
1136	0.11696
1137	0.113779
1138	0.114601
1139	0.115267
1140	0.115809
1141	0.114621
1142	0.114828
1143	0.116155
1144	0.114399
1145	0.115399
1146	0.114322
1147	0.113742
1148	0.118356
1149	0.113096
1150	0.113681
1151	0.114903
1152	0.115544
1153	0.112178
1154	0.115112
1155	0.1156
1156	0.115444
1157	0.113958
1158	0.114208
1159	0.113771
1160	0.113179
1161	0.114542
1162	0.115191
1163	0.115739
1164	0.112878
1165	0.115903
1166	0.115335
1167	0.11437
1168	0.114368
1169	0.113155
1170	0.114394
1171	0.116513
1172	0.116365
1173	0.112765
1174	0.113466
1175	0.114017
1176	0.115853
1177	0.115233
1178	0.115619
1179	0.113234
1180	0.115291
1181	0.116153
1182	0.113068
1183	0.112022
1184	0.115693
1185	0.112724
1186	0.114241
1187	0.114062
1188	0.111761
1189	0.116358
1190	0.112466
1191	0.113608
1192	0.112383
1193	0.115583
1194	0.112288
1195	0.114913
1196	0.114621
1197	0.113371
1198	0.114981
1199	0.11307
1200	0.114523
1201	0.114578
1202	0.115276
1203	0.114393
1204	0.116441
1205	0.114308
1206	0.112476
1207	0.116671
1208	0.114961
1209	0.115203
1210	0.116628
1211	0.113053
1212	0.115774
1213	0.115103
1214	0.112955
1215	0.113618
1216	0.115184
1217	0.114939
1218	0.114681
1219	0.115332
1220	0.113791
1221	0.115461
1222	0.115938
1223	0.115078
1224	0.112761
1225	0.11481
1226	0.112271
1227	0.112204
1228	0.11544
1229	0.112673
1230	0.115275
1231	0.113385
1232	0.114645
1233	0.116575
1234	0.116148
1235	0.113907
1236	0.113208
1237	0.113719
1238	0.114096
1239	0.114018
1240	0.114256
1241	0.11538
1242	0.115601
1243	0.115001
1244	0.114043
1245	0.1156
1246	0.116641
1247	0.113452
1248	0.11492
1249	0.113467
1250	0.116179
1251	0.116052
1252	0.114052
1253	0.114999
1254	0.11745
1255	0.112341
1256	0.112736
1257	0.114513
1258	0.114092
1259	0.115774
1260	0.11566
1261	0.117175
1262	0.115038
1263	0.113667
1264	0.114769
1265	0.112227
1266	0.11408
1267	0.113
1268	0.116315
1269	0.115041
1270	0.115478
1271	0.113339
1272	0.112875
1273	0.114344
1274	0.116858
1275	0.114664
1276	0.11414
1277	0.115727
1278	0.11197
1279	0.113821
1280	0.116092
1281	0.118197
1282	0.115145
1283	0.11611
1284	0.114706
1285	0.114896
1286	0.116895
1287	0.11594
1288	0.114122
1289	0.113291
1290	0.115876
1291	0.114334
1292	0.11511
1293	0.113846
1294	0.11142
1295	0.115697
1296	0.112778
1297	0.116061
1298	0.114395
1299	0.114784
1300	0.113111
1301	0.114087
1302	0.114615
1303	0.11339
1304	0.112883
1305	0.113262
1306	0.113614
1307	0.112902
1308	0.115547
1309	0.116674
1310	0.114306
1311	0.113995
1312	0.113921
1313	0.11741
1314	0.11264
1315	0.114708
1316	0.113225
1317	0.11462
1318	0.116371
1319	0.11619
1320	0.112075
1321	0.11332
1322	0.111779
1323	0.114127
1324	0.114417
1325	0.114675
1326	0.114672
1327	0.114033
1328	0.113808
1329	0.11826
1330	0.116319
1331	0.113184
1332	0.113774
1333	0.112024
1334	0.115124
1335	0.115352
1336	0.116318
1337	0.117608
1338	0.112797
1339	0.113816
1340	0.113793
1341	0.112843
1342	0.113838
1343	0.114987
1344	0.115861
1345	0.113667
1346	0.112366
1347	0.114693
1348	0.114209
1349	0.113526
1350	0.114652
1351	0.116247
1352	0.112925
1353	0.116202
1354	0.11445
1355	0.113981
1356	0.113757
1357	0.1127
1358	0.113288
1359	0.112511
1360	0.11378
1361	0.115671
1362	0.113168
1363	0.11437
1364	0.113242
1365	0.110843
1366	0.11474
1367	0.113432
1368	0.111591
1369	0.116061
1370	0.11339
1371	0.113645
1372	0.114665
1373	0.114358
1374	0.115504
1375	0.11463
1376	0.112725
1377	0.111765
1378	0.112051
1379	0.112694
1380	0.113284
1381	0.116093
1382	0.114951
1383	0.114993
1384	0.115884
1385	0.112862
1386	0.112686
1387	0.112891
1388	0.112502
1389	0.112397
1390	0.113655
1391	0.109785
1392	0.112219
1393	0.115595
1394	0.11278
1395	0.112722
1396	0.111923
1397	0.112276
1398	0.114828
1399	0.112114
1400	0.114381
1401	0.111634
1402	0.113507
1403	0.112833
1404	0.111472
1405	0.113449
1406	0.111023
1407	0.112132
1408	0.110234
1409	0.113926
1410	0.110039
1411	0.114862
1412	0.112945
1413	0.112013
1414	0.112379
1415	0.112744
1416	0.111098
1417	0.113392
1418	0.110987
1419	0.1142
1420	0.111734
1421	0.110516
1422	0.112531
1423	0.113028
1424	0.111171
1425	0.112053
1426	0.114234
1427	0.113712
1428	0.111638
1429	0.112562
1430	0.112353
1431	0.113369
1432	0.112574
1433	0.113513
1434	0.111713
1435	0.112905
1436	0.111942
1437	0.110214
1438	0.113069
1439	0.112917
1440	0.110773
1441	0.111912
1442	0.111924
1443	0.113471
1444	0.110939
1445	0.113256
1446	0.110425
1447	0.110431
1448	0.108112
1449	0.111362
1450	0.112049
1451	0.113011
1452	0.11173
1453	0.111815
1454	0.110671
1455	0.112564
1456	0.110494
1457	0.113928
1458	0.112582
1459	0.112729
1460	0.112741
1461	0.111393
1462	0.11352
1463	0.111645
1464	0.112925
1465	0.113233
1466	0.109437
1467	0.115097
1468	0.109587
1469	0.11148
1470	0.11163
1471	0.112209
1472	0.11257
1473	0.112771
1474	0.114472
1475	0.110869
1476	0.110948
1477	0.112835
1478	0.113065
1479	0.112028
1480	0.11022
1481	0.112222
1482	0.112934
1483	0.110892
1484	0.110277
1485	0.113424
1486	0.111265
1487	0.113682
1488	0.113454
1489	0.111939
1490	0.110697
1491	0.112799
1492	0.111647
1493	0.113228
1494	0.109734
1495	0.11138
1496	0.113961
1497	0.109313
1498	0.110765
1499	0.113215
1500	0.111866
1501	0.109234
1502	0.11284
1503	0.111509
1504	0.112562
1505	0.114805
1506	0.113531
1507	0.11203
1508	0.111184
1509	0.111847
1510	0.114069
1511	0.11288
1512	0.112774
1513	0.114822
1514	0.111904
1515	0.11247
1516	0.111454
1517	0.114883
1518	0.112053
1519	0.111595
1520	0.112639
1521	0.113896
1522	0.111956
1523	0.112875
1524	0.114065
1525	0.110807
1526	0.11273
1527	0.110841
1528	0.11049
1529	0.110377
1530	0.111762
1531	0.116577
1532	0.113303
1533	0.111192
1534	0.111172
1535	0.112919
1536	0.113391
1537	0.112034
1538	0.115556
1539	0.113178
1540	0.112889
1541	0.112471
1542	0.113182
1543	0.112923
1544	0.112509
1545	0.112968
1546	0.115147
1547	0.111721
1548	0.112726
1549	0.112285
1550	0.112221
1551	0.111313
1552	0.111703
1553	0.113605
1554	0.110727
1555	0.116199
1556	0.112751
1557	0.11067
1558	0.11213
1559	0.11151
1560	0.110016
1561	0.111407
1562	0.111627
1563	0.112492
1564	0.109221
1565	0.109918
1566	0.111507
1567	0.112678
1568	0.11258
1569	0.114248
1570	0.110837
1571	0.1104
1572	0.112456
1573	0.109353
1574	0.109336
1575	0.113875
1576	0.11379
1577	0.112665
1578	0.111839
1579	0.108826
1580	0.110028
1581	0.111739
1582	0.110908
1583	0.109661
1584	0.110827
1585	0.109588
1586	0.110682
1587	0.111043
1588	0.110024
1589	0.106542
1590	0.11071
1591	0.111155
1592	0.108877
1593	0.110897
1594	0.112297
1595	0.10917
1596	0.111492
1597	0.107612
1598	0.109873
1599	0.111362
1600	0.110068
1601	0.111505
1602	0.110352
1603	0.10896
1604	0.110588
1605	0.108891
1606	0.112526
1607	0.110789
1608	0.113564
1609	0.113011
1610	0.109367
1611	0.110832
1612	0.107058
1613	0.107742
1614	0.112869
1615	0.110504
1616	0.111025
1617	0.112702
1618	0.107651
1619	0.110318
1620	0.110188
1621	0.109737
1622	0.109797
1623	0.109232
1624	0.112464
1625	0.113342
1626	0.11065
1627	0.110106
1628	0.110248
1629	0.111668
1630	0.112415
1631	0.109533
1632	0.107626
1633	0.111667
1634	0.110818
1635	0.110485
1636	0.109128
1637	0.110504
1638	0.108916
1639	0.111852
1640	0.10784
1641	0.109617
1642	0.112114
1643	0.109869
1644	0.10994
1645	0.10696
1646	0.112572
1647	0.109946
1648	0.112239
1649	0.110245
1650	0.109526
1651	0.107285
1652	0.11129
1653	0.108158
1654	0.110955
1655	0.112623
1656	0.108415
1657	0.108346
1658	0.111054
1659	0.108962
1660	0.108493
1661	0.111804
1662	0.111228
1663	0.110664
1664	0.110591
1665	0.108678
1666	0.10887
1667	0.108368
1668	0.109799
1669	0.109009
1670	0.1115
1671	0.111054
1672	0.108409
1673	0.110977
1674	0.110675
1675	0.111053
1676	0.108562
1677	0.108344
1678	0.107568
1679	0.110422
1680	0.110011
1681	0.109922
1682	0.106858
1683	0.107214
1684	0.110509
1685	0.110036
1686	0.105678
1687	0.110648
1688	0.110996
1689	0.107225
1690	0.108168
1691	0.11045
1692	0.109411
1693	0.106007
1694	0.105863
1695	0.10975
1696	0.109423
1697	0.113328
1698	0.10853
1699	0.111712
1700	0.110582
1701	0.111703
1702	0.110228
1703	0.110507
1704	0.111801
1705	0.106365
1706	0.1088
1707	0.110764
1708	0.108714
1709	0.108135
1710	0.109376
1711	0.109622
1712	0.10958
1713	0.107316
1714	0.109604
1715	0.105761
1716	0.1078
1717	0.108215
1718	0.108061
1719	0.107272
1720	0.107786
1721	0.109704
1722	0.111312
1723	0.106364
1724	0.109782
1725	0.109953
1726	0.108461
1727	0.108285
1728	0.108481
1729	0.109321
1730	0.108659
1731	0.108238
1732	0.10952
1733	0.107629
1734	0.108136
1735	0.107578
1736	0.109738
1737	0.111202
1738	0.107516
1739	0.107447
1740	0.104857
1741	0.108673
1742	0.111775
1743	0.109665
1744	0.105467
1745	0.10925
1746	0.109639
1747	0.107516
1748	0.109758
1749	0.10754
1750	0.108224
1751	0.108511
1752	0.108018
1753	0.10823
1754	0.110919
1755	0.110154
1756	0.107931
1757	0.107674
1758	0.107077
1759	0.108175
1760	0.108596
1761	0.108496
1762	0.10672
1763	0.108095
1764	0.107669
1765	0.109468
1766	0.10898
1767	0.109385
1768	0.108756
1769	0.108786
1770	0.10674
1771	0.107543
1772	0.111886
1773	0.11233
1774	0.111214
1775	0.106163
1776	0.108787
1777	0.107389
1778	0.107555
1779	0.111797
1780	0.110684
1781	0.110579
1782	0.10828
1783	0.108459
1784	0.108161
1785	0.109247
1786	0.106426
1787	0.108424
1788	0.110475
1789	0.109445
1790	0.110433
1791	0.108181
1792	0.106448
1793	0.108447
1794	0.108561
1795	0.11069
1796	0.10931
1797	0.113172
1798	0.108541
1799	0.106797
1800	0.10994
1801	0.110434
1802	0.110304
1803	0.108327
1804	0.109412
1805	0.109372
1806	0.109419
1807	0.10938
1808	0.110274
1809	0.108185
1810	0.111651
1811	0.107087
1812	0.107144
1813	0.110842
1814	0.109957
1815	0.109425
1816	0.111144
1817	0.107645
1818	0.110186
1819	0.10756
1820	0.109721
1821	0.105592
1822	0.106945
1823	0.10892
1824	0.107498
1825	0.108466
1826	0.109145
1827	0.110028
1828	0.108444
1829	0.10801
1830	0.10899
1831	0.106268
1832	0.106833
1833	0.109188
1834	0.108893
1835	0.107838
1836	0.108275
1837	0.107684
1838	0.10794
1839	0.105879
1840	0.108293
1841	0.108463
1842	0.10895
1843	0.106691
1844	0.108806
1845	0.108729
1846	0.108297
1847	0.107741
1848	0.107284
1849	0.108993
1850	0.107627
1851	0.107724
1852	0.105577
1853	0.10741
1854	0.10814
1855	0.107394
1856	0.107444
1857	0.107033
1858	0.110482
1859	0.108284
1860	0.105551
1861	0.107924
1862	0.10585
1863	0.108137
1864	0.106961
1865	0.108834
1866	0.110228
1867	0.107466
1868	0.106708
1869	0.10981
1870	0.108323
1871	0.108381
1872	0.108345
1873	0.107526
1874	0.107797
1875	0.10771
1876	0.109327
1877	0.107225
1878	0.107468
1879	0.107611
1880	0.10707
1881	0.109583
1882	0.107437
1883	0.1071
1884	0.106979
1885	0.110151
1886	0.10767
1887	0.109131
1888	0.108009
1889	0.106309
1890	0.108117
1891	0.107954
1892	0.106251
1893	0.106409
1894	0.105681
1895	0.108578
1896	0.108522
1897	0.111083
1898	0.106862
1899	0.107559
1900	0.110009
1901	0.107974
1902	0.107695
1903	0.107274
1904	0.107661
1905	0.107295
1906	0.10568
1907	0.108359
1908	0.106046
1909	0.108337
1910	0.106265
1911	0.105997
1912	0.106746
1913	0.108018
1914	0.10669
1915	0.107353
1916	0.108194
1917	0.107678
1918	0.107933
1919	0.109802
1920	0.106387
1921	0.107456
1922	0.106377
1923	0.107255
1924	0.108805
1925	0.105441
1926	0.105786
1927	0.11123
1928	0.105885
1929	0.107577
1930	0.108319
1931	0.106708
1932	0.106347
1933	0.108846
1934	0.108421
1935	0.106071
1936	0.108411
1937	0.107199
1938	0.106339
1939	0.106429
1940	0.105669
1941	0.110053
1942	0.108729
1943	0.107189
1944	0.10935
1945	0.105976
1946	0.109244
1947	0.109396
1948	0.106672
1949	0.109261
1950	0.107585
1951	0.109052
1952	0.107229
1953	0.109343
1954	0.106562
1955	0.109606
1956	0.105407
1957	0.109005
1958	0.10937
1959	0.107412
1960	0.108036
1961	0.107551
1962	0.108202
1963	0.107194
1964	0.106282
1965	0.106352
1966	0.105983
1967	0.107087
1968	0.107922
1969	0.106019
1970	0.107173
1971	0.107294
1972	0.107516
1973	0.10727
1974	0.107378
1975	0.106489
1976	0.106919
1977	0.110129
1978	0.109775
1979	0.107025
1980	0.108935
1981	0.105783
1982	0.106646
1983	0.105737
1984	0.107004
1985	0.108507
1986	0.105868
1987	0.107388
1988	0.106953
1989	0.10617
1990	0.106052
1991	0.107535
1992	0.107689
1993	0.106108
1994	0.106583
1995	0.110566
1996	0.107047
1997	0.109212
1998	0.106729
1999	0.105632
2000	0.106817
2001	0.107657
2002	0.104639
2003	0.107779
2004	0.10628
2005	0.107312
2006	0.107559
2007	0.110171
2008	0.107411
2009	0.105388
2010	0.108597
2011	0.10829
2012	0.109503
2013	0.109065
2014	0.105842
2015	0.109093
2016	0.106176
2017	0.109161
2018	0.108579
2019	0.106352
2020	0.107132
2021	0.109015
2022	0.108109
2023	0.110137
2024	0.106609
2025	0.108276
2026	0.106511
2027	0.109046
2028	0.106714
2029	0.109093
2030	0.107372
2031	0.105163
2032	0.107782
2033	0.107128
2034	0.105835
2035	0.107939
2036	0.10828
2037	0.106043
2038	0.107357
2039	0.10585
2040	0.108318
2041	0.105995
2042	0.105494
2043	0.106329
2044	0.106445
2045	0.110244
2046	0.106302
2047	0.107595
2048	0.10662
2049	0.107517
2050	0.10697
2051	0.106865
2052	0.106999
2053	0.108737
2054	0.106994
2055	0.108439
2056	0.105663
2057	0.104798
2058	0.106953
2059	0.107147
2060	0.108707
2061	0.108465
2062	0.105197
2063	0.104434
2064	0.107978
2065	0.105901
2066	0.105586
2067	0.107068
2068	0.108251
2069	0.107446
2070	0.105904
2071	0.108608
2072	0.106955
2073	0.104928
2074	0.105662
2075	0.106373
2076	0.104645
2077	0.105717
2078	0.10519
2079	0.108039
2080	0.107873
2081	0.104831
2082	0.106524
2083	0.105936
2084	0.105393
2085	0.103309
2086	0.106443
2087	0.108072
2088	0.108511
2089	0.104957
2090	0.104061
2091	0.104189
2092	0.104474
2093	0.107386
2094	0.108254
2095	0.105948
2096	0.107189
2097	0.106772
2098	0.105958
2099	0.106246
2100	0.104071
2101	0.108087
2102	0.103794
2103	0.107799
2104	0.107196
2105	0.107854
2106	0.108629
2107	0.107079
2108	0.103107
2109	0.107647
2110	0.108434
2111	0.10616
2112	0.106697
2113	0.109237
2114	0.109011
2115	0.10701
2116	0.104934
2117	0.106661
2118	0.104082
2119	0.106075
2120	0.104666
2121	0.106386
2122	0.106736
2123	0.106456
2124	0.108598
2125	0.108232
2126	0.104807
2127	0.107766
2128	0.104983
2129	0.108291
2130	0.104598
2131	0.108522
2132	0.103585
2133	0.105488
2134	0.108794
2135	0.107014
2136	0.104446
2137	0.106058
2138	0.106797
2139	0.107995
2140	0.10804
2141	0.106477
2142	0.104229
2143	0.106033
2144	0.105402
2145	0.108296
2146	0.104913
2147	0.104953
2148	0.104586
2149	0.106402
2150	0.106934
2151	0.105511
2152	0.106783
2153	0.104459
2154	0.107023
2155	0.107307
2156	0.105335
2157	0.103176
2158	0.107217
2159	0.108216
2160	0.107502
2161	0.107248
2162	0.104803
2163	0.106888
2164	0.106863
2165	0.105337
2166	0.10758
2167	0.106559
2168	0.1059
2169	0.105558
2170	0.104727
2171	0.104972
2172	0.10729
2173	0.106844
2174	0.105123
2175	0.105036
2176	0.105548
2177	0.108692
2178	0.103571
2179	0.103403
2180	0.104512
2181	0.104806
2182	0.105549
2183	0.104825
2184	0.105614
2185	0.107159
2186	0.107222
2187	0.106858
2188	0.10519
2189	0.104534
2190	0.105763
2191	0.103643
2192	0.108561
2193	0.106019
2194	0.106812
2195	0.105173
2196	0.104647
2197	0.104754
2198	0.105867
2199	0.107348
2200	0.108179
2201	0.103713
2202	0.104662
2203	0.10859
2204	0.105192
2205	0.105766
2206	0.105485
2207	0.104458
2208	0.106829
2209	0.106666
2210	0.108464
2211	0.107273
2212	0.104822
2213	0.105057
2214	0.105644
2215	0.104189
2216	0.105551
2217	0.106023
2218	0.104855
2219	0.103606
2220	0.104506
2221	0.106293
2222	0.104352
2223	0.104501
2224	0.104742
2225	0.105018
2226	0.106405
2227	0.106412
2228	0.106612
2229	0.105888
2230	0.105265
2231	0.105789
2232	0.105324
2233	0.106363
2234	0.107421
2235	0.103851
2236	0.105724
2237	0.10652
2238	0.105307
2239	0.107915
2240	0.106569
2241	0.10488
2242	0.105353
2243	0.10569
2244	0.10118
2245	0.101461
2246	0.105913
2247	0.103404
2248	0.105027
2249	0.103696
2250	0.103209
2251	0.103245
2252	0.105397
2253	0.105396
2254	0.102251
2255	0.103978
2256	0.105948
2257	0.10639
2258	0.101648
2259	0.103572
2260	0.103862
2261	0.104453
2262	0.104699
2263	0.104419
2264	0.103377
2265	0.105188
2266	0.103876
2267	0.104638
2268	0.102534
2269	0.105814
2270	0.103796
2271	0.103552
2272	0.1054
2273	0.1034
2274	0.106491
2275	0.104043
2276	0.103681
2277	0.103369
2278	0.104094
2279	0.103144
2280	0.100972
2281	0.101833
2282	0.104454
2283	0.104114
2284	0.102533
2285	0.101301
2286	0.102321
2287	0.102567
2288	0.103006
2289	0.10302
2290	0.103969
2291	0.104325
2292	0.104684
2293	0.102446
2294	0.102452
2295	0.103039
2296	0.103498
2297	0.103273
2298	0.105809
2299	0.104863
2300	0.101937
2301	0.105314
2302	0.10314
2303	0.0995468
2304	0.104183
2305	0.105709
2306	0.102213
2307	0.106187
2308	0.104869
2309	0.1048
2310	0.104132
2311	0.103024
2312	0.101275
2313	0.104827
2314	0.100645
2315	0.100837
2316	0.103768
2317	0.101926
2318	0.103675
2319	0.104454
2320	0.105721
2321	0.102557
2322	0.101219
2323	0.10421
2324	0.101677
2325	0.104469
2326	0.101708
2327	0.101671
2328	0.10248
2329	0.103223
2330	0.103083
2331	0.106203
2332	0.100668
2333	0.106549
2334	0.102298
2335	0.101445
2336	0.10193
2337	0.102605
2338	0.104068
2339	0.103715
2340	0.102459
2341	0.100391
2342	0.102573
2343	0.101666
2344	0.10094
2345	0.102262
2346	0.104322
2347	0.104728
2348	0.101439
2349	0.105529
2350	0.103419
2351	0.102427
2352	0.102912
2353	0.105294
2354	0.100933
2355	0.102686
2356	0.102379
2357	0.104683
2358	0.10333
2359	0.103907
2360	0.102282
2361	0.100651
2362	0.102776
2363	0.105315
2364	0.102349
2365	0.10174
2366	0.103112
2367	0.104111
2368	0.101997
2369	0.103331
2370	0.102224
2371	0.103244
2372	0.10268
2373	0.102644
2374	0.106001
2375	0.10329
2376	0.103768
2377	0.100336
2378	0.103635
2379	0.106818
2380	0.103078
2381	0.103198
2382	0.102386
2383	0.103942
2384	0.103731
2385	0.102847
2386	0.101919
2387	0.103162
2388	0.104721
2389	0.101103
2390	0.101331
2391	0.104102
2392	0.103383
2393	0.105064
2394	0.104478
2395	0.10479
2396	0.104818
2397	0.104666
2398	0.102641
2399	0.105019
2400	0.103692
2401	0.105318
2402	0.105493
2403	0.104187
2404	0.105711
2405	0.105327
2406	0.105605
2407	0.101009
2408	0.104148
2409	0.105481
2410	0.10549
2411	0.105919
2412	0.103669
2413	0.104114
2414	0.104761
2415	0.104653
2416	0.103432
2417	0.103179
2418	0.104698
2419	0.105422
2420	0.104803
2421	0.104101
2422	0.103372
2423	0.10448
2424	0.105092
2425	0.103773
2426	0.104611
2427	0.10508
2428	0.10399
2429	0.10373
2430	0.101416
2431	0.10382
2432	0.10373
2433	0.102724
2434	0.106506
2435	0.104148
2436	0.104765
2437	0.105803
2438	0.102695
2439	0.102858
2440	0.104275
2441	0.105542
2442	0.105908
2443	0.105716
2444	0.102213
2445	0.10254
2446	0.105469
2447	0.106786
2448	0.103441
2449	0.10382
2450	0.103712
2451	0.103381
2452	0.103817
2453	0.104532
2454	0.105712
2455	0.104596
2456	0.10462
2457	0.106347
2458	0.102364
2459	0.105966
2460	0.104281
2461	0.104912
2462	0.103357
2463	0.102637
2464	0.105124
2465	0.104152
2466	0.103297
2467	0.107272
2468	0.104013
2469	0.101715
2470	0.1034
2471	0.103006
2472	0.104143
2473	0.10426
2474	0.100456
2475	0.104283
2476	0.102687
2477	0.104708
2478	0.105563
2479	0.102257
2480	0.102306
2481	0.105159
2482	0.102687
2483	0.102811
2484	0.100514
2485	0.104942
2486	0.100908
2487	0.102878
2488	0.102828
2489	0.103299
2490	0.106088
2491	0.101306
2492	0.102426
2493	0.101362
2494	0.103172
2495	0.105979
2496	0.102545
2497	0.101205
2498	0.103004
2499	0.100436
2500	0.104293
2501	0.105362
2502	0.105929
2503	0.102963
2504	0.10392
2505	0.103716
2506	0.10188
2507	0.105313
2508	0.103982
2509	0.101498
2510	0.103794
2511	0.101692
2512	0.102064
2513	0.102583
2514	0.101944
2515	0.102567
2516	0.100395
2517	0.10373
2518	0.10514
2519	0.103862
2520	0.105046
2521	0.10331
2522	0.102555
2523	0.103703
2524	0.101361
2525	0.102539
2526	0.10195
2527	0.102945
2528	0.101066
2529	0.103247
2530	0.101362
2531	0.102068
2532	0.102029
2533	0.101417
2534	0.104137
2535	0.101739
2536	0.100872
2537	0.104007
2538	0.104606
2539	0.104828
2540	0.10289
2541	0.104131
2542	0.103831
2543	0.101824
2544	0.101903
2545	0.102893
2546	0.103638
2547	0.103717
2548	0.103298
2549	0.101629
2550	0.103638
2551	0.101104
2552	0.101901
2553	0.103316
2554	0.103794
2555	0.103674
2556	0.104126
2557	0.103929
2558	0.104625
2559	0.0997272
2560	0.101797
2561	0.10258
2562	0.10268
2563	0.103381
2564	0.103875
2565	0.103317
2566	0.0992784
2567	0.102795
2568	0.103497
2569	0.103528
2570	0.104551
2571	0.102281
2572	0.103869
2573	0.10018
2574	0.0996847
2575	0.101511
2576	0.101687
2577	0.100581
2578	0.102667
2579	0.102392
2580	0.103348
2581	0.102871
2582	0.100541
2583	0.104712
2584	0.102577
2585	0.102294
2586	0.10274
2587	0.104776
2588	0.103849
2589	0.103157
2590	0.102745
2591	0.103222
2592	0.102523
2593	0.104029
2594	0.102668
2595	0.105486
2596	0.102888
2597	0.104619
2598	0.103399
2599	0.106358
2600	0.100454
2601	0.103368
2602	0.100905
2603	0.103968
2604	0.104193
2605	0.103118
2606	0.104676
2607	0.102574
2608	0.104322
2609	0.101002
2610	0.103814
2611	0.102726
2612	0.10158
2613	0.10238
2614	0.104532
2615	0.103369
2616	0.103701
2617	0.103311
2618	0.105008
2619	0.101885
2620	0.104387
2621	0.103668
2622	0.104194
2623	0.103601
2624	0.1033
2625	0.102614
2626	0.100228
2627	0.102107
2628	0.102985
2629	0.103282
2630	0.100345
2631	0.102632
2632	0.105979
2633	0.102449
2634	0.103921
2635	0.10395
2636	0.102334
2637	0.102271
2638	0.104824
2639	0.105663
2640	0.1032
2641	0.103855
2642	0.101956
2643	0.101902
2644	0.103365
2645	0.102703
2646	0.101223
2647	0.103787
2648	0.10313
2649	0.104007
2650	0.101741
2651	0.101981
2652	0.103136
2653	0.10449
2654	0.103866
2655	0.106707
2656	0.101472
2657	0.103552
2658	0.102685
2659	0.102521
2660	0.104041
2661	0.102549
2662	0.101151
2663	0.104309
2664	0.100963
2665	0.101396
2666	0.102259
2667	0.104692
2668	0.103152
2669	0.102684
2670	0.100142
2671	0.103489
2672	0.10273
2673	0.102899
2674	0.101664
2675	0.102007
2676	0.101546
2677	0.102544
2678	0.103931
2679	0.099693
2680	0.09849
2681	0.103539
2682	0.102224
2683	0.101909
2684	0.101999
2685	0.101074
2686	0.100662
2687	0.10093
2688	0.100397
2689	0.0987741
2690	0.100878
2691	0.0990947
2692	0.102457
2693	0.0991765
2694	0.1027
2695	0.100103
2696	0.10113
2697	0.100542
2698	0.100357
2699	0.100403
2700	0.100571
2701	0.1015
2702	0.103362
2703	0.101575
2704	0.102188
2705	0.100414
2706	0.103006
2707	0.0976253
2708	0.101672
2709	0.0998737
2710	0.100437
2711	0.100157
2712	0.101388
2713	0.100995
2714	0.103133
2715	0.102002
2716	0.101152
2717	0.102839
2718	0.102005
2719	0.101954
2720	0.0997645
2721	0.100782
2722	0.100231
2723	0.101246
2724	0.101037
2725	0.100364
2726	0.101929
2727	0.100641
2728	0.103102
2729	0.0983854
2730	0.102103
2731	0.101073
2732	0.101528
2733	0.100442
2734	0.0998808
2735	0.0987765
2736	0.101208
2737	0.102427
2738	0.100241
2739	0.100947
2740	0.0987226
2741	0.0998978
2742	0.0996517
2743	0.100512
2744	0.101358
2745	0.0986055
2746	0.0987789
2747	0.103043
2748	0.0971345
2749	0.0992947
2750	0.101267
2751	0.0992447
2752	0.099733
2753	0.0990117
2754	0.0992297
2755	0.100237
2756	0.101776
2757	0.100977
2758	0.100829
2759	0.0992018
2760	0.103531
2761	0.0974915
2762	0.097818
2763	0.102716
2764	0.0989334
2765	0.0996341
2766	0.0995296
2767	0.102853
2768	0.1033
2769	0.101215
2770	0.100546
2771	0.0994105
2772	0.101205
2773	0.0994984
2774	0.0995469
2775	0.100732
2776	0.102605
2777	0.100888
2778	0.0989645
2779	0.100225
2780	0.101526
2781	0.0987095
2782	0.100761
2783	0.101192
2784	0.100652
2785	0.102733
2786	0.101269
2787	0.101788
2788	0.100418
2789	0.0990437
2790	0.100648
2791	0.101591
2792	0.101525
2793	0.101628
2794	0.104097
2795	0.101479
2796	0.101713
2797	0.103644
2798	0.101776
2799	0.0999534
2800	0.100783
2801	0.100502
2802	0.101967
2803	0.102395
2804	0.100792
2805	0.101632
2806	0.102394
2807	0.101119
2808	0.0997634
2809	0.102221
2810	0.101586
2811	0.0976227
2812	0.100071
2813	0.101762
2814	0.101215
2815	0.103061
2816	0.103298
2817	0.101096
2818	0.100847
2819	0.0993421
2820	0.100864
2821	0.103777
2822	0.101343
2823	0.10193
2824	0.102108
2825	0.104883
2826	0.0995003
2827	0.101924
2828	0.100301
2829	0.101961
2830	0.10221
2831	0.101542
2832	0.0997873
2833	0.103535
2834	0.102095
2835	0.101369
2836	0.102131
2837	0.102786
2838	0.103812
2839	0.10323
2840	0.103477
2841	0.103963
2842	0.101009
2843	0.106036
2844	0.101757
2845	0.102384
2846	0.104101
2847	0.102672
2848	0.1031
2849	0.102818
2850	0.104336
2851	0.102316
2852	0.101628
2853	0.0996374
2854	0.101794
2855	0.100938
2856	0.104118
2857	0.105907
2858	0.103167
2859	0.102083
2860	0.101768
2861	0.103308
2862	0.0998036
2863	0.102822
2864	0.101772
2865	0.10099
2866	0.104041
2867	0.103848
2868	0.105075
2869	0.100402
2870	0.101346
2871	0.10337
2872	0.102
2873	0.101599
2874	0.102872
2875	0.102173
2876	0.0999614
2877	0.101616
2878	0.101147
2879	0.098677
2880	0.100778
2881	0.102663
2882	0.102776
2883	0.100879
2884	0.101609
2885	0.102109
2886	0.101385
2887	0.103276
2888	0.102976
2889	0.100195
2890	0.10119
2891	0.103139
2892	0.104212
2893	0.106685
2894	0.10527
2895	0.103182
2896	0.101446
2897	0.103825
2898	0.0987569
2899	0.105081
2900	0.104
2901	0.10316
2902	0.104969
2903	0.104515
2904	0.104186
2905	0.103532
2906	0.103996
2907	0.103283
2908	0.104874
2909	0.103572
2910	0.106211
2911	0.102824
2912	0.103799
2913	0.104817
2914	0.103952
2915	0.104553
2916	0.103639
2917	0.105243
2918	0.101414
2919	0.102524
2920	0.106116
2921	0.105308
2922	0.103723
2923	0.105409
2924	0.103811
2925	0.105337
2926	0.105915
2927	0.103914
2928	0.104911
2929	0.104116
2930	0.10366
2931	0.103413
2932	0.107336
2933	0.103738
2934	0.103885
2935	0.101611
2936	0.10606
2937	0.1052
2938	0.103561
2939	0.103802
2940	0.103904
2941	0.10128
2942	0.103503
2943	0.10574
2944	0.102663
2945	0.102869
2946	0.104145
2947	0.101189
2948	0.108242
2949	0.10432
2950	0.103563
2951	0.103427
2952	0.105309
2953	0.103419
2954	0.103481
2955	0.103778
2956	0.103501
2957	0.10376
2958	0.105492
2959	0.10493
2960	0.103299
2961	0.105242
2962	0.105672
2963	0.105226
2964	0.103555
2965	0.107009
2966	0.105079
2967	0.105764
2968	0.101586
2969	0.10585
2970	0.103058
2971	0.105345
2972	0.101626
2973	0.103344
2974	0.107997
2975	0.105212
2976	0.103851
2977	0.102051
2978	0.104246
2979	0.102171
2980	0.104107
2981	0.102976
2982	0.105593
2983	0.102707
2984	0.105391
2985	0.104932
2986	0.106477
2987	0.103029
2988	0.102978
2989	0.102471
2990	0.10587
2991	0.104624
2992	0.104854
2993	0.101244
2994	0.104625
2995	0.103608
2996	0.105103
2997	0.103437
2998	0.103483
2999	0.105416
3000	0.104737
3001	0.103769
3002	0.105057
3003	0.10171
3004	0.10155
3005	0.101899
3006	0.102043
3007	0.104629
3008	0.102294
3009	0.100516
3010	0.102523
3011	0.100905
3012	0.103136
3013	0.103295
3014	0.103659
3015	0.102478
3016	0.103315
3017	0.102629
3018	0.102405
3019	0.1015
3020	0.102323
3021	0.101725
3022	0.101638
3023	0.102188
3024	0.101938
3025	0.0992759
3026	0.101776
3027	0.103698
3028	0.101492
3029	0.103023
3030	0.10341
3031	0.102609
3032	0.105914
3033	0.103003
3034	0.102762
3035	0.102355
3036	0.103378
3037	0.102214
3038	0.10074
3039	0.103764
3040	0.105209
3041	0.104004
3042	0.101986
3043	0.102001
3044	0.102132
3045	0.102181
3046	0.10488
3047	0.104077
3048	0.100264
3049	0.103943
3050	0.103138
3051	0.10259
3052	0.103232
3053	0.102782
3054	0.0998469
3055	0.102878
3056	0.10177
3057	0.102478
3058	0.102218
3059	0.102226
3060	0.102197
3061	0.103238
3062	0.103658
3063	0.102583
3064	0.103219
3065	0.10363
3066	0.102189
3067	0.103583
3068	0.0997645
3069	0.100276
3070	0.103621
3071	0.102113
3072	0.103247
3073	0.102061
3074	0.103842
3075	0.102717
3076	0.102734
3077	0.104282
3078	0.0996123
3079	0.101745
3080	0.103105
3081	0.104595
3082	0.103855
3083	0.103343
3084	0.102707
3085	0.105961
3086	0.102189
3087	0.102572
3088	0.103906
3089	0.104881
3090	0.103799
3091	0.101639
3092	0.102601
3093	0.102552
3094	0.101634
3095	0.103447
3096	0.101496
3097	0.101243
3098	0.10413
3099	0.102374
3100	0.104756
3101	0.102957
3102	0.102414
3103	0.104005
3104	0.102669
3105	0.10263
3106	0.104539
3107	0.105633
3108	0.105292
3109	0.102395
3110	0.106897
3111	0.103246
3112	0.104517
3113	0.102939
3114	0.103074
3115	0.10315
3116	0.101488
3117	0.104657
3118	0.103108
3119	0.102731
3120	0.102478
3121	0.103611
3122	0.105707
3123	0.102834
3124	0.104906
3125	0.103875
3126	0.103078
3127	0.104289
3128	0.104349
3129	0.102089
3130	0.103594
3131	0.101565
3132	0.10272
3133	0.10329
3134	0.106795
3135	0.102223
3136	0.102016
3137	0.102127
3138	0.104154
3139	0.102495
3140	0.1055
3141	0.103438
3142	0.103793
3143	0.103544
3144	0.102886
3145	0.100581
3146	0.104979
3147	0.101643
3148	0.103916
3149	0.10214
3150	0.105756
3151	0.106385
3152	0.102048
3153	0.104458
3154	0.103244
3155	0.104887
3156	0.105154
3157	0.100948
3158	0.10431
3159	0.104225
3160	0.104372
3161	0.104931
3162	0.106794
3163	0.105236
3164	0.102777
3165	0.10345
3166	0.104244
3167	0.104388
3168	0.105914
3169	0.104068
3170	0.105768
3171	0.1034
3172	0.103311
3173	0.10237
3174	0.10289
3175	0.102874
3176	0.10465
3177	0.103759
3178	0.102894
3179	0.105677
3180	0.103129
3181	0.10313
3182	0.106437
3183	0.103784
3184	0.102749
3185	0.103624
3186	0.102423
3187	0.106937
3188	0.101766
3189	0.101722
3190	0.102603
3191	0.1032
3192	0.102963
3193	0.103435
3194	0.103523
3195	0.101408
3196	0.101007
3197	0.101798
3198	0.102807
3199	0.10113
3200	0.102467
3201	0.101216
3202	0.104387
3203	0.102193
3204	0.101089
3205	0.104002
3206	0.101574
3207	0.104283
3208	0.102296
3209	0.101501
3210	0.100176
3211	0.104144
3212	0.102985
3213	0.104026
3214	0.103596
3215	0.103102
3216	0.101136
3217	0.102947
3218	0.101345
3219	0.102909
3220	0.102755
3221	0.101476
3222	0.1023
3223	0.100683
3224	0.100636
3225	0.104074
3226	0.103148
3227	0.102732
3228	0.100747
3229	0.104746
3230	0.103129
3231	0.102786
3232	0.101334
3233	0.101556
3234	0.103712
3235	0.102007
3236	0.100927
3237	0.101534
3238	0.102375
3239	0.103261
3240	0.0984788
3241	0.102714
3242	0.101452
3243	0.104524
3244	0.10182
3245	0.102753
3246	0.103646
3247	0.101393
3248	0.100819
3249	0.104
3250	0.100768
3251	0.103818
3252	0.0992628
3253	0.103572
3254	0.102915
3255	0.100494
3256	0.102058
3257	0.101737
3258	0.102537
3259	0.102125
3260	0.099043
3261	0.102562
3262	0.10215
3263	0.102463
3264	0.10209
3265	0.100318
3266	0.10311
3267	0.102594
3268	0.102434
3269	0.103491
3270	0.102683
3271	0.104271
3272	0.101339
3273	0.103189
3274	0.100825
3275	0.101368
3276	0.10227
3277	0.10012
3278	0.102853
3279	0.103953
3280	0.102428
3281	0.102763
3282	0.102019
3283	0.103443
3284	0.101017
3285	0.100957
3286	0.103397
3287	0.0992293
3288	0.103062
3289	0.102192
3290	0.0998757
3291	0.104956
3292	0.0987455
3293	0.104817
3294	0.101249
3295	0.104453
3296	0.103082
3297	0.10289
3298	0.10329
3299	0.105562
3300	0.101436
3301	0.102933
3302	0.105106
3303	0.0983384
3304	0.101177
3305	0.101317
3306	0.101561
3307	0.104126
3308	0.102501
3309	0.10259
3310	0.103824
3311	0.0993669
3312	0.102308
3313	0.102534
3314	0.101563
3315	0.101699
3316	0.101186
3317	0.0985236
3318	0.103105
3319	0.103223
3320	0.103108
3321	0.103626
3322	0.101841
3323	0.103131
3324	0.104784
3325	0.104528
3326	0.0986197
3327	0.101874
3328	0.10091
3329	0.102454
3330	0.10296
3331	0.102319
3332	0.102925
3333	0.101974
3334	0.103814
3335	0.103584
3336	0.102207
3337	0.102719
3338	0.104647
3339	0.103236
3340	0.10297
3341	0.10282
3342	0.100886
3343	0.101774
3344	0.101794
3345	0.103046
3346	0.101654
3347	0.101466
3348	0.103987
3349	0.101617
3350	0.103264
3351	0.104309
3352	0.103884
3353	0.101704
3354	0.101955
3355	0.100334
3356	0.103586
3357	0.100713
3358	0.102395
3359	0.100463
3360	0.102362
3361	0.100485
3362	0.102241
3363	0.102161
3364	0.10167
3365	0.101879
3366	0.101108
3367	0.0998188
3368	0.104581
3369	0.102182
3370	0.101169
3371	0.0999649
3372	0.101975
3373	0.103111
3374	0.104257
3375	0.101304
3376	0.104497
3377	0.102808
3378	0.101005
3379	0.100469
3380	0.101054
3381	0.100155
3382	0.100004
3383	0.10008
3384	0.0990202
3385	0.0999721
3386	0.100345
3387	0.102839
3388	0.101597
3389	0.0989525
3390	0.103283
3391	0.10133
3392	0.0981144
3393	0.097842
3394	0.102312
3395	0.0996655
3396	0.10207
3397	0.0999518
3398	0.0988491
3399	0.10085
3400	0.0991334
3401	0.0986209
3402	0.0976103
3403	0.101494
3404	0.102353
3405	0.0998751
3406	0.101632
3407	0.0989332
3408	0.100158
3409	0.0974555
3410	0.100406
3411	0.0992552
3412	0.0969941
3413	0.099064
3414	0.0979383
3415	0.100915
3416	0.0996043
3417	0.0997881
3418	0.0971725
3419	0.102478
3420	0.101412
3421	0.100934
3422	0.102168
3423	0.101322
3424	0.102476
3425	0.097666
3426	0.101023
3427	0.0988003
3428	0.102084
3429	0.0991889
3430	0.103349
3431	0.101083
3432	0.100234
3433	0.101331
3434	0.10118
3435	0.0996568
3436	0.101651
3437	0.101527
3438	0.100423
3439	0.0998995
3440	0.100686
3441	0.103242
3442	0.0999559
3443	0.100645
3444	0.100426
3445	0.0980613
3446	0.101255
3447	0.103421
3448	0.101861
3449	0.0998707
3450	0.0963536
3451	0.0989888
3452	0.0992887
3453	0.100236
3454	0.100335
3455	0.0987944
3456	0.099371
3457	0.100191
3458	0.0992092
3459	0.0998294
3460	0.102484
3461	0.101543
3462	0.0998482
3463	0.100611
3464	0.0986372
3465	0.0993711
3466	0.0983916
3467	0.100832
3468	0.100446
3469	0.0993498
3470	0.101633
3471	0.100143
3472	0.10074
3473	0.101636
3474	0.100358
3475	0.0993111
3476	0.0990261
3477	0.0990476
3478	0.100536
3479	0.10055
3480	0.101977
3481	0.101007
3482	0.100601
3483	0.0984846
3484	0.0995279
3485	0.0980222
3486	0.0993804
3487	0.100503
3488	0.098001
3489	0.100028
3490	0.100279
3491	0.0986122
3492	0.0989489
3493	0.100289
3494	0.0975393
3495	0.0964189
3496	0.100156
3497	0.0989498
3498	0.0975343
3499	0.100377
3500	0.0999753
3501	0.0982699
3502	0.0967128
3503	0.0965585
3504	0.100032
3505	0.0996999
3506	0.102962
3507	0.100351
3508	0.0974243
3509	0.101513
3510	0.099477
3511	0.100539
3512	0.0978142
3513	0.100064
3514	0.0984325
3515	0.0998692
3516	0.0997751
3517	0.10091
3518	0.0981056
3519	0.0987043
3520	0.0985869
3521	0.10074
3522	0.10392
3523	0.0984614
3524	0.0996708
3525	0.10029
3526	0.103055
3527	0.0991508
3528	0.103153
3529	0.10111
3530	0.101683
3531	0.100992
3532	0.101245
3533	0.10137
3534	0.0987296
3535	0.0987375
3536	0.0984202
3537	0.103207
3538	0.0998865
3539	0.100348
3540	0.099607
3541	0.100081
3542	0.100158
3543	0.102312
3544	0.0990502
3545	0.100988
3546	0.0991354
3547	0.0980514
3548	0.102475
3549	0.0997246
3550	0.101119
3551	0.101256
3552	0.099683
3553	0.101483
3554	0.100287
3555	0.100271
3556	0.0988178
3557	0.103323
3558	0.101379
3559	0.100719
3560	0.101552
3561	0.103052
3562	0.102343
3563	0.101933
3564	0.101192
3565	0.100056
3566	0.101567
3567	0.0996609
3568	0.102188
3569	0.100042
3570	0.100455
3571	0.100109
3572	0.101409
3573	0.102379
3574	0.0982547
3575	0.100269
3576	0.0994393
3577	0.100271
3578	0.101884
3579	0.0983582
3580	0.0989725
3581	0.101522
3582	0.1008
3583	0.101122
3584	0.0998634
3585	0.104439
3586	0.100676
3587	0.0996846
3588	0.100521
3589	0.102848
3590	0.101298
3591	0.100334
3592	0.0991904
3593	0.0996833
3594	0.10114
3595	0.100192
3596	0.103106
3597	0.100476
3598	0.103341
3599	0.099466
3600	0.099479
3601	0.0989512
3602	0.09946
3603	0.10089
3604	0.0990677
3605	0.101553
3606	0.0984979
3607	0.0981705
3608	0.100365
3609	0.0995408
3610	0.0996146
3611	0.0987264
3612	0.0972437
3613	0.0984034
3614	0.0990355
3615	0.101074
3616	0.101715
3617	0.0990493
3618	0.100439
3619	0.0988773
3620	0.100424
3621	0.0987445
3622	0.0963097
3623	0.0972203
3624	0.102702
3625	0.0974385
3626	0.101839
3627	0.100926
3628	0.0978405
3629	0.102755
3630	0.0985245
3631	0.0986833
3632	0.10069
3633	0.0978399
3634	0.101511
3635	0.0999089
3636	0.0980589
3637	0.0969213
3638	0.0990185
3639	0.0989407
3640	0.0996048
3641	0.0986423
3642	0.101115
3643	0.101158
3644	0.100495
3645	0.0957776
3646	0.0988121
3647	0.100116
3648	0.0981666
3649	0.100789
3650	0.0993391
3651	0.0992202
3652	0.0985562
3653	0.100452
3654	0.100183
3655	0.0996726
3656	0.0976487
3657	0.101509
3658	0.0986479
3659	0.0993382
3660	0.0998771
3661	0.0999957
3662	0.098355
3663	0.100587
3664	0.0981205
3665	0.100364
3666	0.0990375
3667	0.0996003
3668	0.102011
3669	0.101124
3670	0.0981878
3671	0.100852
3672	0.100885
3673	0.095634
3674	0.0996653
3675	0.101564
3676	0.101225
3677	0.0983691
3678	0.100265
3679	0.101289
3680	0.101569
3681	0.0996393
3682	0.101664
3683	0.100949
3684	0.100119
3685	0.0987454
3686	0.100449
3687	0.102263
3688	0.0991058
3689	0.101472
3690	0.101764
3691	0.100702
3692	0.101123
3693	0.0990988
3694	0.102245
3695	0.101311
3696	0.100077
3697	0.103335
3698	0.10293
3699	0.102151
3700	0.105017
3701	0.101966
3702	0.101433
3703	0.100468
3704	0.0986524
3705	0.100062
3706	0.0987429
3707	0.0995978
3708	0.100755
3709	0.104878
3710	0.102759
3711	0.101259
3712	0.101126
3713	0.100771
3714	0.0982486
3715	0.0975013
3716	0.0992016
3717	0.10143
3718	0.101236
3719	0.101048
3720	0.10178
3721	0.0992305
3722	0.102043
3723	0.101405
3724	0.0994865
3725	0.0989666
3726	0.10188
3727	0.100355
3728	0.103288
3729	0.100549
3730	0.0996224
3731	0.101223
3732	0.100839
3733	0.10245
3734	0.0998613
3735	0.101228
3736	0.0989461
3737	0.0997644
3738	0.0996898
3739	0.098171
3740	0.10016
3741	0.103247
3742	0.0992125
3743	0.100445
3744	0.100557
3745	0.101508
3746	0.100656
3747	0.102809
3748	0.101061
3749	0.100047
3750	0.104491
3751	0.0999553
3752	0.0993592
3753	0.101229
3754	0.101038
3755	0.100781
3756	0.100395
3757	0.0991141
3758	0.101618
3759	0.10065
3760	0.098674
3761	0.095994
3762	0.0986214
3763	0.101258
3764	0.100212
3765	0.0962729
3766	0.101138
3767	0.098141
3768	0.0986152
3769	0.0985708
3770	0.0992784
3771	0.0962393
3772	0.0973841
3773	0.0975717
3774	0.0962892
3775	0.0975976
3776	0.0946985
3777	0.0970177
3778	0.0970941
3779	0.0959191
3780	0.0960617
3781	0.0954317
3782	0.0976064
3783	0.0982051
3784	0.0957822
3785	0.0945929
3786	0.0946524
3787	0.097838
3788	0.093245
3789	0.0939589
3790	0.0935172
3791	0.0938174
3792	0.0954349
3793	0.0952822
3794	0.092344
3795	0.0932481
3796	0.0935303
3797	0.0945408
3798	0.0929912
3799	0.0943288
3800	0.0931485
3801	0.0942366
3802	0.0934569
3803	0.0929969
3804	0.0969844
3805	0.0914633
3806	0.0933735
3807	0.0917547
3808	0.0903847
3809	0.0922578
3810	0.0921583
3811	0.0934087
3812	0.0951148
3813	0.0956555
3814	0.0929434
3815	0.0936298
