### Number of tubes used: 730
### Nuclear profiles per tube: 1.68219
### Resolution (bp): 40000
### Slice thickness (microns): 0.22
### Nuclear radius (microns): 4.5
### Detection efficiency: 0.858886
distance	 pi_threshold
1	0.332349
2	0.271549
3	0.25489
4	0.246797
5	0.231136
6	0.225257
7	0.216213
8	0.21082
9	0.205997
10	0.20892
11	0.19527
12	0.194582
13	0.192421
14	0.186125
15	0.188914
16	0.181102
17	0.17738
18	0.178391
19	0.181381
20	0.178561
21	0.169864
22	0.172811
23	0.173971
24	0.16986
25	0.167854
26	0.169073
27	0.162582
28	0.163093
29	0.164648
30	0.159971
31	0.163582
32	0.15965
33	0.160418
34	0.160305
35	0.159201
36	0.157124
37	0.160276
38	0.158213
39	0.152409
40	0.151632
41	0.156191
42	0.157834
43	0.152239
44	0.150681
45	0.149532
46	0.151879
47	0.149768
48	0.148075
49	0.148055
50	0.148215
51	0.14525
52	0.149563
53	0.146959
54	0.147256
55	0.146955
56	0.142125
57	0.142014
58	0.146712
59	0.139533
60	0.141153
61	0.14128
62	0.143436
63	0.141743
64	0.138986
65	0.14422
66	0.13827
67	0.13988
68	0.137796
69	0.13945
70	0.139587
71	0.141062
72	0.139217
73	0.139874
74	0.136279
75	0.136879
76	0.138036
77	0.13717
78	0.138992
79	0.136857
80	0.135813
81	0.134431
82	0.138207
83	0.133552
84	0.134007
85	0.133676
86	0.133169
87	0.135358
88	0.136704
89	0.132527
90	0.135643
91	0.133395
92	0.13393
93	0.132535
94	0.134967
95	0.134807
96	0.13308
97	0.132742
98	0.134326
99	0.133927
100	0.132324
101	0.131862
102	0.134171
103	0.130946
104	0.130727
105	0.12589
106	0.131891
107	0.131394
108	0.129954
109	0.128746
110	0.130225
111	0.127932
112	0.129233
113	0.129919
114	0.132526
115	0.129557
116	0.129603
117	0.129374
118	0.129997
119	0.129739
120	0.129154
121	0.129896
122	0.126058
123	0.130281
124	0.130309
125	0.129094
126	0.131517
127	0.130587
128	0.128921
129	0.127905
130	0.133319
131	0.126887
132	0.1279
133	0.127714
134	0.130177
135	0.127288
136	0.12592
137	0.126812
138	0.127157
139	0.125963
140	0.127789
141	0.127612
142	0.125968
143	0.126652
144	0.126996
145	0.128126
146	0.125959
147	0.12731
148	0.126539
149	0.128079
150	0.124981
151	0.128168
152	0.125164
153	0.127184
154	0.127114
155	0.127897
156	0.128623
157	0.125499
158	0.125843
159	0.12473
160	0.124991
161	0.124485
162	0.122832
163	0.125927
164	0.125468
165	0.125366
166	0.126083
167	0.123081
168	0.126677
169	0.124825
170	0.125315
171	0.126381
172	0.128648
173	0.123238
174	0.123033
175	0.125562
176	0.125386
177	0.123536
178	0.123674
179	0.124882
180	0.12382
181	0.125569
182	0.127149
183	0.124127
184	0.123671
185	0.122262
186	0.123081
187	0.12063
188	0.125615
189	0.121832
190	0.127053
191	0.123953
192	0.122466
193	0.123404
194	0.124944
195	0.124829
196	0.125123
197	0.124129
198	0.123536
199	0.124969
200	0.12186
201	0.124563
202	0.121646
203	0.123313
204	0.123945
205	0.125721
206	0.125668
207	0.123442
208	0.123295
209	0.124194
210	0.120394
211	0.124747
212	0.122202
213	0.124793
214	0.124379
215	0.123255
216	0.121038
217	0.123165
218	0.12295
219	0.123173
220	0.12363
221	0.123696
222	0.123227
223	0.122547
224	0.12003
225	0.124539
226	0.124953
227	0.12182
228	0.121668
229	0.125512
230	0.118919
231	0.123384
232	0.123337
233	0.120793
234	0.12232
235	0.121939
236	0.119034
237	0.118332
238	0.12185
239	0.122826
240	0.123648
241	0.122948
242	0.123344
243	0.123295
244	0.122071
245	0.123192
246	0.122479
247	0.120172
248	0.122785
249	0.123005
250	0.120099
251	0.119323
252	0.121221
253	0.122084
254	0.12482
255	0.119065
256	0.123287
257	0.121586
258	0.121955
259	0.120252
260	0.120828
261	0.121442
262	0.120809
263	0.118338
264	0.121878
265	0.124639
266	0.119049
267	0.120085
268	0.119401
269	0.122112
270	0.124795
271	0.120935
272	0.119968
273	0.120573
274	0.12144
275	0.120465
276	0.119482
277	0.121388
278	0.118928
279	0.119355
280	0.118786
281	0.118517
282	0.119391
283	0.120763
284	0.122475
285	0.119927
286	0.123008
287	0.120943
288	0.120945
289	0.120575
290	0.118441
291	0.119606
292	0.118988
293	0.121904
294	0.124141
295	0.115842
296	0.121567
297	0.119978
298	0.119529
299	0.119966
300	0.120548
301	0.122764
302	0.120167
303	0.122139
304	0.121582
305	0.121738
306	0.120364
307	0.120128
308	0.120759
309	0.119701
310	0.119628
311	0.118626
312	0.120713
313	0.120552
314	0.117451
315	0.119484
316	0.121557
317	0.119291
318	0.118366
319	0.119721
320	0.118453
321	0.119133
322	0.119835
323	0.119779
324	0.121597
325	0.118649
326	0.118466
327	0.118371
328	0.119334
329	0.120525
330	0.122375
331	0.122608
332	0.119028
333	0.120232
334	0.11904
335	0.122264
336	0.124464
337	0.12141
338	0.121732
339	0.120661
340	0.121883
341	0.118572
342	0.121389
343	0.119767
344	0.121751
345	0.118916
346	0.119966
347	0.117447
348	0.121557
349	0.122572
350	0.119779
351	0.121241
352	0.120732
353	0.120533
354	0.121262
355	0.120375
356	0.123462
357	0.118445
358	0.116431
359	0.119519
360	0.121893
361	0.124123
362	0.119317
363	0.118426
364	0.119563
365	0.124868
366	0.121999
367	0.119763
368	0.120138
369	0.122092
370	0.119468
371	0.119297
372	0.117936
373	0.116907
374	0.116438
375	0.121775
376	0.122116
377	0.119998
378	0.118916
379	0.122002
380	0.119209
381	0.120213
382	0.122399
383	0.119673
384	0.118185
385	0.118771
386	0.120471
387	0.123003
388	0.117362
389	0.119752
390	0.117827
391	0.117039
392	0.119789
393	0.118259
394	0.122009
395	0.121507
396	0.122725
397	0.119153
398	0.123272
399	0.119727
400	0.120612
401	0.1159
402	0.121901
403	0.124975
404	0.120614
405	0.120785
406	0.122435
407	0.119453
408	0.121792
409	0.12081
410	0.120157
411	0.117712
412	0.122729
413	0.120571
414	0.12072
415	0.118094
416	0.122866
417	0.122901
418	0.119736
419	0.11883
420	0.119076
421	0.120417
422	0.120534
423	0.118809
424	0.119207
425	0.120946
426	0.120415
427	0.119813
428	0.118488
429	0.120202
430	0.123631
431	0.119264
432	0.120766
433	0.11808
434	0.12067
435	0.121717
436	0.121986
437	0.11845
438	0.1192
439	0.121561
440	0.121495
441	0.120112
442	0.11864
443	0.117688
444	0.120997
445	0.119978
446	0.11771
447	0.122324
448	0.119149
449	0.117736
450	0.118572
451	0.121526
452	0.118024
453	0.119464
454	0.11984
455	0.118466
456	0.119147
457	0.118727
458	0.119512
459	0.11869
460	0.119934
461	0.119543
462	0.121419
463	0.117876
464	0.118718
465	0.121177
466	0.119172
467	0.1236
468	0.122005
469	0.123322
470	0.122593
471	0.122622
472	0.122601
473	0.121809
474	0.121333
475	0.120555
476	0.120673
477	0.120326
478	0.124158
479	0.122181
480	0.121696
481	0.121976
482	0.121024
483	0.124139
484	0.119935
485	0.122312
486	0.121089
487	0.122224
488	0.12213
489	0.12109
490	0.12084
491	0.123848
492	0.121647
493	0.124115
494	0.122235
495	0.121297
496	0.117502
497	0.123112
498	0.120803
499	0.120976
500	0.119528
501	0.1199
502	0.117315
503	0.122358
504	0.120129
505	0.118233
506	0.119449
507	0.118434
508	0.119307
509	0.119331
510	0.122631
511	0.122592
512	0.123086
513	0.122425
514	0.119364
515	0.123009
516	0.120631
517	0.12097
518	0.123127
519	0.120894
520	0.120016
521	0.122315
522	0.122444
523	0.124092
524	0.121677
525	0.122716
526	0.123203
527	0.120086
528	0.120871
529	0.119901
530	0.119408
531	0.116757
532	0.118948
533	0.118645
534	0.122249
535	0.122037
536	0.120145
537	0.119826
538	0.122611
539	0.122639
540	0.121961
541	0.118047
542	0.119421
543	0.119534
544	0.118952
545	0.120944
546	0.120445
547	0.120519
548	0.120589
549	0.121125
550	0.118823
551	0.124398
552	0.121807
553	0.122823
554	0.120853
555	0.117777
556	0.120488
557	0.120412
558	0.116488
559	0.121557
560	0.120042
561	0.124902
562	0.119878
563	0.1199
564	0.118161
565	0.120451
566	0.119658
567	0.118836
568	0.119037
569	0.11987
570	0.121258
571	0.122209
572	0.117844
573	0.116636
574	0.123394
575	0.118585
576	0.119772
577	0.119363
578	0.121369
579	0.117137
580	0.119343
581	0.119267
582	0.122039
583	0.121565
584	0.118238
585	0.118309
586	0.118848
587	0.120521
588	0.119206
589	0.118323
590	0.11881
591	0.118448
592	0.120681
593	0.116075
594	0.116477
595	0.120558
596	0.117797
597	0.119052
598	0.120548
599	0.119507
600	0.11885
601	0.118764
602	0.120235
603	0.116537
604	0.122605
605	0.121374
606	0.119784
607	0.120054
608	0.118526
609	0.117991
610	0.120697
611	0.118521
612	0.117053
613	0.118597
614	0.118198
615	0.118723
616	0.118148
617	0.117701
618	0.119019
619	0.115253
620	0.115488
621	0.11957
622	0.11641
623	0.115563
624	0.118339
625	0.115996
626	0.116505
627	0.118489
628	0.120019
629	0.11669
630	0.120299
631	0.11787
632	0.117896
633	0.119042
634	0.119028
635	0.117151
636	0.118302
637	0.116582
638	0.120337
639	0.115856
640	0.115918
641	0.118721
642	0.116586
643	0.117579
644	0.118006
645	0.12038
646	0.116859
647	0.117295
648	0.117231
649	0.1177
650	0.116708
651	0.115628
652	0.117436
653	0.118943
654	0.118758
655	0.119701
656	0.116302
657	0.113295
658	0.118005
659	0.116275
660	0.118189
661	0.115896
662	0.114762
663	0.115122
664	0.116659
665	0.115655
666	0.113599
667	0.118133
668	0.117647
669	0.116808
670	0.116064
671	0.116403
672	0.118488
673	0.116091
674	0.116257
675	0.11957
676	0.118859
677	0.114711
678	0.116418
679	0.11576
680	0.118991
681	0.11454
682	0.117946
683	0.115996
684	0.116386
685	0.117685
686	0.116574
687	0.117937
688	0.117212
689	0.115877
690	0.118337
691	0.116949
692	0.115823
693	0.115161
694	0.116464
695	0.116719
696	0.117655
697	0.114301
698	0.116622
699	0.116702
700	0.112517
701	0.116128
702	0.116413
703	0.11661
704	0.114114
705	0.117488
706	0.113814
707	0.115326
708	0.115612
709	0.117707
710	0.118176
711	0.116018
712	0.116659
713	0.114424
714	0.115193
715	0.115286
716	0.122287
717	0.116849
718	0.11447
719	0.115598
720	0.117627
721	0.115802
722	0.113609
723	0.115649
724	0.116354
725	0.112644
726	0.113171
727	0.115291
728	0.115191
729	0.11193
730	0.113678
731	0.114042
732	0.111881
733	0.11463
734	0.115249
735	0.117374
736	0.114965
737	0.114421
738	0.114852
739	0.116089
740	0.11621
741	0.116021
742	0.116212
743	0.115627
744	0.116235
745	0.114433
746	0.116263
747	0.116723
748	0.11458
749	0.112999
750	0.117103
751	0.114123
752	0.114119
753	0.116035
754	0.113873
755	0.116501
756	0.117413
757	0.115526
758	0.117337
759	0.117167
760	0.116771
761	0.119001
762	0.115595
763	0.117081
764	0.116411
765	0.115606
766	0.112414
767	0.115674
768	0.112998
769	0.115029
770	0.116889
771	0.11395
772	0.113201
773	0.116423
774	0.115963
775	0.112624
776	0.116984
777	0.117566
778	0.115292
779	0.115141
780	0.117254
781	0.112342
782	0.115272
783	0.117731
784	0.112523
785	0.114946
786	0.114792
787	0.117915
788	0.115924
789	0.116262
790	0.114363
791	0.111299
792	0.115521
793	0.117395
794	0.115724
795	0.113995
796	0.11693
797	0.117386
798	0.116403
799	0.116426
800	0.115121
801	0.113205
802	0.112093
803	0.114107
804	0.116425
805	0.116061
806	0.114322
807	0.116593
808	0.112637
809	0.11394
810	0.115949
811	0.115155
812	0.116252
813	0.117326
814	0.113867
815	0.118563
816	0.116749
817	0.114519
818	0.117938
819	0.113318
820	0.116179
821	0.114748
822	0.118007
823	0.112716
824	0.111255
825	0.116684
826	0.113798
827	0.116086
828	0.117187
829	0.114168
830	0.116519
831	0.113465
832	0.114546
833	0.113637
834	0.115113
835	0.11595
836	0.113761
837	0.116034
838	0.113352
839	0.11493
840	0.115953
841	0.112634
842	0.111555
843	0.112089
844	0.114865
845	0.114588
846	0.113291
847	0.115326
848	0.11356
849	0.115923
850	0.11412
851	0.11459
852	0.117027
853	0.114475
854	0.116025
855	0.113329
856	0.114328
857	0.115507
858	0.113841
859	0.113918
860	0.114383
861	0.114578
862	0.115817
863	0.113376
864	0.114114
865	0.114464
866	0.115954
867	0.112045
868	0.114841
869	0.113973
870	0.113234
871	0.111571
872	0.114499
873	0.114834
874	0.113863
875	0.113176
876	0.115712
877	0.11421
878	0.113885
879	0.114714
880	0.114147
881	0.116834
882	0.114359
883	0.114939
884	0.113245
885	0.113181
886	0.112651
887	0.112622
888	0.113777
889	0.113356
890	0.114852
891	0.116446
892	0.112673
893	0.114553
894	0.11494
895	0.11335
896	0.114595
897	0.11526
898	0.114703
899	0.11094
900	0.113726
901	0.111866
902	0.114051
903	0.113184
904	0.113676
905	0.112533
906	0.112997
907	0.113671
908	0.116155
909	0.115209
910	0.113584
911	0.113778
912	0.11154
913	0.114222
914	0.112847
915	0.111824
916	0.11411
917	0.112729
918	0.113443
919	0.114936
920	0.115061
921	0.112008
922	0.115041
923	0.113618
924	0.115391
925	0.115013
926	0.113058
927	0.114997
928	0.113118
929	0.117495
930	0.115646
931	0.116658
932	0.113478
933	0.115119
934	0.114587
935	0.116259
936	0.113544
937	0.114086
938	0.114026
939	0.113237
940	0.113894
941	0.115999
942	0.114484
943	0.11622
944	0.114442
945	0.115781
946	0.116436
947	0.11439
948	0.11505
949	0.115133
950	0.117331
951	0.116678
952	0.11367
953	0.116561
954	0.1119
955	0.111905
956	0.114848
957	0.11358
958	0.113262
959	0.114349
960	0.1146
961	0.113358
962	0.114729
963	0.11478
964	0.114892
965	0.114851
966	0.112563
967	0.114892
968	0.115935
969	0.114743
970	0.116084
971	0.113957
972	0.115922
973	0.115386
974	0.111641
975	0.113401
976	0.115533
977	0.113539
978	0.114652
979	0.116176
980	0.115007
981	0.113514
982	0.114265
983	0.112207
984	0.112714
985	0.114283
986	0.11524
987	0.115291
988	0.11406
989	0.111951
990	0.115766
991	0.113555
992	0.112762
993	0.113993
994	0.110885
995	0.113905
996	0.11281
997	0.116209
998	0.11334
999	0.113379
1000	0.116282
1001	0.116045
1002	0.116244
1003	0.113995
1004	0.115319
1005	0.114221
1006	0.114644
1007	0.114072
1008	0.114424
1009	0.114655
1010	0.113617
1011	0.113916
1012	0.111917
1013	0.114839
1014	0.115129
1015	0.114109
1016	0.114371
1017	0.113893
1018	0.112999
1019	0.116107
1020	0.115728
1021	0.112966
1022	0.113771
1023	0.112528
1024	0.115643
1025	0.115961
1026	0.11129
1027	0.11298
1028	0.115756
1029	0.114478
1030	0.114348
1031	0.117002
1032	0.115847
1033	0.114569
1034	0.114166
1035	0.114778
1036	0.113828
1037	0.115905
1038	0.116849
1039	0.11565
1040	0.115905
1041	0.111286
1042	0.115165
1043	0.115117
1044	0.115426
1045	0.115436
1046	0.11421
1047	0.110974
1048	0.111996
1049	0.114971
1050	0.112501
1051	0.112911
1052	0.115361
1053	0.112907
1054	0.112276
1055	0.111073
1056	0.115721
1057	0.114617
1058	0.112943
1059	0.111311
1060	0.113502
1061	0.113825
1062	0.112666
1063	0.114677
1064	0.111846
1065	0.114222
1066	0.112984
1067	0.11545
1068	0.113755
1069	0.112862
1070	0.114273
1071	0.114501
1072	0.113943
1073	0.115291
1074	0.114172
1075	0.115846
1076	0.11463
1077	0.114541
1078	0.111484
1079	0.113509
1080	0.117974
1081	0.114805
1082	0.112947
1083	0.112748
1084	0.116548
1085	0.11457
1086	0.114699
1087	0.111502
1088	0.113336
1089	0.113396
1090	0.114451
1091	0.114322
1092	0.111586
1093	0.113716
1094	0.112873
1095	0.114813
1096	0.116741
1097	0.114399
1098	0.113638
1099	0.115336
1100	0.111868
1101	0.112499
1102	0.113549
1103	0.112357
1104	0.112996
1105	0.112558
1106	0.113506
1107	0.110508
1108	0.113599
1109	0.114057
1110	0.111088
1111	0.112813
1112	0.1154
1113	0.111115
1114	0.11449
1115	0.114785
1116	0.115747
1117	0.109423
1118	0.111088
1119	0.113487
1120	0.113943
1121	0.109571
1122	0.113587
1123	0.115078
1124	0.111617
1125	0.112479
1126	0.114984
1127	0.109168
1128	0.113513
1129	0.113545
1130	0.112651
1131	0.11041
1132	0.113561
1133	0.112034
1134	0.109136
1135	0.112264
1136	0.112743
1137	0.111227
1138	0.110419
1139	0.109014
1140	0.112036
1141	0.110479
1142	0.112042
1143	0.113109
1144	0.109388
1145	0.107803
1146	0.112644
1147	0.10943
1148	0.110648
1149	0.112502
1150	0.111117
1151	0.112642
1152	0.111517
1153	0.110007
1154	0.115202
1155	0.112663
1156	0.111681
1157	0.113634
1158	0.113859
1159	0.114383
1160	0.109546
1161	0.111667
1162	0.110158
1163	0.112938
1164	0.113618
1165	0.112066
1166	0.113755
1167	0.111699
1168	0.111325
1169	0.112806
1170	0.111228
1171	0.113556
1172	0.114042
1173	0.112375
1174	0.111262
1175	0.112799
1176	0.114745
1177	0.110892
1178	0.11046
1179	0.11325
1180	0.112908
1181	0.111805
1182	0.111713
1183	0.113267
1184	0.113106
1185	0.111633
1186	0.111654
1187	0.111495
1188	0.111977
1189	0.112677
1190	0.11267
1191	0.110568
1192	0.111763
1193	0.114427
1194	0.112408
1195	0.112561
1196	0.112391
1197	0.110037
1198	0.113564
1199	0.111664
1200	0.11177
1201	0.11121
1202	0.112232
1203	0.110856
1204	0.112471
1205	0.111865
1206	0.110847
1207	0.112148
1208	0.111654
1209	0.113717
1210	0.109794
1211	0.111526
1212	0.110912
1213	0.110301
1214	0.1102
1215	0.112021
1216	0.114065
1217	0.111646
1218	0.113082
1219	0.110941
1220	0.111531
1221	0.110363
1222	0.113987
1223	0.110018
1224	0.112177
1225	0.11247
1226	0.113124
1227	0.111946
1228	0.109134
1229	0.111613
1230	0.114574
1231	0.110341
1232	0.11378
1233	0.110192
1234	0.11192
1235	0.111939
1236	0.109414
1237	0.110123
1238	0.113323
1239	0.111868
1240	0.111237
1241	0.112952
1242	0.114184
1243	0.111526
1244	0.113149
1245	0.111275
1246	0.110852
1247	0.111707
1248	0.114758
1249	0.111723
1250	0.11048
1251	0.109629
1252	0.111111
1253	0.110767
1254	0.111569
1255	0.111824
1256	0.113773
1257	0.11288
1258	0.114007
1259	0.112034
1260	0.113761
1261	0.111213
1262	0.111342
1263	0.111929
1264	0.111839
1265	0.112579
1266	0.112058
1267	0.114336
1268	0.110157
1269	0.112776
1270	0.110731
1271	0.111131
1272	0.110883
1273	0.112464
1274	0.111551
1275	0.11269
1276	0.11183
1277	0.112951
1278	0.113074
1279	0.109686
1280	0.110793
1281	0.11377
1282	0.113567
1283	0.110658
1284	0.111415
1285	0.111466
1286	0.111151
1287	0.110208
1288	0.108838
1289	0.112073
1290	0.112377
1291	0.112258
1292	0.109034
1293	0.109433
1294	0.109601
1295	0.110228
1296	0.110124
1297	0.112248
1298	0.110828
1299	0.108366
1300	0.110764
1301	0.111663
1302	0.111886
1303	0.111715
1304	0.109026
1305	0.108884
1306	0.111637
1307	0.108863
1308	0.112229
1309	0.112607
1310	0.109241
1311	0.108822
1312	0.111021
1313	0.108694
1314	0.110801
1315	0.109293
1316	0.110742
1317	0.111275
1318	0.108466
1319	0.106613
1320	0.109616
1321	0.105596
1322	0.108821
1323	0.109137
1324	0.108131
1325	0.110104
1326	0.108604
1327	0.107813
1328	0.109927
1329	0.112405
1330	0.109728
1331	0.110648
1332	0.110697
1333	0.108695
1334	0.109252
1335	0.112331
1336	0.108622
1337	0.109657
1338	0.109359
1339	0.110671
1340	0.114385
1341	0.107065
1342	0.111399
1343	0.111442
1344	0.111949
1345	0.111514
1346	0.109616
1347	0.111215
1348	0.112137
1349	0.112277
1350	0.111352
1351	0.109431
1352	0.107321
1353	0.11385
1354	0.10919
1355	0.110668
1356	0.110322
1357	0.111159
1358	0.112161
1359	0.110692
1360	0.111448
1361	0.110917
1362	0.10923
1363	0.112584
1364	0.110025
1365	0.10796
1366	0.111876
1367	0.107237
1368	0.107718
1369	0.11212
1370	0.111081
1371	0.109944
1372	0.110966
1373	0.109326
1374	0.109848
1375	0.111021
1376	0.108766
1377	0.106981
1378	0.111032
1379	0.107056
1380	0.109143
1381	0.11053
1382	0.108007
1383	0.10863
1384	0.113246
1385	0.10926
1386	0.110751
1387	0.110052
1388	0.107853
1389	0.110721
1390	0.110369
1391	0.110775
1392	0.108203
1393	0.108125
1394	0.109486
1395	0.108434
1396	0.110275
1397	0.111143
1398	0.111134
1399	0.107742
1400	0.110271
1401	0.107791
1402	0.111507
1403	0.108381
1404	0.108561
1405	0.111083
1406	0.109663
1407	0.111628
1408	0.1063
1409	0.106361
1410	0.108073
1411	0.111058
1412	0.11011
1413	0.109731
1414	0.11038
1415	0.109068
1416	0.109272
1417	0.110546
1418	0.106657
1419	0.106854
1420	0.110933
1421	0.106949
1422	0.110876
1423	0.105895
1424	0.108696
1425	0.108702
1426	0.108354
1427	0.106508
1428	0.10892
1429	0.10922
1430	0.108097
1431	0.107512
1432	0.109654
1433	0.105971
1434	0.108318
1435	0.108472
1436	0.108952
1437	0.109102
1438	0.108367
1439	0.106935
1440	0.10833
1441	0.108295
1442	0.110258
1443	0.109412
1444	0.107786
1445	0.111243
1446	0.110158
1447	0.107188
1448	0.106082
1449	0.106464
1450	0.107174
1451	0.108636
1452	0.108873
1453	0.109742
1454	0.107592
1455	0.108134
1456	0.109446
1457	0.106429
1458	0.109379
1459	0.106171
1460	0.111189
1461	0.105579
1462	0.106777
1463	0.110254
1464	0.110864
1465	0.108165
1466	0.108692
1467	0.109932
1468	0.108982
1469	0.106644
1470	0.106196
1471	0.106021
1472	0.107373
1473	0.108656
1474	0.110031
1475	0.110512
1476	0.10929
1477	0.108289
1478	0.108151
1479	0.107791
1480	0.11108
1481	0.105788
1482	0.110311
1483	0.107222
1484	0.107416
1485	0.106959
1486	0.106802
1487	0.109317
1488	0.107105
1489	0.107683
1490	0.111617
1491	0.110622
1492	0.110109
1493	0.111198
1494	0.107835
1495	0.106225
1496	0.106504
1497	0.105566
1498	0.106916
1499	0.109565
1500	0.108131
1501	0.106968
1502	0.10743
1503	0.108566
1504	0.107944
1505	0.106889
1506	0.105027
1507	0.106828
1508	0.106718
1509	0.109671
1510	0.110833
1511	0.107999
1512	0.107636
1513	0.10899
1514	0.10532
1515	0.111142
1516	0.108191
1517	0.104193
1518	0.106802
1519	0.106858
1520	0.107072
1521	0.107734
1522	0.10749
1523	0.109077
1524	0.107618
1525	0.107618
1526	0.108649
1527	0.109296
1528	0.107111
1529	0.109442
1530	0.10606
1531	0.109623
1532	0.106943
1533	0.107822
1534	0.107523
1535	0.105325
1536	0.106188
1537	0.107223
1538	0.108136
1539	0.107833
1540	0.106384
1541	0.105625
1542	0.107156
1543	0.104966
1544	0.10871
1545	0.108595
1546	0.108068
1547	0.108202
1548	0.108031
1549	0.10624
1550	0.108092
1551	0.108799
1552	0.106775
1553	0.106914
1554	0.107198
1555	0.107452
1556	0.105425
1557	0.10707
1558	0.10808
1559	0.107635
1560	0.109328
1561	0.108887
1562	0.107294
1563	0.109355
1564	0.107847
1565	0.10633
1566	0.106902
1567	0.108004
1568	0.107904
1569	0.108772
1570	0.106963
1571	0.111355
1572	0.10765
1573	0.108526
1574	0.10944
1575	0.10983
1576	0.108189
1577	0.107582
1578	0.10781
1579	0.108532
1580	0.108014
1581	0.108482
1582	0.108926
1583	0.108139
1584	0.109041
1585	0.108053
1586	0.110001
1587	0.107037
1588	0.106718
1589	0.108656
1590	0.1085
1591	0.108363
1592	0.108814
1593	0.106497
1594	0.111057
1595	0.107615
1596	0.106348
1597	0.105184
1598	0.108188
1599	0.109027
1600	0.108007
1601	0.106311
1602	0.104286
1603	0.108833
1604	0.107479
1605	0.10819
1606	0.107768
1607	0.10654
1608	0.106604
1609	0.107143
1610	0.109228
1611	0.107996
1612	0.106672
1613	0.105497
1614	0.104862
1615	0.107924
1616	0.105081
1617	0.108688
1618	0.107816
1619	0.107253
1620	0.1065
1621	0.106033
1622	0.107781
1623	0.108228
1624	0.104471
1625	0.108228
1626	0.107663
1627	0.10795
1628	0.106896
1629	0.108099
1630	0.108703
1631	0.105034
1632	0.107672
1633	0.108524
1634	0.108537
1635	0.107419
1636	0.10645
1637	0.106747
1638	0.10651
1639	0.108624
1640	0.107829
1641	0.106735
1642	0.109427
1643	0.106391
1644	0.108792
1645	0.107222
1646	0.10369
1647	0.108444
1648	0.109779
1649	0.108041
1650	0.105417
1651	0.105447
1652	0.105099
1653	0.108488
1654	0.106442
1655	0.108993
1656	0.107675
1657	0.107942
1658	0.109168
1659	0.106724
1660	0.107806
1661	0.106305
1662	0.108479
1663	0.108763
1664	0.110518
1665	0.107671
1666	0.107642
1667	0.111635
1668	0.106991
1669	0.110342
1670	0.109651
1671	0.110899
1672	0.107789
1673	0.10665
1674	0.108632
1675	0.106303
1676	0.106441
1677	0.109296
1678	0.108083
1679	0.109439
1680	0.109745
1681	0.107268
1682	0.109131
1683	0.107317
1684	0.110882
1685	0.106443
1686	0.1076
1687	0.109014
1688	0.105914
1689	0.109595
1690	0.105447
1691	0.1075
1692	0.10817
1693	0.108221
1694	0.108176
1695	0.1064
1696	0.109141
1697	0.108999
1698	0.109389
1699	0.111505
1700	0.110118
1701	0.10686
1702	0.10759
1703	0.107362
1704	0.110119
1705	0.106143
1706	0.108268
1707	0.108979
1708	0.108146
1709	0.110525
1710	0.109019
1711	0.108097
1712	0.109018
1713	0.106561
1714	0.107034
1715	0.107395
1716	0.107052
1717	0.106945
1718	0.107228
1719	0.109139
1720	0.108851
1721	0.108611
1722	0.106568
1723	0.109602
1724	0.107337
1725	0.107231
1726	0.108732
1727	0.107776
1728	0.107119
1729	0.109182
1730	0.107748
1731	0.109271
1732	0.10891
1733	0.105831
1734	0.107371
1735	0.108582
1736	0.106051
1737	0.107156
1738	0.106492
1739	0.105162
1740	0.107945
1741	0.106989
1742	0.107465
1743	0.105762
1744	0.105254
1745	0.107083
1746	0.110787
1747	0.10663
1748	0.106821
1749	0.105662
1750	0.107053
1751	0.106289
1752	0.106779
1753	0.104151
1754	0.107199
1755	0.105235
1756	0.1061
1757	0.105451
1758	0.10588
1759	0.105769
1760	0.106743
1761	0.105199
1762	0.107498
1763	0.106321
1764	0.106397
1765	0.102831
1766	0.105704
1767	0.106347
1768	0.106714
1769	0.106259
1770	0.104784
1771	0.105402
1772	0.104864
1773	0.105822
1774	0.105699
1775	0.10705
1776	0.104237
1777	0.10568
1778	0.104823
1779	0.105694
1780	0.107164
1781	0.105212
1782	0.105578
1783	0.105803
1784	0.109135
1785	0.106298
1786	0.105042
1787	0.104324
1788	0.105304
1789	0.10539
1790	0.103881
1791	0.105897
1792	0.107285
1793	0.105439
1794	0.106801
1795	0.10635
1796	0.106625
1797	0.104236
1798	0.107303
1799	0.107235
1800	0.103382
1801	0.104563
1802	0.106431
1803	0.107206
1804	0.105031
1805	0.106067
1806	0.105311
1807	0.104959
1808	0.106055
1809	0.105951
1810	0.104894
1811	0.105119
1812	0.102951
1813	0.108214
1814	0.103559
1815	0.105644
1816	0.105576
1817	0.10831
1818	0.106758
1819	0.104607
1820	0.103837
1821	0.10572
1822	0.105216
1823	0.105622
1824	0.106159
1825	0.104908
1826	0.106136
1827	0.103849
1828	0.107041
1829	0.109575
1830	0.104073
1831	0.106444
1832	0.107074
1833	0.106256
1834	0.10505
1835	0.103654
1836	0.105817
1837	0.106637
1838	0.105937
1839	0.106079
1840	0.106604
1841	0.103611
1842	0.102552
1843	0.104072
1844	0.103633
1845	0.103463
1846	0.105241
1847	0.105925
1848	0.107379
1849	0.10558
1850	0.1039
1851	0.103853
1852	0.105636
1853	0.103517
1854	0.107046
1855	0.102717
1856	0.103173
1857	0.104968
1858	0.103779
1859	0.102287
1860	0.102686
1861	0.104895
1862	0.102508
1863	0.106236
1864	0.107668
1865	0.107004
1866	0.104265
1867	0.104935
1868	0.104567
1869	0.10695
1870	0.105113
1871	0.105047
1872	0.104494
1873	0.105179
1874	0.108234
1875	0.106133
1876	0.107653
1877	0.106963
1878	0.108655
1879	0.107159
1880	0.10593
1881	0.107403
1882	0.105819
1883	0.107652
1884	0.106209
1885	0.106777
1886	0.105203
1887	0.108438
1888	0.108447
1889	0.107538
1890	0.106393
1891	0.106431
1892	0.106628
1893	0.109685
1894	0.108435
1895	0.10843
1896	0.109719
1897	0.106276
1898	0.10846
1899	0.10587
1900	0.107648
1901	0.107308
1902	0.105544
1903	0.106548
1904	0.109036
1905	0.104744
1906	0.107966
1907	0.107398
1908	0.104912
1909	0.105888
1910	0.104638
1911	0.10515
1912	0.106597
1913	0.108562
1914	0.106056
1915	0.10384
1916	0.108452
1917	0.105345
1918	0.105333
1919	0.106364
1920	0.104024
1921	0.105591
1922	0.104689
1923	0.10213
1924	0.108184
1925	0.103774
1926	0.107226
1927	0.103446
1928	0.104733
1929	0.104443
1930	0.105241
1931	0.107511
1932	0.105424
1933	0.103263
1934	0.105195
1935	0.101838
1936	0.105703
1937	0.108755
1938	0.107108
1939	0.104714
1940	0.103484
1941	0.105907
1942	0.105782
1943	0.106533
1944	0.106008
1945	0.104584
1946	0.10708
1947	0.104518
1948	0.104419
1949	0.102241
1950	0.105039
1951	0.104976
1952	0.10716
1953	0.102342
1954	0.103873
1955	0.105754
1956	0.103817
1957	0.105079
1958	0.105234
1959	0.105706
1960	0.104036
1961	0.103792
1962	0.107392
1963	0.107772
1964	0.10292
1965	0.103806
1966	0.103496
1967	0.106797
1968	0.104345
1969	0.103269
1970	0.104333
1971	0.103067
1972	0.103491
1973	0.104955
1974	0.107295
1975	0.10742
1976	0.105865
1977	0.103917
1978	0.103349
1979	0.103297
1980	0.106759
1981	0.103154
1982	0.102427
1983	0.10486
1984	0.104513
1985	0.104331
1986	0.103856
1987	0.105606
1988	0.103417
1989	0.104987
1990	0.106374
1991	0.105919
1992	0.105945
1993	0.105157
1994	0.106277
1995	0.10571
1996	0.10301
1997	0.107463
1998	0.105842
1999	0.105571
2000	0.103593
2001	0.106204
2002	0.105108
2003	0.106306
2004	0.105258
2005	0.105265
2006	0.104709
2007	0.107419
2008	0.108751
2009	0.106711
2010	0.107536
2011	0.105468
2012	0.103587
2013	0.105426
2014	0.105503
2015	0.106128
2016	0.103301
2017	0.106147
2018	0.104395
2019	0.105902
2020	0.102915
2021	0.104254
2022	0.106872
2023	0.106752
2024	0.104262
2025	0.104911
2026	0.107065
2027	0.104907
2028	0.104938
2029	0.106771
2030	0.106108
2031	0.105199
2032	0.107061
2033	0.105452
2034	0.104048
2035	0.106246
2036	0.104648
2037	0.107421
2038	0.106465
2039	0.106202
2040	0.103948
2041	0.106239
2042	0.10659
2043	0.107808
2044	0.107095
2045	0.106556
2046	0.10812
2047	0.10736
2048	0.106248
2049	0.107011
2050	0.103804
2051	0.106106
2052	0.10603
2053	0.10509
2054	0.105824
2055	0.105085
2056	0.105671
2057	0.103735
2058	0.103048
2059	0.104165
2060	0.106438
2061	0.103907
2062	0.104986
2063	0.102955
2064	0.104123
2065	0.100425
2066	0.103734
2067	0.103789
2068	0.103806
2069	0.102687
2070	0.106907
2071	0.106773
2072	0.103372
2073	0.105196
2074	0.102791
2075	0.104325
2076	0.103878
2077	0.103851
2078	0.104304
2079	0.102789
2080	0.102335
2081	0.101876
2082	0.105828
2083	0.101858
2084	0.10277
2085	0.100115
2086	0.10411
2087	0.102913
2088	0.101817
2089	0.102605
2090	0.103467
2091	0.102427
2092	0.102076
2093	0.101509
2094	0.104643
2095	0.103852
2096	0.101678
2097	0.102409
2098	0.0995008
2099	0.102934
2100	0.0991355
2101	0.100213
2102	0.100467
2103	0.101405
2104	0.102618
2105	0.10154
2106	0.102629
2107	0.102211
2108	0.100197
2109	0.100927
2110	0.10386
2111	0.102247
2112	0.102134
2113	0.102858
2114	0.102687
2115	0.104055
2116	0.103137
2117	0.102295
2118	0.104446
2119	0.100438
2120	0.102602
2121	0.1005
2122	0.103978
2123	0.101961
2124	0.104468
2125	0.103817
2126	0.103156
2127	0.104764
2128	0.102133
2129	0.106036
2130	0.103987
2131	0.10114
2132	0.0998286
2133	0.102762
2134	0.104571
2135	0.102653
2136	0.10473
2137	0.106241
2138	0.103795
2139	0.101157
2140	0.100948
2141	0.103333
2142	0.101561
2143	0.104902
2144	0.104496
2145	0.101106
2146	0.10176
2147	0.103914
2148	0.101745
2149	0.100875
2150	0.100436
2151	0.0992745
2152	0.0983848
2153	0.100668
2154	0.098775
2155	0.100225
2156	0.0984665
2157	0.0967505
2158	0.0997266
2159	0.0994519
2160	0.0995316
2161	0.0960528
2162	0.097372
2163	0.0962976
2164	0.0979342
2165	0.097499
2166	0.098477
2167	0.0982586
2168	0.0966234
2169	0.0987364
2170	0.0971303
2171	0.0994725
2172	0.098464
2173	0.0969576
2174	0.0989391
2175	0.0975029
2176	0.098287
2177	0.101372
2178	0.0989932
2179	0.0971053
2180	0.0977333
2181	0.097598
2182	0.0973663
2183	0.0982216
2184	0.0994042
2185	0.0987677
2186	0.0972754
2187	0.100251
2188	0.096113
2189	0.0956418
2190	0.0988727
2191	0.0985365
2192	0.0963878
2193	0.0981596
2194	0.0989139
2195	0.0974394
2196	0.0981357
2197	0.0992417
2198	0.0979403
2199	0.102491
2200	0.0985032
2201	0.0988454
