### Number of tubes used: 730
### Nuclear profiles per tube: 1.68219
### Resolution (bp): 40000
### Slice thickness (microns): 0.22
### Nuclear radius (microns): 4.5
### Detection efficiency: 0.858886
distance	 pi_threshold
1	0.336712
2	0.26962
3	0.244765
4	0.243684
5	0.229517
6	0.227483
7	0.22081
8	0.210736
9	0.207032
10	0.205812
11	0.199647
12	0.196115
13	0.195014
14	0.189798
15	0.1884
16	0.188978
17	0.183396
18	0.180747
19	0.182101
20	0.177096
21	0.175082
22	0.176425
23	0.178958
24	0.174709
25	0.170417
26	0.167809
27	0.167323
28	0.167233
29	0.167475
30	0.163314
31	0.156509
32	0.163974
33	0.158865
34	0.162084
35	0.157206
36	0.159226
37	0.158427
38	0.156631
39	0.154828
40	0.151694
41	0.15136
42	0.154354
43	0.155368
44	0.154728
45	0.150841
46	0.152354
47	0.149304
48	0.145832
49	0.147307
50	0.149505
51	0.149717
52	0.147392
53	0.146598
54	0.144037
55	0.147888
56	0.145407
57	0.148088
58	0.14303
59	0.146182
60	0.147525
61	0.142376
62	0.146524
63	0.143836
64	0.147031
65	0.144662
66	0.137951
67	0.139978
68	0.141729
69	0.14241
70	0.137445
71	0.143191
72	0.136734
73	0.138357
74	0.142557
75	0.139968
76	0.138078
77	0.14227
78	0.138146
79	0.138137
80	0.13602
81	0.137789
82	0.138765
83	0.134573
84	0.139531
85	0.136938
86	0.137859
87	0.135478
88	0.130658
89	0.133929
90	0.134518
91	0.133303
92	0.134015
93	0.135703
94	0.13677
95	0.134674
96	0.132865
97	0.133785
98	0.132884
99	0.1337
100	0.133362
101	0.137209
102	0.136567
103	0.136315
104	0.132606
105	0.132459
106	0.13502
107	0.131922
108	0.132388
109	0.134276
110	0.132073
111	0.130162
112	0.135116
113	0.130109
114	0.130279
115	0.131709
116	0.131726
117	0.132569
118	0.13201
119	0.130912
120	0.132039
121	0.131369
122	0.129493
123	0.127084
124	0.128529
125	0.132102
126	0.130169
127	0.125731
128	0.125619
129	0.130961
130	0.129012
131	0.129919
132	0.130308
133	0.126136
134	0.126423
135	0.131419
136	0.126589
137	0.129112
138	0.130712
139	0.12882
140	0.126832
141	0.130858
142	0.124687
143	0.126717
144	0.12585
145	0.126061
146	0.12796
147	0.123636
148	0.12837
149	0.128922
150	0.123946
151	0.12685
152	0.128655
153	0.12478
154	0.125458
155	0.124764
156	0.126386
157	0.126104
158	0.124892
159	0.128134
160	0.125269
161	0.126304
162	0.127033
163	0.126314
164	0.125874
165	0.122511
166	0.121987
167	0.12298
168	0.124254
169	0.126002
170	0.12419
171	0.121454
172	0.126563
173	0.121317
174	0.124089
175	0.125003
176	0.122027
177	0.122365
178	0.123871
179	0.123113
180	0.12627
181	0.123976
182	0.121955
183	0.122421
184	0.123007
185	0.125172
186	0.123721
187	0.121781
188	0.122155
189	0.124706
190	0.124237
191	0.121384
192	0.123522
193	0.123907
194	0.123669
195	0.119636
196	0.126096
197	0.117409
198	0.124936
199	0.124906
200	0.12491
201	0.122011
202	0.12521
203	0.122065
204	0.117756
205	0.118804
206	0.122865
207	0.123011
208	0.119544
209	0.12287
210	0.121415
211	0.122016
212	0.122454
213	0.125376
214	0.12573
215	0.123022
216	0.124478
217	0.121015
218	0.123864
219	0.120166
220	0.120489
221	0.12415
222	0.119481
223	0.121214
224	0.123022
225	0.122762
226	0.121207
227	0.119819
228	0.12331
229	0.121972
230	0.119119
231	0.119368
232	0.125107
233	0.120033
234	0.119337
235	0.125539
236	0.119411
237	0.122373
238	0.122077
239	0.122538
240	0.122087
241	0.119268
242	0.12294
243	0.123223
244	0.120826
245	0.12146
246	0.120688
247	0.122825
248	0.122858
249	0.121754
250	0.118913
251	0.124676
252	0.120331
253	0.123099
254	0.123085
255	0.120561
256	0.121504
257	0.120849
258	0.120396
259	0.123709
260	0.123414
261	0.123196
262	0.122644
263	0.121593
264	0.121483
265	0.12015
266	0.12095
267	0.121481
268	0.121839
269	0.121477
270	0.122394
271	0.120483
272	0.119394
273	0.120547
274	0.120633
275	0.123552
276	0.120145
277	0.122756
278	0.123033
279	0.122562
280	0.122756
281	0.120315
282	0.122586
283	0.120616
284	0.12075
285	0.123578
286	0.123035
287	0.122934
288	0.119974
289	0.12273
290	0.123099
291	0.120512
292	0.119565
293	0.122365
294	0.119832
295	0.122827
296	0.119204
297	0.121188
298	0.122365
299	0.121983
300	0.118713
301	0.122693
302	0.12245
303	0.119433
304	0.11986
305	0.11971
306	0.120893
307	0.120153
308	0.122825
309	0.122769
310	0.121337
311	0.118704
312	0.121084
313	0.120278
314	0.121535
315	0.122485
316	0.120878
317	0.120915
318	0.121058
319	0.123393
320	0.123455
321	0.120855
322	0.121037
323	0.119274
324	0.123958
325	0.124041
326	0.120945
327	0.12277
328	0.121117
329	0.119771
330	0.120403
331	0.116852
332	0.125998
333	0.118481
334	0.124715
335	0.117745
336	0.121685
337	0.120984
338	0.121838
339	0.121871
340	0.12471
341	0.119866
342	0.119699
343	0.11903
344	0.121464
345	0.119872
346	0.119552
347	0.123418
348	0.121587
349	0.118066
350	0.118967
351	0.11947
352	0.119207
353	0.123229
354	0.120601
355	0.122234
356	0.120287
357	0.118522
358	0.117541
359	0.120139
360	0.119225
361	0.121953
362	0.119711
363	0.119598
364	0.121627
365	0.119018
366	0.120177
367	0.117389
368	0.120492
369	0.120911
370	0.120953
371	0.118815
372	0.120985
373	0.121313
374	0.123426
375	0.11975
376	0.120135
377	0.120344
378	0.119896
379	0.119671
380	0.122114
381	0.119692
382	0.119976
383	0.120476
384	0.11894
385	0.119146
386	0.11731
387	0.122558
388	0.121198
389	0.120736
390	0.121756
391	0.12024
392	0.121044
393	0.118802
394	0.119924
395	0.121414
396	0.123806
397	0.118985
398	0.122801
399	0.121569
400	0.119902
401	0.121824
402	0.118431
403	0.120957
404	0.119432
405	0.122147
406	0.119062
407	0.121901
408	0.120194
409	0.118573
410	0.121156
411	0.119349
412	0.11799
413	0.122852
414	0.120907
415	0.125275
416	0.117524
417	0.120123
418	0.123864
419	0.121419
420	0.119681
421	0.120857
422	0.122033
423	0.121158
424	0.117649
425	0.118644
426	0.12035
427	0.122628
428	0.120605
429	0.121093
430	0.12138
431	0.119977
432	0.119797
433	0.119221
434	0.120484
435	0.120583
436	0.117912
437	0.120603
438	0.122932
439	0.120675
440	0.120293
441	0.122644
442	0.121047
443	0.118885
444	0.119399
445	0.122685
446	0.119976
447	0.118849
448	0.12044
449	0.119531
450	0.119869
451	0.120024
452	0.121047
453	0.121869
454	0.123545
455	0.121873
456	0.117431
457	0.121093
458	0.119237
459	0.118921
460	0.121299
461	0.119707
462	0.121453
463	0.121069
464	0.119771
465	0.120133
466	0.122912
467	0.124021
468	0.122473
469	0.122657
470	0.122453
471	0.120797
472	0.120835
473	0.12051
474	0.120204
475	0.121218
476	0.124423
477	0.122417
478	0.122141
479	0.122026
480	0.119191
481	0.121266
482	0.120589
483	0.119374
484	0.121586
485	0.119912
486	0.122152
487	0.121389
488	0.122052
489	0.1204
490	0.119326
491	0.121464
492	0.120419
493	0.120207
494	0.117492
495	0.120804
496	0.122373
497	0.122354
498	0.117326
499	0.122686
500	0.121973
501	0.119002
502	0.120775
503	0.118242
504	0.12003
505	0.120435
506	0.119788
507	0.117907
508	0.123739
509	0.122079
510	0.118667
511	0.119804
512	0.117482
513	0.121956
514	0.121368
515	0.117549
516	0.118452
517	0.121883
518	0.117712
519	0.120029
520	0.118952
521	0.118772
522	0.118651
523	0.11843
524	0.115658
525	0.119394
526	0.116891
527	0.119496
528	0.120179
529	0.118514
530	0.120574
531	0.118059
532	0.120254
533	0.116751
534	0.119917
535	0.120234
536	0.122744
537	0.120746
538	0.119169
539	0.122071
540	0.122798
541	0.11745
542	0.120945
543	0.121748
544	0.119198
545	0.116177
546	0.119669
547	0.118287
548	0.120705
549	0.120085
550	0.118723
551	0.120683
552	0.119324
553	0.119781
554	0.119366
555	0.121782
556	0.119266
557	0.119638
558	0.11911
559	0.118611
560	0.119121
561	0.115703
562	0.11871
563	0.122072
564	0.120141
565	0.119785
566	0.118792
567	0.120435
568	0.120835
569	0.120921
570	0.117819
571	0.12269
572	0.11977
573	0.119665
574	0.121153
575	0.115887
576	0.121007
577	0.117711
578	0.121703
579	0.118364
580	0.117988
581	0.119303
582	0.121224
583	0.119908
584	0.11974
585	0.118991
586	0.121997
587	0.119221
588	0.12063
589	0.118404
590	0.120643
591	0.119782
592	0.119605
593	0.119594
594	0.118141
595	0.117266
596	0.121459
597	0.117061
598	0.119992
599	0.118661
600	0.118371
601	0.121497
602	0.117041
603	0.118175
604	0.121328
605	0.118559
606	0.120145
607	0.119515
608	0.118901
609	0.118501
610	0.12311
611	0.121464
612	0.120667
613	0.117991
614	0.119646
615	0.121195
616	0.116856
617	0.116652
618	0.122297
619	0.119975
620	0.118079
621	0.121626
622	0.120249
623	0.119334
624	0.119284
625	0.118521
626	0.121806
627	0.12194
628	0.118362
629	0.119273
630	0.119144
631	0.119559
632	0.117236
633	0.121203
634	0.118397
635	0.116388
636	0.120006
637	0.119703
638	0.117234
639	0.119036
640	0.119183
641	0.119237
642	0.11948
643	0.119153
644	0.119378
645	0.120078
646	0.119185
647	0.121123
648	0.119946
649	0.118131
650	0.119487
651	0.119232
652	0.118522
653	0.119916
654	0.119001
655	0.121387
656	0.119564
657	0.121945
658	0.120073
659	0.118698
660	0.119542
661	0.1173
662	0.117743
663	0.116172
664	0.11867
665	0.117271
666	0.116444
667	0.118326
668	0.121661
669	0.114741
670	0.118849
671	0.119829
672	0.118539
673	0.116727
674	0.12
675	0.116407
676	0.118743
677	0.118411
678	0.119126
679	0.11731
680	0.117872
681	0.118187
682	0.118675
683	0.118764
684	0.118217
685	0.11817
686	0.116342
687	0.119139
688	0.119101
689	0.116969
690	0.118455
691	0.119538
692	0.116732
693	0.118023
694	0.11783
695	0.119559
696	0.11713
697	0.117192
698	0.118104
699	0.120639
700	0.115706
701	0.117454
702	0.116056
703	0.117685
704	0.118664
705	0.115772
706	0.116111
707	0.116057
708	0.118886
709	0.115381
710	0.115044
711	0.116383
712	0.116339
713	0.116511
714	0.116695
715	0.116968
716	0.115876
717	0.117002
718	0.119749
719	0.117925
720	0.120827
721	0.114777
722	0.115554
723	0.117644
724	0.118836
725	0.11796
726	0.115733
727	0.116444
728	0.117449
729	0.116698
730	0.116172
731	0.119501
732	0.115894
733	0.115306
734	0.116492
735	0.117174
736	0.118141
737	0.118076
738	0.114984
739	0.116918
740	0.118375
741	0.114404
742	0.119017
743	0.114419
744	0.114721
745	0.119716
746	0.113065
747	0.116499
748	0.113582
749	0.120989
750	0.116811
751	0.115739
752	0.117655
753	0.115364
754	0.117014
755	0.116508
756	0.116948
757	0.114151
758	0.114649
759	0.116393
760	0.116555
761	0.115108
762	0.115459
763	0.115231
764	0.116652
765	0.116683
766	0.116871
767	0.114861
768	0.115125
769	0.117344
770	0.115477
771	0.117877
772	0.118451
773	0.116197
774	0.117875
775	0.115221
776	0.116575
777	0.118193
778	0.113654
779	0.114412
780	0.115647
781	0.113393
782	0.11386
783	0.114372
784	0.116836
785	0.116264
786	0.115355
787	0.116847
788	0.119558
789	0.116305
790	0.115565
791	0.11387
792	0.116649
793	0.117118
794	0.115184
795	0.115625
796	0.112899
797	0.113824
798	0.114087
799	0.112786
800	0.11841
801	0.115011
802	0.115182
803	0.115983
804	0.113729
805	0.11824
806	0.114665
807	0.11592
808	0.114633
809	0.114394
810	0.114347
811	0.115405
812	0.116947
813	0.114392
814	0.115731
815	0.117883
816	0.11519
817	0.11688
818	0.118665
819	0.1135
820	0.117521
821	0.112241
822	0.115898
823	0.114745
824	0.116409
825	0.115965
826	0.114129
827	0.116314
828	0.11701
829	0.11642
830	0.115794
831	0.112908
832	0.115268
833	0.116814
834	0.118362
835	0.113421
836	0.114734
837	0.114767
838	0.117483
839	0.117229
840	0.115997
841	0.116653
842	0.114675
843	0.115472
844	0.115058
845	0.116103
846	0.117553
847	0.11536
848	0.118263
849	0.116107
850	0.117066
851	0.117281
852	0.114773
853	0.116299
854	0.114787
855	0.113069
856	0.114573
857	0.11309
858	0.11813
859	0.115476
860	0.114021
861	0.113372
862	0.114991
863	0.116859
864	0.113618
865	0.115267
866	0.115534
867	0.117365
868	0.113706
869	0.114059
870	0.110244
871	0.115183
872	0.115763
873	0.112404
874	0.115717
875	0.115375
876	0.112935
877	0.112571
878	0.113227
879	0.115357
880	0.115236
881	0.112038
882	0.118278
883	0.114707
884	0.117466
885	0.115288
886	0.113783
887	0.113009
888	0.11679
889	0.112519
890	0.115628
891	0.116811
892	0.114441
893	0.116134
894	0.117993
895	0.116934
896	0.115831
897	0.115292
898	0.11571
899	0.115651
900	0.117797
901	0.116089
902	0.115624
903	0.114492
904	0.116977
905	0.115641
906	0.115087
907	0.116298
908	0.115945
909	0.113185
910	0.114552
911	0.116063
912	0.113515
913	0.116645
914	0.116791
915	0.116304
916	0.118579
917	0.117853
918	0.11364
919	0.115052
920	0.112822
921	0.116357
922	0.114301
923	0.119736
924	0.115135
925	0.114299
926	0.116719
927	0.114813
928	0.113938
929	0.114952
930	0.117605
931	0.113023
932	0.116139
933	0.118087
934	0.117604
935	0.118723
936	0.117577
937	0.115061
938	0.116027
939	0.116018
940	0.115523
941	0.113864
942	0.114142
943	0.113728
944	0.115139
945	0.115473
946	0.11473
947	0.117286
948	0.117351
949	0.118377
950	0.116099
951	0.114564
952	0.11711
953	0.116561
954	0.116118
955	0.113653
956	0.114378
957	0.114433
958	0.114124
959	0.114787
960	0.116069
961	0.112654
962	0.114354
963	0.11572
964	0.114729
965	0.116464
966	0.117432
967	0.115986
968	0.114336
969	0.116157
970	0.114607
971	0.118368
972	0.115151
973	0.113926
974	0.116026
975	0.114902
976	0.115241
977	0.113818
978	0.115294
979	0.115141
980	0.116694
981	0.116391
982	0.115187
983	0.116154
984	0.115504
985	0.114507
986	0.114206
987	0.116026
988	0.114718
989	0.115675
990	0.113282
991	0.114262
992	0.115581
993	0.117035
994	0.117512
995	0.118064
996	0.113125
997	0.11519
998	0.116098
999	0.115903
1000	0.114648
1001	0.118443
1002	0.114369
1003	0.114829
1004	0.116254
1005	0.115377
1006	0.113586
1007	0.117517
1008	0.115156
1009	0.113781
1010	0.117005
1011	0.115374
1012	0.116725
1013	0.114503
1014	0.11593
1015	0.115633
1016	0.114563
1017	0.114925
1018	0.114215
1019	0.118742
1020	0.113928
1021	0.115089
1022	0.114521
1023	0.114801
1024	0.113052
1025	0.115595
1026	0.115637
1027	0.113229
1028	0.113418
1029	0.11533
1030	0.11926
1031	0.113954
1032	0.113602
1033	0.114421
1034	0.114388
1035	0.116121
1036	0.114946
1037	0.116931
1038	0.115723
1039	0.115724
1040	0.115245
1041	0.116022
1042	0.11239
1043	0.112116
1044	0.114858
1045	0.114662
1046	0.114764
1047	0.115124
1048	0.116038
1049	0.11217
1050	0.117888
1051	0.115136
1052	0.117125
1053	0.11534
1054	0.11657
1055	0.115286
1056	0.111848
1057	0.11572
1058	0.115075
1059	0.114597
1060	0.114965
1061	0.115188
1062	0.116235
1063	0.116069
1064	0.114096
1065	0.113975
1066	0.114075
1067	0.114546
1068	0.115569
1069	0.115972
1070	0.11304
1071	0.11325
1072	0.114981
1073	0.114614
1074	0.11444
1075	0.114383
1076	0.113248
1077	0.115818
1078	0.11394
1079	0.116177
1080	0.11039
1081	0.114884
1082	0.114619
1083	0.111065
1084	0.116146
1085	0.116664
1086	0.113537
1087	0.114323
1088	0.114765
1089	0.113622
1090	0.116071
1091	0.115498
1092	0.114693
1093	0.114106
1094	0.115502
1095	0.11368
1096	0.113574
1097	0.114253
1098	0.114307
1099	0.112038
1100	0.113286
1101	0.115332
1102	0.113566
1103	0.113601
1104	0.112943
1105	0.116209
1106	0.115243
1107	0.114335
1108	0.113534
1109	0.11404
1110	0.115117
1111	0.114066
1112	0.114055
1113	0.114472
1114	0.114552
1115	0.112169
1116	0.115121
1117	0.113359
1118	0.112446
1119	0.115341
1120	0.111878
1121	0.112878
1122	0.115941
1123	0.112924
1124	0.113489
1125	0.11581
1126	0.114749
1127	0.111257
1128	0.114257
1129	0.115245
1130	0.114444
1131	0.113773
1132	0.114032
1133	0.113757
1134	0.113818
1135	0.116212
1136	0.117349
1137	0.115569
1138	0.113035
1139	0.114043
1140	0.112783
1141	0.112421
1142	0.114766
1143	0.113876
1144	0.115196
1145	0.115473
1146	0.114848
1147	0.113501
1148	0.116207
1149	0.113
1150	0.113467
1151	0.113162
1152	0.115621
1153	0.116325
1154	0.117374
1155	0.115617
1156	0.114859
1157	0.117097
1158	0.114735
1159	0.115442
1160	0.11439
1161	0.11629
1162	0.113997
1163	0.114158
1164	0.112694
1165	0.114786
1166	0.114057
1167	0.115333
1168	0.117442
1169	0.116624
1170	0.114898
1171	0.112917
1172	0.115006
1173	0.114125
1174	0.115943
1175	0.113602
1176	0.11204
1177	0.11666
1178	0.11483
1179	0.115421
1180	0.116555
1181	0.114557
1182	0.115581
1183	0.11581
1184	0.115371
1185	0.114356
1186	0.113914
1187	0.114265
1188	0.113689
1189	0.1156
1190	0.112959
1191	0.114184
1192	0.113391
1193	0.115833
1194	0.112819
1195	0.114172
1196	0.114
1197	0.113397
1198	0.114852
1199	0.113205
1200	0.115471
1201	0.113608
1202	0.111477
1203	0.114921
1204	0.113167
1205	0.110477
1206	0.114581
1207	0.110754
1208	0.11363
1209	0.111466
1210	0.115109
1211	0.112726
1212	0.113091
1213	0.113203
1214	0.112755
1215	0.116441
1216	0.112758
1217	0.114092
1218	0.113033
1219	0.111359
1220	0.110875
1221	0.112358
1222	0.112987
1223	0.111747
1224	0.114206
1225	0.114473
1226	0.113404
1227	0.112291
1228	0.113808
1229	0.112262
1230	0.110361
1231	0.111635
1232	0.113489
1233	0.111858
1234	0.112107
1235	0.116298
1236	0.114149
1237	0.112849
1238	0.114359
1239	0.113325
1240	0.113506
1241	0.112538
1242	0.109182
1243	0.115584
1244	0.114756
1245	0.115634
1246	0.113477
1247	0.109153
1248	0.11253
1249	0.110017
1250	0.113371
1251	0.115941
1252	0.114313
1253	0.111939
1254	0.107986
1255	0.112616
1256	0.11435
1257	0.114337
1258	0.112145
1259	0.114153
1260	0.111875
1261	0.109479
1262	0.111133
1263	0.112099
1264	0.114389
1265	0.111033
1266	0.110066
1267	0.11305
1268	0.112904
1269	0.113058
1270	0.109176
1271	0.112151
1272	0.113102
1273	0.114254
1274	0.110338
1275	0.111163
1276	0.11054
1277	0.113084
1278	0.111911
1279	0.109928
1280	0.112758
1281	0.112224
1282	0.112385
1283	0.10988
1284	0.112119
1285	0.112627
1286	0.114387
1287	0.111704
1288	0.113964
1289	0.111402
1290	0.11136
1291	0.109869
1292	0.112556
1293	0.112105
1294	0.112179
1295	0.113607
1296	0.11038
1297	0.109581
1298	0.110988
1299	0.111914
1300	0.113377
1301	0.109892
1302	0.111476
1303	0.110494
1304	0.113308
1305	0.110924
1306	0.110548
1307	0.112558
1308	0.110724
1309	0.113584
1310	0.110709
1311	0.111782
1312	0.112203
1313	0.11261
1314	0.107021
1315	0.109219
1316	0.112482
1317	0.110859
1318	0.109023
1319	0.111812
1320	0.110302
1321	0.108739
1322	0.108487
1323	0.107862
1324	0.110519
1325	0.110741
1326	0.109832
1327	0.112246
1328	0.110203
1329	0.110988
1330	0.110035
1331	0.111187
1332	0.109638
1333	0.108623
1334	0.110692
1335	0.107568
1336	0.109461
1337	0.110269
1338	0.109316
1339	0.110183
1340	0.109893
1341	0.111009
1342	0.110609
1343	0.109866
1344	0.109509
1345	0.107438
1346	0.109008
1347	0.111006
1348	0.109842
1349	0.108638
1350	0.111571
1351	0.109235
1352	0.108189
1353	0.1101
1354	0.10865
1355	0.113212
1356	0.110653
1357	0.109834
1358	0.110285
1359	0.112115
1360	0.11193
1361	0.109983
1362	0.111889
1363	0.110361
1364	0.110737
1365	0.112286
1366	0.107548
1367	0.111208
1368	0.1135
1369	0.107582
1370	0.110359
1371	0.111133
1372	0.107905
1373	0.109534
1374	0.110579
1375	0.111652
1376	0.111005
1377	0.110736
1378	0.108002
1379	0.110153
1380	0.109964
1381	0.111789
1382	0.110884
1383	0.112527
1384	0.109672
1385	0.110062
1386	0.110593
1387	0.110495
1388	0.111344
1389	0.109306
1390	0.110892
1391	0.111124
1392	0.109519
1393	0.109171
1394	0.111775
1395	0.111057
1396	0.107832
1397	0.108404
1398	0.111295
1399	0.110674
1400	0.110755
1401	0.111749
1402	0.109057
1403	0.109427
1404	0.110221
1405	0.109624
1406	0.108861
1407	0.109539
1408	0.108308
1409	0.111222
1410	0.110625
1411	0.109461
1412	0.109864
1413	0.1085
1414	0.112089
1415	0.110041
1416	0.111403
1417	0.108642
1418	0.109015
1419	0.108971
1420	0.11073
1421	0.112175
1422	0.107746
1423	0.110194
1424	0.105827
1425	0.108961
1426	0.109157
1427	0.109281
1428	0.109517
1429	0.108003
1430	0.10574
1431	0.108472
1432	0.111165
1433	0.108316
1434	0.110197
1435	0.108113
1436	0.109743
1437	0.109992
1438	0.110606
1439	0.110355
1440	0.108926
1441	0.111512
1442	0.108618
1443	0.109225
1444	0.110992
1445	0.108567
1446	0.111975
1447	0.108592
1448	0.112057
1449	0.111813
1450	0.109776
1451	0.111028
1452	0.1107
1453	0.110769
1454	0.112411
1455	0.109254
1456	0.105326
1457	0.11154
1458	0.110044
1459	0.111266
1460	0.112267
1461	0.109122
1462	0.109804
1463	0.111926
1464	0.110214
1465	0.107976
1466	0.111012
1467	0.107028
1468	0.110909
1469	0.110505
1470	0.110173
1471	0.111141
1472	0.108796
1473	0.10979
1474	0.107231
1475	0.110242
1476	0.111634
1477	0.112095
1478	0.112571
1479	0.111228
1480	0.110367
1481	0.108949
1482	0.112959
1483	0.111383
1484	0.110212
1485	0.111048
1486	0.112155
1487	0.110621
1488	0.109098
1489	0.110738
1490	0.109984
1491	0.112282
1492	0.110936
1493	0.106892
1494	0.110124
1495	0.107573
1496	0.115064
1497	0.112416
1498	0.113203
1499	0.111175
1500	0.110425
1501	0.112978
1502	0.110575
1503	0.107829
1504	0.110612
1505	0.112518
1506	0.111074
1507	0.111929
1508	0.110525
1509	0.110351
1510	0.111965
1511	0.111571
1512	0.112407
1513	0.110902
1514	0.111554
1515	0.112199
1516	0.112074
1517	0.109801
1518	0.109707
1519	0.111399
1520	0.114258
1521	0.10772
1522	0.109386
1523	0.109655
1524	0.110943
1525	0.111272
1526	0.113005
1527	0.111878
1528	0.110663
1529	0.110173
1530	0.111625
1531	0.112636
1532	0.112884
1533	0.112283
1534	0.110309
1535	0.112325
1536	0.11365
1537	0.112434
1538	0.111486
1539	0.110531
1540	0.111462
1541	0.112438
1542	0.115382
1543	0.113971
1544	0.111225
1545	0.111428
1546	0.109596
1547	0.112565
1548	0.109954
1549	0.109832
1550	0.114922
1551	0.11197
1552	0.110341
1553	0.111425
1554	0.114079
1555	0.111836
1556	0.108862
1557	0.109982
1558	0.110726
1559	0.110723
1560	0.111096
1561	0.11234
1562	0.1134
1563	0.111268
1564	0.113911
1565	0.11387
1566	0.111106
1567	0.112
1568	0.110438
1569	0.112472
1570	0.108627
1571	0.111484
1572	0.110816
1573	0.110649
1574	0.110754
1575	0.111926
1576	0.110411
1577	0.10863
1578	0.110977
1579	0.109601
1580	0.10707
1581	0.110816
1582	0.113384
1583	0.110652
1584	0.111802
1585	0.110107
1586	0.11112
1587	0.111965
1588	0.110217
1589	0.112217
1590	0.113362
1591	0.112465
1592	0.11056
1593	0.111034
1594	0.112415
1595	0.111254
1596	0.11202
1597	0.111875
1598	0.11158
1599	0.11096
1600	0.111643
1601	0.113993
1602	0.109939
1603	0.109668
1604	0.109327
1605	0.112793
1606	0.112181
1607	0.112546
1608	0.110496
1609	0.111953
1610	0.111572
1611	0.110663
1612	0.111754
1613	0.109378
1614	0.112006
1615	0.110435
1616	0.112557
1617	0.112269
1618	0.111657
1619	0.111887
1620	0.112853
1621	0.108701
1622	0.109555
1623	0.111408
1624	0.113462
1625	0.113271
1626	0.110993
1627	0.114222
1628	0.109997
1629	0.111063
1630	0.110667
1631	0.112994
1632	0.111052
1633	0.110832
1634	0.112775
1635	0.110204
1636	0.114014
1637	0.112699
1638	0.111899
1639	0.109207
1640	0.11403
1641	0.112534
1642	0.1143
1643	0.109904
1644	0.109164
1645	0.111829
1646	0.111718
1647	0.111759
1648	0.110945
1649	0.113169
1650	0.113023
1651	0.113844
1652	0.110236
1653	0.110756
1654	0.113965
1655	0.110181
1656	0.111849
1657	0.113084
1658	0.113251
1659	0.112428
1660	0.111975
1661	0.110627
1662	0.110003
1663	0.110674
1664	0.113936
1665	0.112703
1666	0.110872
1667	0.110537
1668	0.113836
1669	0.111129
1670	0.109532
1671	0.112405
1672	0.109529
1673	0.112529
1674	0.108926
1675	0.108785
1676	0.112696
1677	0.112282
1678	0.111335
1679	0.111308
1680	0.111114
1681	0.10968
1682	0.111602
1683	0.111643
1684	0.110526
1685	0.109186
1686	0.109849
1687	0.111168
1688	0.110975
1689	0.112415
1690	0.109195
1691	0.109735
1692	0.108727
1693	0.110163
1694	0.111365
1695	0.110324
1696	0.113294
1697	0.110229
1698	0.11201
1699	0.11133
1700	0.111352
1701	0.110254
1702	0.111279
1703	0.110578
1704	0.110951
1705	0.112274
1706	0.110585
1707	0.111073
1708	0.11103
1709	0.111504
1710	0.110265
1711	0.109917
1712	0.111803
1713	0.106858
1714	0.111989
1715	0.109346
1716	0.113641
1717	0.110037
1718	0.109648
1719	0.110148
1720	0.109935
1721	0.11094
1722	0.108892
1723	0.110143
1724	0.110235
1725	0.112154
1726	0.108887
1727	0.1122
1728	0.109669
1729	0.10859
1730	0.108731
1731	0.10929
1732	0.109597
1733	0.108945
1734	0.109575
1735	0.107374
1736	0.11035
1737	0.109787
1738	0.109049
1739	0.109867
1740	0.110812
1741	0.108123
1742	0.109806
1743	0.112007
1744	0.108722
1745	0.109166
1746	0.107419
1747	0.110664
1748	0.112534
1749	0.108437
1750	0.107549
1751	0.111049
1752	0.108364
1753	0.108951
1754	0.107317
1755	0.1073
1756	0.108971
1757	0.108814
1758	0.109728
1759	0.110617
1760	0.108424
1761	0.10875
1762	0.106308
1763	0.109619
1764	0.109544
1765	0.11114
1766	0.106934
1767	0.109085
1768	0.108113
1769	0.107529
1770	0.109461
1771	0.109351
1772	0.107303
1773	0.111343
1774	0.111472
1775	0.110364
1776	0.110969
1777	0.111747
1778	0.110856
1779	0.110509
1780	0.112512
1781	0.111507
1782	0.110886
1783	0.110664
1784	0.110844
1785	0.109342
1786	0.110305
1787	0.110225
1788	0.108737
1789	0.108981
1790	0.110542
1791	0.109545
1792	0.110769
1793	0.108026
1794	0.110834
1795	0.11053
1796	0.110879
1797	0.11072
1798	0.11207
1799	0.108977
1800	0.108691
1801	0.107024
1802	0.106692
1803	0.111341
1804	0.108023
1805	0.11037
1806	0.10787
1807	0.110078
1808	0.109212
1809	0.112108
1810	0.109044
1811	0.111033
1812	0.110313
1813	0.110261
1814	0.108737
1815	0.110045
1816	0.110706
1817	0.112126
1818	0.112284
1819	0.110351
1820	0.109793
1821	0.109071
1822	0.109587
1823	0.108816
1824	0.110944
1825	0.10988
1826	0.10892
1827	0.108532
1828	0.11032
1829	0.108814
1830	0.108795
1831	0.108629
1832	0.109063
1833	0.109673
1834	0.111485
1835	0.110068
1836	0.111341
1837	0.110332
1838	0.105981
1839	0.109385
1840	0.1102
1841	0.11342
1842	0.110163
1843	0.109288
1844	0.112747
1845	0.108702
1846	0.106882
1847	0.11067
1848	0.109744
1849	0.107156
1850	0.109775
1851	0.110375
1852	0.109495
1853	0.112006
1854	0.108537
1855	0.110768
1856	0.109734
1857	0.107788
1858	0.106752
1859	0.109767
1860	0.106436
1861	0.109142
1862	0.10875
1863	0.110031
1864	0.109417
1865	0.109664
1866	0.111468
1867	0.107216
1868	0.109673
1869	0.109516
1870	0.109028
1871	0.10755
1872	0.108137
1873	0.107831
1874	0.109716
1875	0.110967
1876	0.107576
1877	0.110005
1878	0.107329
1879	0.109943
1880	0.109967
1881	0.110749
1882	0.107477
1883	0.109457
1884	0.110221
1885	0.107261
1886	0.110078
1887	0.111334
1888	0.107988
1889	0.109805
1890	0.106534
1891	0.109688
1892	0.109026
1893	0.107623
1894	0.108932
1895	0.110451
1896	0.106072
1897	0.108941
1898	0.108141
1899	0.105719
1900	0.108379
1901	0.108749
1902	0.109376
1903	0.108533
1904	0.108758
1905	0.109567
1906	0.106834
1907	0.107246
1908	0.10769
1909	0.10994
1910	0.110145
1911	0.109271
1912	0.106219
1913	0.106473
1914	0.105548
1915	0.106176
1916	0.109043
1917	0.107824
1918	0.107221
1919	0.105902
1920	0.108995
1921	0.108798
1922	0.106345
1923	0.105837
1924	0.107022
1925	0.107767
1926	0.106351
1927	0.105191
1928	0.108661
1929	0.108156
1930	0.109954
1931	0.107843
1932	0.1099
1933	0.10641
1934	0.106479
1935	0.107387
1936	0.106254
1937	0.108489
1938	0.107088
1939	0.108432
1940	0.110149
1941	0.106827
1942	0.105651
1943	0.106824
1944	0.10621
1945	0.106931
1946	0.107712
1947	0.105669
1948	0.107509
1949	0.108515
1950	0.107464
1951	0.10624
1952	0.109241
1953	0.10545
1954	0.107271
1955	0.106958
1956	0.105625
1957	0.106551
1958	0.104053
1959	0.107175
1960	0.106335
1961	0.107104
1962	0.106312
1963	0.106531
1964	0.104858
1965	0.104968
1966	0.107655
1967	0.107055
1968	0.108445
1969	0.107801
1970	0.105407
1971	0.109486
1972	0.106989
1973	0.105043
1974	0.107703
1975	0.106284
1976	0.104993
1977	0.107203
1978	0.1072
1979	0.105624
1980	0.105541
1981	0.108947
1982	0.106845
1983	0.105642
1984	0.106666
1985	0.106403
1986	0.106064
1987	0.106739
1988	0.107197
1989	0.106927
1990	0.105267
1991	0.104535
1992	0.105993
1993	0.10974
1994	0.107061
1995	0.107667
1996	0.103447
1997	0.108223
1998	0.106524
1999	0.105861
2000	0.105222
2001	0.107249
2002	0.105683
2003	0.109808
2004	0.107606
2005	0.106794
2006	0.105059
2007	0.105467
2008	0.106828
2009	0.108309
2010	0.108019
2011	0.106548
2012	0.106094
2013	0.106274
2014	0.10724
2015	0.10744
2016	0.107794
2017	0.107118
2018	0.104534
2019	0.104708
2020	0.107536
2021	0.107069
2022	0.104086
2023	0.105866
2024	0.105374
2025	0.104753
2026	0.106065
2027	0.10345
2028	0.107908
2029	0.109611
2030	0.105745
2031	0.107122
2032	0.107286
2033	0.106826
2034	0.105121
2035	0.106345
2036	0.107005
2037	0.107648
2038	0.10531
2039	0.105503
2040	0.104632
2041	0.106105
2042	0.10839
2043	0.107642
2044	0.102904
2045	0.105278
2046	0.106114
2047	0.104094
2048	0.105214
2049	0.106504
2050	0.106676
2051	0.104692
2052	0.107239
2053	0.105817
2054	0.104572
2055	0.106855
2056	0.107936
2057	0.110043
2058	0.104402
2059	0.106757
2060	0.107441
2061	0.106807
2062	0.106938
2063	0.106869
2064	0.10631
2065	0.106209
2066	0.103773
2067	0.105124
2068	0.102902
2069	0.105334
2070	0.104912
2071	0.106814
2072	0.104977
2073	0.105289
2074	0.105382
2075	0.106332
2076	0.103076
2077	0.105584
2078	0.105112
2079	0.10324
2080	0.102816
2081	0.103954
2082	0.106141
2083	0.104586
2084	0.104003
2085	0.105346
2086	0.106158
2087	0.10499
2088	0.10427
2089	0.107297
2090	0.101425
2091	0.103831
2092	0.104465
2093	0.102718
2094	0.104367
2095	0.104197
2096	0.102219
2097	0.103853
2098	0.104069
2099	0.105821
2100	0.103583
2101	0.105814
2102	0.105257
2103	0.105324
2104	0.102756
2105	0.104432
2106	0.105276
2107	0.106538
2108	0.103194
2109	0.103913
2110	0.105992
2111	0.104611
2112	0.104922
2113	0.104332
2114	0.104612
2115	0.102998
2116	0.101853
2117	0.104509
2118	0.10209
2119	0.102876
2120	0.103699
2121	0.101712
2122	0.103615
2123	0.1046
2124	0.106551
2125	0.104646
2126	0.104425
2127	0.103603
2128	0.1048
2129	0.10471
2130	0.103938
2131	0.105389
2132	0.108266
2133	0.106595
2134	0.104367
2135	0.103795
2136	0.106761
2137	0.104714
2138	0.107213
2139	0.106965
2140	0.106651
2141	0.106514
2142	0.105155
2143	0.106652
2144	0.107043
2145	0.107868
2146	0.108111
2147	0.106319
2148	0.107004
2149	0.104071
2150	0.104064
2151	0.105892
2152	0.108362
2153	0.106895
2154	0.108258
2155	0.103961
2156	0.107944
2157	0.104645
2158	0.10518
2159	0.107296
2160	0.107356
2161	0.108094
2162	0.108097
2163	0.109138
2164	0.109907
2165	0.108776
2166	0.10541
2167	0.107542
2168	0.108525
2169	0.108122
2170	0.109893
2171	0.106862
2172	0.106676
2173	0.109162
2174	0.10812
2175	0.105738
2176	0.11071
2177	0.108609
2178	0.10702
2179	0.109832
2180	0.107268
2181	0.108089
2182	0.109223
2183	0.106458
2184	0.107572
2185	0.112017
2186	0.107641
2187	0.109024
2188	0.107998
2189	0.110761
2190	0.111869
2191	0.111524
2192	0.111235
2193	0.109849
2194	0.111052
2195	0.107195
2196	0.11181
2197	0.108305
2198	0.114895
2199	0.107154
2200	0.112425
2201	0.113706
2202	0.112627
2203	0.113285
2204	0.111415
2205	0.11387
2206	0.110712
2207	0.110846
2208	0.112184
2209	0.110563
2210	0.112758
2211	0.110637
2212	0.112131
2213	0.114534
2214	0.111486
2215	0.114125
2216	0.111974
2217	0.11199
2218	0.114436
2219	0.112104
2220	0.116982
2221	0.113268
2222	0.113648
2223	0.113791
2224	0.113246
2225	0.113416
2226	0.115747
2227	0.115295
2228	0.112397
2229	0.114496
2230	0.114902
2231	0.114119
2232	0.115542
2233	0.115324
2234	0.112793
2235	0.111982
2236	0.113126
2237	0.112761
2238	0.11215
2239	0.112766
2240	0.115636
2241	0.111873
2242	0.112372
2243	0.115249
2244	0.113924
2245	0.115389
2246	0.115254
2247	0.114437
2248	0.111259
2249	0.116582
2250	0.112763
2251	0.116908
2252	0.113016
2253	0.114496
2254	0.114949
2255	0.113166
2256	0.112594
2257	0.113316
2258	0.117112
2259	0.114983
2260	0.112271
2261	0.112346
2262	0.112286
2263	0.112223
2264	0.117801
2265	0.112194
2266	0.112299
2267	0.112498
2268	0.11532
2269	0.115163
2270	0.114375
2271	0.116842
2272	0.114062
2273	0.113227
2274	0.115324
2275	0.113653
2276	0.11398
2277	0.113795
2278	0.116423
2279	0.115707
2280	0.115608
2281	0.115632
2282	0.113348
2283	0.113592
2284	0.114352
2285	0.114265
2286	0.118261
2287	0.113969
2288	0.115865
2289	0.113075
2290	0.114523
2291	0.113868
2292	0.11382
2293	0.11085
2294	0.115381
2295	0.117699
2296	0.114553
2297	0.116261
2298	0.119812
2299	0.114672
2300	0.112824
2301	0.11487
2302	0.116566
2303	0.115582
2304	0.117184
2305	0.115142
2306	0.118304
2307	0.114117
2308	0.11684
2309	0.114626
2310	0.115767
2311	0.115458
2312	0.114589
2313	0.114229
2314	0.113809
2315	0.112817
2316	0.116111
2317	0.114592
2318	0.115432
2319	0.116575
2320	0.115877
2321	0.116934
2322	0.11566
2323	0.116254
2324	0.11528
2325	0.116733
2326	0.117066
2327	0.116114
2328	0.120677
2329	0.114923
2330	0.115683
2331	0.113259
2332	0.113382
2333	0.112311
2334	0.114089
2335	0.114718
2336	0.115076
2337	0.112637
2338	0.113634
2339	0.113601
2340	0.113496
2341	0.1125
2342	0.11496
2343	0.11264
2344	0.113234
2345	0.112356
2346	0.114101
2347	0.111377
2348	0.112294
2349	0.115607
2350	0.113975
2351	0.116068
2352	0.115248
2353	0.112
2354	0.111995
2355	0.111745
2356	0.114163
2357	0.109445
2358	0.115659
2359	0.112681
2360	0.109154
2361	0.112758
2362	0.112034
2363	0.114092
2364	0.113871
2365	0.113365
2366	0.112562
2367	0.113231
2368	0.109922
2369	0.109178
2370	0.113053
2371	0.110393
2372	0.111476
2373	0.110573
2374	0.111879
2375	0.108908
2376	0.108511
2377	0.110747
2378	0.106861
2379	0.111313
2380	0.111199
2381	0.109393
2382	0.111238
2383	0.107581
2384	0.111561
2385	0.110641
2386	0.110557
2387	0.107747
2388	0.105209
2389	0.10701
2390	0.104188
2391	0.106784
2392	0.106914
2393	0.106739
2394	0.106094
2395	0.107549
2396	0.105038
2397	0.104707
2398	0.105639
2399	0.107275
2400	0.103751
2401	0.105933
2402	0.104413
2403	0.103518
2404	0.106698
2405	0.105144
2406	0.100804
2407	0.106824
2408	0.104752
2409	0.10515
2410	0.106422
2411	0.104302
2412	0.104016
2413	0.107609
