### Number of tubes used: 730
### Nuclear profiles per tube: 1.68219
### Resolution (bp): 40000
### Slice thickness (microns): 0.22
### Nuclear radius (microns): 4.5
### Detection efficiency: 0.858886
distance	 pi_threshold
1	0.317878
2	0.265195
3	0.243272
4	0.23418
5	0.224332
6	0.22027
7	0.208153
8	0.206624
9	0.198765
10	0.195844
11	0.193079
12	0.188624
13	0.192284
14	0.187482
15	0.181068
16	0.177847
17	0.178265
18	0.175539
19	0.172765
20	0.171455
21	0.166134
22	0.168015
23	0.164982
24	0.16402
25	0.166945
26	0.163326
27	0.160179
28	0.158304
29	0.159197
30	0.155757
31	0.156551
32	0.150198
33	0.155064
34	0.152079
35	0.153191
36	0.148857
37	0.15203
38	0.150393
39	0.148335
40	0.148242
41	0.145818
42	0.149352
43	0.14416
44	0.144639
45	0.143209
46	0.143337
47	0.143449
48	0.142985
49	0.145116
50	0.139595
51	0.141777
52	0.139913
53	0.142619
54	0.140839
55	0.13898
56	0.141128
57	0.140899
58	0.14294
59	0.141197
60	0.13868
61	0.133951
62	0.138366
63	0.137333
64	0.134146
65	0.134514
66	0.135999
67	0.134977
68	0.136758
69	0.133392
70	0.135226
71	0.134554
72	0.134806
73	0.133277
74	0.132818
75	0.132258
76	0.132851
77	0.129631
78	0.13098
79	0.130748
80	0.129464
81	0.129925
82	0.131114
83	0.132721
84	0.126688
85	0.132024
86	0.130008
87	0.127643
88	0.132519
89	0.127736
90	0.129136
91	0.128311
92	0.126334
93	0.127101
94	0.128418
95	0.128788
96	0.125559
97	0.126774
98	0.128469
99	0.128476
100	0.126796
101	0.127539
102	0.127582
103	0.126285
104	0.125607
105	0.126335
106	0.123767
107	0.129141
108	0.126918
109	0.126183
110	0.126125
111	0.127003
112	0.123635
113	0.125765
114	0.123997
115	0.125046
116	0.127972
117	0.123539
118	0.126512
119	0.126638
120	0.126365
121	0.126866
122	0.125268
123	0.125445
124	0.123727
125	0.122992
126	0.126307
127	0.126186
128	0.124678
129	0.125514
130	0.124846
131	0.125494
132	0.126036
133	0.122584
134	0.125285
135	0.123253
136	0.127343
137	0.123733
138	0.124786
139	0.12434
140	0.121741
141	0.123099
142	0.122907
143	0.123451
144	0.123175
145	0.125344
146	0.119269
147	0.123651
148	0.123036
149	0.124114
150	0.122017
151	0.123551
152	0.124029
153	0.123388
154	0.123704
155	0.124233
156	0.122966
157	0.12465
158	0.124499
159	0.121411
160	0.123293
161	0.122514
162	0.122574
163	0.12321
164	0.123543
165	0.123411
166	0.118588
167	0.123898
168	0.121389
169	0.124444
170	0.122573
171	0.118833
172	0.121916
173	0.124265
174	0.122783
175	0.122335
176	0.125917
177	0.121553
178	0.12242
179	0.123022
180	0.121176
181	0.123219
182	0.122176
183	0.122267
184	0.121781
185	0.123997
186	0.119255
187	0.12154
188	0.122176
189	0.125719
190	0.123315
191	0.120189
192	0.118178
193	0.120035
194	0.123629
195	0.120489
196	0.124992
197	0.122075
198	0.121501
199	0.120918
200	0.123859
201	0.120617
202	0.122374
203	0.121626
204	0.120299
205	0.120859
206	0.118367
207	0.120336
208	0.121431
209	0.119943
210	0.119599
211	0.122053
212	0.119507
213	0.119227
214	0.120708
215	0.120003
216	0.121939
217	0.120394
218	0.119753
219	0.118043
220	0.121392
221	0.120576
222	0.119819
223	0.120901
224	0.12046
225	0.121317
226	0.119688
227	0.117794
228	0.121036
229	0.12172
230	0.122569
231	0.122595
232	0.118759
233	0.119411
234	0.120115
235	0.120338
236	0.117793
237	0.12119
238	0.121634
239	0.121365
240	0.120432
241	0.119882
242	0.117277
243	0.118988
244	0.120912
245	0.11931
246	0.117725
247	0.119446
248	0.119743
249	0.121832
250	0.119248
251	0.120381
252	0.117797
253	0.121738
254	0.12231
255	0.119924
256	0.120212
257	0.119801
258	0.120109
259	0.118225
260	0.118545
261	0.118137
262	0.120264
263	0.119893
264	0.119148
265	0.118048
266	0.120636
267	0.12096
268	0.12106
269	0.119103
270	0.118901
271	0.119805
272	0.119593
273	0.119059
274	0.11672
275	0.11862
276	0.12083
277	0.117989
278	0.118917
279	0.119674
280	0.117582
281	0.116278
282	0.120581
283	0.120152
284	0.117703
285	0.12122
286	0.118645
287	0.121039
288	0.120198
289	0.120349
290	0.119672
291	0.121377
292	0.117657
293	0.117779
294	0.121708
295	0.122891
296	0.11781
297	0.119984
298	0.119953
299	0.120345
300	0.121324
301	0.11785
302	0.117567
303	0.117219
304	0.1196
305	0.118704
306	0.118161
307	0.118381
308	0.119181
309	0.119653
310	0.119217
311	0.119392
312	0.118404
313	0.117654
314	0.118679
315	0.122977
316	0.117745
317	0.118328
318	0.119934
319	0.116001
320	0.116065
321	0.120978
322	0.118508
323	0.119995
324	0.118982
325	0.119324
326	0.119018
327	0.121418
328	0.118556
329	0.118993
330	0.116655
331	0.116994
332	0.117841
333	0.119341
334	0.116611
335	0.120339
336	0.12046
337	0.120285
338	0.115479
339	0.119094
340	0.117395
341	0.119959
342	0.118598
343	0.117915
344	0.120316
345	0.11989
346	0.11757
347	0.11935
348	0.117669
349	0.120261
350	0.117345
351	0.116782
352	0.118874
353	0.1198
354	0.121201
355	0.11973
356	0.116699
357	0.118021
358	0.120179
359	0.116399
360	0.118525
361	0.117407
362	0.118879
363	0.119078
364	0.118978
365	0.117223
366	0.116353
367	0.11695
368	0.118946
369	0.12054
370	0.120286
371	0.120054
372	0.116841
373	0.119747
374	0.118841
375	0.118044
376	0.117843
377	0.117357
378	0.117683
379	0.116785
380	0.115865
381	0.1184
382	0.120585
383	0.11885
384	0.11756
385	0.118322
386	0.119259
387	0.118537
388	0.118153
389	0.120186
390	0.117993
391	0.118774
392	0.117238
393	0.119005
394	0.118049
395	0.117475
396	0.119144
397	0.117114
398	0.114858
399	0.11575
400	0.119769
401	0.117669
402	0.117127
403	0.11828
404	0.115888
405	0.119275
406	0.113447
407	0.117036
408	0.116722
409	0.118516
410	0.116086
411	0.119801
412	0.118068
413	0.116922
414	0.119289
415	0.116265
416	0.114781
417	0.115328
418	0.120068
419	0.114686
420	0.119096
421	0.116978
422	0.117475
423	0.115916
424	0.116543
425	0.118408
426	0.11622
427	0.120559
428	0.118016
429	0.117717
430	0.115947
431	0.121273
432	0.118919
433	0.117302
434	0.11713
435	0.119469
436	0.11873
437	0.117334
438	0.116655
439	0.116642
440	0.117998
441	0.117903
442	0.117476
443	0.1155
444	0.118134
445	0.118771
446	0.11579
447	0.11768
448	0.116661
449	0.121131
450	0.11718
451	0.118805
452	0.116609
453	0.118694
454	0.115437
455	0.119467
456	0.119203
457	0.119322
458	0.118062
459	0.115063
460	0.120463
461	0.119171
462	0.117748
463	0.117223
464	0.116723
465	0.114833
466	0.118617
467	0.116408
468	0.116154
469	0.117379
470	0.117725
471	0.118097
472	0.118504
473	0.114859
474	0.118884
475	0.115625
476	0.11618
477	0.118336
478	0.117029
479	0.115795
480	0.119376
481	0.116138
482	0.11549
483	0.118158
484	0.116787
485	0.116351
486	0.117935
487	0.119613
488	0.117626
489	0.11712
490	0.115924
491	0.116392
492	0.117264
493	0.116038
494	0.118538
495	0.118295
496	0.119587
497	0.11704
498	0.118136
499	0.116566
500	0.115021
501	0.115995
502	0.114942
503	0.117531
504	0.116654
505	0.116363
506	0.119065
507	0.11739
508	0.116997
509	0.115557
510	0.114912
511	0.119203
512	0.11634
513	0.115961
514	0.118748
515	0.115091
516	0.115832
517	0.118543
518	0.118118
519	0.12018
520	0.116933
521	0.118487
522	0.115457
523	0.116767
524	0.119299
525	0.119789
526	0.11909
527	0.115234
528	0.118304
529	0.118937
530	0.119192
531	0.117686
532	0.118265
533	0.117018
534	0.116821
535	0.115279
536	0.117207
537	0.118296
538	0.117795
539	0.113657
540	0.116247
541	0.118512
542	0.117842
543	0.114077
544	0.114437
545	0.1167
546	0.118292
547	0.117468
548	0.11792
549	0.11673
550	0.11837
551	0.116501
552	0.116717
553	0.118202
554	0.116062
555	0.116185
556	0.117831
557	0.114238
558	0.116088
559	0.117868
560	0.118528
561	0.117266
562	0.114285
563	0.119393
564	0.118134
565	0.119517
566	0.11644
567	0.115896
568	0.118478
569	0.117885
570	0.11656
571	0.116398
572	0.11467
573	0.114788
574	0.116317
575	0.11511
576	0.114685
577	0.114251
578	0.115545
579	0.116058
580	0.118809
581	0.117522
582	0.113378
583	0.111021
584	0.115951
585	0.117114
586	0.112589
587	0.117908
588	0.118129
589	0.11681
590	0.114957
591	0.115902
592	0.112826
593	0.113546
594	0.11485
595	0.11447
596	0.115614
597	0.115067
598	0.116796
599	0.114551
600	0.116268
601	0.11219
602	0.116937
603	0.115699
604	0.116238
605	0.113084
606	0.114827
607	0.117235
608	0.115434
609	0.11535
610	0.117705
611	0.116274
612	0.114631
613	0.11191
614	0.116104
615	0.115556
616	0.11573
617	0.115169
618	0.113933
619	0.114962
620	0.116282
621	0.112366
622	0.114032
623	0.11576
624	0.112985
625	0.116191
626	0.113131
627	0.116335
628	0.114486
629	0.11674
630	0.116941
631	0.113483
632	0.114324
633	0.113697
634	0.114926
635	0.113932
636	0.115703
637	0.117819
638	0.112061
639	0.113709
640	0.11582
641	0.115702
642	0.117375
643	0.115575
644	0.113043
645	0.112507
646	0.112285
647	0.116889
648	0.112765
649	0.114376
650	0.116837
651	0.112636
652	0.115456
653	0.116152
654	0.114078
655	0.111434
656	0.114086
657	0.113376
658	0.11472
659	0.118321
660	0.114525
661	0.113218
662	0.115248
663	0.118798
664	0.117466
665	0.115548
666	0.115308
667	0.116992
668	0.11423
669	0.114693
670	0.115135
671	0.112985
672	0.11451
673	0.113491
674	0.116245
675	0.114713
676	0.115315
677	0.1136
678	0.111829
679	0.115285
680	0.112339
681	0.113628
682	0.116933
683	0.116031
684	0.115737
685	0.114956
686	0.112363
687	0.113913
688	0.115902
689	0.112724
690	0.114318
691	0.111436
692	0.111106
693	0.111227
694	0.114588
695	0.111952
696	0.112594
697	0.114646
698	0.11429
699	0.114312
700	0.113731
701	0.116072
702	0.111346
703	0.113906
704	0.112406
705	0.114243
706	0.11332
707	0.109961
708	0.112631
709	0.112551
710	0.113796
711	0.114363
712	0.114234
713	0.113219
714	0.112766
715	0.111746
716	0.110265
717	0.112881
718	0.111827
719	0.113688
720	0.111678
721	0.114978
722	0.115327
723	0.111231
724	0.113278
725	0.112084
726	0.110012
727	0.112824
728	0.112359
729	0.112014
730	0.110436
731	0.113154
732	0.11254
733	0.112761
734	0.112726
735	0.113185
736	0.112766
737	0.114887
738	0.115112
739	0.115044
740	0.110056
741	0.114969
742	0.111916
743	0.114581
744	0.113018
745	0.111844
746	0.114429
747	0.112358
748	0.111841
749	0.112012
750	0.114225
751	0.114059
752	0.115679
753	0.112388
754	0.113095
755	0.111593
756	0.116364
757	0.112695
758	0.112747
759	0.112845
760	0.113027
761	0.114261
762	0.114876
763	0.111737
764	0.111622
765	0.110741
766	0.117091
767	0.112713
768	0.110206
769	0.114533
770	0.112198
771	0.117205
772	0.114638
773	0.113318
774	0.114884
775	0.114709
776	0.114106
777	0.113477
778	0.112536
779	0.113564
780	0.112879
781	0.112815
782	0.113561
783	0.109836
784	0.11262
785	0.112174
786	0.114317
787	0.113827
788	0.111918
789	0.111333
790	0.112467
791	0.115733
792	0.114339
793	0.109991
794	0.112819
795	0.113907
796	0.114142
797	0.113813
798	0.11345
799	0.113607
800	0.113746
801	0.114787
802	0.113279
803	0.114511
804	0.113632
805	0.112055
806	0.112252
807	0.11305
808	0.112077
809	0.112728
810	0.112798
811	0.113116
812	0.113802
813	0.112813
814	0.11371
815	0.113381
816	0.113605
817	0.112695
818	0.110912
819	0.113334
820	0.11355
821	0.116262
822	0.113109
823	0.114067
824	0.112944
825	0.113746
826	0.114128
827	0.111526
828	0.115226
829	0.113018
830	0.114995
831	0.115664
832	0.11244
833	0.112374
834	0.114596
835	0.113386
836	0.113996
837	0.113767
838	0.11148
839	0.114304
840	0.114315
841	0.11166
842	0.114186
843	0.114933
844	0.114084
845	0.114089
846	0.114611
847	0.113725
848	0.113927
849	0.110508
850	0.113022
851	0.114232
852	0.111818
853	0.114182
854	0.113542
855	0.113912
856	0.115522
857	0.112499
858	0.110332
859	0.115275
860	0.11248
861	0.113007
862	0.110003
863	0.112407
864	0.113714
865	0.115655
866	0.112384
867	0.112917
868	0.116011
869	0.113955
870	0.111555
871	0.111866
872	0.112753
873	0.113484
874	0.112098
875	0.112975
876	0.11151
877	0.115247
878	0.111753
879	0.11135
880	0.115557
881	0.111904
882	0.111282
883	0.113885
884	0.114299
885	0.11294
886	0.115498
887	0.110914
888	0.11166
889	0.11441
890	0.113108
891	0.112326
892	0.112243
893	0.112083
894	0.11352
895	0.113618
896	0.110678
897	0.113507
898	0.109521
899	0.112674
900	0.112412
901	0.109601
902	0.112041
903	0.113721
904	0.111748
905	0.112357
906	0.114158
907	0.114417
908	0.113212
909	0.112908
910	0.112328
911	0.112188
912	0.113585
913	0.113716
914	0.111079
915	0.112789
916	0.112048
917	0.112537
918	0.111105
919	0.1142
920	0.114237
921	0.111594
922	0.114656
923	0.111768
924	0.111102
925	0.111277
926	0.112806
927	0.113897
928	0.112345
929	0.113217
930	0.113324
931	0.111532
932	0.114119
933	0.110609
934	0.113028
935	0.11396
936	0.115045
937	0.112943
938	0.114514
939	0.110818
940	0.113033
941	0.112262
942	0.109178
943	0.11111
944	0.114419
945	0.111144
946	0.111034
947	0.110658
948	0.112958
949	0.111608
950	0.11194
951	0.112754
952	0.11152
953	0.11243
954	0.112974
955	0.110809
956	0.109108
957	0.111881
958	0.112663
959	0.111697
960	0.110924
961	0.110382
962	0.113744
963	0.108802
964	0.111593
965	0.112233
966	0.112383
967	0.111183
968	0.112921
969	0.112446
970	0.108518
971	0.113346
972	0.112841
973	0.11027
974	0.111165
975	0.109259
976	0.111417
977	0.111136
978	0.113262
979	0.110976
980	0.110775
981	0.111293
982	0.111177
983	0.111434
984	0.113971
985	0.110896
986	0.109906
987	0.10905
988	0.108702
989	0.109144
990	0.110357
991	0.114708
992	0.109005
993	0.110357
994	0.108818
995	0.111661
996	0.115391
997	0.112177
998	0.109505
999	0.110142
1000	0.110821
1001	0.109875
1002	0.111296
1003	0.111544
1004	0.111397
1005	0.112479
1006	0.113035
1007	0.11126
1008	0.108726
1009	0.108041
1010	0.111578
1011	0.112583
1012	0.108806
1013	0.111816
1014	0.11207
1015	0.110523
1016	0.111563
1017	0.109911
1018	0.110693
1019	0.113696
1020	0.114994
1021	0.111627
1022	0.109588
1023	0.112534
1024	0.109707
1025	0.112642
1026	0.112379
1027	0.111788
1028	0.108977
1029	0.112298
1030	0.111338
1031	0.110694
1032	0.113174
1033	0.110164
1034	0.109574
1035	0.110498
1036	0.112003
1037	0.109382
1038	0.112966
1039	0.111684
1040	0.109234
1041	0.109248
1042	0.112386
1043	0.109242
1044	0.109969
1045	0.110863
1046	0.109682
1047	0.114006
1048	0.111012
1049	0.111932
1050	0.110164
1051	0.109465
1052	0.11184
1053	0.110819
1054	0.108944
1055	0.112806
1056	0.107664
1057	0.111732
1058	0.109648
1059	0.113672
1060	0.111655
1061	0.111892
1062	0.113662
1063	0.114775
1064	0.111201
1065	0.10946
1066	0.10808
1067	0.110942
1068	0.112677
1069	0.111592
1070	0.114611
1071	0.110244
1072	0.115069
1073	0.111575
1074	0.11213
1075	0.113039
1076	0.110772
1077	0.113598
1078	0.112783
1079	0.1129
1080	0.11222
1081	0.110909
1082	0.111485
1083	0.113249
1084	0.115273
1085	0.110968
1086	0.112166
1087	0.113002
1088	0.113445
1089	0.111038
1090	0.112891
1091	0.111976
1092	0.112274
1093	0.111761
1094	0.112977
1095	0.111771
1096	0.114339
1097	0.111823
1098	0.113662
1099	0.113642
1100	0.111974
1101	0.111942
1102	0.113671
1103	0.113249
1104	0.115658
1105	0.112432
1106	0.111521
1107	0.110586
1108	0.112405
1109	0.112424
1110	0.114203
1111	0.112093
1112	0.109949
1113	0.113657
1114	0.111156
1115	0.113687
1116	0.112882
1117	0.112002
1118	0.111865
1119	0.111372
1120	0.11173
1121	0.113632
1122	0.114213
1123	0.114844
1124	0.112389
1125	0.112554
1126	0.113901
1127	0.110514
1128	0.111381
1129	0.111049
1130	0.109364
1131	0.109879
1132	0.114065
1133	0.111388
1134	0.112578
1135	0.113496
1136	0.112335
1137	0.11317
1138	0.114636
1139	0.114184
1140	0.114539
1141	0.109142
1142	0.113564
1143	0.1123
1144	0.110269
1145	0.115556
1146	0.109213
1147	0.111667
1148	0.110947
1149	0.112228
1150	0.108638
1151	0.114108
1152	0.111758
1153	0.110756
1154	0.112744
1155	0.115432
1156	0.10921
1157	0.114537
1158	0.113398
1159	0.11196
1160	0.112283
1161	0.108565
1162	0.108645
1163	0.11323
1164	0.111212
1165	0.111638
1166	0.108476
1167	0.110276
1168	0.108639
1169	0.111462
1170	0.110505
1171	0.109969
1172	0.109768
1173	0.110909
1174	0.110646
1175	0.112037
1176	0.111226
1177	0.110099
1178	0.108388
1179	0.110261
1180	0.109036
1181	0.109736
1182	0.109934
1183	0.109989
1184	0.110731
1185	0.110428
1186	0.110564
1187	0.109971
1188	0.112423
1189	0.113094
1190	0.10977
1191	0.109083
1192	0.108991
1193	0.111133
1194	0.106674
1195	0.109903
1196	0.108692
1197	0.110828
1198	0.109971
1199	0.108306
1200	0.109723
1201	0.109427
1202	0.107598
1203	0.112388
1204	0.107575
1205	0.111858
1206	0.111859
1207	0.110419
1208	0.107428
1209	0.108862
1210	0.10706
1211	0.110807
1212	0.110981
1213	0.10991
1214	0.108993
1215	0.109088
1216	0.109165
1217	0.10748
1218	0.109722
1219	0.109557
1220	0.107943
1221	0.111647
1222	0.110923
1223	0.111173
1224	0.109215
1225	0.110134
1226	0.106092
1227	0.109415
1228	0.110608
1229	0.108739
1230	0.110635
1231	0.112192
1232	0.111219
1233	0.109354
1234	0.111238
1235	0.10976
1236	0.10799
1237	0.111224
1238	0.110188
1239	0.109758
1240	0.11032
1241	0.107091
1242	0.110045
1243	0.109907
1244	0.109885
1245	0.109507
1246	0.108956
1247	0.108042
1248	0.108814
1249	0.108383
1250	0.108378
1251	0.107086
1252	0.108839
1253	0.107391
1254	0.107234
1255	0.108655
1256	0.106477
1257	0.106328
1258	0.109187
1259	0.10956
1260	0.110631
1261	0.110434
1262	0.112091
1263	0.109244
1264	0.108882
1265	0.111437
1266	0.107715
1267	0.109808
1268	0.108331
1269	0.110412
1270	0.110222
1271	0.109595
1272	0.111532
1273	0.106792
1274	0.110262
1275	0.107992
1276	0.108661
1277	0.108727
1278	0.107327
1279	0.107139
1280	0.107984
1281	0.110069
1282	0.109562
1283	0.106032
1284	0.107182
1285	0.10843
1286	0.107027
1287	0.107657
1288	0.10954
1289	0.109209
1290	0.109177
1291	0.106664
1292	0.109205
1293	0.111395
1294	0.109213
1295	0.108718
1296	0.1104
1297	0.107857
1298	0.109992
1299	0.109521
1300	0.110325
1301	0.109467
1302	0.106928
1303	0.107884
1304	0.10903
1305	0.108208
1306	0.110902
1307	0.109284
1308	0.106428
1309	0.109591
1310	0.105619
1311	0.108253
1312	0.106232
1313	0.110695
1314	0.10683
1315	0.10879
1316	0.111046
1317	0.106535
1318	0.108845
1319	0.10935
1320	0.109679
1321	0.109627
1322	0.108738
1323	0.109571
1324	0.11075
1325	0.105509
1326	0.111588
1327	0.106426
1328	0.111039
1329	0.108407
1330	0.108943
1331	0.110727
1332	0.109639
1333	0.109711
1334	0.106817
1335	0.109251
1336	0.109816
1337	0.10787
1338	0.109089
1339	0.108454
1340	0.108392
1341	0.108175
1342	0.110884
1343	0.110576
1344	0.11026
1345	0.110437
1346	0.108468
1347	0.108942
1348	0.107265
1349	0.109945
1350	0.108387
1351	0.107843
1352	0.10814
1353	0.107356
1354	0.112013
1355	0.108824
1356	0.10687
1357	0.108528
1358	0.109327
1359	0.109256
1360	0.109459
1361	0.108327
1362	0.106149
1363	0.108595
1364	0.108446
1365	0.108059
1366	0.110945
1367	0.110206
1368	0.108607
1369	0.105934
1370	0.108132
1371	0.110955
1372	0.106428
1373	0.109723
1374	0.1087
1375	0.108047
1376	0.106562
1377	0.108373
1378	0.106927
1379	0.107379
1380	0.106493
1381	0.107587
1382	0.109574
1383	0.106545
1384	0.106744
1385	0.10708
1386	0.108562
1387	0.107772
1388	0.109778
1389	0.107999
1390	0.110051
1391	0.107903
1392	0.111617
1393	0.108148
1394	0.10834
1395	0.107535
1396	0.107729
1397	0.10785
1398	0.107552
1399	0.108876
1400	0.108032
1401	0.10874
1402	0.108372
1403	0.112161
1404	0.11015
1405	0.107997
1406	0.1069
1407	0.107058
1408	0.110251
1409	0.110131
1410	0.112506
1411	0.108959
1412	0.108997
1413	0.111072
1414	0.111206
1415	0.106988
1416	0.108807
1417	0.107308
1418	0.109693
1419	0.107246
1420	0.107634
1421	0.110303
1422	0.110039
1423	0.11256
1424	0.109458
1425	0.110112
1426	0.107389
1427	0.108793
1428	0.106408
1429	0.110578
1430	0.109172
1431	0.107334
1432	0.106876
1433	0.106544
1434	0.104836
1435	0.111351
1436	0.107692
1437	0.108463
1438	0.109854
1439	0.10742
1440	0.108897
1441	0.108137
1442	0.10933
1443	0.105906
1444	0.105019
1445	0.106404
1446	0.11079
1447	0.10784
1448	0.107597
1449	0.108921
1450	0.106219
1451	0.107856
1452	0.105562
1453	0.107999
1454	0.109604
1455	0.108364
1456	0.109205
1457	0.108801
1458	0.11028
1459	0.108124
1460	0.108287
1461	0.107519
1462	0.106389
1463	0.108562
1464	0.107964
1465	0.107388
1466	0.105996
1467	0.107159
1468	0.104701
1469	0.107097
1470	0.107642
1471	0.106689
1472	0.105925
1473	0.106215
1474	0.107312
1475	0.104596
1476	0.106543
1477	0.108326
1478	0.106024
1479	0.107984
1480	0.105878
1481	0.106546
1482	0.105361
1483	0.110144
1484	0.106591
1485	0.105645
1486	0.108574
1487	0.107557
1488	0.109953
1489	0.108684
1490	0.108244
1491	0.104685
1492	0.106377
1493	0.105357
1494	0.107486
1495	0.107181
1496	0.107174
1497	0.106281
1498	0.107094
1499	0.106216
1500	0.108033
1501	0.107377
1502	0.107688
1503	0.107728
1504	0.107805
1505	0.107729
1506	0.107462
1507	0.106187
1508	0.107903
1509	0.107547
1510	0.107583
1511	0.106392
1512	0.106489
1513	0.106211
1514	0.107809
1515	0.108578
1516	0.106416
1517	0.108803
1518	0.106056
1519	0.106929
1520	0.105964
1521	0.108197
1522	0.104283
1523	0.108042
1524	0.106864
1525	0.108065
1526	0.107489
1527	0.105964
1528	0.106262
1529	0.108982
1530	0.106797
1531	0.106377
1532	0.106122
1533	0.107602
1534	0.106
1535	0.107418
1536	0.106782
1537	0.106987
1538	0.106692
1539	0.10779
1540	0.107443
1541	0.105979
1542	0.107041
1543	0.107227
1544	0.109394
1545	0.104803
1546	0.110896
1547	0.105628
1548	0.106929
1549	0.106208
1550	0.108375
1551	0.107754
1552	0.106318
1553	0.108508
1554	0.107433
1555	0.104844
1556	0.106224
1557	0.105545
1558	0.107569
1559	0.10579
1560	0.107843
1561	0.107911
1562	0.108938
1563	0.107362
1564	0.107348
1565	0.106134
1566	0.106977
1567	0.109065
1568	0.106729
1569	0.107192
1570	0.107245
1571	0.104919
1572	0.105738
1573	0.107619
1574	0.106656
1575	0.106396
1576	0.105175
1577	0.108962
1578	0.107369
1579	0.106567
1580	0.106401
1581	0.107771
1582	0.106947
1583	0.108337
1584	0.105052
1585	0.109468
1586	0.106246
1587	0.105424
1588	0.105342
1589	0.107235
1590	0.108076
1591	0.105171
1592	0.110191
1593	0.103956
1594	0.104598
1595	0.106351
1596	0.106381
1597	0.107805
1598	0.104678
1599	0.109026
1600	0.105002
1601	0.10426
1602	0.106163
1603	0.106495
1604	0.105544
1605	0.10863
1606	0.108321
1607	0.107916
1608	0.104133
1609	0.105765
1610	0.106338
1611	0.105637
1612	0.106512
1613	0.108574
1614	0.107961
1615	0.103393
1616	0.103684
1617	0.104817
1618	0.104394
1619	0.106068
1620	0.105717
1621	0.106837
1622	0.10618
1623	0.107032
1624	0.104293
1625	0.106634
1626	0.104029
1627	0.103069
1628	0.109441
1629	0.10526
1630	0.106631
1631	0.106239
1632	0.104983
1633	0.105732
1634	0.104038
1635	0.10703
1636	0.108316
1637	0.107207
1638	0.108328
1639	0.106167
1640	0.104001
1641	0.105189
1642	0.106564
1643	0.107635
1644	0.106785
1645	0.105439
1646	0.106985
1647	0.106741
1648	0.104766
1649	0.105144
1650	0.106316
1651	0.104457
1652	0.105732
1653	0.104794
1654	0.10654
1655	0.106104
1656	0.104353
1657	0.1072
1658	0.107054
1659	0.107588
1660	0.10677
1661	0.106018
1662	0.105825
1663	0.107062
1664	0.106943
1665	0.104561
1666	0.105882
1667	0.103852
1668	0.105208
1669	0.107331
1670	0.104255
1671	0.106923
1672	0.104724
1673	0.105055
1674	0.106275
1675	0.104627
1676	0.106336
1677	0.107085
1678	0.108107
1679	0.106542
1680	0.104692
1681	0.104966
1682	0.105476
1683	0.106819
1684	0.106956
1685	0.105504
1686	0.107435
1687	0.106278
1688	0.10665
1689	0.106469
1690	0.106288
1691	0.105147
1692	0.106323
1693	0.107624
1694	0.108356
1695	0.107281
1696	0.107488
1697	0.105591
1698	0.107882
1699	0.105292
1700	0.106476
1701	0.106962
1702	0.105806
1703	0.107696
1704	0.108004
1705	0.10732
1706	0.109557
1707	0.105238
1708	0.106587
1709	0.107582
1710	0.10489
1711	0.108248
1712	0.10726
1713	0.107333
1714	0.106153
1715	0.107693
1716	0.107054
1717	0.106995
1718	0.108609
1719	0.107429
1720	0.108149
1721	0.107744
1722	0.10952
1723	0.107611
1724	0.104508
1725	0.10687
1726	0.107806
1727	0.106848
1728	0.106551
1729	0.106688
1730	0.108316
1731	0.106495
1732	0.10787
1733	0.105173
1734	0.107191
1735	0.106237
1736	0.105984
1737	0.109659
1738	0.108475
1739	0.10525
1740	0.104815
1741	0.10675
1742	0.10583
1743	0.107335
1744	0.106337
1745	0.108097
1746	0.107626
1747	0.109711
1748	0.106435
1749	0.105241
1750	0.105941
1751	0.107484
1752	0.106238
1753	0.103988
1754	0.106749
1755	0.105614
1756	0.105825
1757	0.106525
1758	0.108363
1759	0.105858
1760	0.105507
1761	0.109046
1762	0.108106
1763	0.107512
1764	0.105119
1765	0.108402
1766	0.108628
1767	0.105134
1768	0.106776
1769	0.105281
1770	0.107091
1771	0.104899
1772	0.106331
1773	0.105865
1774	0.104875
1775	0.106487
1776	0.106601
1777	0.105713
1778	0.106714
1779	0.104919
1780	0.110185
1781	0.10706
1782	0.110196
1783	0.105959
1784	0.10629
1785	0.105901
1786	0.104529
1787	0.110339
1788	0.108619
1789	0.105726
1790	0.104145
1791	0.105978
1792	0.106633
1793	0.106714
1794	0.105924
1795	0.104808
1796	0.106778
1797	0.107321
1798	0.106464
1799	0.107665
1800	0.107645
1801	0.106362
1802	0.106248
1803	0.104439
1804	0.104091
1805	0.105908
1806	0.106369
1807	0.104747
1808	0.107218
1809	0.106758
1810	0.105703
1811	0.108755
1812	0.106424
1813	0.104092
1814	0.102451
1815	0.105717
1816	0.105579
1817	0.106828
1818	0.106221
1819	0.104717
1820	0.103506
1821	0.106668
1822	0.106234
1823	0.105017
1824	0.105729
1825	0.10541
1826	0.108542
1827	0.106205
1828	0.106312
1829	0.10526
1830	0.108158
1831	0.107129
1832	0.106502
1833	0.107358
1834	0.110049
1835	0.107341
1836	0.105303
1837	0.106654
1838	0.104943
1839	0.104761
1840	0.107032
1841	0.102659
1842	0.106798
1843	0.104856
1844	0.103716
1845	0.107854
1846	0.107586
1847	0.10395
1848	0.104466
1849	0.104732
1850	0.105073
1851	0.108122
1852	0.103726
1853	0.103798
1854	0.106536
1855	0.105413
1856	0.105123
1857	0.106484
1858	0.104386
1859	0.107446
1860	0.105403
1861	0.105419
1862	0.10693
1863	0.104144
1864	0.104798
1865	0.105624
1866	0.107063
1867	0.10691
1868	0.106763
1869	0.104119
1870	0.104871
1871	0.104431
1872	0.10516
1873	0.10517
1874	0.105031
1875	0.105998
1876	0.105027
1877	0.105801
1878	0.104987
1879	0.105309
1880	0.104367
1881	0.103009
1882	0.106502
1883	0.104187
1884	0.107143
1885	0.106037
1886	0.104454
1887	0.10635
1888	0.102664
1889	0.107742
1890	0.105557
1891	0.106468
1892	0.105659
1893	0.105926
1894	0.106441
1895	0.106809
1896	0.104154
1897	0.108
1898	0.104058
1899	0.107271
1900	0.105304
1901	0.107458
1902	0.104644
1903	0.106281
1904	0.106599
1905	0.104823
1906	0.106661
1907	0.106875
1908	0.106544
1909	0.106015
1910	0.106763
1911	0.106525
1912	0.107996
1913	0.105081
1914	0.105601
1915	0.105453
1916	0.10566
1917	0.10799
1918	0.107689
1919	0.104141
1920	0.105322
1921	0.107598
1922	0.105473
1923	0.104777
1924	0.108239
1925	0.106629
1926	0.108622
1927	0.10591
1928	0.106161
1929	0.105538
1930	0.105548
1931	0.107182
1932	0.10616
1933	0.10706
1934	0.105923
1935	0.104372
1936	0.105317
1937	0.106966
1938	0.107667
1939	0.106626
1940	0.106263
1941	0.105452
1942	0.107481
1943	0.109176
1944	0.107274
1945	0.10793
1946	0.104373
1947	0.107593
1948	0.106765
1949	0.107816
1950	0.108726
1951	0.10825
1952	0.105672
1953	0.104995
1954	0.108983
1955	0.106289
1956	0.106413
1957	0.106647
1958	0.106603
1959	0.107268
1960	0.107876
1961	0.109533
1962	0.104633
1963	0.105464
1964	0.105677
1965	0.104047
1966	0.105029
1967	0.10524
1968	0.106071
1969	0.103732
1970	0.105238
1971	0.105695
1972	0.104773
1973	0.105347
1974	0.107538
1975	0.105461
1976	0.103156
1977	0.107751
1978	0.104895
1979	0.10693
1980	0.106306
1981	0.105674
1982	0.105518
1983	0.109009
1984	0.107087
1985	0.104165
1986	0.104383
1987	0.103801
1988	0.108608
1989	0.105329
1990	0.105601
1991	0.107226
1992	0.105062
1993	0.10511
1994	0.102147
1995	0.102844
1996	0.103571
1997	0.106531
1998	0.104469
1999	0.106211
2000	0.106812
2001	0.106056
2002	0.104615
2003	0.106821
2004	0.102599
2005	0.104636
2006	0.104629
2007	0.105745
2008	0.10343
2009	0.101521
2010	0.103442
2011	0.105482
2012	0.103419
2013	0.10717
2014	0.104576
2015	0.108379
2016	0.104911
2017	0.103548
2018	0.106802
2019	0.105097
2020	0.105303
2021	0.104965
2022	0.1042
2023	0.104867
2024	0.106809
2025	0.104973
2026	0.103073
2027	0.106356
2028	0.102377
2029	0.106781
2030	0.105773
2031	0.104098
2032	0.102199
2033	0.104141
2034	0.10444
2035	0.102726
2036	0.103684
2037	0.103008
2038	0.105157
2039	0.105339
2040	0.102228
2041	0.105879
2042	0.104218
2043	0.105632
2044	0.104163
2045	0.103389
2046	0.105928
2047	0.104356
2048	0.101641
2049	0.102611
2050	0.10569
2051	0.10451
2052	0.106224
2053	0.104457
2054	0.103963
2055	0.103584
2056	0.10554
2057	0.102689
2058	0.106174
2059	0.10095
2060	0.104522
2061	0.104717
2062	0.104289
2063	0.105039
2064	0.102545
2065	0.10676
2066	0.104113
2067	0.103327
2068	0.103601
2069	0.102957
2070	0.105612
2071	0.104798
2072	0.102395
2073	0.105001
2074	0.104351
2075	0.102049
2076	0.101759
2077	0.102497
2078	0.105941
2079	0.103272
2080	0.104274
2081	0.10114
2082	0.103657
2083	0.105166
2084	0.104227
2085	0.10378
2086	0.101097
2087	0.103887
2088	0.10353
2089	0.103568
2090	0.0999502
2091	0.102307
2092	0.104443
2093	0.104243
2094	0.105049
2095	0.102111
2096	0.103501
2097	0.103063
2098	0.104039
2099	0.102743
2100	0.102715
2101	0.102036
2102	0.103943
2103	0.104939
2104	0.101681
2105	0.103484
2106	0.103178
2107	0.1044
2108	0.104858
2109	0.104721
2110	0.102859
2111	0.104493
2112	0.1018
2113	0.105989
2114	0.103047
2115	0.106144
2116	0.102427
2117	0.102566
2118	0.10485
2119	0.103983
2120	0.102768
2121	0.102493
2122	0.101338
2123	0.103197
2124	0.101967
2125	0.101437
2126	0.103994
2127	0.101887
2128	0.101537
2129	0.101828
2130	0.10477
2131	0.102582
2132	0.102937
2133	0.103216
2134	0.0986924
2135	0.10056
2136	0.102094
2137	0.101471
2138	0.10272
2139	0.101881
2140	0.102962
2141	0.103497
2142	0.10018
2143	0.102853
2144	0.101962
2145	0.102334
2146	0.102562
2147	0.102561
2148	0.103857
2149	0.10432
2150	0.104213
2151	0.103596
2152	0.103592
2153	0.103083
2154	0.100874
2155	0.103364
2156	0.103276
2157	0.104795
2158	0.101652
2159	0.10254
2160	0.102651
2161	0.102062
2162	0.104461
2163	0.101702
2164	0.102953
2165	0.10441
2166	0.103935
2167	0.10386
2168	0.107237
2169	0.103752
2170	0.104557
2171	0.103464
2172	0.104118
2173	0.104042
2174	0.105755
2175	0.103334
2176	0.10297
2177	0.102966
2178	0.10676
2179	0.101568
2180	0.103441
2181	0.105009
2182	0.105023
2183	0.106754
2184	0.104105
2185	0.102622
2186	0.106319
2187	0.103563
2188	0.106373
2189	0.10302
2190	0.106529
2191	0.10129
2192	0.102987
2193	0.100851
2194	0.104599
2195	0.102974
2196	0.103578
2197	0.104072
2198	0.104421
2199	0.101067
2200	0.101491
2201	0.104555
2202	0.103169
2203	0.103805
2204	0.103709
2205	0.10222
2206	0.104521
2207	0.103609
2208	0.104811
2209	0.101291
2210	0.105232
2211	0.105992
2212	0.103512
2213	0.105987
2214	0.107713
2215	0.102329
2216	0.103288
2217	0.101939
2218	0.104757
2219	0.103332
2220	0.102242
2221	0.107037
2222	0.105081
2223	0.101374
2224	0.107537
2225	0.104716
2226	0.103526
2227	0.101462
2228	0.102875
2229	0.103446
2230	0.103619
2231	0.102799
2232	0.106005
2233	0.104327
2234	0.104674
2235	0.105153
2236	0.103942
2237	0.10465
2238	0.101023
2239	0.101497
2240	0.10383
2241	0.104696
2242	0.103319
2243	0.105259
2244	0.104743
2245	0.107194
2246	0.105745
2247	0.105229
2248	0.105526
2249	0.103671
2250	0.106641
2251	0.102826
2252	0.104662
2253	0.105511
2254	0.104799
2255	0.104269
2256	0.104192
2257	0.105749
2258	0.102486
2259	0.102893
2260	0.102947
2261	0.103868
2262	0.10402
2263	0.102335
2264	0.101996
2265	0.104675
2266	0.104506
2267	0.104135
2268	0.101952
2269	0.104312
2270	0.103112
2271	0.104471
2272	0.10332
2273	0.104375
2274	0.10524
2275	0.105731
2276	0.104279
2277	0.106372
2278	0.103399
2279	0.105982
2280	0.0995651
2281	0.103425
2282	0.102054
2283	0.105758
2284	0.102312
2285	0.103225
2286	0.103738
2287	0.107502
2288	0.101538
2289	0.102432
2290	0.101883
2291	0.104185
2292	0.104049
2293	0.100902
2294	0.104253
2295	0.103757
2296	0.103861
2297	0.103514
2298	0.103825
2299	0.101888
2300	0.101844
2301	0.101768
2302	0.102567
2303	0.10156
2304	0.0997485
2305	0.102188
2306	0.100046
2307	0.101413
2308	0.104083
2309	0.100007
2310	0.103194
2311	0.10325
2312	0.103358
2313	0.1023
2314	0.102817
2315	0.103613
2316	0.101311
2317	0.102326
2318	0.102472
2319	0.102045
2320	0.103331
2321	0.0998189
2322	0.103544
2323	0.103117
2324	0.101454
2325	0.0996072
2326	0.100731
2327	0.103003
2328	0.101411
2329	0.100455
2330	0.10191
2331	0.103208
2332	0.100398
2333	0.101804
2334	0.10247
2335	0.105383
2336	0.102529
2337	0.100335
2338	0.103619
2339	0.103559
2340	0.101938
2341	0.101015
2342	0.101415
2343	0.101867
2344	0.103299
2345	0.102202
2346	0.101966
2347	0.10126
2348	0.102058
2349	0.103903
2350	0.102587
2351	0.10341
2352	0.102963
2353	0.101838
2354	0.102866
2355	0.103844
2356	0.100389
2357	0.102428
2358	0.100972
2359	0.10333
2360	0.102834
2361	0.103097
2362	0.103705
2363	0.102001
2364	0.102966
2365	0.103178
2366	0.105073
2367	0.101385
2368	0.103229
2369	0.101947
2370	0.102114
2371	0.102921
2372	0.103441
2373	0.101997
2374	0.10159
2375	0.101196
2376	0.102014
2377	0.104935
2378	0.101608
2379	0.104134
2380	0.102846
2381	0.101552
2382	0.103885
2383	0.103433
2384	0.104521
2385	0.101242
2386	0.102606
2387	0.10069
2388	0.10238
2389	0.10263
2390	0.103217
2391	0.102568
2392	0.101025
2393	0.101065
2394	0.103016
2395	0.103557
2396	0.101737
2397	0.100849
2398	0.104318
2399	0.103093
2400	0.105204
2401	0.101946
2402	0.102234
2403	0.101216
2404	0.105473
2405	0.102782
2406	0.0997573
2407	0.102144
2408	0.102217
2409	0.102231
2410	0.104609
2411	0.103747
2412	0.102696
2413	0.102301
2414	0.101645
2415	0.101798
2416	0.105077
2417	0.102041
2418	0.103517
2419	0.103386
2420	0.10451
2421	0.10396
2422	0.105111
2423	0.10382
2424	0.102083
2425	0.101799
2426	0.100629
2427	0.105418
2428	0.100638
2429	0.102282
2430	0.103147
2431	0.106426
2432	0.104921
2433	0.103409
2434	0.104977
2435	0.104363
2436	0.103545
2437	0.10336
2438	0.105402
2439	0.101612
2440	0.104898
2441	0.103763
2442	0.104874
2443	0.102935
2444	0.102982
2445	0.105935
2446	0.104978
2447	0.103131
2448	0.104209
2449	0.10574
2450	0.105958
2451	0.10516
2452	0.104057
2453	0.101105
2454	0.105368
2455	0.103019
2456	0.102934
2457	0.105093
2458	0.105937
2459	0.103003
2460	0.105658
2461	0.103849
2462	0.106261
2463	0.106332
2464	0.101949
2465	0.104234
2466	0.102807
2467	0.104495
2468	0.103232
2469	0.104981
2470	0.10426
2471	0.105967
2472	0.105886
2473	0.105559
2474	0.102705
2475	0.104523
2476	0.103515
2477	0.103458
2478	0.104897
2479	0.103163
2480	0.103757
2481	0.104474
2482	0.105469
2483	0.103582
2484	0.103781
2485	0.102505
2486	0.102956
2487	0.106154
2488	0.103001
2489	0.103276
2490	0.102348
2491	0.102494
2492	0.101398
2493	0.103127
2494	0.10775
2495	0.105276
2496	0.102467
2497	0.101188
2498	0.102038
2499	0.104375
2500	0.104349
2501	0.103037
2502	0.105714
2503	0.104351
2504	0.104276
2505	0.100698
2506	0.105451
2507	0.102479
2508	0.103875
2509	0.103533
2510	0.103907
2511	0.103141
2512	0.103326
2513	0.104421
2514	0.100068
2515	0.102722
2516	0.104266
2517	0.103177
2518	0.104571
2519	0.100282
2520	0.102969
2521	0.101261
2522	0.101576
2523	0.107235
2524	0.101293
2525	0.105566
2526	0.107054
2527	0.104969
2528	0.10507
2529	0.102935
2530	0.10422
2531	0.104427
2532	0.104241
2533	0.102071
2534	0.102832
2535	0.102687
2536	0.103048
2537	0.102725
2538	0.101987
2539	0.102946
2540	0.103772
2541	0.103664
2542	0.106846
2543	0.103558
2544	0.102333
2545	0.101075
2546	0.104367
2547	0.0992526
2548	0.10012
2549	0.101385
2550	0.103009
2551	0.0996485
2552	0.102583
2553	0.103918
2554	0.104567
2555	0.103578
2556	0.100619
2557	0.10218
2558	0.103496
2559	0.101263
2560	0.102553
2561	0.101733
2562	0.101997
2563	0.102191
2564	0.105586
2565	0.102233
2566	0.10426
2567	0.102924
2568	0.106153
2569	0.104018
2570	0.103161
2571	0.103821
2572	0.101316
2573	0.104525
2574	0.102081
2575	0.105973
2576	0.104073
2577	0.101793
2578	0.102717
2579	0.103206
2580	0.104666
2581	0.102884
2582	0.103517
2583	0.105033
2584	0.101638
2585	0.102747
2586	0.106115
2587	0.103828
2588	0.103501
2589	0.101829
2590	0.101886
2591	0.102414
2592	0.102327
2593	0.10504
2594	0.10518
2595	0.102997
2596	0.103775
2597	0.102313
2598	0.104506
2599	0.103463
2600	0.101788
2601	0.105115
2602	0.103769
2603	0.105149
2604	0.105097
2605	0.10372
2606	0.105776
2607	0.102986
2608	0.104086
2609	0.102789
2610	0.105068
2611	0.105827
2612	0.101626
2613	0.102401
2614	0.101323
2615	0.101151
2616	0.102723
2617	0.102778
2618	0.0982641
2619	0.100927
2620	0.102862
2621	0.102522
2622	0.10225
2623	0.100466
2624	0.102334
2625	0.103721
2626	0.103158
2627	0.10424
2628	0.10484
2629	0.105593
2630	0.104976
2631	0.105836
2632	0.103105
2633	0.102521
2634	0.103093
2635	0.105518
2636	0.10137
2637	0.102823
2638	0.102007
2639	0.102878
2640	0.101516
2641	0.10334
2642	0.103157
2643	0.101661
2644	0.106188
2645	0.101217
2646	0.101019
2647	0.102446
2648	0.103592
2649	0.104474
2650	0.102152
2651	0.101481
2652	0.100335
2653	0.100493
2654	0.103056
2655	0.103388
2656	0.104454
2657	0.101311
2658	0.103038
2659	0.103022
2660	0.101532
2661	0.102477
2662	0.103511
2663	0.103045
2664	0.102478
2665	0.0995607
2666	0.100243
2667	0.105454
2668	0.101647
2669	0.101258
2670	0.10276
2671	0.0996474
2672	0.10352
2673	0.100861
2674	0.102146
2675	0.102217
2676	0.103088
2677	0.103959
2678	0.100895
2679	0.100965
2680	0.0994733
2681	0.100339
2682	0.0993957
2683	0.100482
2684	0.101612
2685	0.100778
2686	0.100598
2687	0.101031
2688	0.101947
2689	0.101328
2690	0.102089
2691	0.101067
2692	0.0999804
2693	0.102132
2694	0.102228
2695	0.100081
2696	0.101529
2697	0.0999273
2698	0.103114
2699	0.101425
2700	0.101613
2701	0.101815
2702	0.101029
2703	0.100864
2704	0.100021
2705	0.100122
2706	0.0998326
2707	0.101731
2708	0.102039
2709	0.0982245
2710	0.101666
2711	0.101946
2712	0.0997986
2713	0.10031
2714	0.100319
2715	0.098578
2716	0.0999954
2717	0.0992113
2718	0.100155
2719	0.101095
2720	0.0983292
2721	0.102657
2722	0.102213
2723	0.102602
2724	0.103524
2725	0.102847
2726	0.100115
2727	0.102661
2728	0.0998189
2729	0.102443
2730	0.0987078
2731	0.102497
2732	0.100119
2733	0.100146
2734	0.100271
2735	0.101483
2736	0.0996779
2737	0.102123
2738	0.101269
2739	0.100788
2740	0.0994781
2741	0.10075
2742	0.102039
2743	0.103284
2744	0.10021
2745	0.101561
2746	0.101416
2747	0.103752
2748	0.102625
2749	0.100465
2750	0.104152
2751	0.102702
2752	0.102985
2753	0.101536
2754	0.100669
2755	0.102995
2756	0.100527
2757	0.103178
2758	0.102809
2759	0.102703
2760	0.10487
2761	0.101729
2762	0.10197
2763	0.101468
2764	0.103219
2765	0.101936
2766	0.102188
2767	0.102285
2768	0.100199
2769	0.101051
2770	0.103094
2771	0.102048
2772	0.098273
2773	0.102129
2774	0.10213
2775	0.100078
2776	0.104722
2777	0.100338
2778	0.0992521
2779	0.101968
2780	0.103162
2781	0.103404
2782	0.102627
2783	0.101673
2784	0.10098
2785	0.101464
2786	0.0985075
2787	0.102608
2788	0.101585
2789	0.102518
2790	0.104152
2791	0.100642
2792	0.10389
2793	0.101101
2794	0.100615
2795	0.0996136
2796	0.103783
2797	0.102299
2798	0.101985
2799	0.102413
2800	0.100097
2801	0.100351
2802	0.101856
2803	0.0995452
2804	0.101785
2805	0.101376
2806	0.101525
2807	0.102386
2808	0.101931
2809	0.102628
2810	0.0998233
2811	0.0998541
2812	0.103014
2813	0.100141
2814	0.100674
2815	0.102779
2816	0.0981941
2817	0.100579
2818	0.0994249
2819	0.0999637
2820	0.0998258
2821	0.102034
2822	0.101004
2823	0.101786
2824	0.0994187
2825	0.100573
2826	0.103204
2827	0.103929
2828	0.0998558
2829	0.102693
2830	0.10166
2831	0.100034
2832	0.0996038
2833	0.0993898
2834	0.099256
2835	0.0988972
2836	0.100464
2837	0.102882
2838	0.0986562
2839	0.101289
2840	0.100181
2841	0.100226
2842	0.100278
2843	0.103633
2844	0.100361
2845	0.100545
2846	0.101693
2847	0.101212
2848	0.0992016
2849	0.101836
2850	0.102185
2851	0.0997471
2852	0.101297
2853	0.101658
2854	0.10211
2855	0.102541
2856	0.100995
2857	0.101408
2858	0.100385
2859	0.0988841
2860	0.103552
2861	0.100211
2862	0.100381
2863	0.100572
2864	0.102207
2865	0.100314
2866	0.102024
2867	0.100094
2868	0.0991438
2869	0.100326
2870	0.100741
2871	0.100735
2872	0.10299
2873	0.0999663
2874	0.101611
2875	0.100455
2876	0.0997014
2877	0.10167
2878	0.101915
2879	0.101072
2880	0.101659
2881	0.101808
2882	0.0993638
2883	0.10277
2884	0.099422
2885	0.0983044
2886	0.100083
2887	0.0970092
2888	0.0974043
2889	0.100108
2890	0.100126
2891	0.0997697
2892	0.102965
2893	0.10138
2894	0.100943
2895	0.100589
2896	0.100756
2897	0.0990838
2898	0.0988449
2899	0.101637
2900	0.100132
2901	0.10159
2902	0.101254
2903	0.0994425
2904	0.0988969
2905	0.103575
2906	0.0982895
2907	0.102356
2908	0.103072
2909	0.101203
2910	0.100379
2911	0.102587
2912	0.102166
2913	0.102683
2914	0.102908
2915	0.102588
2916	0.0989617
2917	0.101573
2918	0.0996057
2919	0.102394
2920	0.101796
2921	0.101997
2922	0.0981124
2923	0.100088
2924	0.103515
2925	0.102127
2926	0.101519
2927	0.101791
2928	0.0981671
2929	0.099895
2930	0.102065
2931	0.10287
2932	0.100579
2933	0.102508
2934	0.0995681
2935	0.10055
2936	0.0996254
2937	0.0981119
2938	0.097345
2939	0.102631
2940	0.0981564
2941	0.0984568
2942	0.0972356
2943	0.0991445
2944	0.0979543
2945	0.0986702
2946	0.101973
2947	0.100646
2948	0.0994048
2949	0.0986983
2950	0.100265
2951	0.0983572
2952	0.100622
2953	0.0978632
2954	0.0966338
2955	0.0978902
2956	0.097189
2957	0.0975955
2958	0.0987852
2959	0.0965938
2960	0.0985073
2961	0.099831
2962	0.0976334
2963	0.0986437
2964	0.101133
2965	0.0990596
2966	0.101037
2967	0.101412
2968	0.098904
2969	0.0981415
2970	0.0991992
2971	0.0994536
2972	0.100514
2973	0.100906
2974	0.100414
2975	0.0988294
2976	0.0993955
2977	0.0980613
2978	0.102995
2979	0.0976512
2980	0.0996074
2981	0.100075
2982	0.101064
2983	0.100692
2984	0.100238
2985	0.101523
2986	0.101593
2987	0.100674
2988	0.0996134
2989	0.101437
2990	0.10038
2991	0.100442
2992	0.101989
2993	0.100824
2994	0.101141
2995	0.0994126
2996	0.101698
2997	0.0996155
2998	0.103027
2999	0.101692
3000	0.101046
3001	0.101456
3002	0.100094
3003	0.100769
3004	0.0996696
3005	0.10176
3006	0.100194
3007	0.101027
3008	0.101746
3009	0.101809
3010	0.0988824
3011	0.10267
3012	0.100742
3013	0.102615
3014	0.103701
3015	0.102554
3016	0.0985545
3017	0.101504
3018	0.100435
3019	0.101343
3020	0.100946
3021	0.101211
3022	0.104661
3023	0.101899
3024	0.100593
3025	0.101072
3026	0.102268
3027	0.102258
3028	0.101976
3029	0.102648
3030	0.0998911
3031	0.102486
3032	0.100372
3033	0.101889
3034	0.10029
3035	0.102494
3036	0.103212
3037	0.0993154
3038	0.103434
3039	0.102065
3040	0.101962
3041	0.0990494
3042	0.10068
3043	0.100852
3044	0.103084
3045	0.0996226
3046	0.100798
3047	0.100148
3048	0.103091
3049	0.100772
3050	0.101248
3051	0.102105
3052	0.101746
3053	0.100987
3054	0.101105
3055	0.0983644
3056	0.101773
3057	0.101277
3058	0.102357
3059	0.10188
3060	0.101766
3061	0.0995486
3062	0.100795
3063	0.100679
3064	0.103559
3065	0.0987986
3066	0.101827
3067	0.100445
3068	0.101053
3069	0.100111
3070	0.100886
3071	0.10077
3072	0.101782
3073	0.100258
3074	0.100915
3075	0.102827
3076	0.099198
3077	0.0990048
3078	0.0984861
3079	0.101616
3080	0.101216
3081	0.100855
3082	0.0989862
3083	0.101334
3084	0.102235
3085	0.102177
3086	0.0997739
3087	0.103093
3088	0.10231
3089	0.100157
3090	0.099458
3091	0.0997441
3092	0.101434
3093	0.100375
3094	0.10133
3095	0.0995185
3096	0.100652
3097	0.101444
3098	0.100638
3099	0.100986
3100	0.100317
3101	0.1024
3102	0.0962283
3103	0.101266
3104	0.0979647
3105	0.0986968
3106	0.10061
3107	0.10085
3108	0.102423
3109	0.0983782
3110	0.100274
3111	0.0987617
3112	0.101835
3113	0.0993225
3114	0.0987589
3115	0.100905
3116	0.0985497
3117	0.100078
3118	0.0980965
3119	0.101744
3120	0.1003
3121	0.100243
3122	0.102744
3123	0.102806
3124	0.101346
3125	0.100967
3126	0.10225
3127	0.102893
3128	0.102596
3129	0.101685
3130	0.101335
3131	0.104292
3132	0.102572
3133	0.101267
3134	0.102012
3135	0.0991908
3136	0.100152
3137	0.0993759
3138	0.101164
3139	0.101695
3140	0.102522
3141	0.101578
3142	0.10143
3143	0.103072
3144	0.100453
3145	0.102566
3146	0.100214
3147	0.103244
3148	0.102438
3149	0.105323
3150	0.100895
3151	0.0991285
3152	0.101548
3153	0.101601
3154	0.100784
3155	0.102402
3156	0.0988864
3157	0.0991072
3158	0.101074
3159	0.102548
3160	0.099632
3161	0.099914
3162	0.100813
3163	0.100148
3164	0.098006
3165	0.0995452
3166	0.0993505
3167	0.100403
3168	0.0993918
3169	0.0994653
3170	0.0986114
3171	0.0998404
3172	0.098431
3173	0.100287
3174	0.0996295
3175	0.100099
3176	0.0981269
3177	0.102852
3178	0.100724
3179	0.102235
3180	0.10219
3181	0.101133
3182	0.101304
3183	0.101738
3184	0.099355
3185	0.101953
3186	0.100287
3187	0.100764
3188	0.100369
3189	0.0959204
3190	0.0994781
3191	0.0993314
3192	0.0986677
3193	0.102381
3194	0.0993109
3195	0.0980278
3196	0.0994236
3197	0.100793
3198	0.0993779
3199	0.101186
3200	0.0978013
3201	0.0963403
3202	0.100081
3203	0.0979974
3204	0.0999218
3205	0.0986005
3206	0.0994613
3207	0.0983807
3208	0.0989844
3209	0.0983265
3210	0.0971155
3211	0.10027
3212	0.100281
3213	0.0993174
3214	0.101026
3215	0.0996909
3216	0.0972479
3217	0.101278
3218	0.100338
3219	0.0987452
3220	0.0988784
3221	0.09671
3222	0.0965697
3223	0.0977888
3224	0.0972185
3225	0.0997204
3226	0.0967295
3227	0.0976757
3228	0.0967601
3229	0.0994996
3230	0.0982555
3231	0.100836
3232	0.100114
3233	0.100451
3234	0.0990492
3235	0.100998
3236	0.0995228
3237	0.0970626
3238	0.0986019
3239	0.0998574
3240	0.0999287
3241	0.10111
3242	0.0974467
3243	0.0977193
3244	0.0997053
3245	0.102128
3246	0.101734
3247	0.0981484
3248	0.0989719
3249	0.0984569
3250	0.0988516
3251	0.0966849
3252	0.0963223
3253	0.100798
3254	0.0993179
3255	0.0994555
3256	0.101687
3257	0.102168
3258	0.0985747
3259	0.0987257
3260	0.0981162
3261	0.101863
3262	0.0997032
3263	0.10012
3264	0.101082
3265	0.099798
3266	0.100389
3267	0.100503
3268	0.101442
3269	0.101019
3270	0.101602
3271	0.102875
3272	0.102606
3273	0.104717
3274	0.099749
3275	0.0995202
3276	0.10111
3277	0.103158
3278	0.10058
3279	0.100898
3280	0.100448
3281	0.101274
3282	0.102294
3283	0.101996
3284	0.098987
3285	0.102492
3286	0.101856
3287	0.0991201
3288	0.102694
3289	0.103
3290	0.103087
3291	0.101519
3292	0.101876
3293	0.101954
3294	0.101243
3295	0.103329
3296	0.102804
3297	0.103265
3298	0.101869
3299	0.1026
3300	0.101492
3301	0.102341
3302	0.104532
3303	0.0998025
3304	0.102671
3305	0.100979
3306	0.101916
3307	0.0992982
3308	0.0994021
3309	0.100853
3310	0.100089
3311	0.0974936
3312	0.101686
3313	0.09832
3314	0.0983648
3315	0.101586
3316	0.0986418
3317	0.102321
3318	0.0999951
3319	0.103758
3320	0.100386
3321	0.0980001
3322	0.0995581
3323	0.0969732
3324	0.10144
3325	0.099229
3326	0.0992757
3327	0.10223
3328	0.101425
3329	0.100984
3330	0.101908
3331	0.102064
3332	0.0993926
3333	0.101879
3334	0.102294
3335	0.103513
3336	0.102896
3337	0.102763
3338	0.102175
3339	0.102296
3340	0.102701
3341	0.102973
3342	0.105759
3343	0.103884
3344	0.102181
3345	0.100411
3346	0.103403
3347	0.102076
3348	0.103174
3349	0.102928
3350	0.101917
3351	0.100658
3352	0.0997682
3353	0.100638
3354	0.100568
3355	0.103308
3356	0.0999491
3357	0.101317
3358	0.102635
3359	0.0982469
3360	0.102443
3361	0.103556
3362	0.101355
3363	0.0999432
3364	0.102247
3365	0.0997541
3366	0.102065
3367	0.0993175
3368	0.0997024
3369	0.0990542
3370	0.0982238
3371	0.100821
3372	0.100746
3373	0.10136
3374	0.100718
3375	0.101271
3376	0.0984491
3377	0.100082
3378	0.101477
3379	0.100583
3380	0.101107
3381	0.0975081
3382	0.0995105
3383	0.0991558
3384	0.100102
3385	0.10066
3386	0.10083
3387	0.0993221
3388	0.100652
3389	0.100449
3390	0.100359
3391	0.0980987
3392	0.0990778
3393	0.101132
3394	0.103637
3395	0.100676
3396	0.10021
3397	0.0997692
3398	0.0976753
3399	0.0977828
3400	0.100268
3401	0.0990237
3402	0.0987576
3403	0.0985479
3404	0.101422
3405	0.10255
3406	0.0986505
3407	0.0971698
3408	0.0978317
3409	0.0983875
3410	0.0965658
3411	0.0999276
3412	0.0971642
3413	0.0979829
3414	0.0969678
3415	0.0969242
3416	0.101511
3417	0.0999434
3418	0.0964619
3419	0.100162
3420	0.0995164
3421	0.0980822
3422	0.100444
3423	0.100382
3424	0.100839
3425	0.0996306
3426	0.0982552
3427	0.0989527
3428	0.100285
3429	0.100201
3430	0.0987725
3431	0.0977309
3432	0.0990325
3433	0.100776
3434	0.101129
3435	0.0992419
3436	0.10376
3437	0.0990708
3438	0.0999946
3439	0.0989281
3440	0.0972395
3441	0.0978388
3442	0.098513
3443	0.0992129
3444	0.0998806
3445	0.0959524
3446	0.103334
3447	0.0993437
3448	0.0999551
3449	0.101338
3450	0.101214
3451	0.102534
3452	0.102382
3453	0.102089
3454	0.103443
3455	0.100774
3456	0.101247
3457	0.103107
3458	0.0997078
3459	0.1001
3460	0.101126
3461	0.1014
3462	0.101169
3463	0.101225
3464	0.102787
3465	0.100156
3466	0.103444
3467	0.102231
3468	0.103046
3469	0.10207
3470	0.102214
3471	0.10063
3472	0.100472
3473	0.0999846
3474	0.09929
3475	0.100985
3476	0.0992792
3477	0.101254
3478	0.102805
3479	0.101671
3480	0.100662
3481	0.101342
3482	0.102681
3483	0.100974
3484	0.0983618
3485	0.100981
3486	0.101028
3487	0.101361
3488	0.100388
3489	0.0993664
3490	0.100536
3491	0.0993217
3492	0.0960135
3493	0.0986255
3494	0.0986745
3495	0.0985696
3496	0.101158
3497	0.100102
3498	0.10031
3499	0.0996315
3500	0.0971593
3501	0.101307
3502	0.0974023
3503	0.0996448
3504	0.0987268
3505	0.0988957
3506	0.0976532
3507	0.100319
3508	0.0989856
3509	0.0989154
3510	0.0999504
3511	0.0996327
3512	0.0997875
3513	0.0979778
3514	0.0981913
3515	0.0999907
3516	0.0993951
3517	0.0996715
3518	0.0975923
3519	0.0975328
3520	0.101316
3521	0.100036
3522	0.0987188
3523	0.0990844
3524	0.10181
3525	0.100003
3526	0.0982468
3527	0.0996417
3528	0.100466
3529	0.1013
3530	0.101158
3531	0.100788
3532	0.101259
3533	0.0976694
3534	0.100902
3535	0.10303
3536	0.0998518
3537	0.0982615
3538	0.100723
3539	0.0989968
3540	0.0976519
3541	0.0975871
3542	0.0995707
3543	0.100758
3544	0.0989724
3545	0.0984076
3546	0.0947907
3547	0.099156
3548	0.0979709
3549	0.0963858
3550	0.0979248
3551	0.096853
3552	0.0984454
3553	0.0967242
3554	0.0983725
3555	0.0969207
3556	0.096416
3557	0.0976832
3558	0.100063
3559	0.0994286
3560	0.0972322
3561	0.0967794
3562	0.101288
3563	0.0974488
3564	0.100281
3565	0.0952842
3566	0.0982141
3567	0.0998237
3568	0.0980057
3569	0.0997173
3570	0.0977584
3571	0.0988551
3572	0.100961
3573	0.0970106
3574	0.100447
3575	0.100066
3576	0.100758
3577	0.10123
3578	0.0994249
3579	0.0994947
3580	0.0977457
3581	0.101501
3582	0.102643
3583	0.100981
3584	0.103087
3585	0.101265
3586	0.101878
3587	0.104731
3588	0.102029
3589	0.101386
3590	0.102748
3591	0.10503
3592	0.104004
3593	0.105273
3594	0.102676
3595	0.105326
3596	0.102404
3597	0.105482
3598	0.106513
3599	0.103676
3600	0.103419
3601	0.10499
3602	0.103014
3603	0.106563
3604	0.104534
3605	0.10408
3606	0.103543
3607	0.103111
3608	0.104881
3609	0.105787
3610	0.104415
3611	0.105017
3612	0.106546
3613	0.106023
3614	0.105976
3615	0.105735
3616	0.107799
3617	0.104727
3618	0.10385
3619	0.105848
3620	0.108414
3621	0.108527
3622	0.110653
3623	0.109835
3624	0.112762
3625	0.107962
3626	0.105138
3627	0.108354
3628	0.108702
3629	0.109818
3630	0.108461
3631	0.108467
3632	0.11165
3633	0.107743
3634	0.106556
3635	0.108176
3636	0.10886
3637	0.107558
3638	0.109083
