### Number of tubes used: 730
### Nuclear profiles per tube: 1.68219
### Resolution (bp): 40000
### Slice thickness (microns): 0.22
### Nuclear radius (microns): 4.5
### Detection efficiency: 0.858886
distance	 pi_threshold
1	0.338737
2	0.274063
3	0.247769
4	0.238366
5	0.230506
6	0.222804
7	0.215253
8	0.21216
9	0.205487
10	0.205495
11	0.200628
12	0.191524
13	0.19243
14	0.1879
15	0.187431
16	0.184451
17	0.183737
18	0.180231
19	0.183923
20	0.18055
21	0.17521
22	0.172862
23	0.169888
24	0.174652
25	0.173158
26	0.168644
27	0.168389
28	0.165957
29	0.164511
30	0.163678
31	0.161062
32	0.162869
33	0.156734
34	0.158953
35	0.161458
36	0.160791
37	0.154701
38	0.152721
39	0.153225
40	0.151963
41	0.150881
42	0.153764
43	0.149831
44	0.152454
45	0.149922
46	0.150767
47	0.147995
48	0.149722
49	0.146634
50	0.14951
51	0.150474
52	0.148516
53	0.14646
54	0.147564
55	0.146466
56	0.144272
57	0.140594
58	0.141896
59	0.141419
60	0.144078
61	0.141427
62	0.143118
63	0.141379
64	0.139724
65	0.141645
66	0.142748
67	0.137604
68	0.142869
69	0.140315
70	0.137684
71	0.138516
72	0.139472
73	0.13688
74	0.136736
75	0.139149
76	0.139039
77	0.135883
78	0.135728
79	0.137529
80	0.132349
81	0.136218
82	0.137306
83	0.137362
84	0.136086
85	0.133954
86	0.1358
87	0.132309
88	0.137101
89	0.135485
90	0.134294
91	0.136273
92	0.134956
93	0.13419
94	0.132012
95	0.134354
96	0.139605
97	0.133044
98	0.129446
99	0.131197
100	0.131211
101	0.132417
102	0.132075
103	0.131746
104	0.131534
105	0.131921
106	0.132978
107	0.129808
108	0.130671
109	0.131326
110	0.130387
111	0.13325
112	0.133407
113	0.130397
114	0.128953
115	0.130452
116	0.130105
117	0.129962
118	0.129592
119	0.12995
120	0.127318
121	0.127338
122	0.127525
123	0.130649
124	0.129334
125	0.130011
126	0.130318
127	0.1305
128	0.129855
129	0.129971
130	0.130994
131	0.127527
132	0.128732
133	0.12803
134	0.125193
135	0.126836
136	0.12642
137	0.128096
138	0.129475
139	0.126785
140	0.130246
141	0.126279
142	0.126017
143	0.128786
144	0.130514
145	0.127111
146	0.125726
147	0.126118
148	0.123283
149	0.129493
150	0.127056
151	0.124199
152	0.124834
153	0.124148
154	0.125253
155	0.124569
156	0.124166
157	0.125613
158	0.125798
159	0.126549
160	0.125759
161	0.129831
162	0.127501
163	0.124069
164	0.122287
165	0.124657
166	0.123669
167	0.126383
168	0.126362
169	0.122554
170	0.124643
171	0.124539
172	0.124645
173	0.125117
174	0.12405
175	0.122821
176	0.12524
177	0.12559
178	0.127265
179	0.122579
180	0.127649
181	0.124563
182	0.123375
183	0.12422
184	0.120964
185	0.12253
186	0.121556
187	0.122481
188	0.12375
189	0.125846
190	0.121139
191	0.122694
192	0.1227
193	0.12084
194	0.12679
195	0.12328
196	0.123204
197	0.125464
198	0.123091
199	0.123624
200	0.123689
201	0.120086
202	0.122585
203	0.122952
204	0.124444
205	0.123123
206	0.123272
207	0.123929
208	0.121352
209	0.121678
210	0.121969
211	0.121962
212	0.122857
213	0.123008
214	0.12164
215	0.12153
216	0.125013
217	0.122918
218	0.121019
219	0.124054
220	0.125505
221	0.123856
222	0.124782
223	0.121545
224	0.123575
225	0.124668
226	0.123512
227	0.124674
228	0.12088
229	0.121114
230	0.124072
231	0.12114
232	0.122483
233	0.127283
234	0.122918
235	0.125505
236	0.120375
237	0.12416
238	0.121544
239	0.122528
240	0.121161
241	0.122507
242	0.119394
243	0.12228
244	0.118447
245	0.118867
246	0.12146
247	0.118972
248	0.122341
249	0.119209
250	0.123363
251	0.122845
252	0.121853
253	0.12328
254	0.11845
255	0.118974
256	0.121384
257	0.123022
258	0.122684
259	0.123254
260	0.120328
261	0.118485
262	0.12072
263	0.122729
264	0.120733
265	0.120108
266	0.119408
267	0.118451
268	0.120591
269	0.12139
270	0.124388
271	0.121812
272	0.119503
273	0.121677
274	0.121559
275	0.118763
276	0.125035
277	0.118978
278	0.1194
279	0.119761
280	0.121661
281	0.122299
282	0.120488
283	0.121843
284	0.122329
285	0.116931
286	0.121185
287	0.12094
288	0.121549
289	0.122564
290	0.120047
291	0.121863
292	0.121973
293	0.12252
294	0.119983
295	0.121951
296	0.120464
297	0.120586
298	0.119773
299	0.119878
300	0.120046
301	0.122924
302	0.119995
303	0.121682
304	0.123387
305	0.123911
306	0.120533
307	0.119307
308	0.120706
309	0.124559
310	0.1218
311	0.123426
312	0.120901
313	0.123275
314	0.117496
315	0.118055
316	0.120113
317	0.123998
318	0.121438
319	0.121137
320	0.120688
321	0.120247
322	0.121631
323	0.121849
324	0.12134
325	0.121087
326	0.119265
327	0.121662
328	0.121469
329	0.119739
330	0.118796
331	0.120342
332	0.1169
333	0.12143
334	0.119096
335	0.119644
336	0.116924
337	0.119258
338	0.121465
339	0.120604
340	0.121997
341	0.119291
342	0.11686
343	0.122911
344	0.11855
345	0.119692
346	0.121246
347	0.120386
348	0.119172
349	0.124112
350	0.124009
351	0.120599
352	0.121148
353	0.120474
354	0.120723
355	0.120678
356	0.121007
357	0.121317
358	0.121803
359	0.120251
360	0.119206
361	0.119844
362	0.120203
363	0.119732
364	0.122432
365	0.119484
366	0.121649
367	0.120948
368	0.121797
369	0.124856
370	0.119405
371	0.118901
372	0.123081
373	0.120616
374	0.122489
375	0.120278
376	0.118602
377	0.11832
378	0.118711
379	0.119886
380	0.121676
381	0.117283
382	0.122033
383	0.118731
384	0.119776
385	0.120253
386	0.120251
387	0.118913
388	0.119931
389	0.119912
390	0.121105
391	0.120466
392	0.119578
393	0.1212
394	0.120833
395	0.118816
396	0.121406
397	0.11953
398	0.117708
399	0.120836
400	0.119122
401	0.119516
402	0.12328
403	0.119964
404	0.119627
405	0.120584
406	0.121183
407	0.119145
408	0.121231
409	0.118325
410	0.122095
411	0.120003
412	0.120194
413	0.120771
414	0.1176
415	0.119443
416	0.12022
417	0.120599
418	0.119601
419	0.117281
420	0.116206
421	0.116612
422	0.119327
423	0.115323
424	0.118079
425	0.118685
426	0.118233
427	0.119291
428	0.118902
429	0.119977
430	0.117489
431	0.121468
432	0.120889
433	0.118225
434	0.121048
435	0.121489
436	0.117809
437	0.118408
438	0.121469
439	0.118814
440	0.116744
441	0.120661
442	0.118762
443	0.118259
444	0.119138
445	0.119085
446	0.119438
447	0.116653
448	0.120603
449	0.120844
450	0.115657
451	0.118046
452	0.118933
453	0.11907
454	0.119343
455	0.115915
456	0.120209
457	0.117412
458	0.115718
459	0.117958
460	0.119225
461	0.116697
462	0.120724
463	0.121575
464	0.117767
465	0.118556
466	0.118816
467	0.116417
468	0.119664
469	0.118711
470	0.118094
471	0.115774
472	0.118038
473	0.118362
474	0.116831
475	0.119529
476	0.11972
477	0.118658
478	0.116347
479	0.116191
480	0.119434
481	0.117114
482	0.118401
483	0.1201
484	0.119593
485	0.112485
486	0.121165
487	0.118401
488	0.116921
489	0.117133
490	0.117539
491	0.116977
492	0.116732
493	0.116452
494	0.115849
495	0.116265
496	0.118824
497	0.11806
498	0.116664
499	0.120353
500	0.118691
501	0.119221
502	0.118366
503	0.116282
504	0.114859
505	0.119299
506	0.121346
507	0.116055
508	0.120144
509	0.118992
510	0.114765
511	0.119734
512	0.121402
513	0.120257
514	0.117413
515	0.117435
516	0.118522
517	0.119515
518	0.11715
519	0.119539
520	0.116808
521	0.117536
522	0.114862
523	0.115166
524	0.119433
525	0.119086
526	0.118423
527	0.116539
528	0.118132
529	0.120782
530	0.116467
531	0.115815
532	0.11666
533	0.117625
534	0.118362
535	0.117083
536	0.118532
537	0.1156
538	0.121004
539	0.117283
540	0.120605
541	0.118783
542	0.116746
543	0.115687
544	0.121296
545	0.118357
546	0.116793
547	0.119776
548	0.115017
549	0.118482
550	0.117342
551	0.117081
552	0.115714
553	0.119785
554	0.117226
555	0.119519
556	0.117897
557	0.121338
558	0.116459
559	0.116477
560	0.11956
561	0.115204
562	0.114963
563	0.117953
564	0.117266
565	0.117924
566	0.118611
567	0.119716
568	0.117209
569	0.115731
570	0.11785
571	0.118836
572	0.116077
573	0.114766
574	0.11661
575	0.117505
576	0.116319
577	0.11784
578	0.115868
579	0.119325
580	0.117509
581	0.116064
582	0.118685
583	0.117915
584	0.117075
585	0.119256
586	0.116852
587	0.116337
588	0.11676
589	0.120492
590	0.117136
591	0.116381
592	0.117171
593	0.117588
594	0.118148
595	0.118656
596	0.115867
597	0.117882
598	0.115036
599	0.11872
600	0.117767
601	0.119137
602	0.120382
603	0.116815
604	0.117705
605	0.118587
606	0.116347
607	0.118382
608	0.120377
609	0.119603
610	0.115337
611	0.116909
612	0.118793
613	0.116932
614	0.115137
615	0.116279
616	0.117707
617	0.117706
618	0.115255
619	0.115604
620	0.116754
621	0.115913
622	0.115458
623	0.116778
624	0.119571
625	0.117538
626	0.116804
627	0.115581
628	0.117307
629	0.117215
630	0.11646
631	0.114246
632	0.119452
633	0.11662
634	0.118989
635	0.114996
636	0.117511
637	0.116887
638	0.117209
639	0.115315
640	0.117607
641	0.117903
642	0.117897
643	0.115605
644	0.120248
645	0.114367
646	0.116599
647	0.11925
648	0.117567
649	0.119078
650	0.115531
651	0.1189
652	0.116354
653	0.117902
654	0.116332
655	0.120847
656	0.116468
657	0.117061
658	0.116863
659	0.115073
660	0.119808
661	0.113715
662	0.116613
663	0.116236
664	0.116122
665	0.117891
666	0.116742
667	0.114438
668	0.114482
669	0.117121
670	0.116479
671	0.117328
672	0.114396
673	0.116249
674	0.116051
675	0.118041
676	0.117983
677	0.11745
678	0.118671
679	0.118438
680	0.115458
681	0.117762
682	0.116834
683	0.116905
684	0.11567
685	0.114784
686	0.115641
687	0.116857
688	0.11741
689	0.11776
690	0.116452
691	0.118374
692	0.116712
693	0.115924
694	0.115168
695	0.113703
696	0.116561
697	0.116798
698	0.114357
699	0.115954
700	0.113292
701	0.116073
702	0.117923
703	0.115284
704	0.11709
705	0.113949
706	0.112773
707	0.114936
708	0.118181
709	0.114885
710	0.115043
711	0.113948
712	0.117938
713	0.116309
714	0.115744
715	0.117217
716	0.117133
717	0.116744
718	0.113043
719	0.115744
720	0.115604
721	0.113443
722	0.115298
723	0.116657
724	0.116319
725	0.113573
726	0.117402
727	0.115671
728	0.116816
729	0.116434
730	0.1152
731	0.118428
732	0.114767
733	0.114312
734	0.115327
735	0.115995
736	0.115218
737	0.116293
738	0.116272
739	0.114198
740	0.114793
741	0.114238
742	0.113369
743	0.110869
744	0.114784
745	0.11513
746	0.114652
747	0.112004
748	0.116839
749	0.116479
750	0.11695
751	0.115457
752	0.117257
753	0.11649
754	0.114778
755	0.115316
756	0.11549
757	0.115647
758	0.116025
759	0.115059
760	0.115437
761	0.113797
762	0.11619
763	0.115214
764	0.116259
765	0.114318
766	0.117925
767	0.116096
768	0.113918
769	0.114258
770	0.113747
771	0.11881
772	0.113112
773	0.11381
774	0.114643
775	0.114477
776	0.114811
777	0.115755
778	0.117951
779	0.113891
780	0.116533
781	0.117333
782	0.114653
783	0.11795
784	0.112406
785	0.115504
786	0.115956
787	0.117671
788	0.114411
789	0.114506
790	0.114731
791	0.114181
792	0.116118
793	0.115058
794	0.116482
795	0.112236
796	0.114515
797	0.112468
798	0.11657
799	0.11349
800	0.114869
801	0.114403
802	0.11425
803	0.113925
804	0.115203
805	0.118628
806	0.114778
807	0.115172
808	0.114496
809	0.113553
810	0.114667
811	0.11506
812	0.113208
813	0.114076
814	0.114737
815	0.114968
816	0.116694
817	0.116605
818	0.112432
819	0.113321
820	0.115955
821	0.112969
822	0.112803
823	0.11412
824	0.116721
825	0.114706
826	0.113023
827	0.114066
828	0.11446
829	0.113455
830	0.11765
831	0.112408
832	0.115755
833	0.114102
834	0.115423
835	0.114291
836	0.115317
837	0.116595
838	0.111421
839	0.115033
840	0.111678
841	0.113843
842	0.117218
843	0.112997
844	0.111626
845	0.112957
846	0.114525
847	0.111376
848	0.116191
849	0.114974
850	0.115701
851	0.111459
852	0.113326
853	0.113106
854	0.114431
855	0.112814
856	0.111936
857	0.115848
858	0.114716
859	0.115913
860	0.11235
861	0.113021
862	0.113735
863	0.11399
864	0.11629
865	0.113464
866	0.114283
867	0.115389
868	0.113703
869	0.11578
870	0.116376
871	0.113519
872	0.11387
873	0.113052
874	0.113205
875	0.115411
876	0.11357
877	0.113501
878	0.113127
879	0.115116
880	0.114285
881	0.111188
882	0.113973
883	0.114705
884	0.112742
885	0.115636
886	0.112796
887	0.112698
888	0.113818
889	0.114745
890	0.114965
891	0.115363
892	0.115997
893	0.113325
894	0.114656
895	0.114187
896	0.113478
897	0.112787
898	0.111706
899	0.113337
900	0.112677
901	0.115251
902	0.109792
903	0.115704
904	0.114555
905	0.112706
906	0.112236
907	0.115151
908	0.112846
909	0.111245
910	0.111933
911	0.113874
912	0.112856
913	0.114097
914	0.113804
915	0.114935
916	0.111281
917	0.111963
918	0.112137
919	0.112802
920	0.111584
921	0.1117
922	0.112341
923	0.112943
924	0.113499
925	0.112209
926	0.113844
927	0.113432
928	0.114705
929	0.113009
930	0.114096
931	0.113568
932	0.113212
933	0.113461
934	0.1173
935	0.115663
936	0.111499
937	0.11344
938	0.111495
939	0.11131
940	0.111924
941	0.114403
942	0.114115
943	0.113265
944	0.11668
945	0.116645
946	0.112031
947	0.114633
948	0.114026
949	0.112129
950	0.114716
951	0.113528
952	0.11438
953	0.113818
954	0.112362
955	0.111181
956	0.115387
957	0.113719
958	0.112519
959	0.115715
960	0.114522
961	0.113201
962	0.113381
963	0.113084
964	0.115364
965	0.116733
966	0.113584
967	0.111622
968	0.114358
969	0.114299
970	0.112051
971	0.112629
972	0.114231
973	0.115922
974	0.113547
975	0.117433
976	0.113968
977	0.114342
978	0.112251
979	0.114392
980	0.11246
981	0.111023
982	0.11174
983	0.113618
984	0.11379
985	0.112017
986	0.108257
987	0.113137
988	0.112539
989	0.115965
990	0.112932
991	0.111832
992	0.110565
993	0.109428
994	0.111286
995	0.110248
996	0.109908
997	0.114572
998	0.113557
999	0.113212
1000	0.110415
1001	0.11463
1002	0.112996
1003	0.110119
1004	0.114359
1005	0.110605
1006	0.111972
1007	0.110299
1008	0.112566
1009	0.114155
1010	0.112865
1011	0.111566
1012	0.112898
1013	0.11247
1014	0.112613
1015	0.112994
1016	0.11548
1017	0.111995
1018	0.113915
1019	0.110794
1020	0.109125
1021	0.112826
1022	0.111902
1023	0.113951
1024	0.111769
1025	0.113464
1026	0.113384
1027	0.112353
1028	0.111691
1029	0.112978
1030	0.111108
1031	0.110434
1032	0.110193
1033	0.110773
1034	0.1154
1035	0.112404
1036	0.110818
1037	0.113995
1038	0.111118
1039	0.110727
1040	0.110717
1041	0.112941
1042	0.114043
1043	0.113821
1044	0.114234
1045	0.109665
1046	0.11105
1047	0.108899
1048	0.111936
1049	0.112764
1050	0.111131
1051	0.108389
1052	0.110646
1053	0.11156
1054	0.111506
1055	0.112867
1056	0.11373
1057	0.113432
1058	0.114118
1059	0.112517
1060	0.110774
1061	0.113087
1062	0.112261
1063	0.113345
1064	0.108388
1065	0.112906
1066	0.112367
1067	0.109717
1068	0.112691
1069	0.111377
1070	0.109889
1071	0.110071
1072	0.111887
1073	0.112895
1074	0.111101
1075	0.113161
1076	0.114832
1077	0.112705
1078	0.113928
1079	0.112835
1080	0.111865
1081	0.111413
1082	0.111253
1083	0.111236
1084	0.11317
1085	0.11022
1086	0.111693
1087	0.109976
1088	0.114254
1089	0.110862
1090	0.111023
1091	0.111067
1092	0.10891
1093	0.112304
1094	0.112929
1095	0.111892
1096	0.113611
1097	0.112115
1098	0.10862
1099	0.109911
1100	0.112382
1101	0.108206
1102	0.112982
1103	0.113282
1104	0.110626
1105	0.111171
1106	0.11183
1107	0.10869
1108	0.112174
1109	0.11237
1110	0.114143
1111	0.113385
1112	0.111127
1113	0.111737
1114	0.112375
1115	0.110109
1116	0.111378
1117	0.108862
1118	0.109276
1119	0.111316
1120	0.111206
1121	0.111407
1122	0.11096
1123	0.114164
1124	0.109255
1125	0.111105
1126	0.112698
1127	0.113179
1128	0.11319
1129	0.109374
1130	0.113375
1131	0.114672
1132	0.111057
1133	0.112047
1134	0.11165
1135	0.110406
1136	0.111709
1137	0.112973
1138	0.112273
1139	0.111426
1140	0.113464
1141	0.112004
1142	0.111925
1143	0.110473
1144	0.112046
1145	0.109207
1146	0.11249
1147	0.111185
1148	0.111912
1149	0.111877
1150	0.111111
1151	0.111314
1152	0.113117
1153	0.111679
1154	0.111832
1155	0.11178
1156	0.113409
1157	0.112429
1158	0.112587
1159	0.112104
1160	0.109961
1161	0.110344
1162	0.113715
1163	0.110721
1164	0.109165
1165	0.112408
1166	0.113588
1167	0.111386
1168	0.112608
1169	0.109027
1170	0.111263
1171	0.113254
1172	0.111768
1173	0.110612
1174	0.10998
1175	0.111958
1176	0.111423
1177	0.114187
1178	0.111084
1179	0.111574
1180	0.111034
1181	0.11116
1182	0.112023
1183	0.109361
1184	0.10894
1185	0.109887
1186	0.111454
1187	0.111019
1188	0.111099
1189	0.112287
1190	0.109095
1191	0.111866
1192	0.113484
1193	0.109198
1194	0.110056
1195	0.111149
1196	0.109911
1197	0.112781
1198	0.111232
1199	0.11194
1200	0.110821
1201	0.109794
1202	0.111628
1203	0.111144
1204	0.11192
1205	0.110956
1206	0.112325
1207	0.112066
1208	0.110075
1209	0.109229
1210	0.109481
1211	0.113219
1212	0.111302
1213	0.110092
1214	0.112292
1215	0.111492
1216	0.108788
1217	0.109597
1218	0.110646
1219	0.109057
1220	0.108775
1221	0.111601
1222	0.109693
1223	0.111519
1224	0.112711
1225	0.110506
1226	0.110333
1227	0.112382
1228	0.110715
1229	0.112504
1230	0.109904
1231	0.112515
1232	0.111156
1233	0.111112
1234	0.110016
1235	0.110766
1236	0.111014
1237	0.108721
1238	0.111152
1239	0.109659
1240	0.111728
1241	0.110054
1242	0.112038
1243	0.111753
1244	0.109056
1245	0.108688
1246	0.10881
1247	0.112393
1248	0.110423
1249	0.109655
1250	0.111839
1251	0.112418
1252	0.110743
1253	0.110596
1254	0.112654
1255	0.108923
1256	0.11171
1257	0.109711
1258	0.108803
1259	0.111078
1260	0.110273
1261	0.11252
1262	0.111334
1263	0.111258
1264	0.110473
1265	0.111329
1266	0.113777
1267	0.109858
1268	0.110267
1269	0.1108
1270	0.110328
1271	0.112439
1272	0.111434
1273	0.113391
1274	0.111956
1275	0.110107
1276	0.109881
1277	0.109902
1278	0.107335
1279	0.108989
1280	0.1078
1281	0.110853
1282	0.111807
1283	0.111597
1284	0.108289
1285	0.108004
1286	0.108153
1287	0.110911
1288	0.111283
1289	0.110141
1290	0.112758
1291	0.11015
1292	0.110916
1293	0.110366
1294	0.110381
1295	0.107897
1296	0.111061
1297	0.111619
1298	0.110773
1299	0.110078
1300	0.109934
1301	0.110806
1302	0.109487
1303	0.112817
1304	0.108262
1305	0.11153
1306	0.110962
1307	0.109555
1308	0.107877
1309	0.109411
1310	0.10758
1311	0.109123
1312	0.112826
1313	0.111346
1314	0.111668
1315	0.109163
1316	0.110127
1317	0.110919
1318	0.111956
1319	0.110092
1320	0.107569
1321	0.112106
1322	0.109616
1323	0.108521
1324	0.109946
1325	0.109588
1326	0.110671
1327	0.107525
1328	0.108491
1329	0.108407
1330	0.111454
1331	0.108851
1332	0.109195
1333	0.111125
1334	0.108955
1335	0.108637
1336	0.108232
1337	0.111076
1338	0.109546
1339	0.106219
1340	0.109913
1341	0.112362
1342	0.1068
1343	0.108819
1344	0.109987
1345	0.112218
1346	0.109724
1347	0.109397
1348	0.108622
1349	0.108726
1350	0.110806
1351	0.110894
1352	0.109674
1353	0.110326
1354	0.109225
1355	0.108118
1356	0.110306
1357	0.107298
1358	0.109309
1359	0.108601
1360	0.10819
1361	0.109322
1362	0.109322
1363	0.109715
1364	0.106819
1365	0.111745
1366	0.109574
1367	0.111979
1368	0.109479
1369	0.108537
1370	0.110451
1371	0.108198
1372	0.109165
1373	0.108162
1374	0.107075
1375	0.108053
1376	0.108458
1377	0.107474
1378	0.109757
1379	0.107974
1380	0.109077
1381	0.107599
1382	0.109405
1383	0.109076
1384	0.108861
1385	0.109418
1386	0.106255
1387	0.108978
1388	0.109532
1389	0.107962
1390	0.110029
1391	0.107552
1392	0.108458
1393	0.107291
1394	0.112078
1395	0.10857
1396	0.111194
1397	0.104793
1398	0.108857
1399	0.106234
1400	0.106685
1401	0.109594
1402	0.108817
1403	0.106405
1404	0.108581
1405	0.107958
1406	0.108186
1407	0.108471
1408	0.110938
1409	0.107545
1410	0.108506
1411	0.107173
1412	0.10953
1413	0.107791
1414	0.107236
1415	0.109
1416	0.108023
1417	0.105703
1418	0.107887
1419	0.109637
1420	0.107234
1421	0.10855
1422	0.108194
1423	0.111052
1424	0.107916
1425	0.108079
1426	0.107527
1427	0.110914
1428	0.109603
1429	0.108616
1430	0.110124
1431	0.110143
1432	0.106051
1433	0.108633
1434	0.107862
1435	0.112154
1436	0.105641
1437	0.107863
1438	0.105591
1439	0.106946
1440	0.108334
1441	0.110596
1442	0.108317
1443	0.107759
1444	0.107861
1445	0.109774
1446	0.110258
1447	0.110477
1448	0.110494
1449	0.110395
1450	0.109673
1451	0.107632
1452	0.110503
1453	0.109456
1454	0.109281
1455	0.109264
1456	0.108788
1457	0.112037
1458	0.10935
1459	0.10728
1460	0.110054
1461	0.111102
1462	0.109011
1463	0.109455
1464	0.107369
1465	0.11158
1466	0.111206
1467	0.105778
1468	0.107395
1469	0.108826
1470	0.108868
1471	0.107242
1472	0.109411
1473	0.10811
1474	0.109319
1475	0.108637
1476	0.109262
1477	0.111742
1478	0.10955
1479	0.108385
1480	0.108932
1481	0.106586
1482	0.104199
1483	0.108749
1484	0.109636
1485	0.109044
1486	0.108008
1487	0.108986
1488	0.10721
1489	0.109194
1490	0.107153
1491	0.111903
1492	0.106137
1493	0.109932
1494	0.107703
1495	0.108623
1496	0.109618
1497	0.110049
1498	0.107605
1499	0.105626
1500	0.107674
1501	0.110659
1502	0.109922
1503	0.107909
1504	0.109655
1505	0.109806
1506	0.10799
1507	0.108576
1508	0.107981
1509	0.108131
1510	0.111689
1511	0.110748
1512	0.108306
1513	0.108218
1514	0.111182
1515	0.110629
1516	0.11153
1517	0.10884
1518	0.108155
1519	0.107568
1520	0.110261
1521	0.109344
1522	0.109941
1523	0.107323
1524	0.108397
1525	0.108756
1526	0.111632
1527	0.109802
1528	0.109837
1529	0.111055
1530	0.108642
1531	0.108489
1532	0.109481
1533	0.110145
1534	0.111498
1535	0.110868
1536	0.108937
1537	0.11129
1538	0.109915
1539	0.107434
1540	0.10781
1541	0.109605
1542	0.109832
1543	0.106596
1544	0.108449
1545	0.109342
1546	0.110303
1547	0.111556
1548	0.109102
1549	0.111298
1550	0.108175
1551	0.110827
1552	0.110265
1553	0.109762
1554	0.107586
1555	0.107968
1556	0.110147
1557	0.110538
1558	0.110135
1559	0.107647
1560	0.110578
1561	0.108472
1562	0.106544
1563	0.11091
1564	0.107915
1565	0.10764
1566	0.110549
1567	0.108038
1568	0.110092
1569	0.108587
1570	0.109796
1571	0.110187
1572	0.109682
1573	0.110369
1574	0.109352
1575	0.109458
1576	0.10861
1577	0.110789
1578	0.109585
1579	0.111137
1580	0.11075
1581	0.109098
1582	0.107274
1583	0.111541
1584	0.107268
1585	0.108046
1586	0.11161
1587	0.108869
1588	0.111168
1589	0.111085
1590	0.107719
1591	0.110709
1592	0.11058
1593	0.108536
1594	0.107766
1595	0.108272
1596	0.107434
1597	0.106829
1598	0.109131
1599	0.108696
1600	0.109703
1601	0.108664
1602	0.106664
1603	0.109148
1604	0.109134
1605	0.108885
1606	0.107626
1607	0.109488
1608	0.107713
1609	0.107946
1610	0.107708
1611	0.111001
1612	0.112614
1613	0.107865
1614	0.107225
1615	0.10766
1616	0.1115
1617	0.10586
1618	0.111261
1619	0.108711
1620	0.107829
1621	0.104829
1622	0.10715
1623	0.10884
1624	0.108779
1625	0.107567
1626	0.11137
1627	0.112843
1628	0.108691
1629	0.106614
1630	0.109933
1631	0.107792
1632	0.10841
1633	0.107509
1634	0.107585
1635	0.106536
1636	0.110191
1637	0.107019
1638	0.106202
1639	0.107925
1640	0.107391
1641	0.105507
1642	0.109821
1643	0.110197
1644	0.107821
1645	0.107228
1646	0.106049
1647	0.105395
1648	0.108701
1649	0.106851
1650	0.109095
1651	0.1089
1652	0.108048
1653	0.107916
1654	0.10818
1655	0.106536
1656	0.105826
1657	0.109274
1658	0.106956
1659	0.107487
1660	0.108088
1661	0.107655
1662	0.106331
1663	0.104754
1664	0.109896
1665	0.106954
1666	0.105384
1667	0.109653
1668	0.10759
1669	0.107888
1670	0.107659
1671	0.107688
1672	0.109127
1673	0.108076
1674	0.106476
1675	0.109681
1676	0.10559
1677	0.10752
1678	0.1094
1679	0.108071
1680	0.106653
1681	0.109022
1682	0.107956
1683	0.107968
1684	0.102171
1685	0.107563
1686	0.108274
1687	0.107701
1688	0.109839
1689	0.105472
1690	0.109186
1691	0.106152
1692	0.107364
1693	0.105854
1694	0.104947
1695	0.107842
1696	0.107804
1697	0.106362
1698	0.106069
1699	0.110089
1700	0.108181
1701	0.1072
1702	0.107276
1703	0.108779
1704	0.1075
1705	0.109189
1706	0.108094
1707	0.105885
1708	0.105628
1709	0.106596
1710	0.109529
1711	0.109819
1712	0.10649
1713	0.106886
1714	0.106791
1715	0.111718
1716	0.109498
1717	0.107203
1718	0.109857
1719	0.106263
1720	0.107735
1721	0.10972
1722	0.108291
1723	0.10898
1724	0.107605
1725	0.107953
1726	0.104341
1727	0.108123
1728	0.108035
1729	0.107193
1730	0.106147
1731	0.105152
1732	0.10629
1733	0.106252
1734	0.108492
1735	0.108051
1736	0.110215
1737	0.106006
1738	0.109664
1739	0.10682
1740	0.106342
1741	0.109379
1742	0.105958
1743	0.106023
1744	0.110153
1745	0.106604
1746	0.106818
1747	0.107298
1748	0.107976
1749	0.107631
1750	0.106877
1751	0.106817
1752	0.106955
1753	0.106918
1754	0.108888
1755	0.106889
1756	0.106641
1757	0.106754
1758	0.107325
1759	0.104862
1760	0.106902
1761	0.107054
1762	0.104598
1763	0.107062
1764	0.107313
1765	0.105493
1766	0.108287
1767	0.106574
1768	0.108052
1769	0.108521
1770	0.10689
1771	0.107016
1772	0.107113
1773	0.107476
1774	0.106995
1775	0.10833
1776	0.108398
1777	0.107978
1778	0.10643
1779	0.108927
1780	0.107594
1781	0.111083
1782	0.104627
1783	0.10799
1784	0.107191
1785	0.10775
1786	0.107395
1787	0.106927
1788	0.108927
1789	0.107267
1790	0.105277
1791	0.110388
1792	0.109986
1793	0.105548
1794	0.106654
1795	0.105172
1796	0.107922
1797	0.106887
1798	0.107668
1799	0.107311
1800	0.108063
1801	0.106944
1802	0.108284
1803	0.106119
1804	0.109165
1805	0.108012
1806	0.105253
1807	0.106696
1808	0.107556
1809	0.108688
1810	0.108818
1811	0.106994
1812	0.105321
1813	0.106474
1814	0.108529
1815	0.108317
1816	0.106048
1817	0.108046
1818	0.105607
1819	0.107654
1820	0.10577
1821	0.109476
1822	0.1096
1823	0.10743
1824	0.106404
1825	0.106516
1826	0.105609
1827	0.107006
1828	0.108045
1829	0.105869
1830	0.108961
1831	0.10913
1832	0.109808
1833	0.107061
1834	0.105447
1835	0.104648
1836	0.10589
1837	0.103524
1838	0.105845
1839	0.107721
1840	0.107499
1841	0.108561
1842	0.108439
1843	0.102573
1844	0.106876
1845	0.107163
1846	0.107508
1847	0.108146
1848	0.108136
1849	0.107412
1850	0.107927
1851	0.107022
1852	0.106764
1853	0.10585
1854	0.108628
1855	0.107628
1856	0.107509
1857	0.108724
1858	0.109156
1859	0.108393
1860	0.10766
1861	0.107781
1862	0.106434
1863	0.107611
1864	0.107781
1865	0.109387
1866	0.108867
1867	0.110349
1868	0.106433
1869	0.108247
1870	0.109185
1871	0.107081
1872	0.107709
1873	0.10831
1874	0.108786
1875	0.106604
1876	0.105966
1877	0.107669
1878	0.108805
1879	0.111525
1880	0.109894
1881	0.108987
1882	0.10687
1883	0.110485
1884	0.111283
1885	0.105755
1886	0.107757
1887	0.109422
1888	0.106826
1889	0.109716
1890	0.108199
1891	0.109363
1892	0.10992
1893	0.108565
1894	0.107712
1895	0.107934
1896	0.106036
1897	0.110021
1898	0.110153
1899	0.109654
1900	0.109276
1901	0.107754
1902	0.108217
1903	0.109412
1904	0.110633
1905	0.109981
1906	0.105584
1907	0.10812
1908	0.109941
1909	0.110618
1910	0.108746
1911	0.109707
1912	0.108094
1913	0.107799
1914	0.110662
1915	0.107671
1916	0.106468
1917	0.107699
1918	0.108075
1919	0.109088
1920	0.109152
1921	0.10949
1922	0.109049
1923	0.106876
1924	0.10931
1925	0.107706
1926	0.110045
1927	0.109409
1928	0.109526
1929	0.107989
1930	0.108897
1931	0.108587
1932	0.108884
1933	0.109012
1934	0.105995
1935	0.109658
1936	0.108157
1937	0.109228
1938	0.109504
1939	0.10892
1940	0.109666
1941	0.110275
1942	0.108724
1943	0.109975
1944	0.107714
1945	0.105527
1946	0.109947
1947	0.107602
1948	0.106025
1949	0.106256
1950	0.108196
1951	0.107862
1952	0.107991
1953	0.110116
1954	0.107711
1955	0.108888
1956	0.108093
1957	0.110121
1958	0.110336
1959	0.108465
1960	0.107914
1961	0.109234
1962	0.106801
1963	0.107382
1964	0.109367
1965	0.108132
1966	0.107686
1967	0.108724
1968	0.110013
1969	0.109678
1970	0.108933
1971	0.108447
1972	0.109591
1973	0.109976
1974	0.111043
1975	0.110468
1976	0.110893
1977	0.107137
1978	0.10888
1979	0.110583
1980	0.112154
1981	0.107082
1982	0.109919
1983	0.107615
1984	0.111402
1985	0.106719
1986	0.107167
1987	0.107024
1988	0.106873
1989	0.109315
1990	0.110469
1991	0.107327
1992	0.109649
1993	0.107361
1994	0.109138
1995	0.10926
1996	0.10672
1997	0.108412
1998	0.10793
1999	0.107698
2000	0.107602
2001	0.109828
2002	0.107813
2003	0.1094
2004	0.109353
2005	0.109098
2006	0.110099
2007	0.110486
2008	0.111168
2009	0.107874
2010	0.111027
2011	0.109082
2012	0.107346
2013	0.110811
2014	0.108967
2015	0.109616
2016	0.111094
2017	0.111082
2018	0.109196
2019	0.111402
2020	0.109723
2021	0.109508
2022	0.107696
2023	0.109555
2024	0.109507
2025	0.111166
2026	0.10946
2027	0.108832
2028	0.109107
2029	0.110553
2030	0.11007
2031	0.108273
2032	0.109385
2033	0.109877
2034	0.109375
2035	0.110223
2036	0.108252
2037	0.108967
2038	0.110033
2039	0.107821
2040	0.108203
2041	0.109182
2042	0.110945
2043	0.109945
2044	0.108524
2045	0.111429
2046	0.10828
2047	0.109631
2048	0.11129
2049	0.111413
2050	0.109426
2051	0.111515
2052	0.109105
2053	0.110849
2054	0.113452
2055	0.109303
2056	0.108853
2057	0.10956
2058	0.108548
2059	0.107434
2060	0.111935
2061	0.10924
2062	0.109186
2063	0.110721
2064	0.107942
2065	0.110531
2066	0.108641
2067	0.108367
2068	0.103759
2069	0.111233
2070	0.109207
2071	0.108702
2072	0.109856
2073	0.110527
2074	0.108203
2075	0.111401
2076	0.106829
2077	0.108811
2078	0.108121
2079	0.111778
2080	0.106649
2081	0.109959
2082	0.110881
2083	0.107941
2084	0.107456
2085	0.110212
2086	0.110498
2087	0.109442
2088	0.108012
2089	0.106396
2090	0.109396
2091	0.108497
2092	0.109276
2093	0.108644
2094	0.109024
2095	0.108903
2096	0.109152
2097	0.107922
2098	0.106265
2099	0.111287
2100	0.110029
2101	0.109231
2102	0.106474
2103	0.107771
2104	0.110475
2105	0.109338
2106	0.109162
2107	0.107771
2108	0.108293
2109	0.108058
2110	0.107575
2111	0.10951
2112	0.107682
2113	0.105689
2114	0.107334
2115	0.106443
2116	0.107399
2117	0.108109
2118	0.10625
2119	0.105768
2120	0.108376
2121	0.106257
2122	0.106925
2123	0.106523
2124	0.105702
2125	0.105617
2126	0.106125
2127	0.10555
2128	0.106674
2129	0.108589
2130	0.106987
2131	0.105878
2132	0.106204
2133	0.106306
2134	0.105444
2135	0.107475
2136	0.107647
2137	0.107505
2138	0.107094
2139	0.10751
2140	0.106683
2141	0.10886
2142	0.104144
2143	0.106943
2144	0.107002
2145	0.105354
2146	0.10794
2147	0.105381
2148	0.107212
2149	0.1083
2150	0.105751
2151	0.108842
2152	0.107199
2153	0.107638
2154	0.104373
2155	0.10475
2156	0.103445
2157	0.103699
2158	0.103955
2159	0.102691
2160	0.107063
2161	0.106437
2162	0.107106
2163	0.104738
2164	0.105044
2165	0.106238
2166	0.105863
2167	0.10332
2168	0.106822
2169	0.105845
2170	0.103998
2171	0.104885
2172	0.105253
2173	0.106267
2174	0.104752
2175	0.105271
2176	0.106465
2177	0.104965
2178	0.104736
2179	0.104366
2180	0.105192
2181	0.103429
2182	0.105561
2183	0.107106
2184	0.10292
2185	0.105627
2186	0.103299
2187	0.104112
2188	0.106535
2189	0.107627
2190	0.102497
2191	0.105307
2192	0.105745
2193	0.103719
2194	0.104933
2195	0.106794
2196	0.105369
2197	0.107595
2198	0.105855
2199	0.106269
2200	0.108013
2201	0.10449
2202	0.104886
2203	0.110024
2204	0.103389
2205	0.105904
2206	0.105896
2207	0.103779
2208	0.107837
2209	0.105179
2210	0.103035
2211	0.104215
2212	0.104268
2213	0.103893
2214	0.107005
2215	0.10474
2216	0.102621
2217	0.103731
2218	0.103481
2219	0.104775
2220	0.105185
2221	0.102459
2222	0.103618
2223	0.104601
2224	0.103921
2225	0.104687
2226	0.106762
2227	0.10851
2228	0.103452
2229	0.107346
2230	0.107502
2231	0.105865
2232	0.10782
2233	0.103394
2234	0.104365
2235	0.10346
2236	0.105396
2237	0.105214
2238	0.10468
2239	0.105861
2240	0.106942
2241	0.105307
2242	0.104824
2243	0.105602
2244	0.109214
2245	0.109092
2246	0.105522
2247	0.105402
2248	0.106813
2249	0.10577
2250	0.102519
2251	0.103471
2252	0.105104
2253	0.105677
2254	0.104035
2255	0.105358
2256	0.106829
2257	0.105429
2258	0.1073
2259	0.105051
2260	0.107364
2261	0.105149
2262	0.106819
2263	0.10748
2264	0.105291
2265	0.104944
2266	0.106473
2267	0.10352
2268	0.105097
2269	0.106557
2270	0.105696
2271	0.106747
2272	0.10721
2273	0.106156
2274	0.106895
2275	0.107208
2276	0.107593
2277	0.107054
2278	0.10689
2279	0.105402
2280	0.10703
2281	0.104671
2282	0.105242
2283	0.105218
2284	0.106859
2285	0.105579
2286	0.106569
2287	0.1049
2288	0.105218
2289	0.105531
2290	0.106068
2291	0.105137
2292	0.104931
2293	0.10515
2294	0.107401
2295	0.105241
2296	0.104366
2297	0.108574
2298	0.10378
2299	0.105077
2300	0.108805
2301	0.103128
2302	0.105734
2303	0.1061
2304	0.103602
2305	0.105692
2306	0.103524
2307	0.105255
2308	0.106122
2309	0.103275
2310	0.104426
2311	0.105063
2312	0.103334
2313	0.105837
2314	0.106983
2315	0.104389
2316	0.105856
2317	0.10535
2318	0.103911
2319	0.106226
2320	0.105355
2321	0.105378
2322	0.104878
2323	0.103577
2324	0.105653
2325	0.106002
2326	0.102735
2327	0.106814
2328	0.10565
2329	0.104459
2330	0.107031
2331	0.105737
2332	0.102832
2333	0.105238
2334	0.104092
2335	0.103535
2336	0.106829
2337	0.105523
2338	0.105945
2339	0.104749
2340	0.105185
2341	0.106567
2342	0.103462
2343	0.104575
2344	0.105225
2345	0.103268
2346	0.103546
2347	0.104414
2348	0.104125
2349	0.106529
2350	0.101222
2351	0.108623
2352	0.105185
2353	0.103703
2354	0.104567
2355	0.105937
2356	0.105784
2357	0.104563
2358	0.10449
2359	0.102554
2360	0.104883
2361	0.105557
2362	0.108103
2363	0.102465
2364	0.105385
2365	0.105519
2366	0.103758
2367	0.104113
2368	0.106284
2369	0.107341
2370	0.105528
2371	0.104213
2372	0.106255
2373	0.103249
2374	0.104688
2375	0.103843
2376	0.106689
2377	0.104034
2378	0.102768
2379	0.105393
2380	0.105002
2381	0.103851
2382	0.104211
2383	0.106764
2384	0.107922
2385	0.105327
2386	0.103129
2387	0.1085
2388	0.104056
2389	0.104101
2390	0.102808
2391	0.10588
2392	0.104607
2393	0.106262
2394	0.106255
2395	0.105072
2396	0.103217
2397	0.104768
2398	0.101516
2399	0.103579
2400	0.107829
2401	0.105045
2402	0.105434
2403	0.10741
2404	0.102799
2405	0.104177
2406	0.104825
2407	0.102422
2408	0.103761
2409	0.104415
2410	0.105198
2411	0.103051
2412	0.104399
2413	0.10457
2414	0.10407
2415	0.101643
2416	0.106204
2417	0.105344
2418	0.104823
2419	0.103696
2420	0.103674
2421	0.102775
2422	0.104556
2423	0.100271
2424	0.105919
2425	0.104026
2426	0.103579
2427	0.104643
2428	0.1053
2429	0.103358
2430	0.103196
2431	0.101432
2432	0.102463
2433	0.104163
2434	0.105621
2435	0.101909
2436	0.104501
2437	0.103499
2438	0.104945
2439	0.101225
2440	0.105961
2441	0.106327
2442	0.103359
2443	0.105716
2444	0.104532
2445	0.103305
2446	0.107958
2447	0.105836
2448	0.104882
2449	0.108896
2450	0.104476
2451	0.10636
2452	0.104262
2453	0.104659
2454	0.107785
2455	0.107594
2456	0.105037
2457	0.104151
2458	0.106054
2459	0.106712
2460	0.103951
2461	0.104749
2462	0.105358
2463	0.105616
2464	0.106619
2465	0.105607
2466	0.103534
2467	0.107463
2468	0.104782
2469	0.104717
2470	0.103973
2471	0.107685
2472	0.104137
2473	0.106179
2474	0.104334
2475	0.108788
2476	0.104973
2477	0.105006
2478	0.103975
2479	0.10487
2480	0.10353
2481	0.104336
2482	0.105215
2483	0.103716
2484	0.105393
2485	0.103733
2486	0.103763
2487	0.102988
2488	0.104056
2489	0.105097
2490	0.103793
2491	0.104897
2492	0.103351
2493	0.106992
2494	0.106987
2495	0.105597
2496	0.104303
2497	0.104161
2498	0.103842
2499	0.104105
2500	0.106996
2501	0.108247
2502	0.106412
2503	0.104055
2504	0.106092
2505	0.103612
2506	0.104698
2507	0.105378
2508	0.107445
2509	0.104906
2510	0.104865
2511	0.104064
2512	0.107751
2513	0.103126
2514	0.105951
2515	0.104712
2516	0.10487
2517	0.102964
2518	0.103813
2519	0.107564
2520	0.106921
2521	0.107228
2522	0.10709
2523	0.105448
2524	0.102816
2525	0.103062
2526	0.104975
2527	0.102436
2528	0.104481
2529	0.105642
2530	0.108188
2531	0.106281
2532	0.106596
2533	0.106261
2534	0.105748
2535	0.107406
2536	0.109782
2537	0.104608
2538	0.107485
2539	0.105189
2540	0.104406
2541	0.108747
2542	0.106981
2543	0.10508
2544	0.105507
2545	0.103359
2546	0.104921
2547	0.105208
2548	0.106407
2549	0.105504
2550	0.104349
2551	0.105811
2552	0.10566
2553	0.106214
2554	0.102849
2555	0.106664
2556	0.106654
2557	0.107169
2558	0.105679
2559	0.104021
2560	0.10473
2561	0.106527
2562	0.106158
2563	0.106443
2564	0.106157
2565	0.108415
2566	0.107843
2567	0.108718
2568	0.106227
2569	0.107293
2570	0.10311
2571	0.105291
2572	0.105256
2573	0.105179
2574	0.108743
2575	0.105585
2576	0.107174
2577	0.107631
2578	0.106921
2579	0.106785
2580	0.10675
2581	0.107026
2582	0.105145
2583	0.107537
2584	0.103532
2585	0.112119
2586	0.107644
2587	0.108905
2588	0.108482
2589	0.105115
2590	0.106126
2591	0.107673
2592	0.106976
2593	0.107585
2594	0.106989
2595	0.104515
2596	0.106821
2597	0.107256
2598	0.106655
2599	0.107376
2600	0.106785
2601	0.107002
2602	0.105907
2603	0.106304
2604	0.105436
2605	0.107711
2606	0.104996
2607	0.108958
2608	0.107463
2609	0.104799
2610	0.105491
2611	0.104834
2612	0.105974
2613	0.10643
2614	0.110028
2615	0.10755
2616	0.105409
2617	0.108066
2618	0.106678
2619	0.107661
2620	0.107174
2621	0.10496
2622	0.10728
2623	0.105824
2624	0.108525
2625	0.105017
2626	0.108217
2627	0.109498
2628	0.105514
2629	0.107713
2630	0.107345
2631	0.10559
2632	0.106346
2633	0.106762
2634	0.106886
2635	0.107986
2636	0.103885
2637	0.103154
2638	0.107428
2639	0.10349
2640	0.104904
2641	0.104958
2642	0.107543
2643	0.106322
2644	0.106554
2645	0.105203
2646	0.10707
2647	0.105725
2648	0.103739
2649	0.104912
2650	0.104056
2651	0.104385
2652	0.106644
2653	0.103178
2654	0.107915
2655	0.106299
2656	0.106711
2657	0.105927
2658	0.10244
2659	0.103924
2660	0.105963
2661	0.103172
2662	0.105299
2663	0.103666
2664	0.104784
2665	0.105247
2666	0.105139
2667	0.102985
2668	0.106556
2669	0.10516
2670	0.107249
2671	0.104142
2672	0.104313
2673	0.106107
2674	0.105199
2675	0.101995
2676	0.104152
2677	0.102812
2678	0.102516
2679	0.101835
2680	0.102889
2681	0.10436
2682	0.102624
2683	0.10386
2684	0.102549
2685	0.104375
2686	0.10255
2687	0.10669
2688	0.105062
2689	0.102908
2690	0.103239
2691	0.105248
2692	0.102725
2693	0.102845
2694	0.103448
2695	0.104039
2696	0.106338
2697	0.102105
2698	0.103482
2699	0.103339
2700	0.103751
2701	0.103837
2702	0.105457
2703	0.101902
2704	0.102048
2705	0.101329
2706	0.0993227
2707	0.10179
2708	0.101435
2709	0.105392
2710	0.10508
2711	0.104996
2712	0.102793
2713	0.101313
2714	0.100923
2715	0.101016
2716	0.100502
2717	0.104119
2718	0.102761
2719	0.103597
2720	0.0999009
2721	0.102751
2722	0.102375
2723	0.100179
2724	0.10134
2725	0.104145
2726	0.10014
2727	0.102068
2728	0.101906
2729	0.102422
2730	0.100582
2731	0.0996724
2732	0.102048
2733	0.102077
2734	0.101482
2735	0.10373
2736	0.100486
2737	0.102153
2738	0.102387
2739	0.102198
2740	0.103834
2741	0.103568
2742	0.103608
2743	0.102089
2744	0.102723
2745	0.104054
2746	0.103255
2747	0.103826
2748	0.102499
2749	0.103582
2750	0.102261
2751	0.104602
2752	0.101678
2753	0.102869
2754	0.104481
2755	0.103066
2756	0.102331
2757	0.10297
2758	0.102454
2759	0.102002
2760	0.103537
2761	0.106123
2762	0.105507
2763	0.103976
2764	0.104084
2765	0.105155
2766	0.104231
2767	0.105319
2768	0.104979
2769	0.106477
2770	0.101253
2771	0.108984
2772	0.106362
2773	0.102826
2774	0.102999
2775	0.104071
2776	0.102954
2777	0.10343
2778	0.104218
2779	0.103837
2780	0.102934
2781	0.102353
2782	0.10439
2783	0.103562
2784	0.102917
2785	0.100301
2786	0.102983
2787	0.103943
2788	0.101963
2789	0.102909
2790	0.102429
2791	0.102399
2792	0.104818
2793	0.104933
2794	0.105053
2795	0.102068
2796	0.100247
2797	0.10143
2798	0.10345
2799	0.102535
2800	0.100672
2801	0.102082
2802	0.100353
2803	0.100109
2804	0.103651
2805	0.102881
2806	0.105972
2807	0.104183
2808	0.10117
2809	0.104702
2810	0.104292
2811	0.101145
2812	0.102859
2813	0.102209
2814	0.104081
2815	0.104532
2816	0.104013
2817	0.102317
2818	0.104498
2819	0.101715
2820	0.103382
2821	0.101842
2822	0.105742
2823	0.103935
2824	0.10358
2825	0.102112
2826	0.104238
2827	0.106681
2828	0.10093
2829	0.104326
2830	0.10345
2831	0.102782
2832	0.101762
2833	0.104321
2834	0.101187
2835	0.102981
2836	0.101459
2837	0.104783
2838	0.102845
2839	0.104087
2840	0.108001
2841	0.105364
2842	0.101671
2843	0.102957
2844	0.104868
2845	0.103625
2846	0.103651
2847	0.103889
2848	0.104761
2849	0.104391
2850	0.102784
2851	0.10515
2852	0.104951
2853	0.103437
2854	0.102663
2855	0.104193
2856	0.103729
2857	0.103204
2858	0.105304
2859	0.106089
2860	0.104076
2861	0.105312
2862	0.102495
2863	0.102835
2864	0.106244
2865	0.104563
2866	0.105355
2867	0.108098
2868	0.105073
2869	0.104736
2870	0.107138
2871	0.103202
2872	0.103766
2873	0.10397
2874	0.105125
2875	0.103897
2876	0.106408
2877	0.105463
2878	0.103881
2879	0.106337
2880	0.107476
2881	0.106898
2882	0.102351
2883	0.106225
2884	0.1049
2885	0.106475
2886	0.104279
2887	0.104788
2888	0.105392
2889	0.105565
2890	0.107656
2891	0.107356
2892	0.106742
2893	0.106748
2894	0.103008
2895	0.104176
2896	0.106712
2897	0.106447
2898	0.107151
2899	0.105564
2900	0.106587
2901	0.107984
2902	0.107034
2903	0.1079
2904	0.107506
2905	0.105606
2906	0.106452
2907	0.106816
2908	0.105176
2909	0.110048
2910	0.10644
2911	0.106714
2912	0.107629
2913	0.110219
2914	0.107736
2915	0.108211
2916	0.107561
2917	0.108188
2918	0.10493
2919	0.105579
2920	0.108164
2921	0.106895
2922	0.106791
2923	0.103442
2924	0.104499
2925	0.104624
2926	0.105485
2927	0.105868
2928	0.107522
2929	0.104906
2930	0.103702
2931	0.10373
2932	0.105075
2933	0.106653
2934	0.106556
2935	0.106017
2936	0.10535
2937	0.105362
2938	0.104177
2939	0.10587
2940	0.109541
2941	0.104614
2942	0.107018
2943	0.107067
2944	0.105921
2945	0.105879
2946	0.102834
2947	0.105731
2948	0.10535
2949	0.104104
2950	0.10499
2951	0.106079
2952	0.103098
2953	0.102716
2954	0.105502
2955	0.103734
2956	0.104641
2957	0.101937
2958	0.105945
2959	0.103168
2960	0.103323
2961	0.103753
2962	0.106714
2963	0.104592
2964	0.104524
2965	0.105049
2966	0.102246
2967	0.102264
2968	0.102839
2969	0.103333
2970	0.10097
2971	0.104113
2972	0.105084
2973	0.101869
2974	0.103179
2975	0.104801
2976	0.102581
2977	0.104468
2978	0.103279
2979	0.103736
2980	0.104142
2981	0.103419
2982	0.105233
2983	0.105411
2984	0.10509
2985	0.10241
2986	0.103746
2987	0.10347
2988	0.102807
2989	0.101738
2990	0.104851
2991	0.106296
2992	0.106342
2993	0.103097
2994	0.102886
2995	0.103053
2996	0.106957
2997	0.105216
2998	0.10016
2999	0.103746
3000	0.10328
3001	0.107404
3002	0.104243
3003	0.105418
3004	0.102883
3005	0.103465
3006	0.10077
3007	0.103691
3008	0.102804
3009	0.102116
3010	0.107008
3011	0.101234
3012	0.102575
3013	0.102575
3014	0.10238
3015	0.101412
3016	0.103178
3017	0.101885
3018	0.100082
3019	0.100171
3020	0.10134
3021	0.100684
3022	0.101109
3023	0.102128
3024	0.100552
3025	0.101431
3026	0.100408
3027	0.101728
3028	0.102685
3029	0.100857
3030	0.0998238
3031	0.10198
3032	0.100014
3033	0.103034
3034	0.100499
3035	0.100616
3036	0.0996396
3037	0.10053
3038	0.102508
3039	0.101616
3040	0.102095
3041	0.100899
3042	0.100306
3043	0.101467
3044	0.101369
3045	0.100764
3046	0.0978521
3047	0.101363
3048	0.102859
3049	0.10122
3050	0.099661
3051	0.100556
3052	0.101061
3053	0.100445
3054	0.100726
3055	0.10218
3056	0.100586
3057	0.0986323
3058	0.101522
3059	0.10016
3060	0.102858
3061	0.101754
3062	0.102904
3063	0.0996428
3064	0.0996947
3065	0.0977437
3066	0.0991168
3067	0.101584
3068	0.0997111
3069	0.102132
3070	0.0990999
3071	0.0993863
3072	0.0996949
3073	0.0999692
3074	0.0986696
3075	0.101026
3076	0.100451
3077	0.106654
3078	0.101152
3079	0.100239
3080	0.100367
3081	0.102948
3082	0.102206
3083	0.104286
3084	0.103026
3085	0.101415
3086	0.103158
3087	0.102081
3088	0.101683
3089	0.104384
3090	0.100706
3091	0.101472
3092	0.102275
3093	0.102723
3094	0.101688
3095	0.101855
3096	0.101841
3097	0.0998677
3098	0.101139
3099	0.101546
3100	0.104678
3101	0.102939
3102	0.10176
3103	0.102788
3104	0.102419
3105	0.104901
3106	0.102079
3107	0.101604
3108	0.102559
3109	0.101132
3110	0.103716
3111	0.102829
3112	0.105718
3113	0.101026
3114	0.102667
3115	0.0991206
3116	0.104533
3117	0.102612
3118	0.102497
3119	0.103291
