### Number of tubes used: 730
### Nuclear profiles per tube: 1.68219
### Resolution (bp): 40000
### Slice thickness (microns): 0.22
### Nuclear radius (microns): 4.5
### Detection efficiency: 0.858886
distance	 pi_threshold
1	0.346152
2	0.285264
3	0.265398
4	0.246964
5	0.234817
6	0.227378
7	0.226553
8	0.217478
9	0.213796
10	0.203686
11	0.198026
12	0.193006
13	0.194839
14	0.194755
15	0.18983
16	0.187164
17	0.186706
18	0.181917
19	0.177088
20	0.178114
21	0.1777
22	0.174572
23	0.171662
24	0.169155
25	0.170232
26	0.16825
27	0.164692
28	0.163829
29	0.162285
30	0.165115
31	0.162389
32	0.158897
33	0.160108
34	0.159537
35	0.159134
36	0.156223
37	0.152577
38	0.156014
39	0.15371
40	0.150959
41	0.159032
42	0.151965
43	0.152808
44	0.149339
45	0.149853
46	0.147699
47	0.150423
48	0.145155
49	0.143763
50	0.146915
51	0.144617
52	0.144289
53	0.144435
54	0.146618
55	0.145814
56	0.14492
57	0.143579
58	0.145784
59	0.144696
60	0.145224
61	0.14041
62	0.141883
63	0.143324
64	0.141035
65	0.138662
66	0.135107
67	0.140074
68	0.140835
69	0.138011
70	0.140661
71	0.137664
72	0.136555
73	0.139744
74	0.138732
75	0.14004
76	0.135149
77	0.135942
78	0.135847
79	0.134087
80	0.13258
81	0.134184
82	0.134896
83	0.134916
84	0.134847
85	0.134892
86	0.134701
87	0.132234
88	0.134147
89	0.129119
90	0.131288
91	0.134408
92	0.130717
93	0.135406
94	0.132148
95	0.133046
96	0.131749
97	0.135102
98	0.129558
99	0.133014
100	0.131224
101	0.132001
102	0.130303
103	0.133361
104	0.129729
105	0.12998
106	0.131578
107	0.130577
108	0.127
109	0.133142
110	0.13009
111	0.127382
112	0.13101
113	0.132794
114	0.129204
115	0.131261
116	0.128114
117	0.129215
118	0.130913
119	0.13055
120	0.130168
121	0.132655
122	0.128656
123	0.130477
124	0.128137
125	0.127866
126	0.129922
127	0.128778
128	0.127455
129	0.128871
130	0.130011
131	0.127419
132	0.127741
133	0.126807
134	0.12312
135	0.128408
136	0.127886
137	0.130609
138	0.126992
139	0.128307
140	0.125073
141	0.126357
142	0.126287
143	0.125864
144	0.131085
145	0.128212
146	0.127314
147	0.128605
148	0.128851
149	0.12601
150	0.12318
151	0.127894
152	0.128337
153	0.126097
154	0.125189
155	0.126372
156	0.127371
157	0.126606
158	0.126544
159	0.126599
160	0.128201
161	0.126329
162	0.124664
163	0.127107
164	0.125457
165	0.126743
166	0.12648
167	0.128576
168	0.127038
169	0.129012
170	0.125836
171	0.124666
172	0.127532
173	0.125769
174	0.126559
175	0.127298
176	0.126375
177	0.127144
178	0.125549
179	0.127755
180	0.125457
181	0.128966
182	0.1257
183	0.12598
184	0.122972
185	0.127242
186	0.12443
187	0.126212
188	0.126324
189	0.124008
190	0.124733
191	0.127799
192	0.126978
193	0.128619
194	0.125267
195	0.124519
196	0.123268
197	0.126424
198	0.125908
199	0.124928
200	0.124439
201	0.123666
202	0.124141
203	0.122839
204	0.126581
205	0.12478
206	0.125429
207	0.122372
208	0.123331
209	0.123643
210	0.125433
211	0.123512
212	0.125524
213	0.123607
214	0.126754
215	0.12593
216	0.124321
217	0.12511
218	0.122267
219	0.125028
220	0.125019
221	0.125674
222	0.122782
223	0.121162
224	0.127813
225	0.12273
226	0.122434
227	0.123024
228	0.123468
229	0.125127
230	0.123948
231	0.122133
232	0.127062
233	0.124356
234	0.123665
235	0.122445
236	0.122388
237	0.125438
238	0.122352
239	0.122409
240	0.124712
241	0.125179
242	0.122327
243	0.122903
244	0.120605
245	0.124123
246	0.121698
247	0.120173
248	0.125554
249	0.123944
250	0.123461
251	0.124105
252	0.121184
253	0.120503
254	0.123925
255	0.122763
256	0.121499
257	0.122131
258	0.121498
259	0.123938
260	0.125481
261	0.121748
262	0.120055
263	0.122717
264	0.117154
265	0.122658
266	0.123123
267	0.122786
268	0.12103
269	0.124091
270	0.120774
271	0.12364
272	0.121457
273	0.125109
274	0.124344
275	0.119822
276	0.120769
277	0.122233
278	0.121888
279	0.123157
280	0.119542
281	0.118983
282	0.122874
283	0.121271
284	0.119829
285	0.12017
286	0.123511
287	0.119865
288	0.122529
289	0.122694
290	0.120886
291	0.119822
292	0.119695
293	0.12264
294	0.124906
295	0.122691
296	0.120211
297	0.121416
298	0.122982
299	0.120421
300	0.122602
301	0.121554
302	0.120572
303	0.119701
304	0.123037
305	0.121653
306	0.123845
307	0.119976
308	0.123055
309	0.119921
310	0.123426
311	0.123385
312	0.122158
313	0.121866
314	0.119602
315	0.122376
316	0.122431
317	0.12233
318	0.121819
319	0.124912
320	0.124604
321	0.122862
322	0.122709
323	0.118862
324	0.12252
325	0.12322
326	0.12333
327	0.122335
328	0.121231
329	0.121097
330	0.124265
331	0.121884
332	0.121222
333	0.122404
334	0.123018
335	0.123881
336	0.120978
337	0.12135
338	0.123298
339	0.120953
340	0.123507
341	0.121218
342	0.124686
343	0.122043
344	0.119033
345	0.124156
346	0.123348
347	0.120626
348	0.124387
349	0.120089
350	0.120602
351	0.124454
352	0.121809
353	0.122216
354	0.120033
355	0.122601
356	0.122351
357	0.120316
358	0.123173
359	0.119883
360	0.12098
361	0.123607
362	0.121681
363	0.124167
364	0.123783
365	0.121193
366	0.121909
367	0.121628
368	0.122551
369	0.123596
370	0.119704
371	0.121383
372	0.119863
373	0.120392
374	0.11799
375	0.119128
376	0.123205
377	0.119845
378	0.122359
379	0.120254
380	0.123035
381	0.119128
382	0.122366
383	0.124596
384	0.123377
385	0.124475
386	0.121853
387	0.124023
388	0.12263
389	0.123695
390	0.121826
391	0.122095
392	0.118602
393	0.124095
394	0.120961
395	0.120782
396	0.123136
397	0.121496
398	0.123209
399	0.121036
400	0.123144
401	0.123805
402	0.1232
403	0.121146
404	0.122428
405	0.124096
406	0.124939
407	0.126089
408	0.124027
409	0.123287
410	0.124673
411	0.122132
412	0.127657
413	0.123837
414	0.124392
415	0.12308
416	0.122113
417	0.125026
418	0.12104
419	0.12416
420	0.124319
421	0.121203
422	0.12151
423	0.125486
424	0.123323
425	0.123677
426	0.123735
427	0.123447
428	0.125736
429	0.122828
430	0.122822
431	0.122842
432	0.124114
433	0.123079
434	0.123874
435	0.121108
436	0.124533
437	0.126104
438	0.118933
439	0.125603
440	0.122772
441	0.123258
442	0.122362
443	0.121904
444	0.12269
445	0.123251
446	0.123505
447	0.120541
448	0.122591
449	0.124907
450	0.123702
451	0.124458
452	0.125212
453	0.124901
454	0.124144
455	0.123796
456	0.123522
457	0.123185
458	0.125203
459	0.124253
460	0.12159
461	0.123893
462	0.124707
463	0.121787
464	0.124981
465	0.123308
466	0.123786
467	0.12369
468	0.125919
469	0.127028
470	0.122451
471	0.122829
472	0.124468
473	0.122818
474	0.122577
475	0.125425
476	0.12156
477	0.121413
478	0.125362
479	0.123738
480	0.121425
481	0.123634
482	0.120856
483	0.121813
484	0.124187
485	0.120453
486	0.12185
487	0.122287
488	0.121052
489	0.121345
490	0.122157
491	0.122996
492	0.12278
493	0.12314
494	0.119335
495	0.122241
496	0.120213
497	0.121841
498	0.118203
499	0.123576
500	0.119869
501	0.124192
502	0.12465
503	0.122552
504	0.122423
505	0.123902
506	0.118968
507	0.121408
508	0.123326
509	0.122753
510	0.122251
511	0.121796
512	0.122484
513	0.120388
514	0.121932
515	0.12065
516	0.120064
517	0.119634
518	0.121394
519	0.119579
520	0.125284
521	0.120277
522	0.122954
523	0.121349
524	0.12047
525	0.11756
526	0.120932
527	0.121087
528	0.122011
529	0.119442
530	0.120415
531	0.120794
532	0.120937
533	0.121308
534	0.119389
535	0.120814
536	0.12017
537	0.118586
538	0.118179
539	0.12268
540	0.123331
541	0.122556
542	0.119712
543	0.120896
544	0.120805
545	0.120649
546	0.120488
547	0.122185
548	0.11956
549	0.116985
550	0.120762
551	0.118908
552	0.120353
553	0.122709
554	0.120117
555	0.12032
556	0.11966
557	0.120132
558	0.120947
559	0.12012
560	0.123046
561	0.121174
562	0.121448
563	0.123889
564	0.121422
565	0.120902
566	0.124382
567	0.120964
568	0.11779
569	0.119564
570	0.120432
571	0.120628
572	0.120411
573	0.119084
574	0.124963
575	0.121003
576	0.122342
577	0.119169
578	0.122081
579	0.120102
580	0.118986
581	0.121255
582	0.119376
583	0.117549
584	0.120714
585	0.119405
586	0.119664
587	0.121039
588	0.120259
589	0.119598
590	0.120532
591	0.119747
592	0.119005
593	0.118634
594	0.11966
595	0.120277
596	0.12038
597	0.119317
598	0.118
599	0.118424
600	0.118142
601	0.11671
602	0.118306
603	0.121372
604	0.116332
605	0.116657
606	0.11493
607	0.117564
608	0.115628
609	0.120973
610	0.119181
611	0.116711
612	0.117275
613	0.116771
614	0.116079
615	0.118827
616	0.115444
617	0.118384
618	0.11936
619	0.118636
620	0.117285
621	0.114931
622	0.117307
623	0.117769
624	0.116822
625	0.11612
626	0.118657
627	0.11797
628	0.117557
629	0.116964
630	0.117478
631	0.115411
632	0.116717
633	0.117096
634	0.11735
635	0.117857
636	0.115895
637	0.119612
638	0.117678
639	0.117908
640	0.120012
641	0.11663
642	0.120434
643	0.118251
644	0.117933
645	0.118629
646	0.119571
647	0.119012
648	0.118084
649	0.118387
650	0.116137
651	0.120313
652	0.120211
653	0.118473
654	0.118249
655	0.114613
656	0.119402
657	0.119883
658	0.1181
659	0.117434
660	0.117551
661	0.119114
662	0.117484
663	0.119731
664	0.119654
665	0.119288
666	0.117715
667	0.115652
668	0.117864
669	0.114969
670	0.116443
671	0.11976
672	0.120098
673	0.120581
674	0.116321
675	0.11578
676	0.11334
677	0.116501
678	0.118464
679	0.114453
680	0.117224
681	0.11842
682	0.117587
683	0.117982
684	0.120108
685	0.115578
686	0.116407
687	0.118313
688	0.117536
689	0.118645
690	0.117729
691	0.116683
692	0.117676
693	0.119314
694	0.118393
695	0.118436
696	0.118119
697	0.120023
698	0.118166
699	0.118092
700	0.119033
701	0.119392
702	0.116687
703	0.120257
704	0.118225
705	0.119297
706	0.117173
707	0.118698
708	0.118403
709	0.118715
710	0.116706
711	0.116084
712	0.119615
713	0.118633
714	0.118195
715	0.117567
716	0.118521
717	0.117297
718	0.116878
719	0.118782
720	0.117314
721	0.116961
722	0.118654
723	0.116189
724	0.118208
725	0.119569
726	0.116591
727	0.115517
728	0.117159
729	0.117648
730	0.117212
731	0.11851
732	0.116969
733	0.117355
734	0.114404
735	0.118506
736	0.1187
737	0.119987
738	0.116918
739	0.118199
740	0.118978
741	0.117847
742	0.120053
743	0.117873
744	0.115515
745	0.120595
746	0.119301
747	0.120903
748	0.117161
749	0.119073
750	0.116966
751	0.11923
752	0.117854
753	0.118209
754	0.121244
755	0.121222
756	0.116835
757	0.118083
758	0.118248
759	0.117568
760	0.116589
761	0.117862
762	0.117055
763	0.119298
764	0.119232
765	0.119179
766	0.120169
767	0.119806
768	0.116844
769	0.123625
770	0.121482
771	0.119376
772	0.118739
773	0.119809
774	0.120378
775	0.118322
776	0.120422
777	0.122017
778	0.121971
779	0.120342
780	0.122244
781	0.118961
782	0.118473
783	0.118313
784	0.120065
785	0.12114
786	0.118588
787	0.116946
788	0.121464
789	0.121492
790	0.117713
791	0.119605
792	0.120564
793	0.11888
794	0.12237
795	0.119514
796	0.118761
797	0.117323
798	0.11982
799	0.117775
800	0.121045
801	0.120853
802	0.121036
803	0.120689
804	0.118851
805	0.119519
806	0.119192
807	0.118812
808	0.12028
809	0.117093
810	0.118186
811	0.118283
812	0.118923
813	0.11677
814	0.117118
815	0.120459
816	0.117309
817	0.115535
818	0.116459
819	0.116826
820	0.118858
821	0.117785
822	0.117875
823	0.118292
824	0.119329
825	0.117663
826	0.116159
827	0.118816
828	0.113765
829	0.119083
830	0.118461
831	0.117573
832	0.120187
833	0.117212
834	0.119655
835	0.118064
836	0.118182
837	0.118678
838	0.119583
839	0.11739
840	0.119396
841	0.119069
842	0.118382
843	0.119202
844	0.116113
845	0.116862
846	0.119361
847	0.117341
848	0.118899
849	0.117526
850	0.119845
851	0.11725
852	0.116408
853	0.117892
854	0.119952
855	0.117086
856	0.118289
857	0.120176
858	0.118942
859	0.119544
860	0.117857
861	0.117924
862	0.115737
863	0.116557
864	0.121878
865	0.12055
866	0.119333
867	0.117228
868	0.118333
869	0.117914
870	0.118289
871	0.117247
872	0.12136
873	0.121686
874	0.117741
875	0.118237
876	0.120448
877	0.119364
878	0.118273
879	0.122733
880	0.119921
881	0.119751
882	0.1204
883	0.11759
884	0.118325
885	0.116689
886	0.116678
887	0.118269
888	0.119921
889	0.11686
890	0.121328
891	0.116616
892	0.122756
893	0.120966
894	0.11664
895	0.122633
896	0.11996
897	0.1213
898	0.122293
899	0.116899
900	0.118487
901	0.117689
902	0.119281
903	0.121672
904	0.118771
905	0.117197
906	0.113598
907	0.116746
908	0.118873
909	0.120039
910	0.117167
911	0.119025
912	0.118741
913	0.115498
914	0.117492
915	0.118508
916	0.116459
917	0.115988
918	0.118048
919	0.114924
920	0.116624
921	0.116351
922	0.117038
923	0.115898
924	0.116164
925	0.117799
926	0.118123
927	0.119334
928	0.114727
929	0.115202
930	0.114772
931	0.117658
932	0.115751
933	0.116778
934	0.113086
935	0.117923
936	0.115733
937	0.116485
938	0.115867
939	0.117656
940	0.114749
941	0.113771
942	0.118701
943	0.114414
944	0.115753
945	0.117584
946	0.116388
947	0.115127
948	0.115657
949	0.1188
950	0.117592
951	0.119118
952	0.112491
953	0.116954
954	0.118196
955	0.115115
956	0.116183
957	0.116996
958	0.115577
959	0.113898
960	0.118827
961	0.116746
962	0.114253
963	0.116808
964	0.114756
965	0.116718
966	0.113735
967	0.118493
968	0.115322
969	0.115501
970	0.116424
971	0.115262
972	0.117729
973	0.116352
974	0.118341
975	0.117983
976	0.118119
977	0.115569
978	0.118397
979	0.115629
980	0.114405
981	0.116512
982	0.115013
983	0.117358
984	0.114569
985	0.118414
986	0.113593
987	0.11551
988	0.11402
989	0.116451
990	0.117773
991	0.119088
992	0.116367
993	0.115883
994	0.116814
995	0.11499
996	0.112069
997	0.117788
998	0.116887
999	0.115099
1000	0.116532
1001	0.116233
1002	0.118906
1003	0.118393
1004	0.117809
1005	0.115879
1006	0.118569
1007	0.116508
1008	0.116171
1009	0.116332
1010	0.117621
1011	0.118571
1012	0.114402
1013	0.114091
1014	0.116527
1015	0.116669
1016	0.11402
1017	0.114203
1018	0.116009
1019	0.117785
1020	0.116117
1021	0.113169
1022	0.117952
1023	0.116067
1024	0.115963
1025	0.115032
1026	0.115062
1027	0.11725
1028	0.114641
1029	0.114388
1030	0.120249
1031	0.11637
1032	0.115735
1033	0.117745
1034	0.116153
1035	0.115869
1036	0.116721
1037	0.114616
1038	0.118009
1039	0.116613
1040	0.114904
1041	0.114326
1042	0.116838
1043	0.11884
1044	0.114936
1045	0.117075
1046	0.116025
1047	0.116457
1048	0.115886
1049	0.115486
1050	0.116225
1051	0.114237
1052	0.114824
1053	0.118698
1054	0.116041
1055	0.118381
1056	0.116828
1057	0.117551
1058	0.114619
1059	0.118586
1060	0.120111
1061	0.11692
1062	0.12046
1063	0.117372
1064	0.114768
1065	0.116404
1066	0.116974
1067	0.11655
1068	0.119182
1069	0.120098
1070	0.117481
1071	0.112807
1072	0.11466
1073	0.118062
1074	0.118196
1075	0.118986
1076	0.116192
1077	0.117598
1078	0.116108
1079	0.115828
1080	0.117956
1081	0.115953
1082	0.11545
1083	0.116304
1084	0.1152
1085	0.114612
1086	0.115351
1087	0.117688
1088	0.116862
1089	0.115332
1090	0.115594
1091	0.117225
1092	0.115251
1093	0.113017
1094	0.11797
1095	0.115285
1096	0.115274
1097	0.11639
1098	0.11594
1099	0.113053
1100	0.116098
1101	0.112323
1102	0.115243
1103	0.115336
1104	0.111204
1105	0.115873
1106	0.117301
1107	0.114202
1108	0.113004
1109	0.113281
1110	0.11461
1111	0.113762
1112	0.113373
1113	0.113701
1114	0.112104
1115	0.112462
1116	0.115576
1117	0.109018
1118	0.11552
1119	0.112452
1120	0.111936
1121	0.114771
1122	0.111635
1123	0.115201
1124	0.11436
1125	0.112092
1126	0.112713
1127	0.112618
1128	0.111994
1129	0.115234
1130	0.111866
1131	0.11165
1132	0.110209
1133	0.113071
1134	0.112971
1135	0.111506
1136	0.111957
1137	0.114055
1138	0.11536
1139	0.114233
1140	0.110842
1141	0.113761
1142	0.112106
1143	0.111668
1144	0.112573
1145	0.115689
1146	0.113255
1147	0.111527
1148	0.11215
1149	0.114871
1150	0.113632
1151	0.111629
1152	0.112737
1153	0.111643
1154	0.113806
1155	0.112585
1156	0.114327
1157	0.113941
1158	0.114102
1159	0.111754
1160	0.115373
1161	0.114487
1162	0.118029
1163	0.114237
1164	0.117638
1165	0.116868
1166	0.117696
1167	0.114104
1168	0.11674
1169	0.116492
1170	0.114565
1171	0.112052
1172	0.113807
1173	0.113629
1174	0.112884
1175	0.113479
1176	0.116165
1177	0.112284
1178	0.115539
1179	0.113288
1180	0.112563
1181	0.112997
1182	0.111655
1183	0.112536
1184	0.111043
1185	0.114751
1186	0.113967
1187	0.111777
1188	0.114228
1189	0.112594
1190	0.113645
1191	0.113486
1192	0.115705
1193	0.114636
1194	0.113324
1195	0.11223
1196	0.114573
1197	0.11461
1198	0.116908
1199	0.113597
1200	0.120471
1201	0.114236
1202	0.117037
1203	0.116189
1204	0.117793
1205	0.114932
1206	0.117285
1207	0.116361
1208	0.116854
1209	0.116209
1210	0.113765
1211	0.115321
1212	0.115177
1213	0.115947
1214	0.11376
1215	0.113823
1216	0.116372
1217	0.11655
1218	0.115034
1219	0.11751
1220	0.120564
1221	0.114692
1222	0.115707
1223	0.115709
1224	0.117071
1225	0.115848
1226	0.115956
1227	0.118896
1228	0.118813
1229	0.118212
1230	0.115994
1231	0.117518
1232	0.116323
1233	0.116904
1234	0.116243
1235	0.116316
1236	0.120897
1237	0.120896
1238	0.117786
1239	0.117016
1240	0.118421
1241	0.117273
1242	0.116789
1243	0.119047
1244	0.117318
1245	0.116284
1246	0.118332
1247	0.118782
1248	0.117847
1249	0.116513
1250	0.116788
1251	0.11659
1252	0.117216
1253	0.117038
1254	0.116589
1255	0.116176
1256	0.117138
1257	0.113379
1258	0.116072
1259	0.115147
1260	0.1142
1261	0.116323
1262	0.116111
1263	0.115822
1264	0.118601
1265	0.117095
1266	0.114999
1267	0.114575
1268	0.114929
1269	0.115736
1270	0.113298
1271	0.116386
1272	0.112367
1273	0.115938
1274	0.114466
1275	0.114767
1276	0.114261
1277	0.114159
1278	0.114745
1279	0.111442
1280	0.114855
1281	0.114424
1282	0.115498
1283	0.114429
1284	0.115743
1285	0.115068
1286	0.116086
1287	0.114802
1288	0.112847
1289	0.115081
1290	0.117501
1291	0.117509
1292	0.116387
1293	0.117996
1294	0.116326
1295	0.115072
1296	0.112615
1297	0.116035
1298	0.115961
1299	0.115906
1300	0.111642
1301	0.115313
1302	0.117048
1303	0.114387
1304	0.115094
1305	0.117079
1306	0.117522
1307	0.113378
1308	0.116959
1309	0.114487
1310	0.113624
1311	0.113407
1312	0.115051
1313	0.114251
1314	0.11445
1315	0.113047
1316	0.113478
1317	0.110824
1318	0.113817
1319	0.113715
1320	0.112829
1321	0.111656
1322	0.11209
1323	0.110157
1324	0.113535
1325	0.111994
1326	0.11413
1327	0.113127
1328	0.112865
1329	0.113991
1330	0.114775
1331	0.109504
1332	0.110769
1333	0.115078
1334	0.114775
1335	0.110688
1336	0.114137
1337	0.114066
1338	0.115873
1339	0.116195
1340	0.115419
1341	0.11701
1342	0.113355
1343	0.116976
1344	0.116706
1345	0.120228
1346	0.118474
1347	0.116493
1348	0.11824
1349	0.11701
1350	0.118025
1351	0.117807
1352	0.115165
1353	0.118575
1354	0.11462
