### Number of tubes used: 730
### Nuclear profiles per tube: 1.68219
### Resolution (bp): 40000
### Slice thickness (microns): 0.22
### Nuclear radius (microns): 4.5
### Detection efficiency: 0.858886
distance	 pi_threshold
1	0.343122
2	0.282646
3	0.261511
4	0.254401
5	0.236889
6	0.230897
7	0.219547
8	0.21843
9	0.216144
10	0.205316
11	0.210232
12	0.202312
13	0.203256
14	0.19678
15	0.196897
16	0.184445
17	0.191472
18	0.185878
19	0.187355
20	0.184924
21	0.183798
22	0.183211
23	0.1779
24	0.179044
25	0.174169
26	0.175151
27	0.169506
28	0.171436
29	0.171076
30	0.168863
31	0.170569
32	0.169515
33	0.168015
34	0.166159
35	0.163316
36	0.163716
37	0.162496
38	0.162859
39	0.158918
40	0.160394
41	0.15852
42	0.155777
43	0.15796
44	0.157993
45	0.155048
46	0.153948
47	0.153907
48	0.151698
49	0.155008
50	0.151377
51	0.150584
52	0.147843
53	0.15226
54	0.152411
55	0.148716
56	0.148678
57	0.149838
58	0.149164
59	0.148951
60	0.146438
61	0.148208
62	0.149637
63	0.14677
64	0.142362
65	0.14288
66	0.145946
67	0.147568
68	0.147433
69	0.144304
70	0.146345
71	0.144972
72	0.142986
73	0.144157
74	0.142126
75	0.143278
76	0.14026
77	0.141942
78	0.142247
79	0.140861
80	0.137801
81	0.142898
82	0.14465
83	0.139157
84	0.141561
85	0.14022
86	0.138733
87	0.140828
88	0.138253
89	0.137192
90	0.139805
91	0.13829
92	0.137236
93	0.140986
94	0.137716
95	0.139791
96	0.138203
97	0.139169
98	0.139855
99	0.139038
100	0.137291
101	0.13703
102	0.137264
103	0.134095
104	0.134321
105	0.137171
106	0.136617
107	0.138429
108	0.139665
109	0.136265
110	0.136847
111	0.137952
112	0.136821
113	0.134717
114	0.131702
115	0.135413
116	0.134251
117	0.133184
118	0.140163
119	0.138546
120	0.1312
121	0.134599
122	0.135879
123	0.132406
124	0.131937
125	0.131211
126	0.136559
127	0.130371
128	0.131865
129	0.129713
130	0.133213
131	0.131913
132	0.131296
133	0.130355
134	0.132662
135	0.134502
136	0.131802
137	0.128168
138	0.13567
139	0.132274
140	0.130873
141	0.130963
142	0.129882
143	0.133627
144	0.132591
145	0.1322
146	0.131395
147	0.131502
148	0.134569
149	0.129162
150	0.13207
151	0.132378
152	0.131782
153	0.130929
154	0.13322
155	0.131406
156	0.13152
157	0.131606
158	0.13302
159	0.131793
160	0.129132
161	0.129846
162	0.129954
163	0.130497
164	0.131023
165	0.130516
166	0.130572
167	0.136289
168	0.130604
169	0.1302
170	0.129431
171	0.130275
172	0.127196
173	0.129399
174	0.1304
175	0.130773
176	0.129899
177	0.129346
178	0.129321
179	0.130973
180	0.1299
181	0.129859
182	0.130786
183	0.129466
184	0.12947
185	0.13134
186	0.128871
187	0.129788
188	0.12835
189	0.129425
190	0.128144
191	0.1286
192	0.127637
193	0.129322
194	0.128695
195	0.131512
196	0.127962
197	0.128121
198	0.126308
199	0.127027
200	0.128177
201	0.126151
202	0.130207
203	0.127089
204	0.129977
205	0.131012
206	0.130206
207	0.127447
208	0.129391
209	0.128777
210	0.132074
211	0.127962
212	0.13052
213	0.131717
214	0.126797
215	0.128399
216	0.131109
217	0.126703
218	0.129058
219	0.126683
220	0.127493
221	0.126833
222	0.126561
223	0.126228
224	0.127663
225	0.126858
226	0.128333
227	0.127667
228	0.124758
229	0.127679
230	0.126284
231	0.130115
232	0.125688
233	0.12739
234	0.128325
235	0.128275
236	0.126517
237	0.123048
238	0.126719
239	0.130385
240	0.128346
241	0.127434
242	0.129245
243	0.127701
244	0.127647
245	0.126973
246	0.126737
247	0.131046
248	0.130295
249	0.127469
250	0.125938
251	0.124777
252	0.130179
253	0.131083
254	0.126765
255	0.125451
256	0.124157
257	0.126462
258	0.126051
259	0.126535
260	0.126162
261	0.124611
262	0.127308
263	0.125726
264	0.125231
265	0.12821
266	0.127653
267	0.126566
268	0.129549
269	0.126031
270	0.12722
271	0.126965
272	0.128528
273	0.127976
274	0.127645
275	0.128228
276	0.126697
277	0.126127
278	0.126295
279	0.127504
280	0.129675
281	0.123964
282	0.125697
283	0.123478
284	0.12595
285	0.128163
286	0.126429
287	0.12456
288	0.124967
289	0.129173
290	0.127149
291	0.126909
292	0.127741
293	0.122398
294	0.129425
295	0.126244
296	0.128606
297	0.126056
298	0.127882
299	0.128155
300	0.127989
301	0.12484
302	0.126433
303	0.129708
304	0.128093
305	0.124537
306	0.127969
307	0.12724
308	0.128197
309	0.125669
310	0.126223
311	0.126261
312	0.124246
313	0.127752
314	0.124218
315	0.128484
316	0.127828
317	0.128117
318	0.125465
319	0.128503
320	0.125236
321	0.125765
322	0.125762
323	0.127718
324	0.127127
325	0.123256
326	0.124522
327	0.125807
328	0.126903
329	0.123346
330	0.125132
331	0.127007
332	0.127586
333	0.125152
334	0.127126
335	0.124613
336	0.128334
337	0.125044
338	0.124042
339	0.128216
340	0.123971
341	0.125248
342	0.126902
343	0.12421
344	0.126219
345	0.128591
346	0.127867
347	0.127804
348	0.125471
349	0.126708
350	0.12775
351	0.123771
352	0.126829
353	0.128107
354	0.126619
355	0.125312
356	0.127336
357	0.12553
358	0.125952
359	0.12692
360	0.123969
361	0.126376
362	0.121817
363	0.125379
364	0.127434
365	0.125833
366	0.12326
367	0.12858
368	0.125943
369	0.126397
370	0.12604
371	0.126301
372	0.126794
373	0.126426
374	0.125746
375	0.12676
376	0.125375
377	0.126429
378	0.122847
379	0.124442
380	0.125885
381	0.12313
382	0.125028
383	0.124588
384	0.124202
385	0.123123
386	0.122472
387	0.124483
388	0.123945
389	0.122087
390	0.123274
391	0.123593
392	0.125067
393	0.128726
394	0.122854
395	0.126934
396	0.123737
397	0.123504
398	0.123945
399	0.125844
400	0.125459
401	0.124481
402	0.124002
403	0.125348
404	0.125143
405	0.125835
406	0.12337
407	0.122794
408	0.128514
409	0.122787
410	0.124131
411	0.124945
412	0.121844
413	0.125218
414	0.122068
415	0.124561
416	0.124682
417	0.126815
418	0.126208
419	0.123124
420	0.12528
421	0.126296
422	0.122806
423	0.12455
424	0.125578
425	0.126254
426	0.122971
427	0.123828
428	0.122653
429	0.12212
430	0.126425
431	0.124632
432	0.123698
433	0.12527
434	0.123212
435	0.124268
436	0.12506
437	0.126233
438	0.125214
439	0.123531
440	0.123274
441	0.124661
442	0.124709
443	0.121426
444	0.123403
445	0.122497
446	0.12315
447	0.12319
448	0.124118
449	0.125802
450	0.124863
451	0.123936
452	0.125922
453	0.124013
454	0.12196
455	0.123456
456	0.122179
457	0.125073
458	0.126796
459	0.123557
460	0.123151
461	0.127244
462	0.126914
463	0.124306
464	0.124743
465	0.12407
466	0.124806
467	0.130063
468	0.122106
469	0.123022
470	0.125206
471	0.123645
472	0.121788
473	0.123338
474	0.123406
475	0.123861
476	0.125007
477	0.124059
478	0.126396
479	0.12523
480	0.127954
481	0.12517
482	0.123949
483	0.123526
484	0.12457
485	0.124316
486	0.124268
487	0.123756
488	0.127672
489	0.124014
490	0.123719
491	0.124785
492	0.123074
493	0.124039
494	0.122921
495	0.124984
496	0.126745
497	0.127945
498	0.12276
499	0.123753
500	0.122211
501	0.123207
502	0.12434
503	0.126084
504	0.125345
505	0.124232
506	0.123806
507	0.125386
508	0.124868
509	0.120905
510	0.126824
511	0.124496
512	0.125492
513	0.125048
514	0.123262
515	0.123776
516	0.121885
517	0.123703
518	0.12558
519	0.123617
520	0.124078
521	0.122476
522	0.119416
523	0.12479
524	0.123155
525	0.127486
526	0.125484
527	0.122424
528	0.123439
529	0.123539
530	0.121551
531	0.119752
532	0.124258
533	0.12269
534	0.123413
535	0.120823
536	0.122224
537	0.123048
538	0.123204
539	0.124778
540	0.121388
541	0.124483
542	0.123855
543	0.125246
544	0.123898
545	0.124535
546	0.122608
547	0.121906
548	0.125179
549	0.124354
550	0.127653
551	0.122477
552	0.123655
553	0.122636
554	0.12462
555	0.124337
556	0.124096
557	0.120636
558	0.124703
559	0.120636
560	0.124501
561	0.121362
562	0.124564
563	0.124391
564	0.120802
565	0.121504
566	0.124095
567	0.128402
568	0.125446
569	0.125217
570	0.124383
571	0.124363
572	0.124828
573	0.125363
574	0.124128
575	0.124798
576	0.124568
577	0.125182
578	0.12223
579	0.124255
580	0.12323
581	0.121079
582	0.125407
583	0.123875
584	0.122864
585	0.126758
586	0.129615
587	0.123613
588	0.121352
589	0.123601
590	0.123532
591	0.123279
592	0.123544
593	0.125224
594	0.120162
595	0.122729
596	0.124702
597	0.126941
598	0.12287
599	0.125666
600	0.123993
601	0.122724
602	0.123133
603	0.121267
604	0.122158
605	0.12298
606	0.122949
607	0.12226
608	0.122821
609	0.124493
610	0.122761
611	0.124043
612	0.122772
613	0.124198
614	0.126682
615	0.123518
616	0.120319
617	0.125201
618	0.123079
619	0.123085
620	0.119192
621	0.12342
622	0.124083
623	0.120685
624	0.122952
625	0.12396
626	0.121793
627	0.122286
628	0.119663
629	0.122008
630	0.118291
631	0.121464
632	0.120819
633	0.125045
634	0.122394
635	0.118094
636	0.1212
637	0.124663
638	0.119786
639	0.119638
640	0.123822
641	0.121486
642	0.121654
643	0.122482
644	0.122676
645	0.122599
646	0.12238
647	0.122071
648	0.122642
649	0.126837
650	0.125933
651	0.123695
652	0.122859
653	0.123377
654	0.122295
655	0.12013
656	0.123247
657	0.123394
658	0.123574
659	0.119717
660	0.125185
661	0.12067
662	0.119247
663	0.120252
664	0.121017
665	0.121551
666	0.12134
667	0.125214
668	0.122128
669	0.122342
670	0.121738
671	0.123894
672	0.124501
673	0.124837
674	0.123035
675	0.119751
676	0.119211
677	0.123013
678	0.117566
679	0.121574
680	0.121919
681	0.121129
682	0.124452
683	0.118897
684	0.123293
685	0.121374
686	0.120656
687	0.12127
688	0.120967
689	0.123856
690	0.12478
691	0.124084
692	0.12406
693	0.118895
694	0.120796
695	0.121638
696	0.1246
697	0.124487
698	0.12123
699	0.124867
700	0.125975
701	0.121964
702	0.124476
703	0.122079
704	0.119327
705	0.121991
706	0.121025
707	0.126438
708	0.11912
709	0.121426
710	0.124493
711	0.122846
712	0.123544
713	0.121242
714	0.120765
715	0.122013
716	0.124353
717	0.118317
718	0.12183
719	0.12107
720	0.120839
721	0.120938
722	0.121385
723	0.119582
724	0.123955
725	0.121669
726	0.121259
727	0.121253
728	0.121983
729	0.121555
730	0.122232
731	0.12194
732	0.121828
733	0.122332
734	0.119794
735	0.123617
736	0.120458
737	0.120904
738	0.121566
739	0.121286
740	0.12221
741	0.120975
742	0.12214
743	0.121645
744	0.119358
745	0.122192
746	0.120085
747	0.12177
748	0.118961
749	0.122701
750	0.12047
751	0.119698
752	0.120473
753	0.122379
754	0.12056
755	0.122155
756	0.119335
757	0.122405
758	0.11865
759	0.121753
760	0.118837
761	0.124007
762	0.124909
763	0.118336
764	0.121728
765	0.120953
766	0.119104
767	0.119885
768	0.125305
769	0.122102
770	0.118866
771	0.123449
772	0.120553
773	0.123454
774	0.123827
775	0.120671
776	0.123435
777	0.120965
778	0.1211
779	0.121391
780	0.121765
781	0.119804
782	0.122339
783	0.120661
784	0.120383
785	0.120372
786	0.120186
787	0.117562
788	0.12186
789	0.120445
790	0.12262
791	0.120758
792	0.119812
793	0.122861
794	0.12008
795	0.123255
796	0.122581
797	0.118851
798	0.121895
799	0.122296
800	0.119841
801	0.121088
802	0.122321
803	0.124661
804	0.122235
805	0.119108
806	0.121555
807	0.119282
808	0.119809
809	0.119073
810	0.122277
811	0.120921
812	0.118137
813	0.121051
814	0.121839
815	0.121049
816	0.122519
817	0.119287
818	0.119622
819	0.122691
820	0.122528
821	0.122087
822	0.122068
823	0.121594
824	0.119079
825	0.121867
826	0.119697
827	0.123348
828	0.122719
829	0.118938
830	0.119802
831	0.121906
832	0.119004
833	0.120172
834	0.119984
835	0.11943
836	0.123474
837	0.123252
838	0.120584
839	0.120321
840	0.119969
841	0.120057
842	0.122787
843	0.11717
844	0.122593
845	0.122257
846	0.12075
847	0.121617
848	0.121203
849	0.117961
850	0.123209
851	0.123267
852	0.121428
853	0.120774
854	0.118862
855	0.119316
856	0.121182
857	0.122055
858	0.121102
859	0.120158
860	0.122363
861	0.121168
862	0.122652
863	0.121283
864	0.12215
865	0.123124
866	0.120671
867	0.119696
868	0.122933
869	0.119876
870	0.118754
871	0.120031
872	0.121901
873	0.122865
874	0.121822
875	0.124253
876	0.120234
877	0.123334
878	0.120144
879	0.120392
880	0.121061
881	0.118747
882	0.121123
883	0.121503
884	0.120261
885	0.120953
886	0.123712
887	0.121019
888	0.120877
889	0.120774
890	0.120196
891	0.12058
892	0.119203
893	0.120154
894	0.121318
895	0.120708
896	0.120292
897	0.121779
898	0.120462
899	0.123523
900	0.120325
901	0.120638
902	0.121606
903	0.121214
904	0.119902
905	0.120028
906	0.118991
907	0.120104
908	0.118248
909	0.120783
910	0.120991
911	0.118615
912	0.121583
913	0.121579
914	0.12012
915	0.118046
916	0.119976
917	0.120873
918	0.121068
919	0.119733
920	0.119268
921	0.120247
922	0.119111
923	0.12019
924	0.122234
925	0.118553
926	0.118736
927	0.121791
928	0.118196
929	0.117062
930	0.12273
931	0.118875
932	0.119971
933	0.120739
934	0.118013
935	0.122613
936	0.120366
937	0.12189
938	0.119612
939	0.117931
940	0.118439
941	0.12021
942	0.123483
943	0.118787
944	0.119408
945	0.118116
946	0.122745
947	0.119621
948	0.118629
949	0.120348
950	0.118249
951	0.120344
952	0.119847
953	0.119486
954	0.119928
955	0.118625
956	0.120185
957	0.117736
958	0.121948
959	0.119372
960	0.121539
961	0.120768
962	0.117708
963	0.117089
964	0.117888
965	0.121751
966	0.121771
967	0.11986
968	0.120795
969	0.119368
970	0.118393
971	0.117571
972	0.122461
973	0.117914
974	0.119192
975	0.118788
976	0.119872
977	0.119422
978	0.120404
979	0.121829
980	0.122084
981	0.120617
982	0.118986
983	0.118532
984	0.120576
985	0.118819
986	0.119389
987	0.117359
988	0.118964
989	0.120587
990	0.119769
991	0.122372
992	0.122411
993	0.119361
994	0.11959
995	0.119892
996	0.121505
997	0.11785
998	0.1189
999	0.11836
1000	0.122949
1001	0.119455
1002	0.120037
1003	0.118627
1004	0.118675
1005	0.118294
1006	0.120668
1007	0.120527
1008	0.119734
1009	0.120705
1010	0.118034
1011	0.117473
1012	0.118994
1013	0.120725
1014	0.123043
1015	0.118761
1016	0.119937
1017	0.117837
1018	0.117375
1019	0.119117
1020	0.118385
1021	0.121827
1022	0.120046
1023	0.118322
1024	0.118388
1025	0.118925
1026	0.120576
1027	0.120982
1028	0.119393
1029	0.120831
1030	0.118386
1031	0.123744
1032	0.118621
1033	0.120039
1034	0.121232
1035	0.123852
1036	0.120956
1037	0.118766
1038	0.122606
1039	0.118533
1040	0.121352
1041	0.119446
1042	0.11935
1043	0.119466
1044	0.120247
1045	0.120098
1046	0.121576
1047	0.118804
1048	0.119672
1049	0.119669
1050	0.116347
1051	0.121057
1052	0.117994
1053	0.120685
1054	0.116218
1055	0.115418
1056	0.118341
1057	0.119155
1058	0.115517
1059	0.120409
1060	0.11851
1061	0.120432
1062	0.118214
1063	0.120956
1064	0.11868
1065	0.12041
1066	0.119097
1067	0.117735
1068	0.118321
1069	0.118014
1070	0.11812
1071	0.121544
1072	0.11911
1073	0.116714
1074	0.119639
1075	0.118488
1076	0.118801
1077	0.117176
1078	0.119068
1079	0.120738
1080	0.120702
1081	0.119177
1082	0.117895
1083	0.119243
1084	0.118891
1085	0.116583
1086	0.122336
1087	0.118121
1088	0.118466
1089	0.116626
1090	0.118643
1091	0.116161
1092	0.119377
1093	0.117371
1094	0.119585
1095	0.117277
1096	0.118376
1097	0.117908
1098	0.120117
1099	0.119088
1100	0.116693
1101	0.11665
1102	0.11716
1103	0.119262
1104	0.118277
1105	0.119095
1106	0.12107
1107	0.118909
1108	0.116719
1109	0.118137
1110	0.119503
1111	0.119
1112	0.116661
1113	0.119524
1114	0.119256
1115	0.118491
1116	0.117479
1117	0.118981
1118	0.119521
1119	0.119319
1120	0.116836
1121	0.11872
1122	0.11705
1123	0.120198
1124	0.116826
1125	0.121263
1126	0.11987
1127	0.118159
1128	0.116741
1129	0.11926
1130	0.117503
1131	0.117742
1132	0.118796
1133	0.117764
1134	0.119606
1135	0.116915
1136	0.120472
1137	0.119545
1138	0.120178
1139	0.115631
1140	0.113103
1141	0.119917
1142	0.117081
1143	0.114799
1144	0.115641
1145	0.119903
1146	0.119817
1147	0.116557
1148	0.118279
1149	0.116196
1150	0.116319
1151	0.119574
1152	0.119103
1153	0.117432
1154	0.114952
1155	0.116767
1156	0.119162
1157	0.121721
1158	0.118438
1159	0.116658
1160	0.116537
1161	0.117493
1162	0.120454
1163	0.118499
1164	0.118549
1165	0.119585
1166	0.116929
1167	0.113623
1168	0.116443
1169	0.117154
1170	0.116325
1171	0.1181
1172	0.118546
1173	0.120118
1174	0.117431
1175	0.117427
1176	0.117269
1177	0.117962
1178	0.116017
1179	0.120353
1180	0.117669
1181	0.11819
1182	0.115567
1183	0.118094
1184	0.115193
1185	0.117877
1186	0.11887
1187	0.113992
1188	0.115793
1189	0.117406
1190	0.115933
1191	0.118347
1192	0.115571
1193	0.117444
1194	0.116405
1195	0.117868
1196	0.117698
1197	0.115546
1198	0.11916
1199	0.118278
1200	0.118417
1201	0.116656
1202	0.11636
1203	0.118269
1204	0.116526
1205	0.116103
1206	0.116533
1207	0.11444
1208	0.119057
1209	0.116723
1210	0.117846
1211	0.116845
1212	0.117352
1213	0.117894
1214	0.118103
1215	0.117887
1216	0.114759
1217	0.116652
1218	0.116932
1219	0.119268
1220	0.114761
1221	0.118591
1222	0.113624
1223	0.115857
1224	0.114636
1225	0.115904
1226	0.117986
1227	0.117457
1228	0.118091
1229	0.116603
1230	0.116402
1231	0.114851
1232	0.118226
1233	0.117171
1234	0.116244
1235	0.115432
1236	0.116679
1237	0.120089
1238	0.11387
1239	0.117351
1240	0.116894
1241	0.115486
1242	0.117449
1243	0.114034
1244	0.116552
1245	0.113434
1246	0.114675
1247	0.118237
1248	0.11591
1249	0.115981
1250	0.117613
1251	0.114585
1252	0.114211
1253	0.112771
1254	0.118049
1255	0.117301
1256	0.118202
1257	0.118231
1258	0.120262
1259	0.118605
1260	0.114567
1261	0.118415
1262	0.118821
1263	0.11547
1264	0.117806
1265	0.116338
1266	0.116211
1267	0.117409
1268	0.116468
1269	0.11878
1270	0.115178
1271	0.117054
1272	0.116453
1273	0.118672
1274	0.112836
1275	0.115232
1276	0.116625
1277	0.116287
1278	0.115824
1279	0.117003
1280	0.11677
1281	0.116419
1282	0.118695
1283	0.114949
1284	0.117015
1285	0.118454
1286	0.118895
1287	0.116545
1288	0.11469
1289	0.115936
1290	0.114591
1291	0.116707
1292	0.116195
1293	0.117286
1294	0.116884
1295	0.116718
1296	0.115096
1297	0.114738
1298	0.113762
1299	0.114581
1300	0.117305
1301	0.116301
1302	0.115808
1303	0.117337
1304	0.115782
1305	0.115491
1306	0.11567
1307	0.116958
1308	0.115739
1309	0.116991
1310	0.118227
1311	0.115351
1312	0.115828
1313	0.116155
1314	0.118075
1315	0.118693
1316	0.114282
1317	0.11658
1318	0.118774
1319	0.117722
1320	0.11643
1321	0.11555
1322	0.11408
1323	0.118279
1324	0.115445
1325	0.11477
1326	0.117866
1327	0.121203
1328	0.118017
1329	0.11524
1330	0.116406
1331	0.113834
1332	0.115137
1333	0.116425
1334	0.117382
1335	0.115472
1336	0.118423
1337	0.117651
1338	0.115721
1339	0.11943
1340	0.117837
1341	0.117076
1342	0.115763
1343	0.115682
1344	0.11515
1345	0.115127
1346	0.115792
1347	0.116954
1348	0.118982
1349	0.114943
1350	0.114913
1351	0.119106
1352	0.114568
1353	0.117653
1354	0.116085
1355	0.114153
1356	0.116747
1357	0.118287
1358	0.113274
1359	0.115171
1360	0.115176
1361	0.116491
1362	0.115309
1363	0.117874
1364	0.116708
1365	0.115198
1366	0.116592
1367	0.117105
1368	0.117331
1369	0.11422
1370	0.116024
1371	0.113814
1372	0.116771
1373	0.116311
1374	0.116017
1375	0.116717
1376	0.112388
1377	0.114617
1378	0.114613
1379	0.116303
1380	0.116046
1381	0.116911
1382	0.115673
1383	0.117505
1384	0.11476
1385	0.116039
1386	0.113366
1387	0.115222
1388	0.116654
1389	0.114808
1390	0.113487
1391	0.115193
1392	0.115552
1393	0.114484
1394	0.11527
1395	0.114474
1396	0.117105
1397	0.114195
1398	0.118513
1399	0.11654
1400	0.114795
1401	0.114505
1402	0.114981
1403	0.118131
1404	0.114012
1405	0.118171
1406	0.114603
1407	0.119136
1408	0.111062
1409	0.115594
1410	0.114765
1411	0.114594
1412	0.114489
1413	0.113474
1414	0.117821
1415	0.116909
1416	0.116223
1417	0.115407
1418	0.117888
1419	0.113351
1420	0.118806
1421	0.112891
1422	0.114922
1423	0.117143
1424	0.116284
1425	0.117099
1426	0.115313
1427	0.115607
1428	0.115507
1429	0.116238
1430	0.113824
1431	0.114918
1432	0.1148
1433	0.116628
1434	0.112363
1435	0.116437
1436	0.115489
1437	0.113928
1438	0.113398
1439	0.115529
1440	0.115905
1441	0.109624
1442	0.116616
1443	0.116503
1444	0.116711
1445	0.116048
1446	0.115986
1447	0.113896
1448	0.114435
1449	0.114727
1450	0.116497
1451	0.117078
1452	0.115195
1453	0.113088
1454	0.113146
1455	0.117812
1456	0.116144
1457	0.120256
1458	0.115025
1459	0.115439
1460	0.112866
1461	0.113783
1462	0.114262
1463	0.114399
1464	0.111868
1465	0.117695
1466	0.117187
1467	0.115412
1468	0.115711
1469	0.117504
1470	0.114982
1471	0.113712
1472	0.113182
1473	0.118022
1474	0.11759
1475	0.113535
1476	0.115233
1477	0.115085
1478	0.11451
1479	0.115387
1480	0.113876
1481	0.114613
1482	0.11516
1483	0.114505
1484	0.113805
1485	0.116755
1486	0.113431
1487	0.114853
1488	0.117248
1489	0.11495
1490	0.114912
1491	0.117174
1492	0.112848
1493	0.112043
1494	0.115048
1495	0.114288
1496	0.11475
1497	0.113966
1498	0.114917
1499	0.115342
1500	0.11694
1501	0.113364
1502	0.114405
1503	0.116684
1504	0.114828
1505	0.112411
1506	0.115453
1507	0.113862
1508	0.113555
1509	0.114912
1510	0.11673
1511	0.114933
1512	0.115732
1513	0.115957
1514	0.115194
1515	0.113485
1516	0.116515
1517	0.113169
1518	0.113429
1519	0.112315
1520	0.114377
1521	0.114204
1522	0.115346
1523	0.11585
1524	0.114828
1525	0.113821
1526	0.112177
1527	0.114521
1528	0.114672
1529	0.112813
1530	0.115493
1531	0.117024
1532	0.114617
1533	0.112051
1534	0.11469
1535	0.113223
1536	0.113842
1537	0.1142
1538	0.112993
1539	0.114624
1540	0.116389
1541	0.11262
1542	0.11385
1543	0.113383
1544	0.114639
1545	0.110457
1546	0.111292
1547	0.114578
1548	0.112446
1549	0.116524
1550	0.115773
1551	0.115801
1552	0.115047
1553	0.112821
1554	0.112078
1555	0.112907
1556	0.117379
1557	0.111443
1558	0.114778
1559	0.114301
1560	0.113169
1561	0.114652
1562	0.112022
1563	0.114713
1564	0.111493
1565	0.113092
1566	0.112339
1567	0.113085
1568	0.111235
1569	0.116295
1570	0.114402
1571	0.1147
1572	0.114925
1573	0.113175
1574	0.115051
1575	0.113406
1576	0.114961
1577	0.112109
1578	0.116742
1579	0.115001
1580	0.115079
1581	0.114088
1582	0.114415
1583	0.114367
1584	0.114466
1585	0.114518
1586	0.114972
1587	0.113142
1588	0.116142
1589	0.112791
1590	0.113321
1591	0.113717
1592	0.111941
1593	0.113575
1594	0.115668
1595	0.112308
1596	0.113804
1597	0.114961
1598	0.113422
1599	0.115338
1600	0.112937
1601	0.113466
1602	0.114573
1603	0.115391
1604	0.112906
1605	0.113485
1606	0.114026
1607	0.113266
1608	0.114205
1609	0.115223
1610	0.112545
1611	0.111757
1612	0.112936
1613	0.113632
1614	0.115803
1615	0.110656
1616	0.113766
1617	0.112733
1618	0.113559
1619	0.113747
1620	0.113638
1621	0.114449
1622	0.112055
1623	0.112678
1624	0.112915
1625	0.111304
1626	0.113527
1627	0.115985
1628	0.112646
1629	0.116195
1630	0.112072
1631	0.113948
1632	0.114686
1633	0.112242
1634	0.112455
1635	0.116723
1636	0.112776
1637	0.112765
1638	0.112429
1639	0.112659
1640	0.114257
1641	0.113614
1642	0.112118
1643	0.113567
1644	0.112231
1645	0.11155
1646	0.114895
1647	0.113542
1648	0.113923
1649	0.112223
1650	0.111603
1651	0.112568
1652	0.112305
1653	0.111592
1654	0.116099
1655	0.110556
1656	0.114735
1657	0.112971
1658	0.113528
1659	0.113773
1660	0.111242
1661	0.11336
1662	0.115094
1663	0.11301
1664	0.113416
1665	0.112718
1666	0.112077
1667	0.112425
1668	0.114022
1669	0.109357
1670	0.112216
1671	0.114512
1672	0.113922
1673	0.113875
1674	0.110044
1675	0.114547
1676	0.11125
1677	0.112697
1678	0.114288
1679	0.111435
1680	0.112584
1681	0.11165
1682	0.110444
1683	0.108969
1684	0.111203
1685	0.113644
1686	0.111709
1687	0.110937
1688	0.111391
1689	0.114383
1690	0.111477
1691	0.111465
1692	0.11408
1693	0.108898
1694	0.113161
1695	0.112557
1696	0.10955
1697	0.11164
1698	0.111916
1699	0.111842
1700	0.110883
1701	0.110977
1702	0.112208
1703	0.112254
1704	0.110123
1705	0.111462
1706	0.113416
1707	0.110759
1708	0.112166
1709	0.114829
1710	0.110591
1711	0.113992
1712	0.110952
1713	0.115799
1714	0.112176
1715	0.111645
1716	0.110483
1717	0.109168
1718	0.111891
1719	0.11242
1720	0.11034
1721	0.111833
1722	0.110894
1723	0.11253
1724	0.113099
1725	0.10982
1726	0.114456
1727	0.110424
1728	0.112316
1729	0.115412
1730	0.113804
1731	0.111089
1732	0.113611
1733	0.112035
1734	0.113938
1735	0.11074
1736	0.110742
1737	0.114478
1738	0.111841
1739	0.114427
1740	0.112984
1741	0.108947
1742	0.110889
1743	0.110443
1744	0.114612
1745	0.111059
1746	0.114201
1747	0.115362
1748	0.112065
1749	0.112956
1750	0.112396
1751	0.110439
1752	0.109718
1753	0.111276
1754	0.11041
1755	0.112279
1756	0.11262
1757	0.112881
1758	0.111068
1759	0.111652
1760	0.11124
1761	0.114671
1762	0.110647
1763	0.112576
1764	0.110051
1765	0.111738
1766	0.110914
1767	0.112792
1768	0.111608
1769	0.112864
1770	0.111165
1771	0.113325
1772	0.113923
1773	0.110676
1774	0.108828
1775	0.10979
1776	0.111432
1777	0.110222
1778	0.109624
1779	0.110662
1780	0.112828
1781	0.110597
1782	0.109947
1783	0.112082
1784	0.111462
1785	0.110818
1786	0.110737
1787	0.110728
1788	0.112904
1789	0.112969
1790	0.10971
1791	0.111784
1792	0.112002
1793	0.108544
1794	0.112941
1795	0.110533
1796	0.112091
1797	0.110951
1798	0.112086
1799	0.110258
1800	0.108848
1801	0.110106
1802	0.109616
1803	0.110501
1804	0.110767
1805	0.109766
1806	0.110961
1807	0.111269
1808	0.111467
1809	0.114367
1810	0.110388
1811	0.108679
1812	0.110875
1813	0.110945
1814	0.109788
1815	0.112174
1816	0.109764
1817	0.113159
1818	0.11187
1819	0.110375
1820	0.112687
1821	0.111712
1822	0.110029
1823	0.112453
1824	0.110755
1825	0.111204
1826	0.113121
1827	0.112282
1828	0.110324
1829	0.109945
1830	0.111871
1831	0.110226
1832	0.111105
1833	0.111894
1834	0.109909
1835	0.109396
1836	0.113883
1837	0.109917
1838	0.107347
1839	0.110801
1840	0.112841
1841	0.111598
1842	0.111935
1843	0.111491
1844	0.112788
1845	0.109592
1846	0.112571
1847	0.109079
1848	0.110649
1849	0.11236
1850	0.110912
1851	0.110424
1852	0.112723
1853	0.11072
1854	0.108832
1855	0.112018
1856	0.110867
1857	0.110163
1858	0.11055
1859	0.11114
1860	0.111304
1861	0.113767
1862	0.113227
1863	0.112273
1864	0.112147
1865	0.109395
1866	0.11233
1867	0.112649
1868	0.112247
1869	0.108756
1870	0.111993
1871	0.114076
1872	0.109061
1873	0.11385
1874	0.106097
1875	0.110904
1876	0.109746
1877	0.109162
1878	0.108213
1879	0.113094
1880	0.110625
1881	0.108049
1882	0.109488
1883	0.109588
1884	0.108529
1885	0.112316
1886	0.109279
1887	0.109878
1888	0.113181
1889	0.112779
1890	0.111234
1891	0.111093
1892	0.110332
1893	0.109762
1894	0.110801
1895	0.10923
1896	0.106969
1897	0.109757
1898	0.110198
1899	0.10911
1900	0.112489
1901	0.109044
1902	0.113235
1903	0.109528
1904	0.11238
1905	0.108195
1906	0.110797
1907	0.111964
1908	0.107435
1909	0.1092
1910	0.107703
1911	0.11236
1912	0.106387
1913	0.108864
1914	0.11325
1915	0.109621
1916	0.110012
1917	0.110208
1918	0.107632
1919	0.109477
1920	0.10949
1921	0.109394
1922	0.109722
1923	0.107878
1924	0.11073
1925	0.108651
1926	0.107698
1927	0.106755
1928	0.110731
1929	0.110599
1930	0.108361
1931	0.108701
1932	0.107352
1933	0.109113
1934	0.109108
1935	0.10911
1936	0.111899
1937	0.110043
1938	0.109301
1939	0.109123
1940	0.111081
1941	0.107427
1942	0.108625
1943	0.108522
1944	0.10947
1945	0.107631
1946	0.105589
1947	0.107168
1948	0.112498
1949	0.106116
1950	0.108302
1951	0.113581
1952	0.109961
1953	0.10829
1954	0.107549
1955	0.110517
1956	0.105254
1957	0.105695
1958	0.108611
1959	0.107669
1960	0.108381
1961	0.10875
1962	0.10914
1963	0.109596
1964	0.106064
1965	0.108096
1966	0.109456
1967	0.107838
1968	0.106042
1969	0.109282
1970	0.111006
1971	0.109728
1972	0.108028
1973	0.106941
1974	0.110992
1975	0.108953
1976	0.108313
1977	0.107671
1978	0.110442
1979	0.107142
1980	0.110403
1981	0.10516
1982	0.110006
1983	0.11084
1984	0.109656
1985	0.109758
1986	0.110623
1987	0.107799
1988	0.110568
1989	0.108661
1990	0.10839
1991	0.110976
1992	0.113362
1993	0.109268
1994	0.109646
1995	0.109949
1996	0.107944
1997	0.111907
1998	0.108285
1999	0.11121
2000	0.108568
2001	0.109472
2002	0.111494
2003	0.110334
2004	0.110229
2005	0.109113
2006	0.109092
2007	0.109125
2008	0.10773
2009	0.109333
2010	0.109911
2011	0.110188
2012	0.106334
2013	0.108806
2014	0.10872
2015	0.112081
2016	0.110244
2017	0.109815
2018	0.112061
2019	0.105921
2020	0.115134
2021	0.110523
2022	0.107784
2023	0.106924
2024	0.107352
2025	0.110233
2026	0.112435
2027	0.110192
2028	0.110613
2029	0.109194
2030	0.106828
2031	0.109994
2032	0.105994
2033	0.109051
2034	0.108432
2035	0.109689
2036	0.109815
2037	0.108944
2038	0.108445
2039	0.106692
2040	0.110052
2041	0.110909
2042	0.110377
2043	0.11007
2044	0.109072
2045	0.111032
2046	0.108643
2047	0.109723
2048	0.109826
2049	0.106418
2050	0.107289
2051	0.10607
2052	0.107033
2053	0.109093
2054	0.109048
2055	0.110606
2056	0.109459
2057	0.108356
2058	0.110196
2059	0.107608
2060	0.109044
2061	0.107993
2062	0.110467
2063	0.110308
2064	0.113115
2065	0.108578
2066	0.10891
2067	0.108187
2068	0.106837
2069	0.109072
2070	0.109852
2071	0.110517
2072	0.108575
2073	0.109407
2074	0.107025
2075	0.108673
2076	0.109715
2077	0.106354
2078	0.110417
2079	0.108505
2080	0.108613
2081	0.10787
2082	0.111007
2083	0.10937
2084	0.106971
2085	0.109863
2086	0.108989
2087	0.107832
2088	0.107774
2089	0.109378
2090	0.108364
2091	0.110622
2092	0.109684
2093	0.109389
2094	0.111802
2095	0.109175
2096	0.105378
2097	0.109148
2098	0.107447
2099	0.110153
2100	0.108865
2101	0.10513
2102	0.108213
2103	0.110557
2104	0.111163
2105	0.108982
2106	0.108173
2107	0.108914
2108	0.10932
2109	0.10719
2110	0.106638
2111	0.110009
2112	0.108924
2113	0.106781
2114	0.109072
2115	0.110439
2116	0.107876
2117	0.108261
2118	0.107497
2119	0.104347
2120	0.105657
2121	0.10844
2122	0.107
2123	0.108979
2124	0.108924
2125	0.1077
2126	0.108985
2127	0.108461
2128	0.108593
2129	0.104883
2130	0.107229
2131	0.108548
2132	0.109188
2133	0.109626
2134	0.110933
2135	0.11045
2136	0.109636
2137	0.109413
2138	0.106775
2139	0.111071
2140	0.110267
2141	0.110471
2142	0.110847
2143	0.11097
2144	0.108119
2145	0.109031
2146	0.108576
2147	0.1071
2148	0.111459
2149	0.109636
2150	0.110734
2151	0.107382
2152	0.111047
2153	0.109062
2154	0.109555
2155	0.109519
2156	0.112105
2157	0.107773
2158	0.10949
2159	0.109308
2160	0.108513
2161	0.108953
2162	0.105338
2163	0.107157
2164	0.107901
2165	0.108767
2166	0.111012
2167	0.108607
2168	0.109055
2169	0.10878
2170	0.106131
2171	0.110206
2172	0.107992
2173	0.109252
2174	0.109858
2175	0.111286
2176	0.108295
2177	0.109485
2178	0.107961
2179	0.109187
2180	0.106993
2181	0.108846
2182	0.109979
2183	0.10972
2184	0.111413
2185	0.111316
2186	0.108958
2187	0.108359
2188	0.110343
2189	0.107725
2190	0.107911
2191	0.10784
2192	0.110307
2193	0.107686
2194	0.108447
2195	0.106769
2196	0.107979
2197	0.108827
2198	0.106974
2199	0.110392
2200	0.108126
2201	0.108647
2202	0.108199
2203	0.107495
2204	0.110213
2205	0.111251
2206	0.1072
2207	0.109714
2208	0.107664
2209	0.109447
2210	0.107592
2211	0.108498
2212	0.109604
2213	0.109186
2214	0.109854
2215	0.113141
2216	0.110101
2217	0.110152
2218	0.110363
2219	0.10998
2220	0.108571
2221	0.112361
2222	0.111202
2223	0.112016
2224	0.111837
2225	0.108725
2226	0.109457
2227	0.109831
2228	0.112607
2229	0.109675
2230	0.110119
2231	0.109684
2232	0.10826
2233	0.111201
2234	0.108654
2235	0.10771
2236	0.108312
2237	0.10913
2238	0.109621
2239	0.10781
2240	0.111092
2241	0.109146
2242	0.113416
2243	0.109094
2244	0.108013
2245	0.106151
2246	0.112651
2247	0.107109
2248	0.109893
2249	0.113358
2250	0.11381
2251	0.107079
2252	0.108137
2253	0.110784
2254	0.113014
2255	0.109598
2256	0.108533
2257	0.110654
2258	0.107445
2259	0.108209
2260	0.107798
2261	0.109507
2262	0.107816
2263	0.107635
2264	0.109753
2265	0.108003
2266	0.11029
2267	0.109965
2268	0.110555
2269	0.10927
2270	0.105147
2271	0.107165
2272	0.109376
2273	0.107767
2274	0.107879
2275	0.109179
2276	0.107857
2277	0.106578
2278	0.107685
2279	0.110448
2280	0.107762
2281	0.109665
2282	0.111085
2283	0.107941
2284	0.107317
2285	0.110043
2286	0.109909
2287	0.107583
2288	0.108497
2289	0.1085
2290	0.107739
2291	0.108347
2292	0.108672
2293	0.107777
2294	0.108385
2295	0.106318
2296	0.110332
2297	0.106679
2298	0.104062
2299	0.105418
2300	0.109621
2301	0.109934
2302	0.108865
2303	0.107835
2304	0.109565
2305	0.110598
2306	0.109726
2307	0.107931
2308	0.107449
2309	0.109944
2310	0.108411
2311	0.107714
2312	0.108376
2313	0.107707
2314	0.108434
2315	0.107751
2316	0.109457
2317	0.108429
2318	0.109971
2319	0.109494
2320	0.106592
2321	0.105584
2322	0.105165
2323	0.109888
2324	0.108457
2325	0.107581
2326	0.105376
2327	0.109164
2328	0.107609
2329	0.107108
2330	0.110635
2331	0.105677
2332	0.111265
2333	0.10962
2334	0.111481
2335	0.108967
2336	0.107356
2337	0.105332
2338	0.111807
2339	0.105961
2340	0.107751
2341	0.106183
2342	0.107145
2343	0.107985
2344	0.108306
2345	0.107987
2346	0.110636
2347	0.105881
2348	0.107275
2349	0.107941
2350	0.110666
2351	0.107642
2352	0.10809
2353	0.107373
2354	0.110255
2355	0.10919
2356	0.110059
2357	0.108027
2358	0.108082
2359	0.107367
2360	0.111164
2361	0.10877
2362	0.107457
2363	0.110874
2364	0.109441
2365	0.111581
2366	0.10984
2367	0.106751
2368	0.109452
2369	0.109586
2370	0.109318
2371	0.107166
2372	0.107843
2373	0.106414
2374	0.109619
2375	0.108957
2376	0.107606
2377	0.105402
2378	0.107861
2379	0.108368
2380	0.106985
2381	0.107397
2382	0.109204
2383	0.109434
2384	0.108643
2385	0.108978
2386	0.107568
2387	0.108225
2388	0.108047
2389	0.108279
2390	0.107015
2391	0.108466
2392	0.109085
2393	0.109875
2394	0.110052
2395	0.106016
2396	0.107465
2397	0.110423
2398	0.11066
2399	0.105471
2400	0.106594
2401	0.11002
2402	0.107782
2403	0.111529
2404	0.112632
2405	0.108259
2406	0.108309
2407	0.107863
2408	0.10847
2409	0.10765
2410	0.109886
2411	0.109099
2412	0.106517
2413	0.108478
2414	0.107766
2415	0.106984
2416	0.104292
2417	0.105825
2418	0.107424
2419	0.10654
2420	0.107112
2421	0.10945
2422	0.110096
2423	0.107029
2424	0.108071
2425	0.106449
2426	0.109037
2427	0.107948
2428	0.108514
2429	0.105722
2430	0.106257
2431	0.105644
2432	0.106486
2433	0.105816
2434	0.106745
2435	0.105994
2436	0.105413
2437	0.106467
2438	0.107582
2439	0.104757
2440	0.105655
2441	0.105805
2442	0.105465
2443	0.105536
2444	0.102759
2445	0.10791
2446	0.105304
2447	0.105793
2448	0.103556
2449	0.105576
2450	0.106156
2451	0.103179
2452	0.102574
2453	0.106002
2454	0.10558
2455	0.10206
2456	0.104439
2457	0.102956
2458	0.103007
2459	0.106044
2460	0.10405
2461	0.102284
2462	0.102816
2463	0.101927
2464	0.105934
2465	0.104828
2466	0.104108
2467	0.102729
2468	0.105212
2469	0.104438
2470	0.104793
2471	0.105611
2472	0.108605
2473	0.103482
2474	0.105476
2475	0.104271
2476	0.1067
2477	0.103979
2478	0.105615
2479	0.101494
2480	0.105166
2481	0.104846
2482	0.104685
2483	0.1049
2484	0.10536
2485	0.104883
2486	0.104209
2487	0.101185
2488	0.104014
2489	0.10322
2490	0.104861
2491	0.105157
2492	0.106095
2493	0.10314
2494	0.101294
2495	0.103455
2496	0.105395
2497	0.101616
2498	0.10251
2499	0.1022
2500	0.102197
2501	0.103115
2502	0.104362
2503	0.103931
2504	0.104957
2505	0.10665
2506	0.107218
2507	0.105209
2508	0.104678
2509	0.101394
2510	0.103634
2511	0.107535
2512	0.102264
2513	0.102997
2514	0.103623
2515	0.102936
2516	0.105866
2517	0.104636
2518	0.102763
2519	0.106524
2520	0.106581
2521	0.105488
2522	0.103196
2523	0.105871
2524	0.105626
2525	0.106498
2526	0.105632
2527	0.105435
2528	0.106725
2529	0.105337
2530	0.104321
2531	0.105889
2532	0.106453
2533	0.107851
2534	0.108393
2535	0.107155
2536	0.105286
2537	0.103501
2538	0.104871
2539	0.105704
2540	0.105562
2541	0.103272
2542	0.106712
2543	0.105102
2544	0.107328
2545	0.104147
2546	0.103327
2547	0.106586
2548	0.105887
2549	0.105558
2550	0.104867
2551	0.109667
2552	0.105899
2553	0.10679
2554	0.108309
2555	0.106627
2556	0.109587
2557	0.107558
2558	0.105193
2559	0.104858
2560	0.106942
2561	0.105785
2562	0.108745
2563	0.108097
2564	0.106819
2565	0.105536
2566	0.106622
2567	0.107065
2568	0.104489
2569	0.105489
2570	0.108149
2571	0.105162
2572	0.105286
2573	0.106197
2574	0.107977
2575	0.109563
2576	0.108034
2577	0.105878
2578	0.109448
2579	0.107647
2580	0.107093
2581	0.109299
2582	0.107444
2583	0.105308
2584	0.104644
2585	0.108405
2586	0.107121
2587	0.107011
2588	0.108676
2589	0.105755
2590	0.108188
2591	0.104635
2592	0.106471
2593	0.107114
2594	0.110033
2595	0.108051
2596	0.111014
2597	0.107827
2598	0.110563
2599	0.108651
2600	0.106056
2601	0.109584
2602	0.106759
2603	0.109551
2604	0.11033
2605	0.108192
2606	0.109393
2607	0.10648
2608	0.105762
2609	0.108165
2610	0.110915
2611	0.106772
2612	0.107346
2613	0.109983
2614	0.106389
2615	0.10854
2616	0.10949
2617	0.108518
2618	0.108262
2619	0.108351
2620	0.107781
2621	0.106511
2622	0.104379
2623	0.106197
2624	0.107652
2625	0.106817
2626	0.107652
2627	0.107414
2628	0.108388
2629	0.107189
2630	0.105665
2631	0.107766
2632	0.107181
2633	0.106544
2634	0.106771
2635	0.105261
2636	0.105711
2637	0.107096
2638	0.108402
2639	0.106809
2640	0.105037
2641	0.104227
2642	0.108284
2643	0.104716
2644	0.106995
2645	0.110038
2646	0.106883
2647	0.103754
2648	0.108312
2649	0.104369
2650	0.104784
2651	0.107446
2652	0.110278
2653	0.104925
2654	0.106358
2655	0.102865
2656	0.106029
2657	0.105377
2658	0.103518
2659	0.104646
2660	0.105757
2661	0.103252
2662	0.106058
2663	0.105274
2664	0.104713
2665	0.103619
2666	0.102113
2667	0.104256
2668	0.104859
2669	0.104158
2670	0.103586
2671	0.103247
2672	0.104177
2673	0.103972
2674	0.102569
2675	0.104409
2676	0.105364
2677	0.1015
2678	0.102775
2679	0.103091
2680	0.102733
2681	0.103995
2682	0.104432
2683	0.103684
2684	0.102598
2685	0.101877
2686	0.102735
2687	0.10552
2688	0.10419
2689	0.0999698
2690	0.102572
2691	0.103764
2692	0.100418
2693	0.101623
2694	0.103303
2695	0.103865
2696	0.103991
2697	0.103915
2698	0.103715
2699	0.100328
2700	0.102882
2701	0.103131
2702	0.10079
2703	0.102483
2704	0.100998
2705	0.101068
2706	0.104488
2707	0.105551
2708	0.101833
2709	0.103921
2710	0.102141
2711	0.10302
2712	0.1041
2713	0.103589
2714	0.10384
2715	0.105159
2716	0.103415
2717	0.102688
2718	0.10278
2719	0.104892
2720	0.102754
2721	0.105076
2722	0.102193
2723	0.103677
2724	0.105019
2725	0.101425
2726	0.103188
2727	0.103455
2728	0.102068
2729	0.105039
2730	0.100163
2731	0.101676
2732	0.103792
2733	0.100055
2734	0.101095
2735	0.104489
2736	0.101576
2737	0.102873
2738	0.10444
2739	0.101451
2740	0.100841
2741	0.102265
2742	0.100667
2743	0.103094
2744	0.102206
2745	0.103039
2746	0.103095
2747	0.10201
2748	0.105004
2749	0.102941
2750	0.104759
2751	0.103091
2752	0.102579
2753	0.104617
2754	0.102862
2755	0.103262
2756	0.101933
2757	0.101185
2758	0.102689
2759	0.0998751
2760	0.102663
2761	0.102842
2762	0.0990738
2763	0.10326
2764	0.100615
2765	0.101241
2766	0.103379
2767	0.103509
2768	0.100419
2769	0.10257
2770	0.102989
2771	0.102552
2772	0.10185
2773	0.103792
2774	0.10426
2775	0.102646
2776	0.0996658
2777	0.103326
2778	0.103755
2779	0.102345
2780	0.10514
2781	0.102735
2782	0.103975
2783	0.102783
2784	0.103308
2785	0.104135
2786	0.103556
2787	0.104265
2788	0.105457
2789	0.103402
2790	0.106677
2791	0.107767
2792	0.104582
2793	0.104783
2794	0.102361
2795	0.103995
2796	0.102657
2797	0.101214
2798	0.104534
2799	0.102628
2800	0.101256
2801	0.104666
2802	0.105196
2803	0.102627
2804	0.103068
2805	0.104169
2806	0.107047
2807	0.100997
2808	0.102842
2809	0.102331
2810	0.104649
2811	0.103098
2812	0.104796
2813	0.103626
2814	0.102766
2815	0.103924
2816	0.104866
2817	0.103124
2818	0.107143
2819	0.102868
2820	0.101972
2821	0.104619
2822	0.104243
2823	0.104919
2824	0.105547
2825	0.105529
2826	0.105564
2827	0.105483
2828	0.105098
2829	0.104274
2830	0.10532
2831	0.105832
2832	0.104089
2833	0.104438
