### Number of tubes used: 730
### Nuclear profiles per tube: 1.68219
### Resolution (bp): 40000
### Slice thickness (microns): 0.22
### Nuclear radius (microns): 4.5
### Detection efficiency: 0.858886
distance	 pi_threshold
1	0.330389
2	0.271575
3	0.249642
4	0.23654
5	0.225157
6	0.22313
7	0.21409
8	0.209039
9	0.2024
10	0.203272
11	0.196326
12	0.195919
13	0.187232
14	0.189423
15	0.188665
16	0.184112
17	0.180812
18	0.17829
19	0.172839
20	0.177128
21	0.176189
22	0.174032
23	0.173973
24	0.167164
25	0.168854
26	0.167048
27	0.164527
28	0.163179
29	0.164731
30	0.160371
31	0.157266
32	0.15778
33	0.161138
34	0.159954
35	0.158726
36	0.158076
37	0.155851
38	0.157261
39	0.154133
40	0.149866
41	0.151736
42	0.148488
43	0.153129
44	0.147374
45	0.148199
46	0.15223
47	0.150368
48	0.147738
49	0.146574
50	0.14853
51	0.147618
52	0.149004
53	0.147283
54	0.148506
55	0.146626
56	0.143756
57	0.14266
58	0.145033
59	0.144824
60	0.141064
61	0.145711
62	0.142867
63	0.140474
64	0.138892
65	0.139925
66	0.138219
67	0.140226
68	0.139699
69	0.137097
70	0.138003
71	0.137655
72	0.137576
73	0.14209
74	0.140051
75	0.138033
76	0.140471
77	0.136696
78	0.138421
79	0.13701
80	0.138315
81	0.135627
82	0.135041
83	0.137901
84	0.133799
85	0.136008
86	0.133883
87	0.135621
88	0.133384
89	0.132143
90	0.131341
91	0.133045
92	0.130421
93	0.13311
94	0.132891
95	0.133914
96	0.133458
97	0.132319
98	0.129082
99	0.126848
100	0.129568
101	0.132574
102	0.131248
103	0.134707
104	0.133073
105	0.133242
106	0.129891
107	0.128563
108	0.129619
109	0.130677
110	0.12777
111	0.128327
112	0.128896
113	0.130348
114	0.130936
115	0.128334
116	0.130169
117	0.12943
118	0.129277
119	0.131199
120	0.129902
121	0.127431
122	0.130492
123	0.127456
124	0.127224
125	0.127252
126	0.127742
127	0.128046
128	0.127342
129	0.128818
130	0.128408
131	0.12554
132	0.125198
133	0.126432
134	0.124326
135	0.126784
136	0.125723
137	0.129029
138	0.128544
139	0.125601
140	0.126139
141	0.124972
142	0.126165
143	0.12737
144	0.13026
145	0.125878
146	0.127515
147	0.127433
148	0.126137
149	0.126023
150	0.124063
151	0.125263
152	0.124911
153	0.128602
154	0.126591
155	0.124496
156	0.122836
157	0.124011
158	0.127532
159	0.124966
160	0.126472
161	0.123792
162	0.122766
163	0.127046
164	0.125258
165	0.124866
166	0.125361
167	0.124475
168	0.126026
169	0.123354
170	0.125815
171	0.124612
172	0.124042
173	0.124758
174	0.123964
175	0.125195
176	0.126405
177	0.121749
178	0.123611
179	0.123993
180	0.124206
181	0.122234
182	0.125965
183	0.122749
184	0.124598
185	0.123522
186	0.120537
187	0.124684
188	0.123353
189	0.122055
190	0.123783
191	0.121936
192	0.121601
193	0.124838
194	0.122679
195	0.122698
196	0.124665
197	0.124441
198	0.121384
199	0.123224
200	0.120747
201	0.121147
202	0.12124
203	0.1253
204	0.12426
205	0.121035
206	0.121514
207	0.121643
208	0.121774
209	0.120837
210	0.122467
211	0.119973
212	0.120337
213	0.12361
214	0.120441
215	0.121793
216	0.121183
217	0.119451
218	0.116813
219	0.120192
220	0.11986
221	0.119302
222	0.122202
223	0.121028
224	0.121337
225	0.122274
226	0.123108
227	0.121147
228	0.120805
229	0.121389
230	0.121533
231	0.118842
232	0.120504
233	0.121653
234	0.120045
235	0.119342
236	0.119903
237	0.117352
238	0.12322
239	0.120857
240	0.124009
241	0.126538
242	0.121447
243	0.11939
244	0.121496
245	0.120277
246	0.1189
247	0.123008
248	0.119293
249	0.121553
250	0.121333
251	0.121623
252	0.118482
253	0.121712
254	0.119538
255	0.119355
256	0.120493
257	0.120252
258	0.117052
259	0.120088
260	0.11984
261	0.11839
262	0.119871
263	0.12054
264	0.121928
265	0.12
266	0.120015
267	0.120282
268	0.120704
269	0.117748
270	0.120995
271	0.116857
272	0.120096
273	0.120754
274	0.121396
275	0.116531
276	0.119042
277	0.125005
278	0.119996
279	0.119473
280	0.120185
281	0.117426
282	0.118566
283	0.11898
284	0.119397
285	0.119755
286	0.120582
287	0.119953
288	0.123001
289	0.122259
290	0.117242
291	0.119021
292	0.123459
293	0.121546
294	0.118348
295	0.119385
296	0.122206
297	0.121556
298	0.118745
299	0.119981
300	0.118756
301	0.117808
302	0.120835
303	0.118297
304	0.119568
305	0.119328
306	0.119152
307	0.1214
308	0.118879
309	0.117695
310	0.12054
311	0.121203
312	0.120002
313	0.118772
314	0.119398
315	0.120967
316	0.122369
317	0.12451
318	0.123701
319	0.118525
320	0.119243
321	0.116946
322	0.119206
323	0.120678
324	0.120633
325	0.119507
326	0.11927
327	0.116031
328	0.121246
329	0.118876
330	0.12109
331	0.119388
332	0.119429
333	0.121473
334	0.118562
335	0.119254
336	0.121696
337	0.11936
338	0.118826
339	0.118957
340	0.12102
341	0.118603
342	0.122143
343	0.119723
344	0.118251
345	0.121182
346	0.120619
347	0.119992
348	0.117408
349	0.117733
350	0.119674
351	0.120737
352	0.120172
353	0.119637
354	0.120052
355	0.118802
356	0.119283
357	0.118851
358	0.122414
359	0.11858
360	0.118808
361	0.118027
362	0.120204
363	0.118058
364	0.124428
365	0.116579
366	0.11797
367	0.119358
368	0.114691
369	0.117588
370	0.120524
371	0.116638
372	0.119251
373	0.117842
374	0.119619
375	0.120544
376	0.120057
377	0.118177
378	0.117253
379	0.114996
380	0.11817
381	0.119781
382	0.117312
383	0.119529
384	0.11743
385	0.120719
386	0.119624
387	0.119315
388	0.117638
389	0.120337
390	0.118082
391	0.118984
392	0.117454
393	0.115035
394	0.117694
395	0.120074
396	0.118677
397	0.119084
398	0.117579
399	0.117172
400	0.118455
401	0.118415
402	0.118576
403	0.11693
404	0.11919
405	0.120114
406	0.118444
407	0.121539
408	0.120647
409	0.11877
410	0.117964
411	0.118694
412	0.115809
413	0.118403
414	0.120084
415	0.116219
416	0.118509
417	0.120271
418	0.118315
419	0.116916
420	0.116942
421	0.121862
422	0.120314
423	0.11726
424	0.119461
425	0.116724
426	0.118154
427	0.118306
428	0.117938
429	0.116946
430	0.118042
431	0.11647
432	0.119169
433	0.117854
434	0.118623
435	0.117333
436	0.118738
437	0.122648
438	0.118073
439	0.118023
440	0.116701
441	0.118239
442	0.118671
443	0.116972
444	0.117482
445	0.11748
446	0.120535
447	0.120067
448	0.117989
449	0.117892
450	0.119554
451	0.120978
452	0.120907
453	0.118013
454	0.119513
455	0.116398
456	0.114035
457	0.117711
458	0.119618
459	0.120029
460	0.116506
461	0.115504
462	0.114945
463	0.117264
464	0.117227
465	0.116032
466	0.115725
467	0.120609
468	0.115383
469	0.120014
470	0.118753
471	0.116351
472	0.116518
473	0.117125
474	0.119394
475	0.118042
476	0.114168
477	0.118861
478	0.119346
479	0.121718
480	0.118708
481	0.119707
482	0.118606
483	0.119395
484	0.11698
485	0.123588
486	0.119962
487	0.117597
488	0.118035
489	0.120963
490	0.117476
491	0.118384
492	0.115357
493	0.117776
494	0.116181
495	0.116709
496	0.118705
497	0.116433
498	0.120928
499	0.11811
500	0.117054
501	0.116169
502	0.117134
503	0.119178
504	0.120071
505	0.117661
506	0.115489
507	0.121055
508	0.118794
509	0.117638
510	0.116302
511	0.120833
512	0.116464
513	0.117766
514	0.117904
515	0.119136
516	0.119325
517	0.119719
518	0.120413
519	0.119447
520	0.117454
521	0.117178
522	0.114717
523	0.11749
524	0.119686
525	0.116771
526	0.118432
527	0.118064
528	0.116307
529	0.119108
530	0.116426
531	0.118691
532	0.119976
533	0.118945
534	0.117604
535	0.115717
536	0.116554
537	0.121232
538	0.115416
539	0.115875
540	0.117805
541	0.122791
542	0.11639
543	0.119866
544	0.118365
545	0.115974
546	0.118825
547	0.11924
548	0.119998
549	0.116434
550	0.118589
551	0.119418
552	0.116174
553	0.117531
554	0.118561
555	0.117966
556	0.118279
557	0.117812
558	0.118644
559	0.118442
560	0.120403
561	0.119115
562	0.119787
563	0.120786
564	0.120605
565	0.12057
566	0.120314
567	0.117145
568	0.120483
569	0.118593
570	0.118498
571	0.118508
572	0.118255
573	0.119297
574	0.119748
575	0.11887
576	0.117816
577	0.116796
578	0.119213
579	0.119382
580	0.117695
581	0.119929
582	0.117293
583	0.117713
584	0.11888
585	0.119609
586	0.117195
587	0.120976
588	0.120152
589	0.119967
590	0.120011
591	0.118705
592	0.118886
593	0.1195
594	0.116568
595	0.118294
596	0.120696
597	0.120731
598	0.120901
599	0.118114
600	0.117973
601	0.118683
602	0.119465
603	0.120947
604	0.118308
605	0.11886
606	0.114464
607	0.118987
608	0.119012
609	0.118178
610	0.114572
611	0.119296
612	0.119367
613	0.115772
614	0.117643
615	0.121272
616	0.117749
617	0.119718
618	0.121522
619	0.118312
620	0.118019
621	0.117565
622	0.120406
623	0.114593
624	0.122075
625	0.119902
626	0.116227
627	0.11799
628	0.119299
629	0.119517
630	0.120974
631	0.117695
632	0.118735
633	0.118947
634	0.120428
635	0.118527
636	0.120466
637	0.120948
638	0.121519
639	0.120176
640	0.121082
641	0.11692
642	0.117778
643	0.119257
644	0.118781
645	0.121812
646	0.118829
647	0.117039
648	0.116074
649	0.12048
650	0.118603
651	0.11987
652	0.117834
653	0.12173
654	0.116644
655	0.12121
656	0.11735
657	0.117113
658	0.117586
659	0.118356
660	0.117142
661	0.119104
662	0.118312
663	0.119021
664	0.119322
665	0.119258
666	0.118135
667	0.117382
668	0.120274
669	0.120229
670	0.119532
671	0.118745
672	0.116206
673	0.117043
674	0.119656
675	0.118748
676	0.118011
677	0.119582
678	0.117011
679	0.118649
680	0.118803
681	0.119144
682	0.118052
683	0.118831
684	0.118322
685	0.119827
686	0.119186
687	0.117795
688	0.119023
689	0.118847
690	0.117296
691	0.118675
692	0.115685
693	0.117242
694	0.11739
695	0.116244
696	0.120185
697	0.117954
698	0.118724
699	0.117342
700	0.119634
701	0.116478
702	0.118015
703	0.119089
704	0.117145
705	0.116213
706	0.117147
707	0.117928
708	0.117944
709	0.119726
710	0.119062
711	0.115446
712	0.117168
713	0.119379
714	0.119535
715	0.115847
716	0.115246
717	0.119142
718	0.114591
719	0.118702
720	0.115931
721	0.115905
722	0.116671
723	0.116896
724	0.113893
725	0.122814
726	0.118263
727	0.116049
728	0.119647
729	0.118969
730	0.119733
731	0.116495
732	0.120549
733	0.119377
734	0.120953
735	0.117896
736	0.115778
737	0.118372
738	0.119393
739	0.117027
740	0.115845
741	0.119091
742	0.118311
743	0.117305
744	0.117888
745	0.116231
746	0.11982
747	0.120724
748	0.118444
749	0.116978
750	0.117611
751	0.118931
752	0.119218
753	0.118615
754	0.117347
755	0.118051
756	0.118217
757	0.120423
758	0.121021
759	0.116551
760	0.118317
761	0.11938
762	0.118306
763	0.117177
764	0.117213
765	0.117698
766	0.118721
767	0.118543
768	0.116286
769	0.11951
770	0.116599
771	0.118161
772	0.118913
773	0.118901
774	0.11544
775	0.115349
776	0.117676
777	0.11806
778	0.114867
779	0.117869
780	0.118915
781	0.11637
782	0.115612
783	0.118566
784	0.119987
785	0.120407
786	0.119849
787	0.118002
788	0.120189
789	0.119097
790	0.117156
791	0.119139
792	0.119857
793	0.115483
794	0.116806
795	0.114962
796	0.11799
797	0.118912
798	0.117188
799	0.116976
800	0.117486
801	0.11619
802	0.113494
803	0.117326
804	0.115609
805	0.118227
806	0.118668
807	0.118645
808	0.113942
809	0.117726
810	0.117516
811	0.119216
812	0.116603
813	0.119602
814	0.115085
815	0.115579
816	0.116807
817	0.119882
818	0.11807
819	0.119099
820	0.117225
821	0.118487
822	0.118325
823	0.118621
824	0.115699
825	0.118073
826	0.118411
827	0.117155
828	0.115911
829	0.114195
830	0.117647
831	0.117224
832	0.117575
833	0.115051
834	0.117896
835	0.118226
836	0.115598
837	0.118436
838	0.11836
839	0.116551
840	0.116724
841	0.116066
842	0.116886
843	0.117586
844	0.117582
845	0.115326
846	0.116999
847	0.117992
848	0.114952
849	0.11647
850	0.116177
851	0.117389
852	0.116036
853	0.118476
854	0.120079
855	0.121653
856	0.115138
857	0.117224
858	0.114858
859	0.117198
860	0.117152
861	0.115338
862	0.115661
863	0.117737
864	0.118006
865	0.116134
866	0.117036
867	0.117795
868	0.115818
869	0.118785
870	0.11862
871	0.113553
872	0.11413
873	0.11695
874	0.115871
875	0.115574
876	0.117593
877	0.116314
878	0.114083
879	0.114674
880	0.118078
881	0.117941
882	0.114614
883	0.117944
884	0.116962
885	0.115762
886	0.116193
887	0.115722
888	0.116658
889	0.114485
890	0.114821
891	0.11539
892	0.118995
893	0.116346
894	0.117934
895	0.116753
896	0.116143
897	0.116993
898	0.113228
899	0.114075
900	0.117111
901	0.116928
902	0.115802
903	0.116476
904	0.115977
905	0.118198
906	0.117871
907	0.115724
908	0.118139
909	0.116941
910	0.117273
911	0.115823
912	0.1163
913	0.116318
914	0.118213
915	0.115303
916	0.116917
917	0.112172
918	0.116497
919	0.117439
920	0.113966
921	0.115548
922	0.116914
923	0.113878
924	0.117953
925	0.117043
926	0.11577
927	0.115528
928	0.11379
929	0.115836
930	0.115571
931	0.120125
932	0.117439
933	0.114883
934	0.113122
935	0.114485
936	0.112616
937	0.116776
938	0.114858
939	0.114527
940	0.113924
941	0.112981
942	0.112652
943	0.114195
944	0.114673
945	0.115236
946	0.115832
947	0.115973
948	0.114126
949	0.114684
950	0.116905
951	0.117263
952	0.116202
953	0.116837
954	0.116129
955	0.115119
956	0.115328
957	0.116976
958	0.115895
959	0.114544
960	0.114645
961	0.113646
962	0.11628
963	0.113965
964	0.118969
965	0.114634
966	0.115621
967	0.115817
968	0.117214
969	0.115297
970	0.113983
971	0.117861
972	0.113012
973	0.110632
974	0.115201
975	0.112476
976	0.113152
977	0.113803
978	0.115175
979	0.114849
980	0.115798
981	0.115861
982	0.114858
983	0.111358
984	0.118146
985	0.113656
986	0.113193
987	0.116879
988	0.115239
989	0.113358
990	0.115076
991	0.114644
992	0.11649
993	0.115556
994	0.115244
995	0.113803
996	0.110916
997	0.113779
998	0.113799
999	0.114872
1000	0.112479
1001	0.11406
1002	0.117639
1003	0.116746
1004	0.114399
1005	0.115383
1006	0.11515
1007	0.117569
1008	0.116038
1009	0.112433
1010	0.112376
1011	0.113142
1012	0.114916
1013	0.117263
1014	0.117433
1015	0.114019
1016	0.115799
1017	0.114731
1018	0.114682
1019	0.118487
1020	0.112342
1021	0.112772
1022	0.113617
1023	0.114451
1024	0.114794
1025	0.116601
1026	0.112744
1027	0.115093
1028	0.113123
1029	0.114663
1030	0.117315
1031	0.117894
1032	0.114127
1033	0.116122
1034	0.114464
1035	0.117131
1036	0.113028
1037	0.114477
1038	0.117962
1039	0.114184
1040	0.115342
1041	0.118487
1042	0.11573
1043	0.113514
1044	0.115731
1045	0.11413
1046	0.115009
1047	0.113838
1048	0.114215
1049	0.115686
1050	0.115233
1051	0.116543
1052	0.115564
1053	0.116872
1054	0.115195
1055	0.118513
1056	0.115199
1057	0.113344
1058	0.11506
1059	0.114988
1060	0.115751
1061	0.114624
1062	0.117431
1063	0.115867
1064	0.115284
1065	0.113352
1066	0.114248
1067	0.113898
1068	0.11416
1069	0.116601
1070	0.115223
1071	0.114559
1072	0.113307
1073	0.1163
1074	0.116029
1075	0.114882
1076	0.117954
1077	0.115507
1078	0.117819
1079	0.115736
1080	0.117544
1081	0.116208
1082	0.11398
1083	0.116399
1084	0.115748
1085	0.116686
1086	0.117024
1087	0.114043
1088	0.114514
1089	0.116239
1090	0.115907
1091	0.112096
1092	0.114314
1093	0.116613
1094	0.115254
1095	0.112158
1096	0.114878
1097	0.114212
1098	0.116017
1099	0.114072
1100	0.115165
1101	0.111813
1102	0.113139
1103	0.115907
1104	0.114759
1105	0.112101
1106	0.11463
1107	0.112933
1108	0.115883
1109	0.113482
1110	0.117367
1111	0.114586
1112	0.114566
1113	0.113388
1114	0.113047
1115	0.114887
1116	0.116515
1117	0.116569
1118	0.116123
1119	0.116493
1120	0.114739
1121	0.114226
1122	0.114191
1123	0.115186
1124	0.11281
1125	0.114631
1126	0.115011
1127	0.117745
1128	0.115765
1129	0.116738
1130	0.116891
1131	0.113851
1132	0.11493
1133	0.112464
1134	0.115612
1135	0.115558
1136	0.113149
1137	0.115968
1138	0.115272
1139	0.115313
1140	0.113831
1141	0.113183
1142	0.116903
1143	0.113812
1144	0.11451
1145	0.113743
1146	0.114255
1147	0.113843
1148	0.114002
1149	0.11382
1150	0.113773
1151	0.117418
1152	0.113768
1153	0.114713
1154	0.11442
1155	0.115311
1156	0.117396
1157	0.11296
1158	0.115561
1159	0.115866
1160	0.113375
1161	0.113421
1162	0.113072
1163	0.114231
1164	0.112847
1165	0.113821
1166	0.113884
1167	0.11476
1168	0.11477
1169	0.115263
1170	0.112621
1171	0.115232
1172	0.113247
1173	0.114421
1174	0.114373
1175	0.116278
1176	0.113068
1177	0.111821
1178	0.110515
1179	0.11423
1180	0.113713
1181	0.111078
1182	0.111115
1183	0.112611
1184	0.111197
1185	0.116284
1186	0.115357
1187	0.114592
1188	0.111933
1189	0.111506
1190	0.113999
1191	0.111927
1192	0.112898
1193	0.114731
1194	0.11466
1195	0.112296
1196	0.11198
1197	0.116126
1198	0.114919
1199	0.112819
1200	0.11371
1201	0.110205
1202	0.112221
1203	0.115337
1204	0.113652
1205	0.112803
1206	0.114671
1207	0.114845
1208	0.112331
1209	0.113197
1210	0.111073
1211	0.111002
1212	0.113158
1213	0.111432
1214	0.112696
1215	0.114239
1216	0.111711
1217	0.113975
1218	0.111734
1219	0.111068
1220	0.113048
1221	0.112533
1222	0.111557
1223	0.113955
1224	0.112561
1225	0.11312
1226	0.112175
1227	0.111842
1228	0.111988
1229	0.112403
1230	0.111027
1231	0.113311
1232	0.113165
1233	0.112527
1234	0.111805
1235	0.112681
1236	0.111785
1237	0.10961
1238	0.114029
1239	0.111886
1240	0.109812
1241	0.112995
1242	0.10866
1243	0.11338
1244	0.112695
1245	0.114767
1246	0.113544
1247	0.113427
1248	0.112577
1249	0.111301
1250	0.113448
1251	0.11335
1252	0.110505
1253	0.110607
1254	0.113997
1255	0.112711
1256	0.112376
1257	0.111263
1258	0.113713
1259	0.111928
1260	0.112419
1261	0.110904
1262	0.113765
1263	0.110568
1264	0.112382
1265	0.111129
1266	0.114688
1267	0.111347
1268	0.113167
1269	0.109296
1270	0.116323
1271	0.112107
1272	0.110682
1273	0.113644
1274	0.112139
1275	0.112165
1276	0.113296
1277	0.11445
1278	0.110496
1279	0.111089
1280	0.111358
1281	0.114672
1282	0.112069
1283	0.111759
1284	0.113247
1285	0.111408
1286	0.111457
1287	0.111374
1288	0.112912
1289	0.112596
1290	0.110164
1291	0.111571
1292	0.1105
1293	0.113452
1294	0.112374
1295	0.11053
1296	0.111762
1297	0.112063
1298	0.113139
1299	0.113524
1300	0.111528
1301	0.110575
1302	0.11087
1303	0.111892
1304	0.112449
1305	0.11278
1306	0.113445
1307	0.113052
1308	0.110552
1309	0.111814
1310	0.110293
1311	0.111042
1312	0.110718
1313	0.111215
1314	0.11387
1315	0.112551
1316	0.111521
1317	0.112304
1318	0.112945
1319	0.113422
1320	0.112104
1321	0.115335
1322	0.111959
1323	0.114045
1324	0.110936
1325	0.111484
1326	0.113
1327	0.112005
1328	0.109337
1329	0.113655
1330	0.113409
1331	0.112789
1332	0.11189
1333	0.112133
1334	0.111241
1335	0.110869
1336	0.112554
1337	0.113917
1338	0.111268
1339	0.112484
1340	0.111818
1341	0.114309
1342	0.112882
1343	0.112742
1344	0.113718
1345	0.110294
1346	0.112917
1347	0.114268
1348	0.113308
1349	0.113346
1350	0.115596
1351	0.114052
1352	0.112684
1353	0.109527
1354	0.111555
1355	0.110217
1356	0.111938
1357	0.109459
1358	0.111471
1359	0.110087
1360	0.111166
1361	0.112398
1362	0.112337
1363	0.113043
1364	0.113026
1365	0.114098
1366	0.109504
1367	0.115456
1368	0.114366
1369	0.113651
1370	0.113726
1371	0.109956
1372	0.113387
1373	0.111449
1374	0.1111
1375	0.109829
1376	0.109642
1377	0.109797
1378	0.11059
1379	0.113341
1380	0.110676
1381	0.111183
1382	0.114564
1383	0.111568
1384	0.112687
1385	0.109885
1386	0.112032
1387	0.110115
1388	0.11366
1389	0.109624
1390	0.114645
1391	0.113336
1392	0.109943
1393	0.107714
1394	0.110102
1395	0.110424
1396	0.109568
1397	0.111419
1398	0.111208
1399	0.111471
1400	0.111472
1401	0.111646
1402	0.111499
1403	0.109499
1404	0.112527
1405	0.109985
1406	0.107462
1407	0.109894
1408	0.115108
1409	0.110457
1410	0.111404
1411	0.111989
1412	0.111592
1413	0.111695
1414	0.113571
1415	0.110195
1416	0.109048
1417	0.107947
1418	0.113282
1419	0.115322
1420	0.109274
1421	0.111144
1422	0.110688
1423	0.110867
1424	0.111648
1425	0.110945
1426	0.109926
1427	0.114992
1428	0.110429
1429	0.11227
1430	0.111294
1431	0.108267
1432	0.112656
1433	0.114111
1434	0.11025
1435	0.113696
1436	0.112463
1437	0.111967
1438	0.113218
1439	0.112892
1440	0.109721
1441	0.112657
1442	0.112164
1443	0.112189
1444	0.11511
1445	0.113448
1446	0.109098
1447	0.111543
1448	0.112486
1449	0.113031
1450	0.111138
1451	0.111373
1452	0.111827
1453	0.111568
1454	0.113188
1455	0.112253
1456	0.110955
1457	0.110863
1458	0.112428
1459	0.112377
1460	0.113573
1461	0.109645
1462	0.112134
1463	0.11333
1464	0.108798
1465	0.112124
1466	0.111989
1467	0.112481
1468	0.110582
1469	0.11278
1470	0.110304
1471	0.111836
1472	0.112387
1473	0.107857
1474	0.111038
1475	0.112509
1476	0.112462
1477	0.110706
1478	0.11122
1479	0.111258
1480	0.112628
1481	0.113896
1482	0.110435
1483	0.110067
1484	0.111314
1485	0.112991
1486	0.110111
1487	0.112258
1488	0.110858
1489	0.11435
1490	0.110645
1491	0.113345
1492	0.109386
1493	0.111791
1494	0.110676
1495	0.109479
1496	0.109762
1497	0.113384
1498	0.110483
1499	0.112196
1500	0.112181
1501	0.110693
1502	0.110093
1503	0.109592
1504	0.110664
1505	0.109815
1506	0.11195
1507	0.112097
1508	0.110162
1509	0.109622
1510	0.111227
1511	0.11216
1512	0.111453
1513	0.111595
1514	0.109635
1515	0.109154
1516	0.111246
1517	0.110725
1518	0.110033
1519	0.113341
1520	0.113323
1521	0.113229
1522	0.109585
1523	0.111743
1524	0.11301
1525	0.112302
1526	0.109414
1527	0.112661
1528	0.114213
1529	0.111294
1530	0.107968
1531	0.108759
1532	0.10959
1533	0.110157
1534	0.113668
1535	0.112646
1536	0.111721
1537	0.112241
1538	0.109309
1539	0.111765
1540	0.11195
1541	0.109351
1542	0.110599
1543	0.109854
1544	0.110674
1545	0.111142
1546	0.109704
1547	0.111972
1548	0.111804
1549	0.110221
1550	0.113614
1551	0.111563
1552	0.108021
1553	0.1097
1554	0.109829
1555	0.111979
1556	0.112644
1557	0.110676
1558	0.109095
1559	0.112783
1560	0.110605
1561	0.109081
1562	0.111998
1563	0.110249
1564	0.111797
1565	0.110878
1566	0.11079
1567	0.109926
1568	0.112576
1569	0.112656
1570	0.110616
1571	0.106851
1572	0.109858
1573	0.111855
1574	0.110541
1575	0.108524
1576	0.109783
1577	0.110819
1578	0.107848
1579	0.110007
1580	0.108906
1581	0.113092
1582	0.109732
1583	0.109572
1584	0.112755
1585	0.109024
1586	0.10818
1587	0.11141
1588	0.107536
1589	0.110258
1590	0.110191
1591	0.107726
1592	0.108624
1593	0.110267
1594	0.10946
1595	0.108937
1596	0.106873
1597	0.108294
1598	0.112214
1599	0.110266
1600	0.107378
1601	0.110446
1602	0.112148
1603	0.110512
1604	0.110395
1605	0.110378
1606	0.109671
1607	0.107387
1608	0.110749
1609	0.109513
1610	0.109696
1611	0.109515
1612	0.109217
1613	0.109658
1614	0.107226
1615	0.109493
1616	0.110529
1617	0.111936
1618	0.112527
1619	0.108888
1620	0.108785
1621	0.110522
1622	0.110467
1623	0.111404
1624	0.107996
1625	0.109286
1626	0.108447
1627	0.107958
1628	0.108851
1629	0.108604
1630	0.107293
1631	0.106692
1632	0.10771
1633	0.108491
1634	0.107929
1635	0.109993
1636	0.108446
1637	0.108693
1638	0.108923
1639	0.109711
1640	0.109778
1641	0.108831
1642	0.110389
1643	0.110334
1644	0.107883
1645	0.108675
1646	0.109014
1647	0.109213
1648	0.107809
1649	0.107606
1650	0.108027
1651	0.110195
1652	0.110547
1653	0.110797
1654	0.107459
1655	0.109054
1656	0.108529
1657	0.106868
1658	0.108293
1659	0.111893
1660	0.108148
1661	0.107095
1662	0.107036
1663	0.106891
1664	0.108846
1665	0.110519
1666	0.106662
1667	0.10849
1668	0.108552
1669	0.111072
1670	0.110755
1671	0.110004
1672	0.11198
1673	0.109793
1674	0.111844
1675	0.108118
1676	0.109842
1677	0.110648
1678	0.111383
1679	0.112218
1680	0.111589
1681	0.111063
1682	0.111409
1683	0.108507
1684	0.110228
1685	0.108143
1686	0.109734
1687	0.110439
1688	0.107765
1689	0.107031
1690	0.111029
1691	0.108899
1692	0.111028
1693	0.107077
1694	0.111623
1695	0.109584
1696	0.107607
1697	0.109103
1698	0.110155
1699	0.110253
1700	0.10877
1701	0.108628
1702	0.110209
1703	0.108773
1704	0.108441
1705	0.1119
1706	0.10884
1707	0.109432
1708	0.107554
1709	0.111823
1710	0.112707
1711	0.111298
1712	0.108759
1713	0.109711
1714	0.112366
1715	0.112958
1716	0.112357
1717	0.110818
1718	0.112323
1719	0.111364
1720	0.110613
1721	0.112637
1722	0.107496
1723	0.111535
1724	0.112352
1725	0.112176
1726	0.112116
1727	0.111882
1728	0.110722
1729	0.111152
1730	0.110162
1731	0.11149
1732	0.110762
1733	0.110399
1734	0.109818
1735	0.112548
1736	0.110573
1737	0.112324
1738	0.109769
1739	0.108316
1740	0.112236
1741	0.108411
1742	0.112767
1743	0.109796
1744	0.108729
1745	0.112378
1746	0.112901
1747	0.110399
1748	0.110575
1749	0.110626
1750	0.11119
1751	0.111656
1752	0.110508
1753	0.111411
1754	0.110434
1755	0.111271
1756	0.111193
1757	0.110744
1758	0.110185
1759	0.111028
1760	0.110571
1761	0.112239
1762	0.111
1763	0.110395
1764	0.110756
1765	0.109783
1766	0.112837
1767	0.109613
1768	0.11131
1769	0.109498
1770	0.110613
1771	0.108469
1772	0.108845
1773	0.112916
1774	0.11108
1775	0.111015
1776	0.108967
1777	0.107917
1778	0.10991
1779	0.110378
1780	0.110375
1781	0.108968
1782	0.109317
1783	0.109711
1784	0.110562
1785	0.109562
1786	0.111259
1787	0.110037
1788	0.109249
1789	0.111375
1790	0.110677
1791	0.110062
1792	0.109087
1793	0.110923
1794	0.109833
1795	0.110122
1796	0.108099
1797	0.111069
1798	0.109612
1799	0.111678
1800	0.10922
1801	0.111155
1802	0.109982
1803	0.109915
1804	0.106597
1805	0.109317
1806	0.109406
1807	0.111101
1808	0.110924
1809	0.109595
1810	0.109265
1811	0.110869
1812	0.111641
1813	0.108659
1814	0.113706
1815	0.112271
1816	0.10977
1817	0.110007
1818	0.109434
1819	0.111512
1820	0.109368
1821	0.109715
1822	0.107479
1823	0.112049
1824	0.107678
1825	0.107208
1826	0.111035
1827	0.108556
1828	0.110563
1829	0.112076
1830	0.107724
1831	0.111051
1832	0.109082
1833	0.111842
1834	0.106232
1835	0.113992
1836	0.109305
1837	0.110727
1838	0.109
1839	0.109495
1840	0.110214
1841	0.10991
1842	0.110767
1843	0.109911
1844	0.111882
1845	0.1097
1846	0.110147
1847	0.110258
1848	0.110665
1849	0.113782
1850	0.108925
1851	0.111814
1852	0.109416
1853	0.109589
1854	0.108053
1855	0.110349
1856	0.109611
1857	0.111513
1858	0.110311
1859	0.114077
1860	0.109583
1861	0.110597
1862	0.11312
1863	0.112162
1864	0.11189
1865	0.113147
1866	0.112029
1867	0.108529
1868	0.11082
1869	0.108482
1870	0.10976
1871	0.108906
1872	0.110927
1873	0.108174
1874	0.108132
1875	0.112856
1876	0.10991
1877	0.110453
1878	0.108603
1879	0.110514
1880	0.108952
1881	0.109157
1882	0.108452
1883	0.10502
1884	0.106291
1885	0.106473
1886	0.10935
1887	0.10987
1888	0.10832
1889	0.109965
1890	0.109421
1891	0.107647
1892	0.110278
1893	0.107249
1894	0.110036
1895	0.108272
1896	0.1078
1897	0.110815
1898	0.107993
1899	0.108437
1900	0.107279
1901	0.109263
1902	0.105857
1903	0.107687
1904	0.109986
1905	0.10976
1906	0.109573
1907	0.11119
1908	0.109462
1909	0.109097
1910	0.109898
1911	0.110571
1912	0.111896
1913	0.108852
1914	0.104546
1915	0.10912
1916	0.109402
1917	0.108503
1918	0.110484
1919	0.110335
1920	0.108038
1921	0.11003
1922	0.10958
1923	0.111437
1924	0.110295
1925	0.111314
1926	0.109923
1927	0.109863
1928	0.108285
1929	0.108899
1930	0.109729
1931	0.106976
1932	0.108657
1933	0.11038
1934	0.111418
1935	0.108724
1936	0.110782
1937	0.109067
1938	0.110571
1939	0.107483
1940	0.108887
1941	0.108348
1942	0.109306
1943	0.111191
1944	0.107031
1945	0.109339
1946	0.109754
1947	0.110789
1948	0.111308
1949	0.109579
1950	0.112689
1951	0.109042
1952	0.108856
1953	0.107679
1954	0.108066
1955	0.109014
1956	0.108908
1957	0.108957
1958	0.108475
1959	0.105218
1960	0.108834
1961	0.109058
1962	0.10939
1963	0.107892
1964	0.107813
1965	0.107011
1966	0.107955
1967	0.107953
1968	0.113087
1969	0.107816
1970	0.106441
1971	0.103648
1972	0.108116
1973	0.1103
1974	0.110055
1975	0.107575
1976	0.107776
1977	0.109322
1978	0.107076
1979	0.110031
1980	0.105014
1981	0.107841
1982	0.103683
1983	0.107913
1984	0.109842
1985	0.107505
1986	0.108916
1987	0.105653
1988	0.108987
1989	0.107509
1990	0.109635
1991	0.110853
1992	0.106152
1993	0.1099
1994	0.108109
1995	0.107559
1996	0.107002
1997	0.107592
1998	0.109179
1999	0.1067
2000	0.111836
2001	0.11111
2002	0.107346
2003	0.107719
2004	0.109265
2005	0.109138
2006	0.108916
2007	0.10673
2008	0.108584
2009	0.108414
2010	0.105156
2011	0.106739
2012	0.108111
2013	0.10726
2014	0.109603
2015	0.110395
2016	0.106835
2017	0.108928
2018	0.109583
2019	0.108183
2020	0.108098
2021	0.107924
2022	0.110358
2023	0.107436
2024	0.108452
2025	0.111429
2026	0.10829
2027	0.108043
2028	0.107526
2029	0.104826
2030	0.107334
2031	0.10735
2032	0.103762
2033	0.10706
2034	0.109015
2035	0.107961
2036	0.105626
2037	0.105994
2038	0.107884
2039	0.108287
2040	0.109508
2041	0.109289
2042	0.106884
2043	0.108968
2044	0.104979
2045	0.105312
2046	0.106694
2047	0.10529
2048	0.10818
2049	0.105675
2050	0.105302
2051	0.106944
2052	0.104982
2053	0.105737
2054	0.106158
2055	0.108378
2056	0.104518
2057	0.108657
2058	0.106038
2059	0.106529
2060	0.107212
2061	0.106975
2062	0.106965
2063	0.106164
2064	0.104291
2065	0.10882
2066	0.105378
2067	0.104299
2068	0.10654
2069	0.105077
2070	0.105516
2071	0.105969
2072	0.104455
2073	0.109391
2074	0.106084
2075	0.105036
2076	0.104689
2077	0.106969
2078	0.108803
2079	0.106846
2080	0.104607
2081	0.102617
2082	0.107001
2083	0.104519
2084	0.106586
2085	0.105015
2086	0.105347
2087	0.105139
2088	0.105124
2089	0.105249
2090	0.10261
2091	0.104983
2092	0.106454
2093	0.105647
2094	0.103592
2095	0.105652
2096	0.104965
2097	0.107321
2098	0.103613
2099	0.105061
2100	0.103586
2101	0.106153
2102	0.108247
2103	0.105578
2104	0.105385
2105	0.107423
2106	0.103312
2107	0.106634
2108	0.106388
2109	0.105325
2110	0.105135
2111	0.103795
2112	0.107351
2113	0.105032
2114	0.107537
2115	0.104091
2116	0.10605
2117	0.104063
2118	0.106172
2119	0.105809
2120	0.106228
2121	0.106194
2122	0.103829
2123	0.103746
2124	0.103876
2125	0.107144
2126	0.10595
2127	0.10532
2128	0.104765
2129	0.104033
2130	0.104991
2131	0.104877
2132	0.103506
2133	0.105208
2134	0.104594
2135	0.105267
2136	0.105583
2137	0.103695
2138	0.105781
2139	0.104827
2140	0.105659
2141	0.103512
2142	0.108058
2143	0.10437
2144	0.103813
2145	0.105709
2146	0.104285
2147	0.104696
2148	0.10726
2149	0.105627
2150	0.105842
2151	0.107005
2152	0.105397
2153	0.103577
2154	0.104117
2155	0.107187
2156	0.10364
2157	0.103354
2158	0.105736
2159	0.103029
2160	0.104074
2161	0.10563
2162	0.100966
2163	0.103374
2164	0.107304
2165	0.104059
2166	0.107195
2167	0.102799
2168	0.103762
2169	0.106151
2170	0.104614
2171	0.105563
2172	0.107176
2173	0.105508
2174	0.105578
2175	0.103599
2176	0.102241
2177	0.103083
2178	0.10313
2179	0.104902
2180	0.104533
2181	0.105543
2182	0.10335
2183	0.106491
2184	0.105198
2185	0.1039
2186	0.104043
2187	0.100835
2188	0.106718
2189	0.103396
2190	0.106579
2191	0.103571
2192	0.10525
2193	0.102421
2194	0.105247
2195	0.104937
2196	0.103231
2197	0.105455
2198	0.107859
2199	0.104569
2200	0.105439
2201	0.104015
2202	0.106732
2203	0.104913
2204	0.103749
2205	0.105545
2206	0.108378
2207	0.105918
2208	0.106622
2209	0.106614
2210	0.106722
2211	0.103516
2212	0.105237
2213	0.105762
2214	0.105324
2215	0.105721
2216	0.105451
2217	0.106203
2218	0.106212
2219	0.107479
2220	0.105182
2221	0.104811
2222	0.102823
2223	0.105663
2224	0.108668
2225	0.102846
2226	0.104815
2227	0.102008
2228	0.104541
2229	0.104446
2230	0.103877
2231	0.106207
2232	0.104538
2233	0.105856
2234	0.105241
2235	0.103891
2236	0.10615
2237	0.106287
2238	0.105079
2239	0.103439
2240	0.104438
2241	0.105594
2242	0.103189
2243	0.105579
2244	0.105005
2245	0.104255
2246	0.104499
2247	0.104107
2248	0.104951
2249	0.104454
2250	0.104616
2251	0.104509
2252	0.107241
2253	0.106772
2254	0.104821
2255	0.10628
2256	0.105591
2257	0.104011
2258	0.105275
2259	0.106307
2260	0.104437
2261	0.103365
2262	0.103156
2263	0.102875
2264	0.105141
2265	0.10327
2266	0.105515
2267	0.103795
2268	0.103601
2269	0.105743
2270	0.104629
2271	0.104054
2272	0.10374
2273	0.10507
2274	0.104937
2275	0.104247
2276	0.104922
2277	0.105931
2278	0.104366
2279	0.103458
2280	0.103664
2281	0.10439
2282	0.101673
2283	0.103268
2284	0.104506
2285	0.105142
2286	0.105016
2287	0.106642
2288	0.106383
2289	0.104328
2290	0.103245
2291	0.102736
2292	0.106667
2293	0.106732
2294	0.106678
2295	0.104964
2296	0.106575
2297	0.107274
2298	0.10263
2299	0.106551
2300	0.10528
2301	0.105924
2302	0.106134
2303	0.10473
2304	0.106129
2305	0.103916
2306	0.103376
2307	0.105716
2308	0.102808
2309	0.10541
2310	0.105932
2311	0.104302
2312	0.108235
2313	0.104321
2314	0.104157
2315	0.106332
2316	0.104347
2317	0.102171
2318	0.105466
2319	0.10621
2320	0.106688
2321	0.104022
2322	0.10389
2323	0.105034
2324	0.107192
2325	0.105345
2326	0.107029
2327	0.104447
2328	0.106764
2329	0.106493
2330	0.105311
2331	0.103013
2332	0.103365
2333	0.104267
2334	0.104834
2335	0.103068
2336	0.106311
2337	0.102285
2338	0.106066
2339	0.10476
2340	0.105635
2341	0.105115
2342	0.104558
2343	0.105346
2344	0.104164
2345	0.104271
2346	0.106447
2347	0.102729
2348	0.104259
2349	0.10393
2350	0.105702
2351	0.104634
2352	0.106445
2353	0.105488
2354	0.104803
2355	0.104104
2356	0.103777
2357	0.106011
2358	0.105123
2359	0.104378
2360	0.103622
2361	0.105091
2362	0.103745
2363	0.10363
2364	0.103719
2365	0.108535
2366	0.104172
2367	0.107791
2368	0.102478
2369	0.107447
2370	0.10479
2371	0.105426
2372	0.104769
2373	0.106463
2374	0.105488
2375	0.104561
2376	0.106014
2377	0.104931
2378	0.104247
2379	0.102558
2380	0.105978
2381	0.108982
2382	0.105177
2383	0.103577
2384	0.107584
2385	0.105746
2386	0.106754
2387	0.104907
2388	0.105422
2389	0.10176
2390	0.103957
2391	0.104579
2392	0.105789
2393	0.104379
2394	0.104961
2395	0.105242
2396	0.103112
2397	0.10259
2398	0.103322
2399	0.104133
2400	0.102203
2401	0.107234
2402	0.10615
2403	0.104803
2404	0.103079
2405	0.103145
2406	0.102237
2407	0.104504
2408	0.105127
2409	0.103642
2410	0.106016
2411	0.104189
2412	0.107254
2413	0.104957
2414	0.105874
2415	0.103457
2416	0.104877
2417	0.105436
2418	0.102261
2419	0.105291
2420	0.107346
2421	0.105233
2422	0.102529
2423	0.104788
2424	0.104871
2425	0.102121
2426	0.105356
2427	0.104209
2428	0.0998335
2429	0.104325
2430	0.105919
2431	0.104482
2432	0.104602
2433	0.102257
2434	0.100843
2435	0.101403
2436	0.106392
2437	0.103007
2438	0.106053
2439	0.103095
2440	0.106045
2441	0.10421
2442	0.103378
2443	0.105167
2444	0.103201
2445	0.103688
2446	0.105001
2447	0.104787
2448	0.104924
2449	0.102884
2450	0.103648
2451	0.101761
2452	0.102165
2453	0.104295
2454	0.104377
2455	0.103209
2456	0.101807
2457	0.101471
2458	0.104786
2459	0.103413
2460	0.104177
2461	0.102566
2462	0.104763
2463	0.10196
2464	0.102905
2465	0.102155
2466	0.103458
2467	0.103069
2468	0.102851
2469	0.103578
2470	0.104901
2471	0.101904
2472	0.105766
2473	0.106182
2474	0.104758
2475	0.106024
2476	0.105431
2477	0.10646
2478	0.103536
2479	0.103347
2480	0.101959
2481	0.103627
2482	0.103319
2483	0.107011
2484	0.10627
2485	0.102743
2486	0.10529
2487	0.107822
2488	0.105158
2489	0.104408
2490	0.105797
2491	0.105754
2492	0.102053
2493	0.106165
2494	0.103347
2495	0.106087
2496	0.106543
2497	0.101739
2498	0.103995
2499	0.10247
2500	0.103787
2501	0.10543
2502	0.105539
2503	0.101381
2504	0.103602
2505	0.104704
2506	0.103652
2507	0.105239
2508	0.103452
2509	0.104035
2510	0.104353
2511	0.104361
2512	0.105911
2513	0.102467
2514	0.10459
2515	0.103141
2516	0.104336
2517	0.102866
2518	0.10688
2519	0.106306
2520	0.104758
2521	0.105256
2522	0.103717
2523	0.103971
2524	0.101287
2525	0.10247
2526	0.103607
2527	0.103204
2528	0.10598
2529	0.104399
2530	0.104658
2531	0.105578
2532	0.104278
2533	0.106142
2534	0.104696
2535	0.102301
2536	0.105997
2537	0.103372
2538	0.104075
2539	0.103747
2540	0.104494
2541	0.105685
2542	0.102274
2543	0.106049
2544	0.103614
2545	0.103124
2546	0.105787
2547	0.105163
2548	0.108728
2549	0.104323
2550	0.108618
2551	0.107599
2552	0.104566
2553	0.10413
2554	0.105535
2555	0.10514
2556	0.106351
2557	0.104485
2558	0.106429
2559	0.105848
2560	0.103768
2561	0.109149
2562	0.104905
2563	0.105614
2564	0.105159
2565	0.104657
2566	0.104839
2567	0.108647
2568	0.105989
2569	0.10467
2570	0.106026
2571	0.108856
2572	0.105668
2573	0.108955
2574	0.107516
2575	0.106869
2576	0.10804
2577	0.108411
2578	0.108957
2579	0.104031
2580	0.108878
2581	0.104999
2582	0.107114
2583	0.107496
2584	0.107735
2585	0.105835
2586	0.107589
2587	0.104756
2588	0.104079
2589	0.105956
2590	0.105542
2591	0.107289
2592	0.104957
2593	0.104485
2594	0.107742
2595	0.105465
2596	0.107165
2597	0.103072
2598	0.105106
2599	0.105111
2600	0.106129
2601	0.105517
2602	0.105868
2603	0.107575
2604	0.103671
2605	0.105582
2606	0.104962
2607	0.105061
2608	0.106898
2609	0.10706
2610	0.105003
2611	0.105309
2612	0.105928
2613	0.103597
2614	0.106369
2615	0.105117
2616	0.105321
2617	0.10694
2618	0.10639
2619	0.103735
2620	0.10884
2621	0.106232
2622	0.106568
2623	0.103478
2624	0.109254
2625	0.106071
2626	0.10834
2627	0.106149
2628	0.108393
2629	0.109845
2630	0.10736
2631	0.106686
2632	0.107167
2633	0.106951
2634	0.107529
2635	0.108915
2636	0.107489
2637	0.104988
2638	0.10754
2639	0.10727
2640	0.10797
2641	0.105539
2642	0.108008
2643	0.106637
2644	0.107927
2645	0.110457
2646	0.107921
2647	0.109608
2648	0.108546
2649	0.10696
2650	0.106243
2651	0.108335
2652	0.106193
2653	0.107841
2654	0.108604
2655	0.108006
2656	0.106269
2657	0.106192
2658	0.110726
2659	0.107755
2660	0.108066
2661	0.106763
2662	0.112373
2663	0.108934
2664	0.107793
2665	0.107844
2666	0.108036
2667	0.109293
2668	0.106038
2669	0.107771
2670	0.109641
2671	0.110854
2672	0.109695
2673	0.107139
2674	0.109614
2675	0.108616
2676	0.108774
2677	0.109635
2678	0.107326
2679	0.110069
2680	0.107211
2681	0.107909
2682	0.106443
2683	0.108811
2684	0.108
2685	0.107566
2686	0.105758
2687	0.105066
2688	0.110064
2689	0.110116
2690	0.107766
2691	0.109215
2692	0.106195
2693	0.107697
2694	0.111087
2695	0.107451
2696	0.10953
2697	0.106179
2698	0.107054
2699	0.111603
2700	0.110784
2701	0.10597
2702	0.110784
2703	0.108748
2704	0.107831
2705	0.108254
2706	0.108528
2707	0.108836
2708	0.105761
2709	0.105263
2710	0.109186
2711	0.106059
2712	0.104098
2713	0.106487
2714	0.105887
2715	0.106614
2716	0.107728
2717	0.103719
2718	0.109396
2719	0.109022
2720	0.105508
2721	0.107259
2722	0.107019
2723	0.106071
2724	0.104061
2725	0.106831
2726	0.107802
2727	0.103486
2728	0.105887
2729	0.106599
2730	0.105752
2731	0.106318
2732	0.10511
2733	0.106782
2734	0.10624
2735	0.106131
2736	0.108247
2737	0.107984
2738	0.10726
2739	0.10751
2740	0.105564
2741	0.104782
2742	0.108037
2743	0.109123
2744	0.105234
2745	0.107396
2746	0.105808
2747	0.106763
2748	0.104838
2749	0.106518
2750	0.106011
2751	0.105028
2752	0.106195
2753	0.106342
2754	0.107369
2755	0.107622
2756	0.105078
2757	0.105047
2758	0.105324
2759	0.107231
2760	0.106425
2761	0.105911
2762	0.106709
2763	0.104751
2764	0.106758
2765	0.104689
2766	0.103137
2767	0.105515
2768	0.10874
2769	0.102957
2770	0.104954
2771	0.1021
2772	0.105457
2773	0.105841
2774	0.104348
2775	0.10626
2776	0.104437
2777	0.106691
2778	0.104347
2779	0.10824
2780	0.106707
2781	0.104063
2782	0.107466
2783	0.104282
2784	0.105796
2785	0.10372
2786	0.105351
2787	0.108372
2788	0.10621
2789	0.106055
2790	0.103445
2791	0.105418
2792	0.1072
2793	0.105994
2794	0.10744
2795	0.106553
2796	0.107338
2797	0.106197
2798	0.106398
2799	0.105276
2800	0.105874
2801	0.10751
2802	0.107935
2803	0.108505
2804	0.109039
2805	0.107362
2806	0.106261
2807	0.108031
2808	0.10781
2809	0.107476
2810	0.108668
2811	0.107008
2812	0.106012
2813	0.105045
2814	0.106986
2815	0.106884
2816	0.106511
2817	0.107742
2818	0.107873
2819	0.108731
2820	0.104538
2821	0.106588
2822	0.107987
2823	0.107304
2824	0.107017
2825	0.105557
2826	0.107574
2827	0.104123
2828	0.105768
2829	0.105362
2830	0.106275
2831	0.110447
2832	0.106531
2833	0.10489
2834	0.110247
2835	0.105375
2836	0.10615
2837	0.107127
2838	0.107906
2839	0.106481
2840	0.108621
2841	0.10498
2842	0.105334
2843	0.1041
2844	0.104878
2845	0.104364
2846	0.103777
2847	0.105453
2848	0.106669
2849	0.107096
2850	0.106769
2851	0.104605
2852	0.106081
2853	0.105595
2854	0.107098
2855	0.108712
2856	0.104547
