### Number of tubes used: 730
### Nuclear profiles per tube: 1.68219
### Resolution (bp): 40000
### Slice thickness (microns): 0.22
### Nuclear radius (microns): 4.5
### Detection efficiency: 0.858886
distance	 pi_threshold
1	0.336433
2	0.271607
3	0.247625
4	0.235553
5	0.22661
6	0.221783
7	0.217682
8	0.210949
9	0.208428
10	0.201838
11	0.202356
12	0.196314
13	0.193496
14	0.1896
15	0.188329
16	0.184785
17	0.186548
18	0.182014
19	0.176718
20	0.175334
21	0.177722
22	0.168454
23	0.171461
24	0.16811
25	0.164667
26	0.168417
27	0.166695
28	0.16508
29	0.160571
30	0.161015
31	0.159902
32	0.15807
33	0.160044
34	0.158876
35	0.156276
36	0.15577
37	0.15759
38	0.152108
39	0.153337
40	0.148463
41	0.148226
42	0.153087
43	0.14776
44	0.144963
45	0.148227
46	0.146702
47	0.146733
48	0.149502
49	0.147358
50	0.144765
51	0.145258
52	0.14397
53	0.14393
54	0.140845
55	0.143135
56	0.14194
57	0.143241
58	0.141508
59	0.144734
60	0.1393
61	0.140207
62	0.141039
63	0.139488
64	0.138951
65	0.13783
66	0.138954
67	0.138943
68	0.138021
69	0.13557
70	0.135381
71	0.135813
72	0.134702
73	0.135582
74	0.130661
75	0.130567
76	0.135828
77	0.130293
78	0.13539
79	0.133639
80	0.134478
81	0.132595
82	0.132508
83	0.134435
84	0.133383
85	0.130525
86	0.131431
87	0.130586
88	0.132658
89	0.131518
90	0.133775
91	0.126611
92	0.130854
93	0.127812
94	0.128598
95	0.131844
96	0.13461
97	0.128826
98	0.130213
99	0.126271
100	0.131816
101	0.128132
102	0.128552
103	0.127111
104	0.127326
105	0.130554
106	0.1272
107	0.128511
108	0.127995
109	0.127532
110	0.125814
111	0.129422
112	0.126089
113	0.12666
114	0.125844
115	0.128223
116	0.12726
117	0.129217
118	0.126084
119	0.128095
120	0.126567
121	0.123168
122	0.126068
123	0.127285
124	0.126981
125	0.12657
126	0.126558
127	0.123818
128	0.123243
129	0.120477
130	0.1233
131	0.12313
132	0.124566
133	0.123116
134	0.125012
135	0.123125
136	0.124375
137	0.124018
138	0.123094
139	0.123942
140	0.125486
141	0.122592
142	0.123518
143	0.122302
144	0.12257
145	0.123054
146	0.124229
147	0.125359
148	0.124964
149	0.123823
150	0.124004
151	0.124418
152	0.122759
153	0.122597
154	0.122679
155	0.124119
156	0.124473
157	0.123325
158	0.123142
159	0.123565
160	0.122615
161	0.123556
162	0.120368
163	0.121899
164	0.121654
165	0.120566
166	0.123613
167	0.124275
168	0.12148
169	0.122135
170	0.121122
171	0.12454
172	0.121881
173	0.122193
174	0.121074
175	0.122743
176	0.122745
177	0.121977
178	0.119109
179	0.123036
180	0.120175
181	0.123477
182	0.123389
183	0.123083
184	0.120058
185	0.123434
186	0.120581
187	0.11966
188	0.120707
189	0.119837
190	0.121372
191	0.121545
192	0.119433
193	0.119182
194	0.121639
195	0.122191
196	0.120914
197	0.122021
198	0.121752
199	0.120175
200	0.120997
201	0.119724
202	0.119391
203	0.120497
204	0.120653
205	0.120974
206	0.123431
207	0.124003
208	0.118339
209	0.12087
210	0.124566
211	0.120384
212	0.1244
213	0.121542
214	0.120718
215	0.123618
216	0.120279
217	0.119245
218	0.121337
219	0.119231
220	0.11955
221	0.122089
222	0.119856
223	0.121347
224	0.1217
225	0.121722
226	0.121995
227	0.120649
228	0.12133
229	0.117943
230	0.119287
231	0.119629
232	0.120534
233	0.122785
234	0.121606
235	0.122641
236	0.121148
237	0.120585
238	0.120699
239	0.117699
240	0.122371
241	0.119881
242	0.122574
243	0.120787
244	0.120394
245	0.121
246	0.120656
247	0.119939
248	0.120439
249	0.119644
250	0.120455
251	0.121094
252	0.119115
253	0.122106
254	0.118412
255	0.122577
256	0.119498
257	0.120591
258	0.119777
259	0.120182
260	0.118518
261	0.120398
262	0.119566
263	0.123788
264	0.119826
265	0.119217
266	0.118591
267	0.117673
268	0.117389
269	0.11942
270	0.120308
271	0.121076
272	0.118404
273	0.119179
274	0.117642
275	0.119826
276	0.119667
277	0.121769
278	0.118058
279	0.119641
280	0.118561
281	0.124664
282	0.120418
283	0.118736
284	0.117451
285	0.119258
286	0.119981
287	0.116981
288	0.120497
289	0.119423
290	0.117452
291	0.118128
292	0.119019
293	0.119132
294	0.117292
295	0.119371
296	0.120492
297	0.118655
298	0.120864
299	0.117025
300	0.118623
301	0.117338
302	0.119306
303	0.116572
304	0.118165
305	0.11938
306	0.11809
307	0.116111
308	0.119134
309	0.118748
310	0.118673
311	0.120466
312	0.119017
313	0.117481
314	0.122395
315	0.119587
316	0.117005
317	0.119259
318	0.117528
319	0.119487
320	0.120729
321	0.11797
322	0.117497
323	0.12245
324	0.118649
325	0.119231
326	0.117775
327	0.115696
328	0.118707
329	0.118229
330	0.117005
331	0.120644
332	0.117411
333	0.117349
334	0.119306
335	0.115764
336	0.11881
337	0.120782
338	0.118328
339	0.119773
340	0.120344
341	0.117999
342	0.11539
343	0.118885
344	0.118891
345	0.118257
346	0.119701
347	0.118003
348	0.118707
349	0.119163
350	0.119019
351	0.117338
352	0.121707
353	0.117592
354	0.118838
355	0.117632
356	0.119678
357	0.120937
358	0.117968
359	0.117967
360	0.119522
361	0.11847
362	0.121269
363	0.118441
364	0.116847
365	0.119628
366	0.120731
367	0.119414
368	0.11718
369	0.121211
370	0.11987
371	0.117197
372	0.117963
373	0.117441
374	0.118008
375	0.117294
376	0.119462
377	0.117447
378	0.119458
379	0.119311
380	0.117995
381	0.11564
382	0.118006
383	0.116897
384	0.119911
385	0.120034
386	0.121147
387	0.11982
388	0.12072
389	0.121093
390	0.12021
391	0.120245
392	0.118644
393	0.121627
394	0.118691
395	0.120843
396	0.120341
397	0.119732
398	0.121082
399	0.117482
400	0.119478
401	0.117199
402	0.119757
403	0.118627
404	0.119862
405	0.119148
406	0.120013
407	0.11986
408	0.117055
409	0.117705
410	0.116862
411	0.119085
412	0.116281
413	0.119888
414	0.114062
415	0.121785
416	0.119672
417	0.118287
418	0.119837
419	0.116735
420	0.117703
421	0.121546
422	0.116247
423	0.118352
424	0.12028
425	0.119059
426	0.1173
427	0.115982
428	0.120801
429	0.118176
430	0.118619
431	0.117353
432	0.117195
433	0.11872
434	0.118641
435	0.12084
436	0.11877
437	0.11749
438	0.123173
439	0.120151
440	0.119833
441	0.121029
442	0.117373
443	0.117563
444	0.12039
445	0.117669
446	0.118035
447	0.119312
448	0.118094
449	0.116243
450	0.118072
451	0.120837
452	0.115615
453	0.117288
454	0.116468
455	0.118069
456	0.119896
457	0.11874
458	0.119995
459	0.119998
460	0.117428
461	0.117759
462	0.11792
463	0.118689
464	0.118341
465	0.119158
466	0.117939
467	0.11698
468	0.115748
469	0.118562
470	0.116713
471	0.117527
472	0.115858
473	0.118535
474	0.1156
475	0.117435
476	0.120227
477	0.115557
478	0.118711
479	0.116186
480	0.119842
481	0.118284
482	0.119375
483	0.117445
484	0.117504
485	0.118009
486	0.115861
487	0.114802
488	0.116738
489	0.119856
490	0.11701
491	0.120985
492	0.118603
493	0.116519
494	0.117288
495	0.117443
496	0.120097
497	0.116529
498	0.115893
499	0.116504
500	0.117191
501	0.117327
502	0.118091
503	0.118659
504	0.116733
505	0.117428
506	0.11932
507	0.118291
508	0.117947
509	0.117866
510	0.118041
511	0.116208
512	0.117414
513	0.118686
514	0.119526
515	0.115862
516	0.115174
517	0.116539
518	0.116673
519	0.117509
520	0.117981
521	0.117775
522	0.116783
523	0.119139
524	0.121169
525	0.118865
526	0.115941
527	0.120978
528	0.118955
529	0.117599
530	0.117314
531	0.118389
532	0.116909
533	0.117048
534	0.116095
535	0.117236
536	0.117032
537	0.116674
538	0.119142
539	0.117314
540	0.117514
541	0.116964
542	0.118748
543	0.119211
544	0.117239
545	0.119794
546	0.119573
547	0.115463
548	0.117704
549	0.114076
550	0.114551
551	0.119821
552	0.118678
553	0.120587
554	0.118946
555	0.120269
556	0.118392
557	0.117895
558	0.116905
559	0.117387
560	0.11861
561	0.115618
562	0.117588
563	0.118478
564	0.114813
565	0.117973
566	0.116645
567	0.117529
568	0.118528
569	0.116145
570	0.116135
571	0.117816
572	0.11911
573	0.116992
574	0.117788
575	0.117521
576	0.117837
577	0.118513
578	0.115249
579	0.116813
580	0.119019
581	0.119674
582	0.119439
583	0.117161
584	0.115605
585	0.117213
586	0.118727
587	0.118504
588	0.118839
589	0.117943
590	0.116436
591	0.11789
592	0.118285
593	0.118566
594	0.113889
595	0.116437
596	0.118137
597	0.116359
598	0.120486
599	0.116268
600	0.117027
601	0.118924
602	0.116614
603	0.117224
604	0.116555
605	0.118445
606	0.116572
607	0.116598
608	0.117007
609	0.115385
610	0.116951
611	0.116442
612	0.116325
613	0.116957
614	0.11675
615	0.115007
616	0.120866
617	0.115
618	0.118782
619	0.116781
620	0.116714
621	0.116516
622	0.119826
623	0.116292
624	0.115115
625	0.11531
626	0.113937
627	0.115242
628	0.113939
629	0.116097
630	0.114641
631	0.115895
632	0.113495
633	0.11659
634	0.117449
635	0.113521
636	0.11726
637	0.115784
638	0.116314
639	0.114184
640	0.115331
641	0.114346
642	0.116943
643	0.114173
644	0.114201
645	0.116024
646	0.116541
647	0.112348
648	0.117596
649	0.117369
650	0.117318
651	0.112937
652	0.116387
653	0.11531
654	0.11525
655	0.114111
656	0.11237
657	0.114789
658	0.116336
659	0.115627
660	0.115827
661	0.116911
662	0.116651
663	0.114247
664	0.115559
665	0.110737
666	0.115375
667	0.116361
668	0.115662
669	0.115259
670	0.115446
671	0.115905
672	0.117113
673	0.113739
674	0.115347
675	0.115318
676	0.114651
677	0.116515
678	0.113584
679	0.11527
680	0.114528
681	0.11464
682	0.116019
683	0.114914
684	0.1143
685	0.113253
686	0.113655
687	0.113849
688	0.11619
689	0.113672
690	0.111648
691	0.114301
692	0.114252
693	0.115263
694	0.114178
695	0.115853
696	0.116172
697	0.114525
698	0.116905
699	0.114856
700	0.114915
701	0.116512
702	0.113632
703	0.112876
704	0.11621
705	0.115041
706	0.117332
707	0.116674
708	0.116078
709	0.114194
710	0.114651
711	0.113952
712	0.116053
713	0.114218
714	0.115065
715	0.112563
716	0.114008
717	0.114366
718	0.115018
719	0.114679
720	0.113016
721	0.114416
722	0.112953
723	0.113556
724	0.115284
725	0.115679
726	0.113509
727	0.116014
728	0.114424
729	0.113495
730	0.114509
731	0.115983
732	0.115633
733	0.113484
734	0.116512
735	0.115505
736	0.114076
737	0.116153
738	0.113019
739	0.113877
740	0.116069
741	0.112318
742	0.112189
743	0.112781
744	0.114698
745	0.117082
746	0.114593
747	0.115801
748	0.115518
749	0.117126
750	0.114891
751	0.114802
752	0.115253
753	0.113451
754	0.113502
755	0.11296
756	0.114648
757	0.115853
758	0.115018
759	0.11506
760	0.114504
761	0.115128
762	0.115059
763	0.115773
764	0.113656
765	0.117764
766	0.115461
767	0.116187
768	0.113307
769	0.113758
770	0.112219
771	0.113718
772	0.113807
773	0.113787
774	0.110815
775	0.112957
776	0.114991
777	0.11501
778	0.116593
779	0.118818
780	0.115827
781	0.113909
782	0.114347
783	0.113699
784	0.116366
785	0.111244
786	0.113637
787	0.116068
788	0.114441
789	0.115912
790	0.1127
791	0.114376
792	0.114978
793	0.116478
794	0.111905
795	0.113051
796	0.115307
797	0.115411
798	0.113016
799	0.11493
800	0.117511
801	0.114997
802	0.115721
803	0.111634
804	0.116164
805	0.113419
806	0.112409
807	0.116456
808	0.114163
809	0.116484
810	0.117505
811	0.113866
812	0.114835
813	0.115092
814	0.112037
815	0.114437
816	0.114199
817	0.115123
818	0.11396
819	0.116697
820	0.117327
821	0.114622
822	0.110964
823	0.114792
824	0.113781
825	0.111828
826	0.113229
827	0.114311
828	0.115373
829	0.11325
830	0.11421
831	0.11506
832	0.115132
833	0.113537
834	0.113043
835	0.114288
836	0.115059
837	0.113288
838	0.114349
839	0.112654
840	0.11331
841	0.113706
842	0.118184
843	0.11308
844	0.11351
845	0.117214
846	0.11542
847	0.112965
848	0.114717
849	0.113624
850	0.115603
851	0.112347
852	0.113587
853	0.113115
854	0.11389
855	0.113902
856	0.115803
857	0.11644
858	0.116933
859	0.115959
860	0.115958
861	0.116178
862	0.115484
863	0.115455
864	0.117218
865	0.110004
866	0.113086
867	0.112535
868	0.114488
869	0.113839
870	0.114129
871	0.11399
872	0.112486
873	0.112878
874	0.114642
875	0.11312
876	0.109693
877	0.114187
878	0.113059
879	0.114062
880	0.114651
881	0.114641
882	0.115653
883	0.110231
884	0.115047
885	0.113143
886	0.113825
887	0.115058
888	0.112647
889	0.112858
890	0.111604
891	0.112566
892	0.112404
893	0.112885
894	0.114868
895	0.114253
896	0.113564
897	0.114175
898	0.114204
899	0.112205
900	0.115965
901	0.113059
902	0.114739
903	0.115877
904	0.112834
905	0.11101
906	0.11456
907	0.112305
908	0.114213
909	0.111487
910	0.113347
911	0.112882
912	0.112877
913	0.112301
914	0.116065
915	0.11218
916	0.114757
917	0.110153
918	0.113528
919	0.114879
920	0.114275
921	0.113859
922	0.116432
923	0.113455
924	0.110466
925	0.114419
926	0.111647
927	0.112213
928	0.112435
929	0.11346
930	0.113106
931	0.110188
932	0.11213
933	0.112654
934	0.111851
935	0.113494
936	0.110678
937	0.113483
938	0.112766
939	0.113953
940	0.11333
941	0.108922
942	0.112252
943	0.11527
944	0.111242
945	0.112265
946	0.112709
947	0.114301
948	0.111629
949	0.113823
950	0.111802
951	0.116069
952	0.111406
953	0.112493
954	0.113126
955	0.110991
956	0.112017
957	0.111367
958	0.113082
959	0.110683
960	0.114999
961	0.111868
962	0.113387
963	0.114897
964	0.113987
965	0.11216
966	0.115294
967	0.114338
968	0.113963
969	0.10998
970	0.11146
971	0.114178
972	0.110891
973	0.111897
974	0.111304
975	0.110046
976	0.111161
977	0.112213
978	0.113737
979	0.114204
980	0.112584
981	0.111199
982	0.113535
983	0.11182
984	0.114187
985	0.113548
986	0.111089
987	0.113052
988	0.112827
989	0.112013
990	0.109578
991	0.111694
992	0.113744
993	0.10917
994	0.111265
995	0.112226
996	0.1143
997	0.111886
998	0.112699
999	0.111511
1000	0.113045
1001	0.10985
1002	0.113606
1003	0.112719
1004	0.11328
1005	0.110491
1006	0.112788
1007	0.110755
1008	0.113738
1009	0.1123
1010	0.112415
1011	0.11298
1012	0.109236
1013	0.111651
1014	0.110404
1015	0.111808
1016	0.111678
1017	0.110673
1018	0.111321
1019	0.111092
1020	0.111448
1021	0.112917
1022	0.113817
1023	0.112222
1024	0.113642
1025	0.111733
1026	0.111354
1027	0.113042
1028	0.112397
1029	0.113037
1030	0.111183
1031	0.109524
1032	0.11346
1033	0.11353
1034	0.113038
1035	0.113679
1036	0.110345
1037	0.11068
1038	0.113873
1039	0.113242
1040	0.109956
1041	0.114816
1042	0.109227
1043	0.112165
1044	0.112194
1045	0.109957
1046	0.111316
1047	0.10974
1048	0.112208
1049	0.11139
1050	0.110856
1051	0.112574
1052	0.11426
1053	0.112019
1054	0.110893
1055	0.109777
1056	0.108932
1057	0.11139
1058	0.115303
1059	0.108718
1060	0.110742
1061	0.112205
1062	0.113598
1063	0.110268
1064	0.110163
1065	0.11204
1066	0.112548
1067	0.114488
1068	0.112261
1069	0.110382
1070	0.110734
1071	0.11162
1072	0.110448
1073	0.113488
1074	0.110775
1075	0.11439
1076	0.111837
1077	0.11404
1078	0.113341
1079	0.11454
1080	0.111917
1081	0.111023
1082	0.110855
1083	0.109037
1084	0.113608
1085	0.110626
1086	0.112665
1087	0.114223
1088	0.113833
1089	0.110452
1090	0.11297
1091	0.113562
1092	0.108931
1093	0.11607
1094	0.113855
1095	0.110595
1096	0.112892
1097	0.112531
1098	0.111098
1099	0.114024
1100	0.113032
1101	0.110674
1102	0.113802
1103	0.109248
1104	0.109613
1105	0.111175
1106	0.111263
1107	0.112646
1108	0.110462
1109	0.110481
1110	0.111957
1111	0.11196
1112	0.112347
1113	0.110471
1114	0.109995
1115	0.111337
1116	0.109486
1117	0.113241
1118	0.112237
1119	0.111408
1120	0.110832
1121	0.110324
1122	0.111745
1123	0.109816
1124	0.108727
1125	0.111637
1126	0.111874
1127	0.110893
1128	0.110914
1129	0.112988
1130	0.11159
1131	0.109923
1132	0.111153
1133	0.111161
1134	0.110671
1135	0.110724
1136	0.111309
1137	0.110666
1138	0.110989
1139	0.112267
1140	0.111158
1141	0.113656
1142	0.112809
1143	0.114423
1144	0.111005
1145	0.10715
1146	0.109528
1147	0.112801
1148	0.113089
1149	0.110178
1150	0.109896
1151	0.109972
1152	0.109775
1153	0.111096
1154	0.11104
1155	0.11214
1156	0.109569
1157	0.112567
1158	0.109769
1159	0.109078
1160	0.112448
1161	0.110823
1162	0.110237
1163	0.108947
1164	0.109113
1165	0.110601
1166	0.11139
1167	0.109433
1168	0.108176
1169	0.111254
1170	0.112166
1171	0.11154
1172	0.111868
1173	0.107157
1174	0.111196
1175	0.11187
1176	0.112541
1177	0.111572
1178	0.112779
1179	0.108343
1180	0.107272
1181	0.109934
1182	0.11097
1183	0.112822
1184	0.111736
1185	0.113006
1186	0.113342
1187	0.109443
1188	0.110222
1189	0.1126
1190	0.111107
1191	0.109188
1192	0.113187
1193	0.111432
1194	0.111658
1195	0.111858
1196	0.110464
1197	0.11028
1198	0.111101
1199	0.113278
1200	0.111544
1201	0.112653
1202	0.110167
1203	0.111198
1204	0.110032
1205	0.112913
1206	0.111326
1207	0.110805
1208	0.111748
1209	0.111129
1210	0.111947
1211	0.110181
1212	0.111811
1213	0.110148
1214	0.108677
1215	0.111132
1216	0.109815
1217	0.111097
1218	0.108767
1219	0.111589
1220	0.111283
1221	0.112788
1222	0.110713
1223	0.112215
1224	0.107223
1225	0.109282
1226	0.110865
1227	0.108766
1228	0.11221
1229	0.111144
1230	0.110551
1231	0.109801
1232	0.114115
1233	0.11123
1234	0.109129
1235	0.113038
1236	0.110813
1237	0.110419
1238	0.109024
1239	0.109006
1240	0.108864
1241	0.109188
1242	0.108725
1243	0.111251
1244	0.111622
1245	0.110581
1246	0.111757
1247	0.109981
1248	0.111602
1249	0.110635
1250	0.110358
1251	0.109016
1252	0.109781
1253	0.109534
1254	0.112395
1255	0.11092
1256	0.110337
1257	0.112188
1258	0.110264
1259	0.110256
1260	0.109248
1261	0.109502
1262	0.11119
1263	0.111456
1264	0.10893
1265	0.108298
1266	0.108156
1267	0.111468
1268	0.108401
1269	0.108521
1270	0.10783
1271	0.112478
1272	0.109935
1273	0.110488
1274	0.110579
1275	0.109518
1276	0.109551
1277	0.108739
1278	0.109533
1279	0.109667
1280	0.11023
1281	0.110472
1282	0.110105
1283	0.110293
1284	0.107882
1285	0.110149
1286	0.109734
1287	0.107309
1288	0.110737
1289	0.111628
1290	0.11139
1291	0.11077
1292	0.110881
1293	0.11121
1294	0.109211
1295	0.111742
1296	0.11042
1297	0.110212
1298	0.108044
1299	0.108886
1300	0.111983
1301	0.109164
1302	0.109273
1303	0.108157
1304	0.108793
1305	0.108975
1306	0.108031
1307	0.108686
1308	0.108825
1309	0.107768
1310	0.111301
1311	0.108961
1312	0.109463
1313	0.105429
1314	0.10827
1315	0.106291
1316	0.111302
1317	0.107765
1318	0.110948
1319	0.109115
1320	0.109805
1321	0.110311
1322	0.112389
1323	0.107209
1324	0.111224
1325	0.106475
1326	0.108071
1327	0.112536
1328	0.10789
1329	0.10883
1330	0.108788
1331	0.109756
1332	0.106929
1333	0.109179
1334	0.109031
1335	0.109065
1336	0.108074
1337	0.105766
1338	0.108738
1339	0.105673
1340	0.109993
1341	0.109797
1342	0.109493
1343	0.104967
1344	0.110153
1345	0.110414
1346	0.110728
1347	0.107963
1348	0.110369
1349	0.10836
1350	0.108032
1351	0.104709
1352	0.107023
1353	0.109255
1354	0.107406
1355	0.110021
1356	0.10696
1357	0.107173
1358	0.109617
1359	0.109443
1360	0.106798
1361	0.109731
1362	0.108348
1363	0.109196
1364	0.106236
1365	0.109704
1366	0.109563
1367	0.108275
1368	0.107312
1369	0.108551
1370	0.108808
1371	0.108517
1372	0.107878
1373	0.106606
1374	0.112035
1375	0.108486
1376	0.109082
1377	0.107331
1378	0.108349
1379	0.109515
1380	0.107305
1381	0.107413
1382	0.107822
1383	0.109293
1384	0.107732
1385	0.108865
1386	0.109541
1387	0.110656
1388	0.108092
1389	0.107189
1390	0.106457
1391	0.109243
1392	0.106982
1393	0.110125
1394	0.10789
1395	0.105721
1396	0.107448
1397	0.108157
1398	0.107825
1399	0.106978
1400	0.107485
1401	0.106895
1402	0.106856
1403	0.106892
1404	0.1076
1405	0.107513
1406	0.106189
1407	0.109792
1408	0.105917
1409	0.110748
1410	0.110484
1411	0.106531
1412	0.106838
1413	0.108922
1414	0.109012
1415	0.108968
1416	0.106652
1417	0.106998
1418	0.106861
1419	0.109234
1420	0.105656
1421	0.108267
1422	0.108155
1423	0.107812
1424	0.10953
1425	0.108792
1426	0.105729
1427	0.107354
1428	0.109993
1429	0.107149
1430	0.108057
1431	0.105411
1432	0.105467
1433	0.10545
1434	0.107455
1435	0.107917
1436	0.109333
1437	0.110062
1438	0.107732
1439	0.109007
1440	0.105912
1441	0.10593
1442	0.108979
1443	0.107224
1444	0.108923
1445	0.106519
1446	0.107675
1447	0.106731
1448	0.10657
1449	0.108254
1450	0.108021
1451	0.110931
1452	0.108675
1453	0.111698
1454	0.109085
1455	0.108865
1456	0.111313
1457	0.110018
1458	0.109177
1459	0.110705
1460	0.106831
1461	0.106551
1462	0.106761
1463	0.107954
1464	0.109089
1465	0.108783
1466	0.108035
1467	0.109071
1468	0.110191
1469	0.108008
1470	0.107025
1471	0.108499
1472	0.108342
1473	0.110205
1474	0.109451
1475	0.108009
1476	0.107541
1477	0.105306
1478	0.11
1479	0.110324
1480	0.108051
1481	0.108128
1482	0.109093
1483	0.106801
1484	0.108741
1485	0.109804
1486	0.107616
1487	0.109369
1488	0.107156
1489	0.108183
1490	0.107862
1491	0.106111
1492	0.108004
1493	0.106016
1494	0.106993
1495	0.108703
1496	0.107186
1497	0.108997
1498	0.103504
1499	0.108959
1500	0.106976
1501	0.106438
1502	0.107195
1503	0.105447
1504	0.107019
1505	0.108073
1506	0.105505
1507	0.106325
1508	0.105873
1509	0.105715
1510	0.106959
1511	0.10584
1512	0.104071
1513	0.109552
1514	0.104659
1515	0.106442
1516	0.10594
1517	0.108231
1518	0.106677
1519	0.104284
1520	0.108787
1521	0.10701
1522	0.105403
1523	0.106489
1524	0.1053
1525	0.105165
1526	0.105808
1527	0.107079
1528	0.105743
1529	0.107964
1530	0.106214
1531	0.106305
1532	0.108296
1533	0.106529
1534	0.107888
1535	0.105382
1536	0.10559
1537	0.106458
1538	0.105614
1539	0.107383
1540	0.104645
1541	0.105062
1542	0.105562
1543	0.106549
1544	0.107058
1545	0.107036
1546	0.106104
1547	0.109104
1548	0.104818
1549	0.10225
1550	0.107662
1551	0.107262
1552	0.103846
1553	0.105807
1554	0.10672
1555	0.105793
1556	0.106273
1557	0.105114
1558	0.107651
1559	0.105768
1560	0.105504
1561	0.104896
1562	0.103979
1563	0.106606
1564	0.105423
1565	0.105225
1566	0.107122
1567	0.10508
1568	0.104895
1569	0.105298
1570	0.105801
1571	0.105749
1572	0.102552
1573	0.105633
1574	0.10665
1575	0.105482
1576	0.104692
1577	0.105636
1578	0.109611
1579	0.107489
1580	0.106816
1581	0.10393
1582	0.105624
1583	0.107387
1584	0.103341
1585	0.105923
1586	0.106212
1587	0.10698
1588	0.104311
1589	0.106189
1590	0.103773
1591	0.105926
1592	0.108499
1593	0.106271
1594	0.107371
1595	0.107809
1596	0.105942
1597	0.105341
1598	0.107641
1599	0.104603
1600	0.109236
1601	0.106007
1602	0.106416
1603	0.104312
1604	0.106089
1605	0.106134
1606	0.106278
1607	0.10801
1608	0.10878
1609	0.104277
1610	0.106633
1611	0.102951
1612	0.106219
1613	0.10507
1614	0.10593
1615	0.104197
1616	0.106449
1617	0.104938
1618	0.107411
1619	0.10348
1620	0.105661
1621	0.105655
1622	0.10705
1623	0.103893
1624	0.103925
1625	0.107117
1626	0.105211
1627	0.104816
1628	0.104017
1629	0.106483
1630	0.106239
1631	0.105054
1632	0.104778
1633	0.107376
1634	0.105247
1635	0.106646
1636	0.104718
1637	0.10624
1638	0.10511
1639	0.105036
1640	0.104703
1641	0.108537
1642	0.102727
1643	0.106755
1644	0.107241
1645	0.106712
1646	0.104846
1647	0.107613
1648	0.105606
1649	0.10433
1650	0.106495
1651	0.105259
1652	0.107128
1653	0.106431
1654	0.108871
1655	0.105832
1656	0.106064
1657	0.105499
1658	0.106277
1659	0.10627
1660	0.107835
1661	0.10578
1662	0.10728
1663	0.108757
1664	0.10536
1665	0.107921
1666	0.106311
1667	0.106919
1668	0.10686
1669	0.108669
1670	0.105825
1671	0.104304
1672	0.102428
1673	0.105043
1674	0.106374
1675	0.107257
1676	0.10558
1677	0.105519
1678	0.106156
1679	0.105049
1680	0.103111
1681	0.10662
1682	0.105369
1683	0.106463
1684	0.103785
1685	0.105483
1686	0.106359
1687	0.105298
1688	0.106154
1689	0.106383
1690	0.107908
1691	0.1048
1692	0.103976
1693	0.106383
1694	0.106889
1695	0.102684
1696	0.104912
1697	0.104533
1698	0.106548
1699	0.107478
1700	0.106988
1701	0.103317
1702	0.104463
1703	0.103302
1704	0.105576
1705	0.107242
1706	0.106553
1707	0.104004
1708	0.102953
1709	0.104543
1710	0.108456
1711	0.106187
1712	0.106395
1713	0.104692
1714	0.107557
1715	0.103456
1716	0.106436
1717	0.106223
1718	0.103496
1719	0.106356
1720	0.104995
1721	0.105543
1722	0.10538
1723	0.104331
1724	0.107487
1725	0.102511
1726	0.105693
1727	0.10552
1728	0.107396
1729	0.10362
1730	0.106618
1731	0.105626
1732	0.103244
1733	0.104749
1734	0.105962
1735	0.103192
1736	0.105428
1737	0.10459
1738	0.104124
1739	0.10472
1740	0.1036
1741	0.102412
1742	0.105348
1743	0.10566
1744	0.105922
1745	0.103498
1746	0.105544
1747	0.104158
1748	0.104216
1749	0.105898
1750	0.105241
1751	0.106631
1752	0.108788
1753	0.104619
1754	0.10514
1755	0.103879
1756	0.105625
1757	0.103995
1758	0.103341
1759	0.105878
1760	0.104247
1761	0.105332
1762	0.106846
1763	0.105228
1764	0.106594
1765	0.105129
1766	0.10666
1767	0.103364
1768	0.105061
1769	0.106091
1770	0.105133
1771	0.103153
1772	0.10566
1773	0.105964
1774	0.104531
1775	0.103654
1776	0.108453
1777	0.104292
1778	0.108296
1779	0.106626
1780	0.106232
1781	0.105668
1782	0.105726
1783	0.105108
1784	0.105064
1785	0.107585
1786	0.103491
1787	0.10668
1788	0.106195
1789	0.10605
1790	0.106782
1791	0.104214
1792	0.106201
1793	0.103612
1794	0.106626
1795	0.104747
1796	0.106506
1797	0.104302
1798	0.107128
1799	0.105567
1800	0.106081
1801	0.105187
1802	0.10514
1803	0.105283
1804	0.104628
1805	0.105441
1806	0.103982
1807	0.102045
1808	0.104937
1809	0.104861
1810	0.10505
1811	0.105253
1812	0.10721
1813	0.107288
1814	0.106579
1815	0.102829
1816	0.104562
1817	0.104236
1818	0.106128
1819	0.105461
1820	0.102966
1821	0.10316
1822	0.105123
1823	0.104632
1824	0.104867
1825	0.105075
1826	0.105625
1827	0.106256
1828	0.103888
1829	0.104748
1830	0.105676
1831	0.104167
1832	0.104007
1833	0.104151
1834	0.107637
1835	0.101187
1836	0.10572
1837	0.103712
1838	0.101392
1839	0.104921
1840	0.102272
1841	0.102053
1842	0.10475
1843	0.103728
1844	0.104522
1845	0.104935
1846	0.105046
1847	0.102861
1848	0.104351
1849	0.105028
1850	0.103313
1851	0.10495
1852	0.103625
1853	0.106511
1854	0.102761
1855	0.105201
1856	0.102642
1857	0.105305
1858	0.102494
1859	0.103111
1860	0.103269
1861	0.104556
1862	0.102251
1863	0.105547
1864	0.106854
1865	0.104288
1866	0.103224
1867	0.103856
1868	0.103161
1869	0.10348
1870	0.105631
1871	0.103219
1872	0.102061
1873	0.101831
1874	0.103529
1875	0.103601
1876	0.104909
1877	0.103254
1878	0.107496
1879	0.10403
1880	0.103588
1881	0.104855
1882	0.103313
1883	0.104124
1884	0.105374
1885	0.105007
1886	0.101596
1887	0.103811
1888	0.105004
1889	0.104794
1890	0.104181
1891	0.104523
1892	0.103754
1893	0.105524
1894	0.104862
1895	0.102732
1896	0.105241
1897	0.10527
1898	0.105115
1899	0.103834
1900	0.103478
1901	0.103208
1902	0.103691
1903	0.105639
1904	0.10348
1905	0.105387
1906	0.104852
1907	0.104505
1908	0.103299
1909	0.103055
1910	0.105865
1911	0.104334
1912	0.104037
1913	0.103118
1914	0.102552
1915	0.104016
1916	0.104924
1917	0.102425
1918	0.10319
1919	0.103953
1920	0.102241
1921	0.103859
1922	0.102977
1923	0.107629
1924	0.102301
1925	0.102482
1926	0.101817
1927	0.104728
1928	0.102582
1929	0.102189
1930	0.104032
1931	0.103571
1932	0.102661
1933	0.102879
1934	0.103755
1935	0.102183
1936	0.104002
1937	0.102733
1938	0.104486
1939	0.101839
1940	0.104674
1941	0.10446
1942	0.102361
1943	0.102118
1944	0.102475
1945	0.101314
1946	0.103483
1947	0.106261
1948	0.103525
1949	0.102611
1950	0.10339
1951	0.102369
1952	0.104057
1953	0.10189
1954	0.101265
1955	0.101519
1956	0.103427
1957	0.103636
1958	0.103664
1959	0.103509
1960	0.103182
1961	0.104561
1962	0.101076
1963	0.100452
1964	0.102587
1965	0.103026
1966	0.102433
1967	0.100216
1968	0.101045
1969	0.103982
1970	0.101986
1971	0.102342
1972	0.102604
1973	0.101986
1974	0.102569
1975	0.102798
1976	0.100582
1977	0.104068
1978	0.103415
1979	0.102867
1980	0.103788
1981	0.101537
1982	0.102988
1983	0.103877
1984	0.103739
1985	0.101267
1986	0.102149
1987	0.102089
1988	0.102143
1989	0.102562
1990	0.103478
1991	0.102174
1992	0.101044
1993	0.101217
1994	0.101179
1995	0.104958
1996	0.103107
1997	0.102087
1998	0.100321
1999	0.103532
2000	0.104539
2001	0.102134
2002	0.104065
2003	0.103453
2004	0.102209
2005	0.10379
2006	0.101951
2007	0.100589
2008	0.101272
2009	0.100249
2010	0.103356
2011	0.103995
2012	0.101343
2013	0.10099
2014	0.102239
2015	0.101645
2016	0.10132
2017	0.100974
2018	0.102697
2019	0.103318
2020	0.0997888
2021	0.10377
2022	0.0987605
2023	0.104364
2024	0.101309
2025	0.100036
2026	0.099675
2027	0.0992011
2028	0.101148
2029	0.10248
2030	0.103785
2031	0.101945
2032	0.103254
2033	0.101243
2034	0.104036
2035	0.101991
2036	0.103204
2037	0.102846
2038	0.101875
2039	0.101651
2040	0.101331
2041	0.102368
2042	0.103269
2043	0.103564
2044	0.0994109
2045	0.101467
2046	0.101556
2047	0.0984633
2048	0.100038
2049	0.103154
2050	0.102688
2051	0.101776
2052	0.103318
2053	0.10289
2054	0.0997523
2055	0.103862
2056	0.101898
2057	0.10362
2058	0.100585
2059	0.101249
2060	0.101573
2061	0.104054
2062	0.101933
2063	0.101799
2064	0.101759
2065	0.102166
2066	0.103212
2067	0.101954
2068	0.102643
2069	0.10151
2070	0.100578
2071	0.10134
2072	0.102387
2073	0.102179
2074	0.102026
2075	0.099929
2076	0.103725
2077	0.102432
2078	0.103085
2079	0.103762
2080	0.100791
2081	0.101307
2082	0.102622
2083	0.103632
2084	0.100933
2085	0.103055
2086	0.100927
2087	0.102313
2088	0.105315
2089	0.102277
2090	0.102977
2091	0.101495
2092	0.103522
2093	0.100722
2094	0.10184
2095	0.102349
2096	0.100641
2097	0.102654
2098	0.102938
2099	0.101307
2100	0.100416
2101	0.103746
2102	0.105197
2103	0.104875
2104	0.101337
2105	0.103787
2106	0.0995495
2107	0.100145
2108	0.101329
2109	0.102184
2110	0.101875
2111	0.102603
2112	0.102766
2113	0.101133
2114	0.103328
2115	0.102927
2116	0.101441
2117	0.101012
2118	0.103278
2119	0.100919
2120	0.101211
2121	0.10124
2122	0.101234
2123	0.100787
2124	0.100695
2125	0.10219
2126	0.100712
2127	0.102037
2128	0.104278
2129	0.101575
2130	0.104082
2131	0.100552
2132	0.100953
2133	0.100598
2134	0.0992869
2135	0.101093
2136	0.103577
2137	0.0997527
2138	0.104088
2139	0.10384
2140	0.102537
2141	0.104827
2142	0.103365
2143	0.103618
2144	0.103303
2145	0.101747
2146	0.102727
2147	0.101254
2148	0.103982
2149	0.100957
2150	0.101803
2151	0.100632
2152	0.103598
2153	0.101625
2154	0.104367
2155	0.100225
2156	0.102224
2157	0.100276
2158	0.102212
2159	0.102067
2160	0.10238
2161	0.102292
2162	0.100837
2163	0.101108
2164	0.103149
2165	0.1019
2166	0.101075
2167	0.10008
2168	0.100235
2169	0.101666
2170	0.101128
2171	0.101923
2172	0.101423
2173	0.102426
2174	0.101976
2175	0.102211
2176	0.101958
2177	0.10284
2178	0.103763
2179	0.101573
2180	0.101105
2181	0.100135
2182	0.103216
2183	0.1017
2184	0.104186
2185	0.100548
2186	0.101283
2187	0.10345
2188	0.102381
2189	0.103356
2190	0.102288
2191	0.103286
2192	0.10292
2193	0.105557
2194	0.101289
2195	0.104315
2196	0.101895
2197	0.102845
2198	0.103801
2199	0.102114
2200	0.102705
2201	0.103021
2202	0.10448
2203	0.104325
2204	0.10333
2205	0.102801
2206	0.101901
2207	0.102638
2208	0.102213
2209	0.104201
2210	0.0993143
2211	0.102681
2212	0.101874
2213	0.100203
2214	0.101936
2215	0.101097
2216	0.102277
2217	0.101125
2218	0.101348
2219	0.103752
2220	0.102541
2221	0.105009
2222	0.10143
2223	0.100399
2224	0.0996658
2225	0.102534
2226	0.102578
2227	0.102832
2228	0.100833
2229	0.102698
2230	0.102635
2231	0.0997918
2232	0.0997438
2233	0.100556
2234	0.102584
2235	0.101249
2236	0.0992289
2237	0.098369
2238	0.10131
2239	0.101959
2240	0.0989749
2241	0.102356
2242	0.101475
2243	0.103292
2244	0.0988427
2245	0.103231
2246	0.0975353
2247	0.0990349
2248	0.0990676
2249	0.102232
2250	0.0997018
2251	0.0977565
2252	0.0992145
2253	0.098508
2254	0.100747
2255	0.0999098
2256	0.100524
2257	0.102037
2258	0.100673
2259	0.0979884
2260	0.102012
2261	0.102803
2262	0.101602
2263	0.100323
2264	0.101227
2265	0.0983877
2266	0.100113
2267	0.0993845
2268	0.100592
2269	0.101962
2270	0.101269
2271	0.100162
2272	0.101035
2273	0.0991254
2274	0.0963435
2275	0.0998628
2276	0.0989379
2277	0.100288
2278	0.101786
2279	0.098905
2280	0.101036
2281	0.0992395
2282	0.0993712
2283	0.100942
2284	0.100906
2285	0.101065
2286	0.100186
2287	0.0984262
2288	0.0999412
2289	0.100563
2290	0.101452
2291	0.0993616
2292	0.101514
2293	0.099907
2294	0.0999169
2295	0.101439
2296	0.101888
2297	0.100022
2298	0.0996323
2299	0.0990424
2300	0.0992588
2301	0.0981684
2302	0.0979052
2303	0.0983319
2304	0.0989587
2305	0.0968315
2306	0.100513
2307	0.0995948
2308	0.0995053
2309	0.102057
2310	0.0983716
2311	0.0994293
2312	0.0967587
2313	0.0990892
2314	0.098693
2315	0.10225
2316	0.100151
2317	0.100286
2318	0.1007
2319	0.0973997
2320	0.101197
2321	0.0982161
2322	0.0985098
2323	0.100368
2324	0.10028
2325	0.099468
2326	0.1007
2327	0.100263
2328	0.09945
2329	0.0975539
2330	0.0994391
2331	0.098511
2332	0.1017
2333	0.0996724
2334	0.102403
2335	0.100151
2336	0.0993627
2337	0.100663
2338	0.0992859
2339	0.100103
2340	0.100621
2341	0.102324
2342	0.0995211
2343	0.102448
2344	0.100539
2345	0.10296
2346	0.0999237
2347	0.0997295
2348	0.0996808
2349	0.0967709
2350	0.0971263
2351	0.100996
2352	0.0964378
2353	0.0978539
2354	0.096961
2355	0.0994837
2356	0.0987011
2357	0.0973662
2358	0.0971291
2359	0.0989266
2360	0.0970543
2361	0.0958891
2362	0.0991278
2363	0.0974303
2364	0.0974264
2365	0.097441
2366	0.0973393
2367	0.0983585
2368	0.0982531
2369	0.0997229
2370	0.0968472
2371	0.0965266
2372	0.0970554
2373	0.0982494
2374	0.100832
2375	0.0976769
2376	0.0979153
2377	0.100914
2378	0.0995459
2379	0.0976199
2380	0.0981947
2381	0.0997559
2382	0.0997254
2383	0.0977294
2384	0.101324
2385	0.0968747
2386	0.0982766
2387	0.0983357
2388	0.0975003
2389	0.0978681
2390	0.100034
2391	0.0996537
2392	0.0951487
2393	0.101773
2394	0.0973539
2395	0.0981362
2396	0.100018
2397	0.0967517
2398	0.0971708
2399	0.0961221
2400	0.0955004
2401	0.0990274
2402	0.0975208
2403	0.09754
2404	0.0994964
2405	0.0972182
2406	0.0961731
2407	0.0968477
2408	0.0976497
2409	0.0950986
2410	0.0970182
2411	0.0953811
2412	0.0972814
2413	0.0953106
2414	0.0991359
2415	0.0970742
2416	0.0986602
2417	0.0989533
2418	0.0970295
2419	0.0950894
2420	0.0962538
2421	0.100365
2422	0.0985484
2423	0.098768
2424	0.0985497
2425	0.0992693
2426	0.0987072
2427	0.096086
2428	0.0985482
2429	0.0980025
2430	0.0986369
2431	0.096768
2432	0.0994668
2433	0.099358
2434	0.100208
2435	0.0987105
2436	0.100386
2437	0.100107
2438	0.099623
2439	0.100846
2440	0.098878
2441	0.0990486
2442	0.100909
2443	0.099355
2444	0.0985901
2445	0.0987014
2446	0.101326
2447	0.0985657
2448	0.0991649
2449	0.097791
2450	0.0995803
2451	0.0987283
2452	0.101062
2453	0.100091
2454	0.0984931
2455	0.099886
2456	0.101633
2457	0.103253
2458	0.102244
2459	0.100125
2460	0.0996638
2461	0.101191
2462	0.0984888
2463	0.100221
2464	0.102599
2465	0.0986345
2466	0.100348
2467	0.100108
2468	0.102296
2469	0.0983212
2470	0.0995059
2471	0.102222
2472	0.0978073
2473	0.100791
2474	0.100855
2475	0.100501
2476	0.0992475
2477	0.101765
2478	0.102642
2479	0.100695
2480	0.104113
2481	0.0999424
2482	0.100409
2483	0.0993744
2484	0.101252
2485	0.102606
2486	0.100434
2487	0.101708
2488	0.101513
2489	0.101132
2490	0.100236
2491	0.102096
2492	0.102652
2493	0.0979054
2494	0.101648
2495	0.100193
2496	0.10418
2497	0.101477
2498	0.0987925
2499	0.0985771
2500	0.100213
2501	0.101812
2502	0.102217
2503	0.100447
2504	0.101106
2505	0.10167
2506	0.10406
2507	0.101756
2508	0.101467
2509	0.10602
2510	0.101919
2511	0.0982876
2512	0.10213
2513	0.100419
2514	0.102696
2515	0.101363
2516	0.101025
2517	0.101545
2518	0.103916
2519	0.101072
2520	0.104344
2521	0.103213
2522	0.0998186
2523	0.100159
2524	0.101762
2525	0.101613
2526	0.101067
2527	0.105496
2528	0.102524
2529	0.0997435
2530	0.0989913
2531	0.100718
2532	0.100432
2533	0.100649
2534	0.102435
2535	0.10263
2536	0.0996006
2537	0.100002
2538	0.101621
2539	0.101664
2540	0.0990713
2541	0.100976
2542	0.10201
2543	0.100549
2544	0.100954
2545	0.102685
2546	0.100517
2547	0.0992971
2548	0.102379
2549	0.103156
2550	0.101242
2551	0.103912
2552	0.101344
2553	0.100089
2554	0.0997644
2555	0.102875
2556	0.10057
2557	0.101492
2558	0.103543
2559	0.10134
2560	0.0997343
2561	0.100881
2562	0.0996188
2563	0.10017
2564	0.101662
2565	0.0998693
2566	0.100232
2567	0.103305
2568	0.101564
2569	0.101759
2570	0.102821
2571	0.102101
2572	0.10163
2573	0.1007
2574	0.101445
2575	0.100708
2576	0.101264
2577	0.100466
2578	0.0989565
2579	0.103285
2580	0.100919
2581	0.102069
2582	0.100504
2583	0.101589
2584	0.101131
2585	0.100765
2586	0.102124
2587	0.0980166
2588	0.0994046
2589	0.100658
2590	0.10033
2591	0.101164
2592	0.100746
2593	0.101244
2594	0.101533
2595	0.102634
2596	0.101877
2597	0.0985842
2598	0.10112
2599	0.101484
2600	0.101494
2601	0.0996533
2602	0.0982953
2603	0.100534
2604	0.0992349
2605	0.0982408
2606	0.101779
2607	0.0990653
2608	0.10152
2609	0.102161
2610	0.0997087
2611	0.100388
2612	0.0983656
2613	0.101791
2614	0.101573
2615	0.099521
2616	0.100195
2617	0.0997812
2618	0.100349
2619	0.101408
2620	0.100626
2621	0.101136
2622	0.101315
2623	0.100105
2624	0.098871
2625	0.099389
2626	0.100909
2627	0.101964
2628	0.0988221
2629	0.102697
2630	0.0996631
2631	0.100303
2632	0.10237
2633	0.1003
2634	0.1
2635	0.100996
2636	0.100269
2637	0.103509
2638	0.102146
2639	0.0999117
2640	0.102836
2641	0.101711
2642	0.100048
2643	0.100674
2644	0.102337
2645	0.100642
2646	0.100854
2647	0.0978844
2648	0.0992264
2649	0.103899
2650	0.100416
2651	0.101056
2652	0.102007
2653	0.0980415
2654	0.100609
2655	0.0975746
2656	0.0997087
2657	0.100778
2658	0.100342
2659	0.0995758
2660	0.0993933
2661	0.101635
2662	0.102591
2663	0.100244
2664	0.101249
2665	0.100271
2666	0.100502
2667	0.100608
2668	0.101384
2669	0.10067
2670	0.101984
2671	0.0996007
2672	0.100751
2673	0.0990421
2674	0.102622
2675	0.100997
2676	0.101668
2677	0.09968
2678	0.102957
2679	0.102341
2680	0.103237
2681	0.100261
2682	0.10195
2683	0.101913
2684	0.103187
2685	0.103231
2686	0.102899
2687	0.101488
2688	0.100142
2689	0.100246
2690	0.103118
2691	0.100843
2692	0.101188
2693	0.102284
2694	0.101946
2695	0.100516
2696	0.103065
2697	0.100327
2698	0.102077
2699	0.103631
2700	0.10267
2701	0.101938
2702	0.100671
2703	0.100986
2704	0.0992635
2705	0.0996646
2706	0.100098
2707	0.103197
2708	0.103431
2709	0.100743
2710	0.102865
2711	0.0980236
2712	0.101642
2713	0.10077
2714	0.101197
2715	0.0977461
2716	0.101362
2717	0.104526
2718	0.10132
2719	0.1009
2720	0.101595
2721	0.101023
2722	0.100179
2723	0.10319
2724	0.102955
2725	0.102055
2726	0.101533
2727	0.10227
2728	0.101995
2729	0.10131
2730	0.10168
2731	0.103386
2732	0.100461
2733	0.101658
2734	0.100474
2735	0.103907
2736	0.103564
2737	0.101842
2738	0.101427
2739	0.102188
2740	0.103724
2741	0.101559
2742	0.103219
2743	0.10503
2744	0.102275
2745	0.103292
2746	0.102829
2747	0.104735
2748	0.104258
2749	0.102337
2750	0.10295
2751	0.102892
2752	0.103058
2753	0.104202
2754	0.102384
2755	0.104976
2756	0.10258
2757	0.102597
2758	0.105111
2759	0.102332
2760	0.102014
2761	0.100946
2762	0.0988696
2763	0.100971
2764	0.102959
2765	0.102383
2766	0.100835
2767	0.100199
2768	0.102577
2769	0.101989
2770	0.101215
2771	0.0999003
2772	0.102711
2773	0.100882
2774	0.10237
2775	0.102284
2776	0.103934
2777	0.103503
2778	0.104189
2779	0.101135
2780	0.100276
2781	0.102516
2782	0.100756
2783	0.102216
2784	0.103278
2785	0.101622
2786	0.101475
2787	0.101447
2788	0.102732
2789	0.105302
2790	0.0993903
2791	0.102738
2792	0.10251
2793	0.103591
2794	0.103348
2795	0.101895
2796	0.100575
2797	0.0999122
2798	0.103672
2799	0.101329
2800	0.102174
2801	0.10189
2802	0.103242
2803	0.100845
2804	0.100833
2805	0.101619
2806	0.103843
2807	0.102306
2808	0.102691
2809	0.101988
2810	0.102087
2811	0.101775
2812	0.10134
2813	0.0999015
2814	0.103351
2815	0.105285
2816	0.102962
2817	0.101932
2818	0.102968
2819	0.102771
2820	0.101609
2821	0.100197
2822	0.103223
2823	0.0996768
2824	0.101877
2825	0.0993737
2826	0.104049
2827	0.0995382
2828	0.101159
2829	0.099727
2830	0.100559
2831	0.101542
2832	0.0995314
2833	0.0998196
2834	0.102026
2835	0.102493
2836	0.0989363
2837	0.101115
2838	0.0995248
2839	0.103117
2840	0.102281
2841	0.100435
2842	0.0997921
2843	0.102097
2844	0.102962
2845	0.100649
2846	0.0994914
2847	0.0983546
2848	0.0996828
2849	0.101518
2850	0.100054
2851	0.10216
2852	0.100115
2853	0.100606
2854	0.0983129
2855	0.100246
2856	0.100482
2857	0.100679
2858	0.100734
2859	0.0999463
2860	0.0991842
2861	0.102247
2862	0.102034
2863	0.102881
2864	0.10173
2865	0.101555
2866	0.0999234
2867	0.101678
2868	0.102498
2869	0.102375
2870	0.100499
2871	0.100958
2872	0.102454
2873	0.101686
2874	0.100837
2875	0.102789
2876	0.101441
2877	0.102545
2878	0.100282
2879	0.102085
2880	0.101122
2881	0.102922
2882	0.10438
2883	0.0988576
2884	0.101069
2885	0.101842
2886	0.101466
2887	0.100848
2888	0.100593
2889	0.100593
2890	0.0993022
2891	0.102684
2892	0.101588
2893	0.102486
2894	0.102152
2895	0.101345
2896	0.10202
2897	0.100391
2898	0.102961
2899	0.102101
2900	0.100593
2901	0.0990146
2902	0.102895
2903	0.0990516
2904	0.101748
2905	0.102043
2906	0.10156
2907	0.102694
2908	0.100606
2909	0.102604
2910	0.103582
2911	0.1017
2912	0.104657
2913	0.100697
2914	0.102228
2915	0.0996141
2916	0.102346
2917	0.100923
2918	0.103778
2919	0.103894
2920	0.102971
2921	0.103107
2922	0.101642
2923	0.100358
2924	0.100478
2925	0.101439
2926	0.0993817
2927	0.100918
2928	0.0977055
2929	0.101192
2930	0.0996822
2931	0.101452
2932	0.10069
2933	0.0990979
2934	0.102024
2935	0.0986151
2936	0.100782
2937	0.0982987
2938	0.0996462
2939	0.100275
2940	0.102304
2941	0.101088
2942	0.0998182
2943	0.0993635
2944	0.100262
2945	0.0981034
2946	0.101467
2947	0.0996775
2948	0.101026
2949	0.0999395
2950	0.102223
2951	0.0988348
2952	0.0987281
2953	0.102776
2954	0.100298
2955	0.10261
2956	0.102074
2957	0.100708
2958	0.101082
2959	0.0993358
2960	0.100262
2961	0.0997438
2962	0.102762
2963	0.100809
2964	0.0970765
2965	0.0985225
2966	0.099903
2967	0.102439
2968	0.0990447
2969	0.100635
2970	0.0978812
2971	0.101544
2972	0.101666
2973	0.0994041
2974	0.0985731
2975	0.100806
2976	0.101491
2977	0.101698
2978	0.100301
2979	0.101823
2980	0.100867
2981	0.100178
2982	0.0999766
2983	0.0995769
2984	0.099334
2985	0.101406
2986	0.100292
2987	0.0979767
2988	0.0986332
2989	0.0986097
2990	0.100718
2991	0.0985169
2992	0.0999657
2993	0.100266
2994	0.0970486
2995	0.100791
2996	0.0985287
2997	0.0990902
2998	0.100427
2999	0.0992929
3000	0.0986394
3001	0.0968979
3002	0.0992653
3003	0.09748
3004	0.100542
3005	0.101065
3006	0.100255
3007	0.097815
3008	0.0962592
3009	0.0985532
3010	0.0991599
3011	0.0970624
3012	0.100818
3013	0.0985664
3014	0.099354
3015	0.099243
3016	0.0967539
3017	0.0988206
3018	0.0993408
3019	0.101917
3020	0.10082
3021	0.100715
3022	0.100559
3023	0.102126
3024	0.101359
3025	0.0994365
3026	0.099122
3027	0.0994189
3028	0.10081
3029	0.0982404
3030	0.103639
3031	0.100811
3032	0.0999986
3033	0.101959
3034	0.100123
3035	0.102789
3036	0.10075
3037	0.102637
3038	0.0997039
3039	0.10115
3040	0.100761
3041	0.0990542
3042	0.0991442
3043	0.102419
3044	0.0992315
3045	0.100659
3046	0.101601
3047	0.103271
3048	0.100297
3049	0.103108
3050	0.101871
3051	0.102699
3052	0.103082
3053	0.102285
3054	0.101665
3055	0.103533
3056	0.102844
3057	0.10097
3058	0.100871
3059	0.103245
3060	0.105493
3061	0.105958
3062	0.105172
3063	0.10418
3064	0.105896
3065	0.100635
3066	0.104276
3067	0.103522
3068	0.102686
3069	0.10347
3070	0.103636
3071	0.103663
3072	0.10405
3073	0.106638
3074	0.105987
3075	0.107501
