### Number of tubes used: 730
### Nuclear profiles per tube: 1.68219
### Resolution (bp): 40000
### Slice thickness (microns): 0.22
### Nuclear radius (microns): 4.5
### Detection efficiency: 0.858886
distance	 pi_threshold
1	0.319609
2	0.270991
3	0.245104
4	0.239134
5	0.228314
6	0.216322
7	0.211854
8	0.214179
9	0.203627
10	0.20255
11	0.200673
12	0.196094
13	0.19382
14	0.188326
15	0.188496
16	0.185113
17	0.179274
18	0.175653
19	0.173385
20	0.176842
21	0.174319
22	0.17413
23	0.170678
24	0.168781
25	0.169474
26	0.166889
27	0.1651
28	0.163948
29	0.161216
30	0.16464
31	0.164205
32	0.159446
33	0.159833
34	0.159448
35	0.157775
36	0.153789
37	0.152891
38	0.147968
39	0.153945
40	0.152401
41	0.150432
42	0.152203
43	0.150193
44	0.149338
45	0.148991
46	0.148384
47	0.145048
48	0.144806
49	0.147531
50	0.144131
51	0.146143
52	0.149639
53	0.142781
54	0.14451
55	0.142725
56	0.13988
57	0.140812
58	0.13973
59	0.141757
60	0.140244
61	0.142374
62	0.143876
63	0.137364
64	0.137236
65	0.136356
66	0.140677
67	0.138701
68	0.137491
69	0.137117
70	0.141107
71	0.138962
72	0.137936
73	0.136869
74	0.135005
75	0.134615
76	0.136259
77	0.134174
78	0.134225
79	0.134169
80	0.135156
81	0.136026
82	0.133594
83	0.13313
84	0.135166
85	0.131847
86	0.134184
87	0.132242
88	0.132401
89	0.135576
90	0.132307
91	0.128618
92	0.133531
93	0.133797
94	0.132288
95	0.132957
96	0.13397
97	0.130838
98	0.134635
99	0.131721
100	0.130689
101	0.127127
102	0.127922
103	0.132077
104	0.13184
105	0.132136
106	0.130128
107	0.127665
108	0.132252
109	0.131761
110	0.128612
111	0.129162
112	0.125851
113	0.128087
114	0.129059
115	0.128462
116	0.130603
117	0.12828
118	0.127395
119	0.127506
120	0.128043
121	0.128553
122	0.132177
123	0.12614
124	0.126422
125	0.126856
126	0.124317
127	0.127155
128	0.127437
129	0.127245
130	0.128808
131	0.126773
132	0.12769
133	0.125321
134	0.128403
135	0.126156
136	0.126567
137	0.127463
138	0.124607
139	0.125596
140	0.127206
141	0.125498
142	0.126487
143	0.127245
144	0.126511
145	0.123003
146	0.125935
147	0.124686
148	0.124316
149	0.127467
150	0.125626
151	0.125791
152	0.127991
153	0.126112
154	0.126899
155	0.126854
156	0.129085
157	0.124135
158	0.124141
159	0.122898
160	0.124337
161	0.126143
162	0.125264
163	0.126113
164	0.123313
165	0.123059
166	0.124435
167	0.126095
168	0.121471
169	0.122551
170	0.123879
171	0.123145
172	0.125931
173	0.123925
174	0.123733
175	0.12434
176	0.123987
177	0.124014
178	0.121918
179	0.122229
180	0.123992
181	0.124297
182	0.123964
183	0.122407
184	0.126411
185	0.123541
186	0.121789
187	0.122269
188	0.126512
189	0.124929
190	0.121923
191	0.124132
192	0.122496
193	0.12173
194	0.122873
195	0.124305
196	0.126446
197	0.126295
198	0.125752
199	0.122838
200	0.120512
201	0.123213
202	0.124377
203	0.122499
204	0.125148
205	0.120643
206	0.120353
207	0.121524
208	0.12522
209	0.124
210	0.123654
211	0.122253
212	0.121623
213	0.12201
214	0.122065
215	0.121831
216	0.120377
217	0.12316
218	0.122459
219	0.124861
220	0.120118
221	0.123782
222	0.119654
223	0.123336
224	0.120903
225	0.120186
226	0.120103
227	0.120358
228	0.124436
229	0.121294
230	0.125147
231	0.121846
232	0.12433
233	0.121013
234	0.12246
235	0.119106
236	0.120114
237	0.119992
238	0.123494
239	0.124269
240	0.12077
241	0.12088
242	0.118627
243	0.121238
244	0.122677
245	0.119867
246	0.123139
247	0.12078
248	0.120157
249	0.121485
250	0.12097
251	0.121487
252	0.12175
253	0.121317
254	0.121642
255	0.120775
256	0.118262
257	0.118166
258	0.11908
259	0.121154
260	0.119915
261	0.11996
262	0.123483
263	0.1221
264	0.123026
265	0.119073
266	0.119652
267	0.120145
268	0.119791
269	0.12329
270	0.121181
271	0.12081
272	0.117957
273	0.123401
274	0.119632
275	0.119569
276	0.12052
277	0.121037
278	0.122851
279	0.121348
280	0.119114
281	0.120668
282	0.12121
283	0.117993
284	0.119749
285	0.121629
286	0.121214
287	0.120507
288	0.120586
289	0.122797
290	0.120246
291	0.120707
292	0.118368
293	0.120118
294	0.121257
295	0.118288
296	0.11975
297	0.121573
298	0.121938
299	0.118917
300	0.117347
301	0.120299
302	0.121051
303	0.117756
304	0.120196
305	0.120381
306	0.118588
307	0.120141
308	0.121476
309	0.119664
310	0.118416
311	0.120469
312	0.113784
313	0.121297
314	0.118856
315	0.117978
316	0.118093
317	0.118739
318	0.119273
319	0.120541
320	0.122845
321	0.119875
322	0.119096
323	0.120066
324	0.119252
325	0.119417
326	0.119517
327	0.118866
328	0.118562
329	0.119571
330	0.117454
331	0.115432
332	0.118888
333	0.118757
334	0.11544
335	0.117056
336	0.119015
337	0.119538
338	0.120033
339	0.119097
340	0.116375
341	0.119594
342	0.118528
343	0.118809
344	0.118298
345	0.11766
346	0.11602
347	0.117785
348	0.116514
349	0.116588
350	0.118163
351	0.118066
352	0.11809
353	0.11924
354	0.117524
355	0.115973
356	0.117168
357	0.11535
358	0.117024
359	0.117407
360	0.117105
361	0.119369
362	0.117779
363	0.120182
364	0.11504
365	0.116112
366	0.119111
367	0.11454
368	0.116973
369	0.116826
370	0.11612
371	0.119465
372	0.11625
373	0.116855
374	0.11454
375	0.11821
376	0.114726
377	0.118455
378	0.116411
379	0.116787
380	0.115215
381	0.116919
382	0.115898
383	0.116359
384	0.115527
385	0.114527
386	0.118526
387	0.117617
388	0.119157
389	0.11768
390	0.118152
391	0.11546
392	0.117059
393	0.118681
394	0.115254
395	0.117984
396	0.119292
397	0.119504
398	0.117003
399	0.11515
400	0.119394
401	0.116264
402	0.118661
403	0.115679
404	0.120038
405	0.114651
406	0.11712
407	0.118878
408	0.117156
409	0.117556
410	0.11702
411	0.119542
412	0.115808
413	0.117798
414	0.116668
415	0.120211
416	0.118581
417	0.117139
418	0.117094
419	0.119711
420	0.113899
421	0.116738
422	0.116852
423	0.117478
424	0.115435
425	0.1175
426	0.120603
427	0.113795
428	0.117741
429	0.118983
430	0.121075
431	0.117813
432	0.118899
433	0.1166
434	0.121312
435	0.117262
436	0.118972
437	0.120633
438	0.116076
439	0.117211
440	0.119312
441	0.116175
442	0.118433
443	0.11658
444	0.119616
445	0.118732
446	0.11823
447	0.117492
448	0.117697
449	0.115634
450	0.117779
451	0.11884
452	0.116514
453	0.116234
454	0.116951
455	0.119802
456	0.116958
457	0.116095
458	0.117098
459	0.118173
460	0.116857
461	0.117495
462	0.118084
463	0.118364
464	0.116698
465	0.117519
466	0.118096
467	0.118293
468	0.117163
469	0.115229
470	0.116114
471	0.118354
472	0.120804
473	0.117381
474	0.115904
475	0.116335
476	0.11378
477	0.115295
478	0.116578
479	0.115353
480	0.116601
481	0.116608
482	0.119255
483	0.115846
484	0.115691
485	0.116136
486	0.11464
487	0.117256
488	0.117078
489	0.116928
490	0.117657
491	0.116281
492	0.117161
493	0.117276
494	0.117025
495	0.117404
496	0.116383
497	0.117084
498	0.120531
499	0.114423
500	0.118246
501	0.114669
502	0.113428
503	0.115524
504	0.114385
505	0.117168
506	0.117207
507	0.114828
508	0.117828
509	0.113414
510	0.114729
511	0.11741
512	0.113413
513	0.114998
514	0.114055
515	0.115785
516	0.115321
517	0.114903
518	0.115426
519	0.115358
520	0.114276
521	0.113786
522	0.115564
523	0.114685
524	0.113527
525	0.115686
526	0.118062
527	0.117133
528	0.116653
529	0.114856
530	0.117188
531	0.116949
532	0.112611
533	0.114551
534	0.113603
535	0.11649
536	0.117852
537	0.117294
538	0.117824
539	0.117308
540	0.115676
541	0.117992
542	0.115631
543	0.115965
544	0.115254
545	0.113986
546	0.11366
547	0.11605
548	0.115296
549	0.116326
550	0.119826
551	0.115363
552	0.117992
553	0.113391
554	0.117065
555	0.114147
556	0.115472
557	0.113774
558	0.113088
559	0.112331
560	0.115297
561	0.117678
562	0.113833
563	0.116907
564	0.115186
565	0.116843
566	0.114683
567	0.113645
568	0.113073
569	0.115368
570	0.118718
571	0.112812
572	0.111469
573	0.116521
574	0.116854
575	0.114977
576	0.115239
577	0.116467
578	0.114269
579	0.115066
580	0.114078
581	0.117029
582	0.113491
583	0.115349
584	0.115275
585	0.115853
586	0.114782
587	0.116793
588	0.112954
589	0.113751
590	0.114022
591	0.115423
592	0.11662
593	0.116785
594	0.11797
595	0.112324
596	0.114449
597	0.112954
598	0.114635
599	0.117443
600	0.113819
601	0.116386
602	0.116033
603	0.113244
604	0.113809
605	0.116609
606	0.114361
607	0.114468
608	0.114186
609	0.116959
610	0.115478
611	0.116229
612	0.114654
613	0.115245
614	0.11505
615	0.1157
616	0.115086
617	0.114558
618	0.116689
619	0.11394
620	0.110904
621	0.114361
622	0.114204
623	0.114929
624	0.113364
625	0.114595
626	0.113745
627	0.116913
628	0.115366
629	0.114261
630	0.115178
631	0.11676
632	0.112865
633	0.11445
634	0.114445
635	0.112973
636	0.114566
637	0.115487
638	0.114913
639	0.114826
640	0.115054
641	0.115519
642	0.116991
643	0.112192
644	0.115482
645	0.116331
646	0.117723
647	0.115835
648	0.115449
649	0.115223
650	0.113958
651	0.114737
652	0.114867
653	0.117669
654	0.114805
655	0.114364
656	0.114936
657	0.116009
658	0.113934
659	0.116769
660	0.112746
661	0.114744
662	0.113916
663	0.114478
664	0.11583
665	0.115449
666	0.113408
667	0.114451
668	0.115352
669	0.115874
670	0.114756
671	0.113924
672	0.114432
673	0.11715
674	0.115712
675	0.113871
676	0.115838
677	0.118265
678	0.113513
679	0.113929
680	0.115684
681	0.116573
682	0.115231
683	0.11584
684	0.117009
685	0.115699
686	0.115015
687	0.116914
688	0.116397
689	0.115746
690	0.114346
691	0.114638
692	0.115688
693	0.11182
694	0.114967
695	0.114992
696	0.115335
697	0.11402
698	0.115077
699	0.113642
700	0.11395
701	0.114223
702	0.117379
703	0.113606
704	0.112582
705	0.114791
706	0.111075
707	0.113503
708	0.111713
709	0.11195
710	0.115645
711	0.113989
712	0.115209
713	0.112009
714	0.116269
715	0.112233
716	0.114173
717	0.114784
718	0.115382
719	0.115331
720	0.115316
721	0.115582
722	0.11221
723	0.114244
724	0.11467
725	0.111572
726	0.115524
727	0.113949
728	0.113809
729	0.113467
730	0.113361
731	0.113146
732	0.112671
733	0.111588
734	0.113142
735	0.110234
736	0.113942
737	0.111221
738	0.113568
739	0.115077
740	0.111908
741	0.11605
742	0.115366
743	0.116877
744	0.11554
745	0.113611
746	0.111283
747	0.112685
748	0.113815
749	0.114338
750	0.115808
751	0.113451
752	0.114114
753	0.117374
754	0.112416
755	0.112416
756	0.117374
757	0.111526
758	0.111449
759	0.114633
760	0.11575
761	0.114048
762	0.111071
763	0.113362
764	0.114078
765	0.113657
766	0.114247
767	0.114493
768	0.11489
769	0.113128
770	0.113481
771	0.114907
772	0.113853
773	0.112467
774	0.115781
775	0.110645
776	0.114854
777	0.113266
778	0.113544
779	0.1132
780	0.113972
781	0.113059
782	0.112755
783	0.11243
784	0.110583
785	0.109768
786	0.114482
787	0.112875
788	0.111776
789	0.111887
790	0.113137
791	0.115543
792	0.109935
793	0.112324
794	0.110759
795	0.109554
796	0.114772
797	0.111412
798	0.112142
799	0.10915
800	0.113344
801	0.113573
802	0.112436
803	0.115207
804	0.111998
805	0.112308
806	0.112514
807	0.111069
808	0.110839
809	0.114022
810	0.111031
811	0.110891
812	0.112678
813	0.110519
814	0.112381
815	0.113954
816	0.113119
817	0.112112
818	0.11141
819	0.114004
820	0.111638
821	0.111985
822	0.113298
823	0.112695
824	0.112922
825	0.113171
826	0.112969
827	0.113203
828	0.113316
829	0.111641
830	0.109732
831	0.111554
832	0.11263
833	0.112508
834	0.113307
835	0.113707
836	0.111086
837	0.11303
838	0.111543
839	0.115798
840	0.111307
841	0.110379
842	0.110525
843	0.113539
844	0.115576
845	0.113308
846	0.114294
847	0.11203
848	0.114374
849	0.110435
850	0.115406
851	0.115926
852	0.114802
853	0.111865
854	0.113012
855	0.112501
856	0.110188
857	0.113284
858	0.110407
859	0.110533
860	0.11361
861	0.113413
862	0.112664
863	0.112623
864	0.115288
865	0.111915
866	0.112162
867	0.112741
868	0.11028
869	0.110541
870	0.1138
871	0.114574
872	0.109425
873	0.114183
874	0.113477
875	0.111428
876	0.11454
877	0.113049
878	0.114221
879	0.115725
880	0.114135
881	0.112661
882	0.112593
883	0.110051
884	0.11411
885	0.113165
886	0.113763
887	0.115117
888	0.111227
889	0.114803
890	0.110695
891	0.111793
892	0.114432
893	0.114676
894	0.113766
895	0.111122
896	0.111515
897	0.113855
898	0.111553
899	0.110018
900	0.113451
901	0.110915
902	0.11231
903	0.112071
904	0.115951
905	0.11273
906	0.114729
907	0.114566
908	0.113758
909	0.110886
910	0.11407
911	0.111192
912	0.114534
913	0.112284
914	0.112236
915	0.11512
916	0.111854
917	0.116762
918	0.111477
919	0.112811
920	0.112677
921	0.109307
922	0.112196
923	0.113256
924	0.112585
925	0.1136
926	0.111899
927	0.112183
928	0.109225
929	0.112591
930	0.110036
931	0.112598
932	0.111206
933	0.112852
934	0.11372
935	0.111947
936	0.114547
937	0.111257
938	0.110033
939	0.111156
940	0.11346
941	0.112225
942	0.113542
943	0.114158
944	0.112225
945	0.114738
946	0.110208
947	0.111865
948	0.115949
949	0.112107
950	0.109876
951	0.114112
952	0.112681
953	0.112465
954	0.114367
955	0.111643
956	0.114047
957	0.11185
958	0.112827
959	0.112663
960	0.113294
961	0.115028
962	0.11206
963	0.113201
964	0.110413
965	0.112377
966	0.112128
967	0.113119
968	0.115396
969	0.112097
970	0.108803
971	0.114163
972	0.111078
973	0.111752
974	0.11047
975	0.110854
976	0.112602
977	0.112096
978	0.113016
979	0.113248
980	0.111907
981	0.113187
982	0.114341
983	0.113348
984	0.111633
985	0.114326
986	0.111542
987	0.11512
988	0.114019
989	0.112889
990	0.111586
991	0.113931
992	0.109316
993	0.115404
994	0.108962
995	0.111999
996	0.111829
997	0.111809
998	0.110806
999	0.1138
1000	0.110587
1001	0.109971
1002	0.111453
1003	0.108887
1004	0.110124
1005	0.110217
1006	0.112463
1007	0.113075
1008	0.11111
1009	0.111975
1010	0.111955
1011	0.111554
1012	0.110464
1013	0.112975
1014	0.112785
1015	0.114614
1016	0.111073
1017	0.112814
1018	0.111611
1019	0.112322
1020	0.109917
1021	0.110648
1022	0.112626
1023	0.112806
1024	0.113561
1025	0.112331
1026	0.109567
1027	0.110058
1028	0.110982
1029	0.110974
1030	0.110681
1031	0.1105
1032	0.112582
1033	0.113213
1034	0.11078
1035	0.113194
1036	0.111636
1037	0.111704
1038	0.112098
1039	0.111077
1040	0.109934
1041	0.113689
1042	0.109246
1043	0.111993
1044	0.112815
1045	0.112956
1046	0.112767
1047	0.109932
1048	0.112177
1049	0.112135
1050	0.112583
1051	0.114001
1052	0.110716
1053	0.112348
1054	0.113638
1055	0.114888
1056	0.115359
1057	0.112925
1058	0.111166
1059	0.109087
1060	0.111545
1061	0.112135
1062	0.111409
1063	0.113625
1064	0.112817
1065	0.113232
1066	0.111775
1067	0.1136
1068	0.11359
1069	0.110176
1070	0.11045
1071	0.110816
1072	0.111685
1073	0.111462
1074	0.110808
1075	0.110355
1076	0.109485
1077	0.112005
1078	0.111776
1079	0.112603
1080	0.111631
1081	0.113661
1082	0.111583
1083	0.114285
1084	0.112673
1085	0.112913
1086	0.111547
1087	0.112762
1088	0.112652
1089	0.110476
1090	0.110036
1091	0.111394
1092	0.113904
1093	0.112639
1094	0.110584
1095	0.109778
1096	0.111699
1097	0.113544
1098	0.111219
1099	0.112971
1100	0.112828
1101	0.112503
1102	0.113824
1103	0.112675
1104	0.111225
1105	0.112521
1106	0.11182
1107	0.110897
1108	0.11211
1109	0.111514
1110	0.11256
1111	0.108429
1112	0.113021
1113	0.108836
1114	0.111062
1115	0.109655
1116	0.113784
1117	0.112181
1118	0.111664
1119	0.111282
1120	0.111602
1121	0.11273
1122	0.112693
1123	0.114521
1124	0.113209
1125	0.112806
1126	0.11488
1127	0.110441
1128	0.110868
1129	0.109745
1130	0.10951
1131	0.110988
1132	0.11233
1133	0.112201
1134	0.110981
1135	0.107412
1136	0.110482
1137	0.109798
1138	0.111383
1139	0.108823
1140	0.109864
1141	0.109817
1142	0.112016
1143	0.111844
1144	0.112208
1145	0.111933
1146	0.109079
1147	0.111573
1148	0.111383
1149	0.110549
1150	0.112117
1151	0.112014
1152	0.109517
1153	0.111193
1154	0.109597
1155	0.110469
1156	0.113474
1157	0.109856
1158	0.109479
1159	0.112137
1160	0.111426
1161	0.111261
1162	0.11025
1163	0.111958
1164	0.110934
1165	0.108763
1166	0.109091
1167	0.109907
1168	0.111562
1169	0.109867
1170	0.109587
1171	0.113465
1172	0.112537
1173	0.109916
1174	0.110868
1175	0.112684
1176	0.109312
1177	0.10755
1178	0.110929
1179	0.108753
1180	0.108136
1181	0.110008
1182	0.110696
1183	0.11143
1184	0.111652
1185	0.109775
1186	0.109929
1187	0.110922
1188	0.110278
1189	0.111
1190	0.109241
1191	0.109269
1192	0.110266
1193	0.110384
1194	0.108848
1195	0.110301
1196	0.110778
1197	0.1122
1198	0.110088
1199	0.111695
1200	0.110111
1201	0.108328
1202	0.110735
1203	0.110105
1204	0.110162
1205	0.108951
1206	0.1085
1207	0.110156
1208	0.10982
1209	0.11087
1210	0.108876
1211	0.109447
1212	0.112647
1213	0.111982
1214	0.109962
1215	0.108459
1216	0.107841
1217	0.110896
1218	0.110548
1219	0.111557
1220	0.108973
1221	0.108635
1222	0.109571
1223	0.109698
1224	0.108608
1225	0.110204
1226	0.10723
1227	0.109807
1228	0.110415
1229	0.109173
1230	0.109686
1231	0.109782
1232	0.110231
1233	0.110866
1234	0.109512
1235	0.106351
1236	0.1105
1237	0.112241
1238	0.10965
1239	0.109746
1240	0.110418
1241	0.108709
1242	0.108394
1243	0.107757
1244	0.107351
1245	0.111346
1246	0.108076
1247	0.110668
1248	0.110937
1249	0.111276
1250	0.110046
1251	0.110247
1252	0.108004
1253	0.107894
1254	0.107376
1255	0.111192
1256	0.102822
1257	0.110323
1258	0.110391
1259	0.10739
1260	0.10692
1261	0.107247
1262	0.108418
1263	0.11043
1264	0.10798
1265	0.108746
1266	0.107642
1267	0.105161
1268	0.111061
1269	0.109895
1270	0.107089
1271	0.111173
1272	0.108383
1273	0.109569
1274	0.110456
1275	0.110736
1276	0.108945
1277	0.107725
1278	0.110451
1279	0.107136
1280	0.107964
1281	0.107251
1282	0.108501
1283	0.110146
1284	0.107539
1285	0.110936
1286	0.108989
1287	0.10859
1288	0.110962
1289	0.109093
1290	0.111202
1291	0.109157
1292	0.109098
1293	0.10903
1294	0.109477
1295	0.10944
1296	0.110633
1297	0.109843
1298	0.109568
1299	0.111977
1300	0.109002
1301	0.107063
1302	0.109349
1303	0.108885
1304	0.110689
1305	0.107625
1306	0.108129
1307	0.110749
1308	0.110976
1309	0.108613
1310	0.110138
1311	0.110314
1312	0.108369
1313	0.108651
1314	0.107322
1315	0.110519
1316	0.109443
1317	0.108672
1318	0.108542
1319	0.108494
1320	0.109035
1321	0.106433
1322	0.111201
1323	0.108227
1324	0.106629
1325	0.110103
1326	0.106988
1327	0.106992
1328	0.107342
1329	0.108689
1330	0.109059
1331	0.109916
1332	0.110649
1333	0.109556
1334	0.111077
1335	0.104103
1336	0.107045
1337	0.106642
1338	0.10891
1339	0.108694
1340	0.11031
1341	0.109174
1342	0.109973
1343	0.107812
1344	0.11082
1345	0.108538
1346	0.106908
1347	0.108646
1348	0.10952
1349	0.110949
1350	0.106602
1351	0.10911
1352	0.110249
1353	0.107622
1354	0.110444
1355	0.108326
1356	0.112151
1357	0.1068
1358	0.108508
1359	0.110648
1360	0.111856
1361	0.109223
1362	0.110462
1363	0.109977
1364	0.110482
1365	0.107731
1366	0.110189
1367	0.108352
1368	0.108836
1369	0.112487
1370	0.105868
1371	0.112506
1372	0.110691
1373	0.109598
1374	0.112256
1375	0.11035
1376	0.111783
1377	0.108882
1378	0.111406
1379	0.11063
1380	0.109362
1381	0.10984
1382	0.110956
1383	0.110171
1384	0.110787
1385	0.109791
1386	0.110449
1387	0.111081
1388	0.11024
1389	0.109816
1390	0.109775
1391	0.109182
1392	0.112854
1393	0.111114
1394	0.110366
1395	0.111087
1396	0.107693
1397	0.110714
1398	0.111074
1399	0.110025
1400	0.108927
1401	0.110864
1402	0.111172
1403	0.110524
1404	0.107664
1405	0.111758
1406	0.109373
1407	0.111125
1408	0.11051
1409	0.112685
1410	0.109875
1411	0.110372
1412	0.110757
1413	0.108685
1414	0.109601
1415	0.10844
1416	0.108749
1417	0.110422
1418	0.112599
1419	0.112036
1420	0.112487
1421	0.108509
1422	0.111198
1423	0.108467
1424	0.110178
1425	0.110986
1426	0.1087
1427	0.108545
1428	0.107451
1429	0.107982
1430	0.10964
1431	0.1085
1432	0.10919
1433	0.108815
1434	0.108951
1435	0.110111
1436	0.10948
1437	0.110525
1438	0.11017
1439	0.109841
1440	0.108755
1441	0.108541
1442	0.109623
1443	0.109697
1444	0.10994
1445	0.108372
1446	0.107798
1447	0.11175
1448	0.112421
1449	0.109349
1450	0.108735
1451	0.10948
1452	0.108776
1453	0.106959
1454	0.110186
1455	0.106526
1456	0.109704
1457	0.10693
1458	0.107641
1459	0.107893
1460	0.11147
1461	0.109803
1462	0.107959
1463	0.10778
1464	0.104522
1465	0.106104
1466	0.10633
1467	0.104336
1468	0.108773
1469	0.106462
1470	0.105007
1471	0.107992
1472	0.108297
1473	0.104227
1474	0.108432
1475	0.106769
1476	0.106489
1477	0.108898
1478	0.108546
1479	0.109836
1480	0.107477
1481	0.106927
1482	0.107533
1483	0.107126
1484	0.107248
1485	0.109087
1486	0.106733
1487	0.107045
1488	0.107062
1489	0.107219
1490	0.107103
1491	0.1067
1492	0.108198
1493	0.106867
1494	0.10494
1495	0.106751
1496	0.103826
1497	0.108649
1498	0.106292
1499	0.109676
1500	0.107194
1501	0.102829
1502	0.106833
1503	0.104812
1504	0.10789
1505	0.106072
1506	0.107104
1507	0.105715
1508	0.102969
1509	0.110141
1510	0.107957
1511	0.10892
1512	0.105845
1513	0.107268
1514	0.10678
1515	0.109273
1516	0.107811
1517	0.106831
1518	0.104948
1519	0.106063
1520	0.106676
1521	0.106042
1522	0.104435
1523	0.107733
1524	0.105475
1525	0.107351
1526	0.105281
1527	0.106033
1528	0.106567
1529	0.10586
1530	0.106447
1531	0.106216
1532	0.106584
1533	0.10704
1534	0.106754
1535	0.105952
1536	0.105705
1537	0.105207
1538	0.107062
1539	0.106935
1540	0.106661
1541	0.105132
1542	0.104314
1543	0.102179
1544	0.105029
1545	0.105807
1546	0.105451
1547	0.105861
1548	0.105939
1549	0.106045
1550	0.104739
1551	0.103492
1552	0.109511
1553	0.107122
1554	0.105068
1555	0.107952
1556	0.104078
1557	0.105748
1558	0.104175
1559	0.105654
1560	0.106323
1561	0.10689
1562	0.102958
1563	0.103675
1564	0.103334
1565	0.105322
1566	0.106529
1567	0.104928
1568	0.106679
1569	0.104009
1570	0.105301
1571	0.103784
1572	0.10654
1573	0.104803
1574	0.103122
1575	0.105227
1576	0.10599
1577	0.104388
1578	0.10374
1579	0.106204
1580	0.105218
1581	0.105755
1582	0.104152
1583	0.107735
1584	0.104482
1585	0.103939
1586	0.101393
1587	0.105748
1588	0.104218
1589	0.103344
1590	0.105949
1591	0.106863
1592	0.105115
1593	0.104531
1594	0.104144
1595	0.103393
1596	0.105578
1597	0.10631
1598	0.105663
1599	0.107332
1600	0.105848
1601	0.103037
1602	0.103577
1603	0.104616
1604	0.104971
1605	0.105198
1606	0.106873
1607	0.106138
1608	0.104922
1609	0.105551
1610	0.106358
1611	0.108188
1612	0.107376
1613	0.107015
1614	0.107318
1615	0.103444
1616	0.104526
1617	0.104448
1618	0.106825
1619	0.107436
1620	0.106257
1621	0.107303
1622	0.106634
1623	0.107599
1624	0.105574
1625	0.107085
1626	0.107371
1627	0.106638
1628	0.105731
1629	0.107943
1630	0.104922
1631	0.107822
1632	0.104546
1633	0.107575
1634	0.105664
1635	0.106995
1636	0.106648
1637	0.108362
1638	0.107607
1639	0.108225
1640	0.106423
1641	0.106082
1642	0.106327
1643	0.107196
1644	0.104388
1645	0.10871
1646	0.105851
1647	0.106212
1648	0.106315
1649	0.105631
1650	0.107667
1651	0.105596
1652	0.105
1653	0.107148
1654	0.105619
1655	0.107232
1656	0.103496
1657	0.109188
1658	0.109523
1659	0.105003
1660	0.102096
1661	0.103226
1662	0.106347
1663	0.106478
1664	0.105554
1665	0.108818
1666	0.106508
1667	0.104811
1668	0.104799
1669	0.107529
1670	0.108282
1671	0.103002
1672	0.10663
1673	0.105062
1674	0.106816
1675	0.104434
1676	0.105021
1677	0.103827
1678	0.105895
1679	0.105244
1680	0.106119
1681	0.104526
1682	0.105871
1683	0.108335
1684	0.106373
1685	0.103892
1686	0.105608
1687	0.10592
1688	0.106432
1689	0.107259
1690	0.106059
1691	0.103616
1692	0.104435
1693	0.106877
1694	0.105648
1695	0.106526
1696	0.10594
1697	0.103731
1698	0.108707
1699	0.10589
1700	0.106102
1701	0.105098
1702	0.105312
1703	0.107562
1704	0.104948
1705	0.10435
1706	0.10665
1707	0.105954
1708	0.103113
1709	0.106901
1710	0.103825
1711	0.104983
1712	0.104791
1713	0.105327
1714	0.104484
1715	0.107084
1716	0.103033
1717	0.104181
1718	0.104663
1719	0.104279
1720	0.104022
1721	0.103414
1722	0.106266
1723	0.104313
1724	0.103526
1725	0.10636
1726	0.103715
1727	0.106079
1728	0.105415
1729	0.105195
1730	0.102244
1731	0.104131
1732	0.10168
1733	0.103723
1734	0.102887
1735	0.103384
1736	0.105033
1737	0.105544
1738	0.102167
1739	0.103604
1740	0.104968
1741	0.104219
1742	0.105623
1743	0.102669
1744	0.106789
1745	0.102879
1746	0.104779
1747	0.105841
1748	0.105199
1749	0.102789
1750	0.106528
1751	0.105368
1752	0.102845
1753	0.106152
1754	0.104516
1755	0.103214
1756	0.10572
1757	0.104631
1758	0.105286
1759	0.103015
1760	0.107937
1761	0.100742
1762	0.105158
1763	0.104775
1764	0.105423
1765	0.102384
1766	0.103971
1767	0.104714
1768	0.106237
1769	0.107422
1770	0.104515
1771	0.104452
1772	0.10679
1773	0.106519
1774	0.105808
1775	0.106396
1776	0.10506
1777	0.10283
1778	0.105286
1779	0.104514
1780	0.107511
1781	0.105768
1782	0.104141
1783	0.107457
1784	0.104817
1785	0.106614
1786	0.105921
1787	0.106103
1788	0.106038
1789	0.10404
1790	0.104021
1791	0.105852
1792	0.10462
1793	0.105276
1794	0.107543
1795	0.104505
1796	0.104204
1797	0.106031
1798	0.10547
1799	0.10403
1800	0.10493
1801	0.105554
1802	0.10347
1803	0.103623
1804	0.104603
1805	0.104609
1806	0.105603
1807	0.105685
1808	0.101982
1809	0.104513
1810	0.104471
1811	0.10497
1812	0.105983
1813	0.10872
1814	0.107426
1815	0.10714
1816	0.106016
1817	0.10555
1818	0.104473
1819	0.105072
1820	0.10387
1821	0.106303
1822	0.104328
1823	0.106293
1824	0.106229
1825	0.10722
1826	0.102668
1827	0.106415
1828	0.105382
1829	0.10594
1830	0.101731
1831	0.103546
1832	0.103435
1833	0.106318
1834	0.10237
1835	0.105622
1836	0.105804
1837	0.104895
1838	0.107063
1839	0.105517
1840	0.103734
1841	0.103804
1842	0.103502
1843	0.10258
1844	0.105873
1845	0.10406
1846	0.106206
1847	0.104904
1848	0.104526
1849	0.105417
1850	0.103528
1851	0.104454
1852	0.106836
1853	0.104228
1854	0.106667
1855	0.104711
1856	0.107307
1857	0.107223
1858	0.105302
1859	0.106716
1860	0.103385
1861	0.105223
1862	0.105323
1863	0.104163
1864	0.106462
1865	0.104131
1866	0.105434
1867	0.106892
1868	0.107585
1869	0.106601
1870	0.106022
1871	0.106654
1872	0.104798
1873	0.109959
1874	0.104923
1875	0.106801
1876	0.105253
1877	0.10406
1878	0.104638
1879	0.10504
1880	0.104708
1881	0.103739
1882	0.105803
1883	0.104787
1884	0.104842
1885	0.103219
1886	0.106082
1887	0.105379
1888	0.103897
1889	0.106124
1890	0.104797
1891	0.105833
1892	0.102809
1893	0.104138
1894	0.106313
1895	0.105426
1896	0.104731
1897	0.103427
1898	0.102868
1899	0.106053
1900	0.104826
1901	0.105538
1902	0.105691
1903	0.105342
1904	0.107382
1905	0.106361
1906	0.105165
1907	0.105833
1908	0.103509
1909	0.103075
1910	0.106086
1911	0.105619
1912	0.104518
1913	0.10641
1914	0.105741
1915	0.103726
1916	0.102446
1917	0.105426
1918	0.10606
1919	0.103688
1920	0.105627
1921	0.107018
1922	0.104085
1923	0.104985
1924	0.105734
1925	0.104974
1926	0.103529
1927	0.100881
1928	0.104638
1929	0.105027
1930	0.102622
1931	0.103269
1932	0.104513
1933	0.104428
1934	0.104208
1935	0.103749
1936	0.106046
1937	0.104413
1938	0.104996
1939	0.104645
1940	0.105539
1941	0.104594
1942	0.108914
1943	0.103084
1944	0.10612
1945	0.106073
1946	0.103905
1947	0.106029
1948	0.106475
1949	0.104669
1950	0.102613
1951	0.103401
1952	0.104282
1953	0.103836
1954	0.107157
1955	0.103641
1956	0.106074
1957	0.104043
1958	0.10521
1959	0.107459
1960	0.104843
1961	0.104175
1962	0.100653
1963	0.104728
1964	0.10384
1965	0.103445
1966	0.102171
1967	0.103827
1968	0.105551
1969	0.102336
1970	0.103587
1971	0.103139
1972	0.102781
1973	0.103864
1974	0.104782
1975	0.103027
1976	0.104064
1977	0.102765
1978	0.103134
1979	0.102661
1980	0.101832
1981	0.102948
1982	0.103331
1983	0.101832
1984	0.102567
1985	0.106118
1986	0.103952
1987	0.101863
1988	0.102938
1989	0.102004
1990	0.102806
1991	0.101862
1992	0.103294
1993	0.0998829
1994	0.103273
1995	0.103845
1996	0.103932
1997	0.10474
1998	0.103987
1999	0.103363
2000	0.104279
2001	0.101952
2002	0.0997962
2003	0.101225
2004	0.106407
2005	0.102544
2006	0.103328
2007	0.104069
2008	0.103374
2009	0.106235
2010	0.103744
2011	0.103581
2012	0.105312
2013	0.102547
2014	0.104187
2015	0.103838
2016	0.105146
2017	0.102484
2018	0.1031
2019	0.102828
2020	0.104009
2021	0.104253
2022	0.102971
2023	0.104405
2024	0.102934
2025	0.106495
2026	0.104838
2027	0.107226
2028	0.103035
2029	0.105269
2030	0.103903
2031	0.105495
2032	0.104618
2033	0.104347
2034	0.104829
2035	0.106951
2036	0.102545
2037	0.103637
2038	0.105317
2039	0.103052
2040	0.102608
2041	0.10332
2042	0.104224
2043	0.104695
2044	0.104813
2045	0.10351
2046	0.102233
2047	0.103052
2048	0.102686
2049	0.104993
2050	0.103939
2051	0.104074
2052	0.101918
2053	0.104383
2054	0.106498
2055	0.106131
2056	0.102801
2057	0.103073
2058	0.103036
2059	0.105475
2060	0.102748
2061	0.102202
2062	0.103604
2063	0.102124
2064	0.104131
2065	0.103908
2066	0.103274
2067	0.102302
2068	0.103746
2069	0.106162
2070	0.103819
2071	0.103613
2072	0.103832
2073	0.107093
2074	0.103139
2075	0.105638
2076	0.102814
2077	0.102089
2078	0.103296
2079	0.103399
2080	0.104764
2081	0.105594
2082	0.102071
2083	0.104176
2084	0.102322
2085	0.102598
2086	0.102095
2087	0.101785
2088	0.104779
2089	0.102785
2090	0.103552
2091	0.10221
2092	0.10499
2093	0.104192
2094	0.10273
2095	0.101496
2096	0.104425
2097	0.102898
2098	0.102409
2099	0.103373
2100	0.103554
2101	0.104299
2102	0.102806
2103	0.103773
2104	0.0995566
2105	0.104992
2106	0.102771
2107	0.101892
2108	0.102423
2109	0.103362
2110	0.104003
2111	0.103337
2112	0.105454
2113	0.102361
2114	0.102159
2115	0.105996
2116	0.104873
2117	0.103036
2118	0.100252
2119	0.102529
2120	0.104266
2121	0.10367
2122	0.102819
2123	0.101878
2124	0.101681
2125	0.103365
2126	0.10304
2127	0.104132
2128	0.101592
2129	0.100441
2130	0.101879
2131	0.104054
2132	0.103301
2133	0.102812
2134	0.103058
2135	0.102402
2136	0.102571
2137	0.101721
2138	0.102442
2139	0.101521
2140	0.103632
2141	0.102889
2142	0.102256
2143	0.101678
2144	0.10207
2145	0.101182
2146	0.103123
2147	0.103601
2148	0.105131
2149	0.103808
2150	0.101967
2151	0.103842
2152	0.102193
2153	0.103018
2154	0.103624
2155	0.103245
2156	0.100935
2157	0.100173
2158	0.101829
2159	0.102647
2160	0.101689
2161	0.100205
2162	0.100737
2163	0.102134
2164	0.103445
2165	0.103422
2166	0.102191
2167	0.100971
2168	0.101564
2169	0.101275
2170	0.102733
2171	0.101612
2172	0.102766
2173	0.101414
2174	0.10268
2175	0.101119
2176	0.103493
2177	0.104304
2178	0.100072
2179	0.10395
2180	0.102812
2181	0.102572
2182	0.102793
2183	0.101592
2184	0.10046
2185	0.101515
2186	0.103062
2187	0.103514
2188	0.101544
2189	0.101528
2190	0.101451
2191	0.10197
2192	0.10228
2193	0.100924
2194	0.100989
2195	0.101555
2196	0.100351
2197	0.0988931
2198	0.10227
2199	0.104908
2200	0.100744
2201	0.102107
2202	0.101648
2203	0.101602
2204	0.0991519
2205	0.10168
2206	0.101569
2207	0.10016
2208	0.102967
2209	0.101592
2210	0.0991855
2211	0.101306
2212	0.101877
2213	0.100578
2214	0.0996742
2215	0.0996045
2216	0.101171
2217	0.100931
2218	0.101458
2219	0.101723
2220	0.0999966
2221	0.100406
2222	0.099585
2223	0.100859
2224	0.101717
2225	0.100835
2226	0.102506
2227	0.104518
2228	0.0994329
2229	0.102974
2230	0.102714
2231	0.104434
2232	0.102149
2233	0.101402
2234	0.103823
2235	0.105949
2236	0.103783
2237	0.10476
2238	0.104548
2239	0.10388
2240	0.102509
2241	0.104421
2242	0.10322
2243	0.104281
2244	0.10208
2245	0.101246
2246	0.103051
2247	0.104284
2248	0.102157
2249	0.104368
2250	0.105431
2251	0.103452
2252	0.104218
2253	0.102724
2254	0.10372
2255	0.103224
2256	0.101853
2257	0.104301
2258	0.102766
2259	0.102571
2260	0.101325
2261	0.103512
2262	0.105847
2263	0.105907
2264	0.101623
2265	0.100662
2266	0.105783
2267	0.100441
2268	0.102069
2269	0.102395
2270	0.105756
2271	0.102817
2272	0.101528
2273	0.104918
2274	0.106048
2275	0.102858
2276	0.103028
2277	0.105161
2278	0.104261
2279	0.102678
2280	0.103901
2281	0.104509
2282	0.101755
2283	0.103546
2284	0.101986
2285	0.103436
2286	0.10287
2287	0.104626
2288	0.101188
2289	0.103079
2290	0.104568
2291	0.103944
2292	0.100507
2293	0.103017
2294	0.103132
2295	0.104431
2296	0.103227
2297	0.104127
2298	0.100721
2299	0.103638
2300	0.101247
2301	0.103769
2302	0.100493
2303	0.103356
2304	0.102779
2305	0.103263
2306	0.103743
2307	0.0994321
2308	0.099854
2309	0.101874
2310	0.102281
2311	0.101774
2312	0.100602
2313	0.102901
2314	0.10176
2315	0.100536
2316	0.100638
2317	0.102912
2318	0.102635
2319	0.102345
2320	0.100666
2321	0.102175
2322	0.103882
2323	0.102428
2324	0.103653
2325	0.102609
2326	0.103638
2327	0.101749
2328	0.10166
2329	0.101188
2330	0.10565
2331	0.102486
2332	0.100468
2333	0.105892
2334	0.104393
2335	0.102594
2336	0.103575
2337	0.104352
2338	0.103312
2339	0.100859
2340	0.102436
2341	0.10358
2342	0.104688
2343	0.102824
2344	0.102921
2345	0.105216
2346	0.102906
2347	0.104014
2348	0.100942
2349	0.103466
2350	0.102413
2351	0.102915
2352	0.103914
2353	0.103587
2354	0.10506
2355	0.102317
2356	0.10401
2357	0.104572
2358	0.103986
2359	0.103383
2360	0.104412
2361	0.102991
2362	0.101706
2363	0.104093
2364	0.102599
2365	0.102455
2366	0.104474
2367	0.102542
2368	0.101732
2369	0.103166
2370	0.102645
2371	0.101788
2372	0.102693
2373	0.102678
2374	0.104113
2375	0.1012
2376	0.103833
2377	0.104684
2378	0.102582
2379	0.10352
2380	0.105426
2381	0.10264
2382	0.103098
2383	0.103099
2384	0.104496
2385	0.105184
2386	0.102852
2387	0.10265
2388	0.103326
2389	0.10306
2390	0.102402
2391	0.101443
2392	0.100478
2393	0.105552
2394	0.10678
2395	0.102104
2396	0.10111
2397	0.103028
2398	0.103227
2399	0.103048
2400	0.102428
2401	0.102566
2402	0.102214
2403	0.104084
2404	0.103949
2405	0.102843
2406	0.103865
2407	0.103466
2408	0.102111
2409	0.104248
2410	0.105009
2411	0.105436
2412	0.102443
2413	0.103562
2414	0.105034
2415	0.101352
2416	0.103822
2417	0.1046
2418	0.101168
2419	0.104662
2420	0.101911
2421	0.103125
2422	0.099651
2423	0.10428
2424	0.102335
2425	0.102823
2426	0.104314
2427	0.102529
2428	0.0999689
2429	0.103466
2430	0.101206
2431	0.101455
2432	0.100506
2433	0.101335
2434	0.100148
2435	0.101113
2436	0.104514
2437	0.100562
2438	0.102544
2439	0.102639
2440	0.100008
2441	0.100101
2442	0.102121
2443	0.101986
2444	0.101125
2445	0.0999539
2446	0.105726
2447	0.102591
2448	0.101811
2449	0.104102
2450	0.101998
2451	0.104525
2452	0.102442
2453	0.10246
2454	0.103412
2455	0.100874
2456	0.101132
2457	0.102597
2458	0.0998782
2459	0.102125
2460	0.102855
2461	0.102747
2462	0.102634
2463	0.10198
2464	0.102928
2465	0.10083
2466	0.105665
2467	0.103352
2468	0.103015
2469	0.100808
2470	0.101174
2471	0.100158
2472	0.104274
2473	0.104185
2474	0.104544
2475	0.10007
2476	0.103754
2477	0.102443
2478	0.0993158
2479	0.103865
2480	0.103693
2481	0.104719
2482	0.102074
2483	0.102497
2484	0.102828
2485	0.104047
2486	0.103759
2487	0.104183
2488	0.103943
2489	0.102009
2490	0.101922
2491	0.101592
2492	0.103746
2493	0.10347
2494	0.10201
2495	0.102393
2496	0.10264
2497	0.10393
2498	0.10349
2499	0.0992739
2500	0.107298
2501	0.103544
2502	0.104204
2503	0.103784
2504	0.102567
2505	0.104001
2506	0.103806
2507	0.103645
2508	0.105452
2509	0.103071
2510	0.10173
2511	0.103976
2512	0.10607
2513	0.103323
2514	0.104174
2515	0.107097
2516	0.104788
2517	0.104189
2518	0.103565
2519	0.105404
2520	0.103999
2521	0.103905
2522	0.102884
2523	0.104783
2524	0.101356
2525	0.101971
2526	0.104708
2527	0.103554
2528	0.104798
2529	0.103313
2530	0.107399
2531	0.105012
2532	0.105324
2533	0.105279
2534	0.104624
2535	0.103173
2536	0.102405
2537	0.102915
2538	0.103572
2539	0.104036
2540	0.101805
2541	0.105167
2542	0.103082
2543	0.104393
2544	0.102908
2545	0.104856
2546	0.102928
2547	0.101636
2548	0.103783
2549	0.102892
2550	0.104321
2551	0.10164
2552	0.102504
2553	0.103499
2554	0.105817
2555	0.100228
2556	0.101895
2557	0.10476
2558	0.102048
2559	0.103724
2560	0.103509
2561	0.10243
2562	0.100726
2563	0.103371
2564	0.104669
2565	0.104701
2566	0.102675
2567	0.102192
2568	0.103629
2569	0.103496
2570	0.101424
2571	0.104778
2572	0.102832
2573	0.102478
2574	0.105522
2575	0.100746
2576	0.102526
2577	0.104374
2578	0.100989
2579	0.105008
2580	0.106903
2581	0.104738
2582	0.101199
2583	0.103339
2584	0.10476
2585	0.104242
2586	0.102855
2587	0.101611
2588	0.10504
2589	0.103909
2590	0.103629
2591	0.102367
2592	0.101242
2593	0.102162
2594	0.105314
2595	0.10521
2596	0.104561
2597	0.104157
2598	0.102634
2599	0.104915
2600	0.105449
2601	0.101721
2602	0.10066
2603	0.106154
2604	0.104948
2605	0.104453
2606	0.106116
2607	0.105089
2608	0.102385
2609	0.102214
2610	0.102137
2611	0.103869
2612	0.101223
2613	0.101679
2614	0.103366
2615	0.10187
2616	0.102981
2617	0.103712
2618	0.101043
2619	0.102335
2620	0.103873
2621	0.10407
2622	0.102294
2623	0.101947
2624	0.103372
2625	0.10245
2626	0.102475
2627	0.104496
2628	0.103226
2629	0.102861
2630	0.1028
2631	0.102492
2632	0.106384
2633	0.104965
2634	0.104691
2635	0.104911
2636	0.10399
2637	0.10407
2638	0.103584
2639	0.1042
2640	0.103266
2641	0.103247
2642	0.103333
2643	0.103545
2644	0.102254
2645	0.104155
2646	0.102152
2647	0.102637
2648	0.105284
2649	0.103078
2650	0.102386
2651	0.104117
2652	0.103508
2653	0.103964
2654	0.10259
2655	0.101905
2656	0.101681
2657	0.103037
2658	0.101963
2659	0.101591
2660	0.102136
2661	0.101875
2662	0.101838
2663	0.102672
2664	0.103476
2665	0.104744
2666	0.102686
2667	0.100306
2668	0.103118
2669	0.102493
2670	0.101469
2671	0.101544
2672	0.103326
2673	0.104143
2674	0.101599
2675	0.101155
2676	0.102366
2677	0.102234
2678	0.0980381
2679	0.10189
2680	0.101306
2681	0.101085
2682	0.102486
2683	0.103325
2684	0.0995153
2685	0.0987788
2686	0.101909
2687	0.100881
2688	0.0984325
2689	0.100535
2690	0.102445
2691	0.100133
2692	0.0989818
2693	0.0980435
2694	0.100093
2695	0.0996433
2696	0.101108
2697	0.09968
2698	0.102369
2699	0.10301
2700	0.0996303
2701	0.102851
2702	0.100874
2703	0.0999069
2704	0.0989363
2705	0.104038
2706	0.0983566
2707	0.0995963
2708	0.104451
2709	0.100186
2710	0.102184
2711	0.0993701
2712	0.102973
2713	0.102074
2714	0.102896
2715	0.10263
2716	0.102281
2717	0.10156
2718	0.0988023
2719	0.100864
2720	0.102447
2721	0.102533
2722	0.10149
2723	0.101784
2724	0.101271
2725	0.100985
2726	0.102418
2727	0.100966
2728	0.0986915
2729	0.100037
2730	0.101391
2731	0.102105
2732	0.102168
2733	0.103637
2734	0.099612
2735	0.101932
2736	0.101795
2737	0.104201
2738	0.104095
2739	0.103982
2740	0.102294
2741	0.102216
2742	0.101997
2743	0.102261
2744	0.102345
2745	0.100322
2746	0.102059
2747	0.100845
2748	0.101513
2749	0.10046
2750	0.102327
2751	0.103856
2752	0.10253
2753	0.101314
2754	0.102344
2755	0.102997
2756	0.100319
2757	0.105076
2758	0.0999778
2759	0.103172
2760	0.100664
2761	0.101265
2762	0.0992046
2763	0.0996463
2764	0.103199
2765	0.100654
2766	0.100795
2767	0.100988
2768	0.10157
2769	0.100166
2770	0.101269
2771	0.100028
2772	0.100084
2773	0.101969
2774	0.101294
2775	0.100841
2776	0.100503
2777	0.103137
2778	0.0998796
2779	0.0991192
2780	0.100407
2781	0.100686
2782	0.0980294
2783	0.100622
2784	0.0983056
2785	0.0988323
2786	0.100066
2787	0.099108
2788	0.0994884
2789	0.0978222
2790	0.101141
2791	0.0993073
2792	0.0973633
2793	0.100306
2794	0.0992484
2795	0.0971627
2796	0.0989078
2797	0.0974331
2798	0.0990892
2799	0.0992115
2800	0.101812
2801	0.0985707
2802	0.100549
2803	0.099547
2804	0.0999868
2805	0.101014
2806	0.0968139
2807	0.0977189
2808	0.100699
2809	0.0981189
2810	0.0999203
2811	0.099158
2812	0.0988469
2813	0.0985279
2814	0.0990858
2815	0.102142
2816	0.0998597
2817	0.0970189
2818	0.100775
2819	0.099736
2820	0.099745
2821	0.099666
2822	0.103402
2823	0.0998438
2824	0.101977
2825	0.0982257
2826	0.101364
2827	0.101924
2828	0.100184
2829	0.0992709
2830	0.101677
2831	0.100928
2832	0.100227
2833	0.098856
2834	0.0988926
2835	0.099118
2836	0.0984586
2837	0.0979901
2838	0.100485
2839	0.0978558
2840	0.100417
2841	0.0988099
2842	0.100498
2843	0.0964316
2844	0.0997862
2845	0.0984792
2846	0.0985654
2847	0.0966257
2848	0.097794
2849	0.101173
2850	0.0992717
2851	0.0977158
2852	0.0987123
2853	0.100813
2854	0.0987949
2855	0.0992645
2856	0.101023
2857	0.101455
2858	0.0986776
2859	0.0970053
2860	0.0968677
2861	0.101478
2862	0.0980405
2863	0.0966862
2864	0.0992711
2865	0.0997901
2866	0.0977059
2867	0.0961438
2868	0.0977045
2869	0.0979717
2870	0.0956567
2871	0.0962835
2872	0.0979805
2873	0.0972214
2874	0.0997403
2875	0.097911
2876	0.0984184
2877	0.0960023
2878	0.0965414
2879	0.0975178
2880	0.096374
2881	0.093988
2882	0.0968435
2883	0.0983874
2884	0.0977155
2885	0.0974675
2886	0.0942911
2887	0.0963797
2888	0.0969142
2889	0.0940015
2890	0.098153
2891	0.0943982
2892	0.0954669
2893	0.0981872
2894	0.0957407
2895	0.0987282
2896	0.0987455
2897	0.0961978
2898	0.0958886
2899	0.0961996
2900	0.0955046
2901	0.0943277
2902	0.0924509
2903	0.0924039
2904	0.091698
2905	0.0948698
