### Number of tubes used: 730
### Nuclear profiles per tube: 1.68219
### Resolution (bp): 40000
### Slice thickness (microns): 0.22
### Nuclear radius (microns): 4.5
### Detection efficiency: 0.858886
distance	 pi_threshold
1	0.344366
2	0.283104
3	0.257795
4	0.245954
5	0.241038
6	0.229214
7	0.221147
8	0.22228
9	0.211986
10	0.205358
11	0.200789
12	0.199489
13	0.193955
14	0.192165
15	0.192594
16	0.18732
17	0.187196
18	0.179733
19	0.182659
20	0.177839
21	0.178492
22	0.175296
23	0.176076
24	0.178485
25	0.178061
26	0.17193
27	0.168993
28	0.168421
29	0.16088
30	0.16634
31	0.166484
32	0.160609
33	0.165005
34	0.161778
35	0.156713
36	0.160367
37	0.158547
38	0.159271
39	0.160135
40	0.152771
41	0.156066
42	0.150846
43	0.154571
44	0.151544
45	0.154803
46	0.152142
47	0.148859
48	0.150848
49	0.148639
50	0.149905
51	0.149115
52	0.14601
53	0.151314
54	0.146537
55	0.148506
56	0.145758
57	0.148308
58	0.146018
59	0.145096
60	0.144493
61	0.143634
62	0.142571
63	0.14392
64	0.143466
65	0.140811
66	0.142913
67	0.140772
68	0.142996
69	0.140738
70	0.139259
71	0.141439
72	0.138197
73	0.137303
74	0.137027
75	0.138215
76	0.139489
77	0.135499
78	0.138054
79	0.14134
80	0.1354
81	0.139862
82	0.139465
83	0.139137
84	0.137038
85	0.136648
86	0.136051
87	0.136948
88	0.137609
89	0.135854
90	0.133406
91	0.137611
92	0.134706
93	0.13126
94	0.133515
95	0.132188
96	0.136693
97	0.132716
98	0.135782
99	0.130355
100	0.131307
101	0.133574
102	0.131926
103	0.131599
104	0.135058
105	0.132297
106	0.134291
107	0.130189
108	0.133756
109	0.129401
110	0.12993
111	0.133312
112	0.132011
113	0.131659
114	0.132368
115	0.129955
116	0.12983
117	0.130121
118	0.128228
119	0.129803
120	0.134191
121	0.129441
122	0.129128
123	0.131663
124	0.132697
125	0.129845
126	0.130837
127	0.130222
128	0.128866
129	0.12815
130	0.128181
131	0.129734
132	0.129132
133	0.129732
134	0.130347
135	0.127974
136	0.125837
137	0.125976
138	0.12908
139	0.127478
140	0.125535
141	0.125696
142	0.128846
143	0.130563
144	0.131939
145	0.124863
146	0.126199
147	0.125296
148	0.130089
149	0.128229
150	0.126114
151	0.129269
152	0.127334
153	0.126111
154	0.125808
155	0.125648
156	0.126734
157	0.127881
158	0.126815
159	0.127199
160	0.128621
161	0.125808
162	0.128443
163	0.130603
164	0.128392
165	0.126793
166	0.125758
167	0.125339
168	0.126955
169	0.123676
170	0.12432
171	0.124427
172	0.125221
173	0.127983
174	0.123267
175	0.126943
176	0.126029
177	0.127068
178	0.125208
179	0.126746
180	0.127894
181	0.126928
182	0.125884
183	0.126409
184	0.122747
185	0.126421
186	0.127857
187	0.125836
188	0.126567
189	0.126409
190	0.126064
191	0.124764
192	0.1259
193	0.124053
194	0.127208
195	0.121585
196	0.124423
197	0.123971
198	0.12384
199	0.122485
200	0.12419
201	0.12832
202	0.124966
203	0.125304
204	0.121685
205	0.12781
206	0.125135
207	0.125649
208	0.124536
209	0.126196
210	0.124216
211	0.125135
212	0.122512
213	0.121192
214	0.119489
215	0.126165
216	0.12633
217	0.125051
218	0.122762
219	0.123435
220	0.129214
221	0.122145
222	0.122217
223	0.124096
224	0.123199
225	0.123648
226	0.125913
227	0.124845
228	0.122733
229	0.126152
230	0.124215
231	0.124957
232	0.123207
233	0.125154
234	0.123646
235	0.126664
236	0.124035
237	0.124109
238	0.126146
239	0.123411
240	0.123737
241	0.124734
242	0.126004
243	0.124994
244	0.123268
245	0.122189
246	0.122055
247	0.122869
248	0.119366
249	0.125204
250	0.122504
251	0.123581
252	0.123238
253	0.123291
254	0.123326
255	0.122646
256	0.123511
257	0.122332
258	0.125522
259	0.124672
260	0.123771
261	0.123844
262	0.121408
263	0.122597
264	0.12532
265	0.121728
266	0.123202
267	0.124468
268	0.127182
269	0.124281
270	0.124355
271	0.120871
272	0.121638
273	0.121308
274	0.126283
275	0.123709
276	0.125639
277	0.123569
278	0.123628
279	0.118696
280	0.123403
281	0.123018
282	0.125679
283	0.12393
284	0.123
285	0.122234
286	0.124041
287	0.122626
288	0.122912
289	0.123142
290	0.122945
291	0.120185
292	0.122134
293	0.123531
294	0.125296
295	0.120987
296	0.121247
297	0.123993
298	0.124565
299	0.121762
300	0.12354
301	0.124298
302	0.118785
303	0.122582
304	0.125317
305	0.121529
306	0.119753
307	0.119819
308	0.11972
309	0.11998
310	0.123416
311	0.123069
312	0.124059
313	0.120493
314	0.121336
315	0.124086
316	0.12029
317	0.126129
318	0.122943
319	0.123364
320	0.123053
321	0.125373
322	0.122618
323	0.126887
324	0.11857
325	0.121051
326	0.120558
327	0.120443
328	0.121516
329	0.123791
330	0.123433
331	0.122756
332	0.123238
333	0.123441
334	0.123514
335	0.124076
336	0.120633
337	0.121031
338	0.121408
339	0.124051
340	0.1241
341	0.125914
342	0.121032
343	0.123858
344	0.117938
345	0.123967
346	0.123389
347	0.123192
348	0.12319
349	0.122705
350	0.125121
351	0.11985
352	0.122481
353	0.122317
354	0.122899
355	0.123421
356	0.124399
357	0.121705
358	0.124732
359	0.122258
360	0.122052
361	0.124466
362	0.121422
363	0.121876
364	0.124879
365	0.121746
366	0.119032
367	0.121439
368	0.118549
369	0.121999
370	0.121571
371	0.121741
372	0.121541
373	0.121917
374	0.122241
375	0.119839
376	0.119367
377	0.119314
378	0.123068
379	0.120117
380	0.118232
381	0.12111
382	0.12112
383	0.124569
384	0.11795
385	0.123874
386	0.123094
387	0.120626
388	0.123247
389	0.120859
390	0.121479
391	0.121266
392	0.120937
393	0.120611
394	0.121895
395	0.119709
396	0.12211
397	0.120508
398	0.119586
399	0.122813
400	0.120308
401	0.122158
402	0.123272
403	0.120527
404	0.120098
405	0.121059
406	0.120091
407	0.124398
408	0.1189
409	0.121818
410	0.11912
411	0.124739
412	0.119551
413	0.121945
414	0.123158
415	0.1198
416	0.120354
417	0.120032
418	0.122367
419	0.123891
420	0.120339
421	0.121966
422	0.122259
423	0.120776
424	0.120363
425	0.119279
426	0.120141
427	0.11728
428	0.11754
429	0.120024
430	0.119588
431	0.118972
432	0.118073
433	0.121561
434	0.120757
435	0.120984
436	0.121098
437	0.120491
438	0.121284
439	0.121088
440	0.116766
441	0.121286
442	0.124019
443	0.121686
444	0.120898
445	0.117042
446	0.120772
447	0.119423
448	0.120628
449	0.120977
450	0.124028
451	0.120256
452	0.119097
453	0.119252
454	0.120384
455	0.119257
456	0.118653
457	0.116231
458	0.12031
459	0.118822
460	0.120261
461	0.12206
462	0.122349
463	0.121378
464	0.121242
465	0.119131
466	0.12028
467	0.118647
468	0.119729
469	0.117929
470	0.119859
471	0.118829
472	0.119331
473	0.121399
474	0.12011
475	0.118594
476	0.120841
477	0.121941
478	0.119271
479	0.122075
480	0.118831
481	0.121845
482	0.122115
483	0.122741
484	0.119586
485	0.120616
486	0.120054
487	0.119639
488	0.118052
489	0.122827
490	0.11765
491	0.115868
492	0.118202
493	0.119864
494	0.121417
495	0.118763
496	0.121693
497	0.119895
498	0.118014
499	0.120347
500	0.119293
501	0.118372
502	0.118956
503	0.120151
504	0.121358
505	0.119573
506	0.118587
507	0.119822
508	0.119786
509	0.120859
510	0.118187
511	0.121476
512	0.120868
513	0.120579
514	0.1205
515	0.119128
516	0.118913
517	0.120836
518	0.119328
519	0.117324
520	0.121577
521	0.119141
522	0.118494
523	0.116847
524	0.120078
525	0.119102
526	0.116546
527	0.119654
528	0.116637
529	0.122762
530	0.117164
531	0.118033
532	0.119954
533	0.118194
534	0.1207
535	0.118482
536	0.118787
537	0.119805
538	0.120178
539	0.119369
540	0.118981
541	0.117749
542	0.119398
543	0.120102
544	0.118165
545	0.120304
546	0.120319
547	0.117326
548	0.119137
549	0.120078
550	0.118891
551	0.118681
552	0.114632
553	0.11867
554	0.116908
555	0.118029
556	0.116001
557	0.118044
558	0.119429
559	0.119642
560	0.120948
561	0.11945
562	0.120513
563	0.118768
564	0.119963
565	0.119486
566	0.118733
567	0.117209
568	0.117018
569	0.116223
570	0.119388
571	0.118537
572	0.117947
573	0.119666
574	0.115951
575	0.118592
576	0.119006
577	0.117469
578	0.119113
579	0.118367
580	0.115556
581	0.117356
582	0.115427
583	0.118726
584	0.118901
585	0.120356
586	0.116241
587	0.117398
588	0.11634
589	0.116569
590	0.120063
591	0.117559
592	0.119802
593	0.116575
594	0.119527
595	0.116388
596	0.117395
597	0.119258
598	0.119689
599	0.120604
600	0.11833
601	0.118175
602	0.116246
603	0.117449
604	0.119869
605	0.1219
606	0.116753
607	0.117943
608	0.120116
609	0.114679
610	0.119298
611	0.120188
612	0.118855
613	0.118729
614	0.117307
615	0.117998
616	0.121257
617	0.121851
618	0.117738
619	0.117913
620	0.12033
621	0.118437
622	0.119365
623	0.11471
624	0.119373
625	0.117387
626	0.118459
627	0.117764
628	0.119997
629	0.118531
630	0.117399
631	0.120351
632	0.116478
633	0.116135
634	0.118764
635	0.117605
636	0.121758
637	0.119476
638	0.118033
639	0.116216
640	0.117741
641	0.114973
642	0.115683
643	0.117484
644	0.118101
645	0.11909
646	0.119788
647	0.120851
648	0.118442
649	0.119703
650	0.116915
651	0.117245
652	0.117444
653	0.120537
654	0.117307
655	0.118629
656	0.118072
657	0.115711
658	0.11545
659	0.118874
660	0.115168
661	0.117475
662	0.120344
663	0.117884
664	0.115297
665	0.118051
666	0.118029
667	0.118808
668	0.119815
669	0.114161
670	0.118699
671	0.117057
672	0.119403
673	0.118544
674	0.115388
675	0.117234
676	0.117859
677	0.115898
678	0.117423
679	0.118361
680	0.116423
681	0.117419
682	0.12011
683	0.117343
684	0.114787
685	0.118814
686	0.116037
687	0.117856
688	0.115335
689	0.116072
690	0.119545
691	0.119058
692	0.118222
693	0.118205
694	0.120106
695	0.118734
696	0.115112
697	0.120061
698	0.118796
699	0.11687
700	0.117755
701	0.116803
702	0.118499
703	0.115395
704	0.116873
705	0.115982
706	0.116585
707	0.117447
708	0.118758
709	0.117835
710	0.11743
711	0.118607
712	0.118801
713	0.11782
714	0.115642
715	0.118186
716	0.117368
717	0.117203
718	0.119709
719	0.118383
720	0.119036
721	0.115159
722	0.117203
723	0.117622
724	0.116834
725	0.116303
726	0.117234
727	0.118155
728	0.116764
729	0.114448
730	0.118796
731	0.119161
732	0.117133
733	0.11675
734	0.11326
735	0.117486
736	0.11818
737	0.11719
738	0.116453
739	0.117277
740	0.117694
741	0.118062
742	0.117792
743	0.121706
744	0.116008
745	0.115995
746	0.117593
747	0.116227
748	0.117386
749	0.121823
750	0.117046
751	0.11707
752	0.11638
753	0.116652
754	0.119562
755	0.117021
756	0.115036
757	0.115673
758	0.11714
759	0.115189
760	0.11709
761	0.115336
762	0.119403
763	0.118047
764	0.117876
765	0.118352
766	0.115618
767	0.115146
768	0.1143
769	0.117866
770	0.116276
771	0.117051
772	0.117181
773	0.114476
774	0.11717
775	0.116668
776	0.114769
777	0.117271
778	0.118159
779	0.1148
780	0.1168
781	0.115578
782	0.11611
783	0.117111
784	0.114927
785	0.115389
786	0.114448
787	0.11648
788	0.114063
789	0.115258
790	0.116651
791	0.117574
792	0.116695
793	0.114462
794	0.116594
795	0.115933
796	0.116284
797	0.113678
798	0.115778
799	0.11693
800	0.115971
801	0.117443
802	0.11751
803	0.116343
804	0.11581
805	0.113845
806	0.116235
807	0.115826
808	0.117004
809	0.11916
810	0.115424
811	0.115274
812	0.116623
813	0.115477
814	0.116408
815	0.117363
816	0.116168
817	0.117151
818	0.118078
819	0.116268
820	0.115581
821	0.113062
822	0.115493
823	0.118913
824	0.115733
825	0.117299
826	0.113737
827	0.11766
828	0.115012
829	0.117696
830	0.116278
831	0.118434
832	0.116191
833	0.117109
834	0.11544
835	0.118307
836	0.117059
837	0.1159
838	0.120709
839	0.115487
840	0.116745
841	0.116662
842	0.11506
843	0.116185
844	0.114789
845	0.11561
846	0.116871
847	0.113227
848	0.117471
849	0.117313
850	0.117355
851	0.11576
852	0.11745
853	0.116158
854	0.115052
855	0.115561
856	0.119665
857	0.118504
858	0.116007
859	0.116846
860	0.117249
861	0.116416
862	0.117579
863	0.116917
864	0.114549
865	0.117646
866	0.117697
867	0.115939
868	0.116913
869	0.117628
870	0.115424
871	0.115782
872	0.117121
873	0.115862
874	0.119628
875	0.116964
876	0.116471
877	0.117527
878	0.117224
879	0.116603
880	0.116256
881	0.11512
882	0.11579
883	0.11632
884	0.115185
885	0.112188
886	0.116779
887	0.114575
888	0.11629
889	0.118329
890	0.115324
891	0.115874
892	0.116518
893	0.116176
894	0.116497
895	0.114245
896	0.117154
897	0.116413
898	0.117664
899	0.118546
900	0.114528
901	0.116876
902	0.114337
903	0.11593
904	0.114157
905	0.116658
906	0.115967
907	0.114887
908	0.119047
909	0.11537
910	0.116803
911	0.11652
912	0.116842
913	0.113695
914	0.117334
915	0.117596
916	0.115851
917	0.113731
918	0.115201
919	0.118376
920	0.116689
921	0.116995
922	0.112858
923	0.118104
924	0.113834
925	0.118252
926	0.116719
927	0.117106
928	0.115693
929	0.117081
930	0.116063
931	0.11955
932	0.116949
933	0.116049
934	0.114903
935	0.117454
936	0.114503
937	0.117405
938	0.117668
939	0.116895
940	0.115424
941	0.115994
942	0.118346
943	0.119003
944	0.113379
945	0.116413
946	0.112961
947	0.115382
948	0.117796
949	0.116163
950	0.114945
951	0.116102
952	0.113975
953	0.113382
954	0.116707
955	0.113196
956	0.119252
957	0.115048
958	0.117205
959	0.114476
960	0.116868
961	0.116124
962	0.115238
963	0.115831
964	0.115172
965	0.113464
966	0.115011
967	0.114813
968	0.112613
969	0.116993
970	0.116931
971	0.114
972	0.120201
973	0.115523
974	0.114072
975	0.112692
976	0.113499
977	0.116928
978	0.113393
979	0.116089
980	0.115075
981	0.115506
982	0.113301
983	0.117866
984	0.116317
985	0.114718
986	0.113908
987	0.113589
988	0.115625
989	0.116863
990	0.11453
991	0.116445
992	0.115416
993	0.116315
994	0.111758
995	0.117292
996	0.116241
997	0.115583
998	0.116439
999	0.114832
1000	0.116077
1001	0.115053
1002	0.113745
1003	0.112146
1004	0.115274
1005	0.116258
1006	0.114866
1007	0.115518
1008	0.115635
1009	0.115876
1010	0.114662
1011	0.117823
1012	0.115046
1013	0.115903
1014	0.11263
1015	0.114027
1016	0.117323
1017	0.115286
1018	0.114952
1019	0.114188
1020	0.114596
1021	0.114648
1022	0.1157
1023	0.114932
1024	0.113175
1025	0.113899
1026	0.114954
1027	0.115989
1028	0.117492
1029	0.113764
1030	0.115087
1031	0.11651
1032	0.114694
1033	0.11693
1034	0.114243
1035	0.116085
1036	0.114427
1037	0.113852
1038	0.116232
1039	0.116482
1040	0.115983
1041	0.116258
1042	0.113862
1043	0.113818
1044	0.112822
1045	0.114442
1046	0.114438
1047	0.11486
1048	0.114719
1049	0.115799
1050	0.11274
1051	0.11782
1052	0.115312
1053	0.114121
1054	0.11515
1055	0.114426
1056	0.113704
1057	0.114487
1058	0.114759
1059	0.113763
1060	0.115056
1061	0.115442
1062	0.1132
1063	0.114184
1064	0.116099
1065	0.114376
1066	0.112878
1067	0.112855
1068	0.115169
1069	0.11571
1070	0.113649
1071	0.114732
1072	0.115481
1073	0.115171
1074	0.113409
1075	0.112516
1076	0.113189
1077	0.116301
1078	0.114149
1079	0.115343
1080	0.113611
1081	0.117391
1082	0.115831
1083	0.116896
1084	0.117824
1085	0.115174
1086	0.115647
1087	0.117479
1088	0.112899
1089	0.113034
1090	0.112957
1091	0.11452
1092	0.115903
1093	0.116029
1094	0.115622
1095	0.115458
1096	0.115747
1097	0.114355
1098	0.114764
1099	0.114864
1100	0.114605
1101	0.115326
1102	0.117707
1103	0.11582
1104	0.115845
1105	0.11452
1106	0.116447
1107	0.116135
1108	0.112907
1109	0.112798
1110	0.113962
1111	0.112569
1112	0.115075
1113	0.112473
1114	0.115619
1115	0.113374
1116	0.113713
1117	0.115393
1118	0.113367
1119	0.114727
1120	0.11364
1121	0.115883
1122	0.114101
1123	0.115224
1124	0.11541
1125	0.11478
1126	0.113332
1127	0.114125
1128	0.111572
1129	0.114761
1130	0.114822
1131	0.11214
1132	0.112739
1133	0.112742
1134	0.113054
1135	0.113701
1136	0.11766
1137	0.113704
1138	0.11046
1139	0.113081
1140	0.112099
1141	0.113795
1142	0.112892
1143	0.115586
1144	0.111847
1145	0.113392
1146	0.111896
1147	0.112952
1148	0.110987
1149	0.113399
1150	0.111314
1151	0.115322
1152	0.112538
1153	0.113562
1154	0.116522
1155	0.114916
1156	0.114546
1157	0.113455
1158	0.111104
1159	0.112843
1160	0.11407
1161	0.109946
1162	0.112294
1163	0.111676
1164	0.11147
1165	0.112915
1166	0.116241
1167	0.113447
1168	0.114005
1169	0.111275
1170	0.113677
1171	0.114206
1172	0.11046
1173	0.112722
1174	0.114072
1175	0.111948
1176	0.110844
1177	0.115032
1178	0.113418
1179	0.112858
1180	0.112949
1181	0.112614
1182	0.114453
1183	0.114517
1184	0.113487
1185	0.114016
1186	0.112936
1187	0.114513
1188	0.112381
1189	0.114237
1190	0.110541
1191	0.114606
1192	0.113654
1193	0.111841
1194	0.114179
1195	0.1117
1196	0.115461
1197	0.114231
1198	0.11427
1199	0.116816
1200	0.114444
1201	0.111818
1202	0.112845
1203	0.115341
1204	0.113005
1205	0.114954
1206	0.113599
1207	0.114359
1208	0.113107
1209	0.114511
1210	0.113175
1211	0.114939
1212	0.116221
1213	0.111617
1214	0.113016
1215	0.113132
1216	0.114247
1217	0.116283
1218	0.115154
1219	0.114403
1220	0.112243
1221	0.111516
1222	0.113277
1223	0.111704
1224	0.111906
1225	0.111316
1226	0.114459
1227	0.112905
1228	0.114369
1229	0.110738
1230	0.114868
1231	0.115063
1232	0.114773
1233	0.113447
1234	0.114615
1235	0.11323
1236	0.114503
1237	0.113724
1238	0.115133
1239	0.113432
1240	0.112503
1241	0.116014
1242	0.112563
1243	0.113264
1244	0.116014
1245	0.113077
1246	0.114109
1247	0.114133
1248	0.115388
1249	0.114785
1250	0.114537
1251	0.112985
1252	0.112851
1253	0.1156
1254	0.113939
1255	0.113681
1256	0.117336
1257	0.11576
1258	0.112221
1259	0.112884
1260	0.115236
1261	0.112869
1262	0.111099
1263	0.114905
1264	0.114351
1265	0.114688
1266	0.112983
1267	0.112492
1268	0.112087
1269	0.11369
1270	0.11408
1271	0.113368
1272	0.111473
1273	0.113321
1274	0.115418
1275	0.111852
1276	0.112851
1277	0.112736
1278	0.113609
1279	0.111972
1280	0.114958
1281	0.112006
1282	0.113734
1283	0.113598
1284	0.112866
1285	0.115392
1286	0.115056
1287	0.112153
1288	0.115221
1289	0.113348
1290	0.111864
1291	0.115407
1292	0.112067
1293	0.111908
1294	0.112395
1295	0.113565
1296	0.114357
1297	0.111382
1298	0.11475
1299	0.113971
1300	0.116068
1301	0.114136
1302	0.113359
1303	0.112701
1304	0.109736
1305	0.113479
1306	0.111449
1307	0.111366
1308	0.113289
1309	0.113512
1310	0.11418
1311	0.114508
1312	0.111333
1313	0.115912
1314	0.112767
1315	0.115253
1316	0.11272
1317	0.113447
1318	0.110424
1319	0.113116
1320	0.11429
1321	0.114606
1322	0.112149
1323	0.114505
1324	0.113956
1325	0.114976
1326	0.113779
1327	0.113398
1328	0.114683
1329	0.112592
1330	0.113833
1331	0.111855
1332	0.113181
1333	0.112072
1334	0.112043
1335	0.114342
1336	0.113663
1337	0.115662
1338	0.114419
1339	0.110456
1340	0.112896
1341	0.11356
1342	0.114434
1343	0.112175
1344	0.115875
1345	0.115483
1346	0.114635
1347	0.114381
1348	0.11409
1349	0.114169
1350	0.11503
1351	0.112682
1352	0.111899
1353	0.113744
1354	0.113264
1355	0.111629
1356	0.116263
1357	0.113441
1358	0.115037
1359	0.111751
1360	0.113291
1361	0.113242
1362	0.11362
1363	0.11501
1364	0.112201
1365	0.111144
1366	0.113049
1367	0.113465
1368	0.114165
1369	0.112378
1370	0.114685
1371	0.11137
1372	0.110766
1373	0.114283
1374	0.11081
1375	0.110141
1376	0.111279
1377	0.112155
1378	0.111515
1379	0.113115
1380	0.112069
1381	0.111824
1382	0.114988
1383	0.112184
1384	0.113205
1385	0.11056
1386	0.110572
1387	0.1114
1388	0.111082
1389	0.111924
1390	0.112663
1391	0.112399
1392	0.11303
1393	0.113167
1394	0.112217
1395	0.112889
1396	0.111635
1397	0.10997
1398	0.113442
1399	0.112553
1400	0.114724
1401	0.109805
1402	0.113058
1403	0.111436
1404	0.114511
1405	0.111855
1406	0.111513
1407	0.114613
1408	0.11341
1409	0.111322
1410	0.113482
1411	0.112278
1412	0.110549
1413	0.114362
1414	0.111633
1415	0.112473
1416	0.11097
1417	0.110847
1418	0.113614
1419	0.114024
1420	0.113632
1421	0.111667
1422	0.113677
1423	0.111255
1424	0.112727
1425	0.112369
1426	0.112658
1427	0.112365
1428	0.115752
1429	0.109424
1430	0.111649
1431	0.113173
1432	0.11322
1433	0.111936
1434	0.111954
1435	0.112472
1436	0.109809
1437	0.115317
1438	0.111019
1439	0.115364
1440	0.112249
1441	0.111291
1442	0.112404
1443	0.113062
1444	0.112166
1445	0.111656
1446	0.111278
1447	0.111111
1448	0.113188
1449	0.111843
1450	0.110901
1451	0.109939
1452	0.111951
1453	0.110893
1454	0.11171
1455	0.111183
1456	0.111526
1457	0.1126
1458	0.111767
1459	0.110984
1460	0.112427
1461	0.114121
1462	0.113031
1463	0.111844
1464	0.111028
1465	0.11228
1466	0.110193
1467	0.111637
1468	0.113741
1469	0.109488
1470	0.110597
1471	0.111954
1472	0.109411
1473	0.108788
1474	0.114351
1475	0.110362
1476	0.110376
1477	0.11356
1478	0.111454
1479	0.10894
1480	0.109075
1481	0.111526
1482	0.113396
1483	0.114723
1484	0.114699
1485	0.114134
1486	0.113503
1487	0.113224
1488	0.114683
1489	0.110676
1490	0.111751
1491	0.113176
1492	0.110442
1493	0.111856
1494	0.108728
1495	0.110936
1496	0.112688
1497	0.111933
1498	0.111039
1499	0.112591
1500	0.113708
1501	0.11393
1502	0.111171
1503	0.112887
1504	0.112147
1505	0.111097
1506	0.109301
1507	0.112974
1508	0.114863
1509	0.112905
1510	0.111486
1511	0.115742
1512	0.111359
1513	0.112063
1514	0.110522
1515	0.110764
1516	0.114083
1517	0.111838
1518	0.11187
1519	0.111066
1520	0.114235
1521	0.113123
1522	0.111958
1523	0.110674
1524	0.112364
1525	0.113505
1526	0.10967
1527	0.112109
1528	0.113495
1529	0.11035
1530	0.111369
1531	0.113118
1532	0.113111
1533	0.113401
1534	0.111299
1535	0.11497
1536	0.112871
1537	0.112815
1538	0.111586
1539	0.110199
1540	0.112213
1541	0.113873
1542	0.113033
1543	0.110186
1544	0.111411
1545	0.110399
1546	0.111268
1547	0.112569
1548	0.110286
1549	0.111996
1550	0.111198
1551	0.112745
1552	0.110813
1553	0.114458
1554	0.109584
1555	0.112899
1556	0.111237
1557	0.110377
1558	0.111995
1559	0.110714
1560	0.109692
1561	0.111537
1562	0.109811
1563	0.110884
1564	0.112735
1565	0.114399
1566	0.111516
1567	0.111382
1568	0.112261
1569	0.111625
1570	0.111129
1571	0.112243
1572	0.112025
1573	0.112742
1574	0.113894
1575	0.11087
1576	0.112331
1577	0.11153
1578	0.111588
1579	0.112194
1580	0.114001
1581	0.110881
1582	0.111802
1583	0.106964
1584	0.110758
1585	0.110022
1586	0.11094
1587	0.108571
1588	0.109826
1589	0.111868
1590	0.109332
1591	0.111719
1592	0.113363
1593	0.113892
1594	0.110027
1595	0.111527
1596	0.112816
1597	0.108615
1598	0.10957
1599	0.111777
1600	0.111273
1601	0.111893
1602	0.113993
1603	0.111553
1604	0.113702
1605	0.111715
1606	0.111879
1607	0.112542
1608	0.112414
1609	0.111666
1610	0.113303
1611	0.112135
1612	0.110183
1613	0.111091
1614	0.112633
1615	0.111691
1616	0.109789
1617	0.111924
1618	0.110761
1619	0.10875
1620	0.115135
1621	0.110266
1622	0.110406
1623	0.109957
1624	0.11243
1625	0.110755
1626	0.110105
1627	0.1089
1628	0.11139
1629	0.111323
1630	0.110852
1631	0.111913
1632	0.108126
1633	0.110445
1634	0.110994
1635	0.107665
1636	0.110537
1637	0.111067
1638	0.110653
1639	0.112829
1640	0.111139
1641	0.11074
1642	0.110428
1643	0.109898
1644	0.111164
1645	0.110812
1646	0.110794
1647	0.109973
1648	0.110138
1649	0.111381
1650	0.110502
1651	0.111998
1652	0.10968
1653	0.109281
1654	0.10955
1655	0.1075
1656	0.110437
1657	0.110211
1658	0.11103
1659	0.108003
1660	0.11084
1661	0.11149
1662	0.108932
1663	0.111383
1664	0.111416
1665	0.108295
1666	0.111122
1667	0.110817
1668	0.108792
1669	0.110965
1670	0.108612
1671	0.11129
1672	0.109588
1673	0.109132
1674	0.110712
1675	0.111261
1676	0.108563
1677	0.110933
1678	0.107299
1679	0.111068
1680	0.108418
1681	0.1093
1682	0.10959
1683	0.109537
1684	0.109657
1685	0.108192
1686	0.111227
1687	0.109654
1688	0.109066
1689	0.110259
1690	0.108139
1691	0.111542
1692	0.111662
1693	0.109133
1694	0.111421
1695	0.110626
1696	0.111356
1697	0.112884
1698	0.111716
1699	0.111021
1700	0.112177
1701	0.109575
1702	0.111078
1703	0.110707
1704	0.111031
1705	0.112079
1706	0.112593
1707	0.109911
1708	0.106479
1709	0.111269
1710	0.108272
1711	0.109299
1712	0.112814
1713	0.109164
1714	0.110925
1715	0.110895
1716	0.107243
1717	0.112244
1718	0.109372
1719	0.112261
1720	0.109602
1721	0.109606
1722	0.111052
1723	0.10886
1724	0.110205
1725	0.110955
1726	0.108591
1727	0.108964
1728	0.108167
1729	0.111954
1730	0.110752
1731	0.11013
1732	0.110552
1733	0.109996
1734	0.111354
1735	0.109637
1736	0.10978
1737	0.108908
1738	0.10932
1739	0.11125
1740	0.111718
1741	0.109104
1742	0.108174
1743	0.110122
1744	0.1114
1745	0.109151
1746	0.111975
1747	0.110282
1748	0.110671
1749	0.111015
1750	0.111197
1751	0.111065
1752	0.10593
1753	0.110378
1754	0.110898
1755	0.109383
1756	0.110304
1757	0.111308
1758	0.107207
1759	0.109225
1760	0.109132
1761	0.110983
1762	0.110483
1763	0.110007
1764	0.112261
1765	0.109843
1766	0.106666
1767	0.11001
1768	0.111289
1769	0.11005
1770	0.107726
1771	0.111352
1772	0.110742
1773	0.110992
1774	0.109272
1775	0.109947
1776	0.11319
1777	0.110991
1778	0.107748
1779	0.109435
1780	0.110252
1781	0.110703
1782	0.109719
1783	0.109578
1784	0.109568
1785	0.109725
1786	0.110419
1787	0.109652
1788	0.108098
1789	0.108292
1790	0.105779
1791	0.110301
1792	0.108908
1793	0.107047
1794	0.108991
1795	0.107204
1796	0.112177
1797	0.109951
1798	0.110228
1799	0.110241
1800	0.107989
1801	0.108834
1802	0.108328
1803	0.110407
1804	0.11083
1805	0.107677
1806	0.109812
1807	0.11078
1808	0.108888
1809	0.106279
1810	0.110672
1811	0.108866
1812	0.10601
1813	0.108399
1814	0.1087
1815	0.108112
1816	0.10663
1817	0.110594
1818	0.110363
1819	0.10931
1820	0.111082
1821	0.109125
1822	0.108138
1823	0.111617
1824	0.10927
1825	0.110817
1826	0.10846
1827	0.111126
1828	0.110555
1829	0.108322
1830	0.108862
1831	0.108628
1832	0.110387
1833	0.107957
1834	0.110315
1835	0.110175
1836	0.108652
1837	0.107866
1838	0.109758
1839	0.110664
1840	0.108017
1841	0.109786
1842	0.107502
1843	0.110921
1844	0.107279
1845	0.110273
1846	0.1099
1847	0.110321
1848	0.109645
1849	0.109264
1850	0.106638
1851	0.110468
1852	0.111769
1853	0.110562
1854	0.108229
1855	0.10923
1856	0.108951
1857	0.10878
1858	0.109116
1859	0.105543
1860	0.11097
1861	0.110759
1862	0.1095
1863	0.108852
1864	0.10874
1865	0.110676
1866	0.10671
1867	0.111594
1868	0.108135
1869	0.108418
1870	0.11093
1871	0.1084
1872	0.110555
1873	0.108006
1874	0.107084
1875	0.109705
1876	0.109555
1877	0.10995
1878	0.110501
1879	0.108268
1880	0.104778
1881	0.107196
1882	0.109465
1883	0.108823
1884	0.108652
1885	0.108371
1886	0.108345
1887	0.109048
1888	0.108414
1889	0.106487
1890	0.108499
1891	0.110283
1892	0.108298
1893	0.108213
1894	0.109131
1895	0.107348
1896	0.109457
1897	0.109436
1898	0.111821
1899	0.111599
1900	0.111232
1901	0.109729
1902	0.11038
1903	0.107785
1904	0.110619
1905	0.110801
1906	0.109349
1907	0.109068
1908	0.109972
1909	0.108142
1910	0.108277
1911	0.105469
1912	0.111419
1913	0.109934
1914	0.108673
1915	0.106077
1916	0.110024
1917	0.107962
1918	0.108186
1919	0.107607
1920	0.107567
1921	0.109216
1922	0.110594
1923	0.106605
1924	0.111449
1925	0.109798
1926	0.108438
1927	0.106471
1928	0.108998
1929	0.108241
1930	0.108395
1931	0.109567
1932	0.109511
1933	0.109761
1934	0.112614
1935	0.110134
1936	0.107489
1937	0.111906
1938	0.110258
1939	0.107592
1940	0.107408
1941	0.109885
1942	0.105734
1943	0.10764
1944	0.109147
1945	0.110991
1946	0.107263
1947	0.109263
1948	0.108503
1949	0.108941
1950	0.108658
1951	0.10802
1952	0.1099
1953	0.108467
1954	0.106476
1955	0.110803
1956	0.108861
1957	0.107979
1958	0.108238
1959	0.11056
1960	0.109156
1961	0.109741
1962	0.106758
1963	0.108891
1964	0.105658
1965	0.109807
1966	0.107653
1967	0.109457
1968	0.106906
1969	0.109973
1970	0.111225
1971	0.109504
1972	0.11066
1973	0.109327
1974	0.110972
1975	0.111301
1976	0.110222
1977	0.106049
1978	0.108842
1979	0.10873
1980	0.110115
1981	0.109546
1982	0.112356
1983	0.109485
1984	0.110161
1985	0.110304
1986	0.108603
1987	0.110568
1988	0.111348
1989	0.10982
1990	0.109319
1991	0.109504
1992	0.111719
1993	0.110307
1994	0.107532
1995	0.109166
1996	0.106055
1997	0.110196
1998	0.111275
1999	0.110928
2000	0.108597
2001	0.108861
2002	0.109246
2003	0.107766
2004	0.108657
2005	0.111565
2006	0.109199
2007	0.109541
2008	0.109454
2009	0.110038
2010	0.110452
2011	0.107779
2012	0.106879
2013	0.10969
2014	0.10674
2015	0.110275
2016	0.107541
2017	0.108164
2018	0.108097
2019	0.108537
2020	0.107969
2021	0.109363
2022	0.112446
2023	0.109848
2024	0.107314
2025	0.110664
2026	0.108378
2027	0.105931
2028	0.108331
2029	0.108776
2030	0.110176
2031	0.111006
2032	0.111254
2033	0.109141
2034	0.104075
2035	0.107175
2036	0.107119
2037	0.109783
2038	0.111749
2039	0.108833
2040	0.108159
2041	0.109381
2042	0.109652
2043	0.106922
2044	0.10941
2045	0.109487
2046	0.109296
2047	0.105139
2048	0.109571
2049	0.108344
2050	0.111107
2051	0.108641
2052	0.107292
2053	0.109992
2054	0.107864
2055	0.105947
2056	0.110047
2057	0.110381
2058	0.110644
2059	0.109933
2060	0.108071
2061	0.108054
2062	0.110364
2063	0.107154
2064	0.109386
2065	0.109503
2066	0.11177
2067	0.106934
2068	0.107355
2069	0.105148
2070	0.109359
2071	0.108939
2072	0.106785
2073	0.106716
2074	0.109581
2075	0.105682
2076	0.108389
2077	0.110952
2078	0.109851
2079	0.106602
2080	0.10693
2081	0.107279
2082	0.107323
2083	0.109935
2084	0.109222
2085	0.110003
2086	0.108606
2087	0.106701
2088	0.111804
2089	0.108157
2090	0.109892
2091	0.108963
2092	0.109609
2093	0.110131
2094	0.1071
2095	0.110106
2096	0.11067
2097	0.108441
2098	0.108177
2099	0.108974
2100	0.108451
2101	0.108157
2102	0.109846
2103	0.106443
2104	0.106122
2105	0.106425
2106	0.107632
2107	0.108217
2108	0.106745
2109	0.108977
2110	0.106602
2111	0.10864
2112	0.10843
2113	0.108481
2114	0.108644
2115	0.108688
2116	0.107467
2117	0.107029
2118	0.106929
2119	0.109917
2120	0.106913
2121	0.107894
2122	0.108869
2123	0.109445
2124	0.105902
2125	0.108087
2126	0.1089
2127	0.107135
2128	0.106986
2129	0.107605
2130	0.109674
2131	0.107906
2132	0.106746
2133	0.107237
2134	0.106034
2135	0.106385
2136	0.10666
2137	0.107611
2138	0.108111
2139	0.108493
2140	0.110066
2141	0.107638
2142	0.107606
2143	0.107273
2144	0.109541
2145	0.107345
2146	0.108256
2147	0.105814
2148	0.110494
2149	0.107942
2150	0.110253
2151	0.109253
2152	0.110155
2153	0.106736
2154	0.107356
2155	0.108614
2156	0.10739
2157	0.108863
2158	0.109018
2159	0.107037
2160	0.107743
2161	0.107399
2162	0.106079
2163	0.106358
2164	0.112254
2165	0.109304
2166	0.105402
2167	0.108836
2168	0.1088
2169	0.108697
2170	0.106844
2171	0.106976
2172	0.107894
2173	0.109646
2174	0.109892
2175	0.106999
2176	0.107206
2177	0.106633
2178	0.109991
2179	0.108923
2180	0.106907
2181	0.10521
2182	0.10922
2183	0.109726
2184	0.107073
2185	0.10908
2186	0.109785
2187	0.108944
2188	0.109867
2189	0.107384
2190	0.107166
2191	0.107605
2192	0.110319
2193	0.106326
2194	0.107783
2195	0.105751
2196	0.110589
2197	0.108253
2198	0.108621
2199	0.107967
2200	0.106529
2201	0.107214
2202	0.106855
2203	0.107504
2204	0.107556
2205	0.106367
2206	0.107729
2207	0.109587
2208	0.108104
2209	0.10618
2210	0.10779
2211	0.108378
2212	0.107817
2213	0.110286
2214	0.108901
2215	0.106741
2216	0.106903
2217	0.107896
2218	0.106071
2219	0.106099
2220	0.106116
2221	0.107408
2222	0.107009
2223	0.109078
2224	0.106901
2225	0.106942
2226	0.108207
2227	0.106055
2228	0.108824
2229	0.107449
2230	0.106764
2231	0.108095
2232	0.107928
2233	0.108184
2234	0.109291
2235	0.107835
2236	0.108434
2237	0.107347
2238	0.109852
2239	0.107942
2240	0.109791
2241	0.10744
2242	0.110166
2243	0.106818
2244	0.1056
2245	0.110056
2246	0.104594
2247	0.108484
2248	0.106173
2249	0.10655
2250	0.108359
2251	0.106174
2252	0.105991
2253	0.107442
2254	0.107322
2255	0.105238
2256	0.109505
2257	0.10714
2258	0.106027
2259	0.10797
2260	0.107691
2261	0.104549
2262	0.109724
2263	0.109687
2264	0.108678
2265	0.106006
2266	0.106567
2267	0.107728
2268	0.106947
2269	0.109163
2270	0.109523
2271	0.110201
2272	0.107301
2273	0.106674
2274	0.108749
2275	0.110906
2276	0.10688
2277	0.10661
2278	0.108415
2279	0.108751
2280	0.106301
2281	0.105351
2282	0.107673
2283	0.108341
2284	0.107105
2285	0.110363
2286	0.105513
2287	0.105606
2288	0.106998
2289	0.107924
2290	0.107382
2291	0.108068
2292	0.107121
2293	0.107201
2294	0.109345
2295	0.107011
2296	0.109649
2297	0.109052
2298	0.109233
2299	0.107738
2300	0.112357
2301	0.106581
2302	0.108194
2303	0.108814
2304	0.109268
2305	0.10862
2306	0.109218
2307	0.105782
2308	0.106629
2309	0.109464
2310	0.103857
2311	0.109108
2312	0.108966
2313	0.10627
2314	0.106644
2315	0.108239
2316	0.1078
2317	0.108579
2318	0.105627
2319	0.107989
2320	0.106684
2321	0.107419
2322	0.109062
2323	0.11101
2324	0.109023
2325	0.11081
2326	0.108739
2327	0.106849
2328	0.107088
2329	0.106826
2330	0.106746
2331	0.107203
2332	0.107377
2333	0.111967
2334	0.106793
2335	0.108691
2336	0.112467
2337	0.109951
2338	0.105593
2339	0.10837
2340	0.108164
2341	0.106083
2342	0.111156
2343	0.111186
2344	0.103653
2345	0.109352
2346	0.10917
2347	0.10908
2348	0.109427
2349	0.108906
2350	0.106437
2351	0.10846
2352	0.109159
2353	0.109078
2354	0.111122
2355	0.109236
2356	0.107959
2357	0.109763
2358	0.108059
2359	0.10567
2360	0.106515
2361	0.108603
2362	0.108994
2363	0.107265
2364	0.106854
2365	0.108878
2366	0.111266
2367	0.10823
2368	0.106569
2369	0.105365
2370	0.106838
2371	0.107261
2372	0.106619
2373	0.107606
2374	0.104842
2375	0.105097
2376	0.107255
2377	0.107474
2378	0.10922
2379	0.106169
2380	0.108245
2381	0.11087
2382	0.106866
2383	0.108912
2384	0.107732
2385	0.109512
2386	0.105544
2387	0.104572
2388	0.107215
2389	0.10845
2390	0.109879
2391	0.107611
2392	0.104979
2393	0.106191
2394	0.10903
2395	0.108878
2396	0.105194
2397	0.108539
2398	0.108797
2399	0.106247
2400	0.110405
2401	0.108278
2402	0.10711
2403	0.111764
2404	0.109377
2405	0.108726
2406	0.105233
2407	0.106623
2408	0.107243
2409	0.109194
2410	0.106576
2411	0.106323
2412	0.107223
2413	0.107413
2414	0.104294
2415	0.10811
2416	0.105284
2417	0.110083
2418	0.107397
2419	0.107731
2420	0.109927
2421	0.109803
2422	0.108042
2423	0.108782
2424	0.109917
2425	0.107133
2426	0.109181
2427	0.108254
2428	0.110817
2429	0.108238
2430	0.110633
2431	0.105866
2432	0.106679
2433	0.108901
2434	0.106676
2435	0.108375
2436	0.106954
2437	0.108882
2438	0.108986
2439	0.109176
2440	0.109066
2441	0.109045
2442	0.110153
2443	0.107753
2444	0.108192
2445	0.109546
2446	0.107168
2447	0.111263
2448	0.106719
2449	0.106681
2450	0.106597
2451	0.108155
2452	0.107985
2453	0.107347
2454	0.109977
2455	0.108084
2456	0.107434
2457	0.109468
2458	0.107241
2459	0.108651
2460	0.107531
2461	0.107604
2462	0.108718
2463	0.107821
2464	0.108942
2465	0.106796
2466	0.109227
2467	0.104989
2468	0.107451
2469	0.108135
2470	0.108677
2471	0.107326
2472	0.106741
2473	0.106159
2474	0.109418
2475	0.108202
2476	0.108466
2477	0.106816
2478	0.109275
2479	0.109043
2480	0.108551
2481	0.108135
2482	0.108512
2483	0.108138
2484	0.108039
2485	0.10821
2486	0.110737
2487	0.108392
2488	0.108568
2489	0.110551
2490	0.108847
2491	0.108618
2492	0.108138
2493	0.110506
2494	0.105873
2495	0.10629
2496	0.104414
2497	0.10867
2498	0.108847
2499	0.106572
2500	0.10909
2501	0.106714
2502	0.109081
2503	0.107798
2504	0.104801
2505	0.109386
2506	0.106958
2507	0.107306
2508	0.107868
2509	0.107983
2510	0.10699
2511	0.109368
2512	0.106693
2513	0.107861
2514	0.106252
2515	0.107879
2516	0.104997
2517	0.107228
2518	0.108516
2519	0.107936
2520	0.108236
2521	0.104724
2522	0.107895
2523	0.105163
2524	0.106411
2525	0.109775
2526	0.110036
2527	0.110062
2528	0.108475
2529	0.10943
2530	0.107578
2531	0.108124
2532	0.106538
2533	0.107177
2534	0.107462
2535	0.109379
2536	0.107474
2537	0.107569
2538	0.108502
2539	0.106375
2540	0.109125
2541	0.105856
2542	0.106818
2543	0.106781
2544	0.105326
2545	0.106285
2546	0.107338
2547	0.110331
2548	0.106084
2549	0.107731
2550	0.107144
2551	0.106717
2552	0.107332
2553	0.108318
2554	0.107525
2555	0.107148
2556	0.108205
2557	0.105483
2558	0.106547
2559	0.111527
2560	0.106547
2561	0.107261
2562	0.107546
2563	0.107274
2564	0.106108
2565	0.107751
2566	0.104904
2567	0.106812
2568	0.107865
2569	0.105877
2570	0.107469
2571	0.103845
2572	0.105626
2573	0.107495
2574	0.107387
2575	0.108368
2576	0.107202
2577	0.109127
2578	0.109344
2579	0.107009
2580	0.10733
2581	0.108299
2582	0.109604
2583	0.109317
2584	0.109908
2585	0.108269
2586	0.107719
2587	0.109433
2588	0.109555
2589	0.107777
2590	0.108148
2591	0.107654
2592	0.108231
2593	0.108009
2594	0.107297
2595	0.111639
2596	0.107677
2597	0.105487
2598	0.107246
2599	0.10866
2600	0.111122
2601	0.106014
2602	0.105897
2603	0.1094
2604	0.106419
2605	0.109891
2606	0.107534
2607	0.106412
2608	0.106072
2609	0.106675
2610	0.109826
2611	0.108919
2612	0.106913
2613	0.108171
2614	0.106237
2615	0.10711
2616	0.108802
2617	0.108842
2618	0.104979
2619	0.107467
2620	0.108273
2621	0.106985
2622	0.106488
2623	0.106251
2624	0.105958
2625	0.105933
2626	0.107352
2627	0.108606
2628	0.10627
2629	0.103718
2630	0.107748
2631	0.104465
2632	0.10984
2633	0.106046
2634	0.10613
2635	0.105643
2636	0.108106
2637	0.107652
2638	0.106019
2639	0.104772
2640	0.107597
2641	0.107457
2642	0.105737
2643	0.106056
2644	0.105351
2645	0.10592
2646	0.105581
2647	0.105207
2648	0.108189
2649	0.107759
2650	0.10802
2651	0.10948
2652	0.108952
2653	0.107554
2654	0.104274
2655	0.106283
2656	0.107118
2657	0.107342
2658	0.104275
2659	0.107468
2660	0.106111
2661	0.106985
2662	0.107622
2663	0.107747
2664	0.108621
2665	0.108983
2666	0.104217
2667	0.106441
2668	0.103951
2669	0.109022
2670	0.105934
2671	0.107786
2672	0.107688
2673	0.109097
2674	0.107613
2675	0.106093
2676	0.108494
2677	0.105533
2678	0.110352
2679	0.105663
2680	0.108102
2681	0.109093
2682	0.10577
2683	0.109057
2684	0.10939
2685	0.107081
2686	0.110435
2687	0.107018
2688	0.105287
2689	0.107026
2690	0.109826
2691	0.105585
2692	0.107749
2693	0.108665
2694	0.107719
2695	0.10774
2696	0.10985
2697	0.10963
2698	0.110193
2699	0.109471
2700	0.107082
2701	0.109956
2702	0.108156
2703	0.110292
2704	0.109677
2705	0.106376
2706	0.109447
2707	0.111276
2708	0.110168
2709	0.108324
2710	0.105925
2711	0.10795
2712	0.106823
2713	0.109388
2714	0.107586
2715	0.10938
2716	0.108419
2717	0.109976
2718	0.107635
2719	0.108492
2720	0.107562
2721	0.108103
2722	0.10919
2723	0.107525
2724	0.108777
2725	0.10599
2726	0.108677
2727	0.109229
2728	0.108298
2729	0.106083
2730	0.108451
2731	0.106693
2732	0.10768
2733	0.10994
2734	0.107755
2735	0.106092
2736	0.105613
2737	0.107247
2738	0.107622
2739	0.106829
2740	0.108249
2741	0.107863
2742	0.106577
2743	0.10733
2744	0.109896
2745	0.109953
2746	0.104542
2747	0.106092
2748	0.106767
2749	0.107858
2750	0.106662
2751	0.109208
2752	0.106948
2753	0.104986
2754	0.108807
2755	0.106906
2756	0.109225
2757	0.107233
2758	0.103134
2759	0.106863
2760	0.108013
2761	0.109742
2762	0.10636
2763	0.106039
2764	0.107117
2765	0.105179
2766	0.104295
2767	0.107399
2768	0.105627
2769	0.109748
2770	0.106914
2771	0.108134
2772	0.107419
2773	0.106343
2774	0.10575
2775	0.107841
2776	0.108995
2777	0.109809
2778	0.106667
2779	0.109851
2780	0.10697
2781	0.110646
2782	0.106692
2783	0.106146
2784	0.108324
2785	0.107471
2786	0.108704
2787	0.108794
2788	0.109113
2789	0.10859
2790	0.110496
2791	0.106034
2792	0.106132
2793	0.109591
2794	0.106782
2795	0.108644
2796	0.107786
2797	0.110164
2798	0.107293
2799	0.108796
2800	0.109553
2801	0.107589
2802	0.106418
2803	0.109211
2804	0.107451
2805	0.106278
2806	0.110363
2807	0.106686
2808	0.107471
2809	0.107925
2810	0.106507
2811	0.111554
2812	0.106315
2813	0.107976
2814	0.107248
2815	0.106728
2816	0.10723
2817	0.107455
2818	0.109512
2819	0.108817
2820	0.106184
2821	0.107503
2822	0.107432
2823	0.108515
2824	0.107502
2825	0.109206
2826	0.106889
2827	0.108433
2828	0.107661
2829	0.106992
2830	0.104815
2831	0.106479
2832	0.105749
2833	0.109042
2834	0.10683
2835	0.108456
2836	0.106869
2837	0.107115
2838	0.105575
2839	0.108
2840	0.108024
2841	0.112805
2842	0.106408
2843	0.10808
2844	0.10844
2845	0.10997
2846	0.10978
2847	0.109629
2848	0.107392
2849	0.108928
2850	0.10749
2851	0.107493
2852	0.109884
2853	0.10469
2854	0.106487
2855	0.108107
2856	0.109637
2857	0.108845
2858	0.10583
2859	0.109412
2860	0.107014
2861	0.106414
2862	0.107337
2863	0.107186
2864	0.105922
2865	0.108051
2866	0.105939
2867	0.109856
2868	0.10943
2869	0.105854
2870	0.107465
2871	0.108118
2872	0.108506
2873	0.107771
2874	0.106881
2875	0.107464
2876	0.107866
2877	0.109111
2878	0.106257
2879	0.1058
2880	0.109624
2881	0.10858
2882	0.105866
2883	0.107087
2884	0.10809
2885	0.107839
2886	0.104958
2887	0.105975
2888	0.10731
2889	0.109014
2890	0.107551
2891	0.106579
2892	0.104365
2893	0.10512
2894	0.106053
2895	0.104933
2896	0.107035
2897	0.10582
2898	0.106753
2899	0.107784
2900	0.108509
2901	0.107929
2902	0.108866
2903	0.106866
2904	0.105085
2905	0.106762
2906	0.106999
2907	0.106269
2908	0.105889
2909	0.106524
2910	0.10657
2911	0.106027
2912	0.105794
2913	0.105004
2914	0.103823
2915	0.108546
2916	0.105378
2917	0.106578
2918	0.106548
2919	0.108832
2920	0.108149
2921	0.108275
2922	0.107583
2923	0.106992
2924	0.107962
2925	0.107773
2926	0.107656
2927	0.106074
2928	0.108493
2929	0.108228
2930	0.105923
2931	0.104002
2932	0.107811
2933	0.106679
2934	0.107049
2935	0.10645
2936	0.106586
2937	0.106261
2938	0.107996
2939	0.107512
2940	0.107778
2941	0.107731
2942	0.108576
2943	0.109469
2944	0.108954
2945	0.108604
2946	0.107056
2947	0.106348
2948	0.107779
2949	0.106837
2950	0.108878
2951	0.108139
2952	0.106606
2953	0.111472
2954	0.108128
2955	0.108963
2956	0.110254
2957	0.108106
2958	0.110074
2959	0.109358
2960	0.106869
2961	0.110679
2962	0.107129
2963	0.108186
2964	0.109255
2965	0.107433
2966	0.108006
2967	0.106681
2968	0.104459
2969	0.108702
2970	0.107216
2971	0.110737
2972	0.107955
2973	0.108438
2974	0.105667
2975	0.108922
2976	0.108621
2977	0.1085
2978	0.108678
2979	0.109757
2980	0.108046
2981	0.108264
2982	0.107897
2983	0.107229
2984	0.10834
2985	0.107359
2986	0.108088
2987	0.106607
2988	0.107727
2989	0.106799
2990	0.108472
2991	0.105071
2992	0.107386
2993	0.109271
2994	0.110076
2995	0.105858
2996	0.107578
2997	0.108437
2998	0.10576
2999	0.106741
3000	0.105115
3001	0.10875
3002	0.107567
3003	0.108787
3004	0.107975
3005	0.109164
3006	0.109937
3007	0.107286
3008	0.109101
3009	0.108854
3010	0.10916
3011	0.109533
3012	0.107132
3013	0.108716
3014	0.108556
3015	0.109755
3016	0.111722
3017	0.107389
3018	0.109666
3019	0.107975
3020	0.109074
3021	0.107065
3022	0.112089
3023	0.106482
3024	0.109443
3025	0.108303
3026	0.108164
3027	0.10676
3028	0.106907
3029	0.106191
3030	0.107142
3031	0.105189
3032	0.106911
3033	0.10665
3034	0.106853
3035	0.105939
3036	0.107444
3037	0.107433
3038	0.108942
3039	0.109143
3040	0.107013
3041	0.108963
3042	0.108498
3043	0.107829
3044	0.106861
3045	0.106581
3046	0.107668
3047	0.108123
3048	0.106773
3049	0.106718
3050	0.108583
3051	0.106988
3052	0.109783
3053	0.105563
3054	0.110247
3055	0.109642
3056	0.108186
3057	0.107464
3058	0.105835
3059	0.1121
3060	0.105114
3061	0.104655
3062	0.106278
3063	0.107225
3064	0.107155
3065	0.108641
3066	0.108553
3067	0.10758
3068	0.107
3069	0.104638
3070	0.107639
3071	0.106917
3072	0.10586
3073	0.107658
3074	0.107194
3075	0.105298
3076	0.108174
3077	0.102757
3078	0.106383
3079	0.107441
3080	0.1081
3081	0.108998
3082	0.106256
3083	0.110907
3084	0.107304
3085	0.105717
3086	0.109743
3087	0.104973
3088	0.108165
3089	0.107356
3090	0.106669
3091	0.109796
3092	0.106661
3093	0.10876
3094	0.10712
3095	0.107431
3096	0.110001
3097	0.107298
3098	0.109084
3099	0.106426
3100	0.109277
3101	0.107978
3102	0.10843
3103	0.106714
3104	0.104529
3105	0.105157
3106	0.109269
3107	0.107327
3108	0.109037
3109	0.108629
3110	0.108428
3111	0.106502
3112	0.107309
3113	0.107777
3114	0.109048
3115	0.108843
3116	0.112244
3117	0.10575
3118	0.106117
3119	0.108704
3120	0.109645
3121	0.104044
3122	0.106529
3123	0.105249
3124	0.107173
3125	0.111868
3126	0.107631
3127	0.109619
3128	0.107411
3129	0.107227
3130	0.108389
3131	0.108704
3132	0.106806
3133	0.107001
3134	0.111229
3135	0.106211
3136	0.106622
3137	0.108752
3138	0.106417
3139	0.106446
3140	0.105527
3141	0.107668
3142	0.105818
3143	0.106553
3144	0.106302
3145	0.106099
3146	0.109225
3147	0.107069
3148	0.106885
3149	0.108171
3150	0.10544
3151	0.104862
3152	0.106379
3153	0.106933
3154	0.104664
3155	0.107712
3156	0.10601
3157	0.104949
3158	0.103446
3159	0.104841
3160	0.107444
3161	0.106338
3162	0.108932
3163	0.103964
3164	0.103143
3165	0.107993
3166	0.105822
3167	0.105653
3168	0.106939
3169	0.104943
3170	0.105185
3171	0.109401
3172	0.108489
3173	0.10704
3174	0.109554
3175	0.105482
3176	0.105595
3177	0.108277
3178	0.106226
3179	0.104884
3180	0.10678
3181	0.106965
3182	0.105863
3183	0.104737
3184	0.106681
3185	0.107041
3186	0.108519
3187	0.104775
3188	0.106596
3189	0.105367
3190	0.105481
3191	0.106428
3192	0.104693
3193	0.105665
3194	0.104479
3195	0.10752
3196	0.106052
3197	0.105261
3198	0.108955
3199	0.107783
3200	0.108292
3201	0.108822
3202	0.10369
3203	0.105816
3204	0.106604
3205	0.104232
3206	0.107139
3207	0.106669
3208	0.107362
3209	0.106866
3210	0.106589
3211	0.106019
3212	0.105369
3213	0.108095
3214	0.107414
3215	0.107359
3216	0.106426
3217	0.104762
3218	0.105556
3219	0.109063
3220	0.106447
3221	0.10786
3222	0.105028
3223	0.107765
3224	0.105818
3225	0.106078
3226	0.105876
3227	0.106385
3228	0.107694
3229	0.105184
3230	0.106373
3231	0.106784
3232	0.106821
3233	0.110134
3234	0.10556
3235	0.106585
3236	0.106072
3237	0.105507
3238	0.103953
3239	0.104187
3240	0.105595
3241	0.10426
3242	0.106859
3243	0.106075
3244	0.107314
3245	0.107522
3246	0.107449
3247	0.104678
3248	0.103342
3249	0.106105
3250	0.102034
3251	0.105528
3252	0.103971
3253	0.106122
3254	0.105067
3255	0.106612
3256	0.103782
3257	0.106104
3258	0.104144
3259	0.104091
3260	0.103531
3261	0.104359
3262	0.104612
3263	0.105336
3264	0.102498
3265	0.105969
3266	0.106116
3267	0.10484
3268	0.105199
3269	0.104472
3270	0.105246
3271	0.104515
3272	0.104203
3273	0.107267
3274	0.104777
3275	0.102768
3276	0.108179
3277	0.10437
3278	0.106476
3279	0.10327
3280	0.105551
3281	0.103395
3282	0.106275
3283	0.106995
3284	0.104785
3285	0.105623
3286	0.104791
3287	0.106994
3288	0.106372
3289	0.108367
3290	0.106119
3291	0.103973
3292	0.105716
3293	0.10755
3294	0.107022
3295	0.104721
3296	0.105148
3297	0.105007
3298	0.105638
3299	0.109121
3300	0.106221
3301	0.108879
3302	0.104937
3303	0.105102
3304	0.105664
3305	0.109917
3306	0.105174
3307	0.109857
3308	0.107477
3309	0.109565
3310	0.105965
3311	0.106616
3312	0.106292
3313	0.1063
3314	0.106234
3315	0.104476
3316	0.108062
3317	0.105635
3318	0.105503
3319	0.107528
3320	0.10473
3321	0.104625
3322	0.10551
3323	0.105533
3324	0.106761
3325	0.106455
3326	0.107195
3327	0.108004
3328	0.108811
3329	0.10806
3330	0.106863
3331	0.104532
3332	0.106805
3333	0.107833
3334	0.106335
3335	0.105817
3336	0.110403
3337	0.104659
3338	0.107454
3339	0.105358
3340	0.10614
3341	0.108969
3342	0.105518
3343	0.106919
3344	0.108831
3345	0.107954
3346	0.106955
3347	0.105668
3348	0.109916
3349	0.108967
3350	0.105751
3351	0.106545
3352	0.103774
3353	0.106616
3354	0.106929
3355	0.106907
3356	0.105216
3357	0.109145
3358	0.104597
3359	0.105545
3360	0.106002
3361	0.105999
3362	0.10709
3363	0.107233
3364	0.108044
3365	0.106421
3366	0.107909
3367	0.105838
3368	0.107233
3369	0.107111
3370	0.105039
3371	0.10665
3372	0.10678
3373	0.107571
3374	0.106707
3375	0.105221
3376	0.107962
3377	0.105302
3378	0.105547
3379	0.105864
3380	0.106898
3381	0.10444
3382	0.105564
3383	0.10758
3384	0.104366
3385	0.106123
3386	0.106178
3387	0.10597
3388	0.105087
3389	0.10792
3390	0.10792
3391	0.106182
3392	0.103424
3393	0.107162
3394	0.104291
3395	0.106792
3396	0.107944
3397	0.105686
3398	0.109194
3399	0.108444
3400	0.105986
3401	0.105838
3402	0.105483
3403	0.106905
3404	0.104504
3405	0.108093
3406	0.106166
3407	0.106834
3408	0.109716
3409	0.10529
3410	0.106303
3411	0.106197
3412	0.105602
3413	0.106378
3414	0.108417
3415	0.106935
3416	0.107002
3417	0.106194
3418	0.106379
3419	0.106291
3420	0.107501
3421	0.105854
3422	0.104401
3423	0.106363
3424	0.105873
3425	0.108006
3426	0.106515
3427	0.10557
3428	0.105167
3429	0.10785
3430	0.107399
3431	0.109025
3432	0.106624
3433	0.10619
3434	0.107585
3435	0.10551
3436	0.105926
3437	0.103837
3438	0.108041
3439	0.108164
3440	0.108209
3441	0.105796
3442	0.105376
3443	0.107889
3444	0.107244
3445	0.109606
3446	0.105895
3447	0.10785
3448	0.105078
3449	0.106443
3450	0.104886
3451	0.107323
3452	0.109252
3453	0.105905
3454	0.106038
3455	0.106502
3456	0.105738
3457	0.106372
3458	0.104593
3459	0.106917
3460	0.106873
3461	0.106166
3462	0.108217
3463	0.105655
3464	0.107702
3465	0.1053
3466	0.107553
3467	0.107834
3468	0.107984
3469	0.106474
3470	0.105744
3471	0.107049
3472	0.108805
3473	0.105267
3474	0.107689
3475	0.104823
3476	0.108671
3477	0.108087
3478	0.108584
3479	0.107935
3480	0.107164
3481	0.10802
3482	0.106609
3483	0.106103
3484	0.106175
3485	0.108448
3486	0.107099
3487	0.10643
3488	0.105854
3489	0.107934
3490	0.109285
3491	0.105779
3492	0.105254
3493	0.106735
3494	0.108527
3495	0.108386
3496	0.106675
3497	0.107805
3498	0.10538
3499	0.107176
3500	0.106314
3501	0.105451
3502	0.10614
3503	0.107062
3504	0.10627
3505	0.104347
3506	0.106093
3507	0.10614
3508	0.104691
3509	0.107222
3510	0.105627
3511	0.107763
3512	0.104648
3513	0.106782
3514	0.106853
3515	0.105733
3516	0.108109
3517	0.106043
3518	0.104233
3519	0.104324
3520	0.108644
3521	0.105163
3522	0.108623
3523	0.106703
3524	0.105784
3525	0.105019
3526	0.109754
3527	0.103295
3528	0.105374
3529	0.104728
3530	0.104778
3531	0.104913
3532	0.106108
3533	0.105539
3534	0.10617
3535	0.103427
3536	0.106886
3537	0.107179
3538	0.105416
3539	0.108361
3540	0.10801
3541	0.106505
3542	0.107322
3543	0.104427
3544	0.106455
3545	0.107298
3546	0.106473
3547	0.107686
3548	0.104776
3549	0.104864
3550	0.109789
3551	0.105684
3552	0.103901
3553	0.107412
3554	0.104483
3555	0.105035
3556	0.106218
3557	0.105928
3558	0.106653
3559	0.108335
3560	0.105635
3561	0.106345
3562	0.106011
3563	0.107201
3564	0.10695
3565	0.107702
3566	0.109395
3567	0.107615
3568	0.105876
3569	0.109636
3570	0.108987
3571	0.107887
3572	0.106849
3573	0.109767
3574	0.106682
3575	0.108719
3576	0.10821
3577	0.108646
3578	0.107965
3579	0.108264
3580	0.105227
3581	0.109899
3582	0.110124
3583	0.110821
3584	0.110098
3585	0.109391
3586	0.110582
3587	0.109372
3588	0.110108
3589	0.109615
3590	0.10806
3591	0.10893
3592	0.107467
3593	0.108255
3594	0.107362
3595	0.107681
3596	0.108957
3597	0.109025
3598	0.107038
3599	0.108535
3600	0.106643
3601	0.110067
3602	0.1071
3603	0.108692
3604	0.108674
3605	0.108126
3606	0.107115
3607	0.10803
3608	0.107557
3609	0.109408
3610	0.106652
3611	0.105433
3612	0.107119
3613	0.107252
3614	0.106526
3615	0.106804
3616	0.107464
3617	0.109425
3618	0.106866
3619	0.104565
3620	0.105012
3621	0.105668
3622	0.11002
3623	0.107634
3624	0.108201
3625	0.107494
3626	0.108365
3627	0.107563
3628	0.110724
3629	0.109909
3630	0.107971
3631	0.106782
3632	0.105787
3633	0.105856
3634	0.106539
3635	0.107095
3636	0.106721
3637	0.104963
3638	0.108624
3639	0.107331
3640	0.109994
3641	0.108375
3642	0.109538
3643	0.107739
3644	0.108784
3645	0.107438
3646	0.110452
3647	0.108694
3648	0.111342
3649	0.108362
3650	0.105365
3651	0.110229
3652	0.109899
3653	0.11108
3654	0.110046
3655	0.110423
3656	0.10972
3657	0.111176
3658	0.110631
3659	0.107665
3660	0.108703
3661	0.109666
3662	0.107349
3663	0.105354
3664	0.109381
3665	0.108026
3666	0.108775
3667	0.11172
3668	0.108578
3669	0.109647
3670	0.109972
3671	0.112498
3672	0.110402
3673	0.111348
3674	0.111306
3675	0.107415
3676	0.10524
3677	0.111236
3678	0.111473
3679	0.107218
3680	0.106414
3681	0.106371
3682	0.110254
3683	0.107084
3684	0.106581
3685	0.107816
3686	0.106833
3687	0.10418
3688	0.108139
3689	0.108731
3690	0.107041
3691	0.106638
3692	0.107098
3693	0.106633
3694	0.109124
3695	0.10749
3696	0.107831
3697	0.107632
3698	0.10805
3699	0.107179
3700	0.105653
3701	0.112789
3702	0.10835
3703	0.108147
3704	0.107224
3705	0.105918
3706	0.110016
3707	0.108743
3708	0.106363
3709	0.111176
3710	0.107466
3711	0.109719
3712	0.109436
3713	0.108104
3714	0.10865
3715	0.10858
3716	0.106597
3717	0.110086
3718	0.108168
3719	0.109625
3720	0.107926
3721	0.109805
3722	0.106776
3723	0.107744
3724	0.110265
3725	0.105888
3726	0.107946
3727	0.105018
3728	0.109534
3729	0.110568
3730	0.108726
3731	0.110443
3732	0.105603
3733	0.109135
3734	0.104884
3735	0.1084
3736	0.105993
3737	0.107592
3738	0.105912
3739	0.106369
3740	0.107038
3741	0.106218
3742	0.105479
3743	0.106168
3744	0.108088
3745	0.107813
3746	0.10786
3747	0.105622
3748	0.106442
3749	0.109549
3750	0.105562
3751	0.106723
3752	0.106332
3753	0.10516
3754	0.106
3755	0.105549
3756	0.107846
3757	0.106205
3758	0.109255
3759	0.106561
3760	0.10642
3761	0.104927
3762	0.105452
3763	0.103814
3764	0.108631
3765	0.107114
3766	0.107026
3767	0.107251
3768	0.106987
3769	0.106766
3770	0.10642
3771	0.105611
3772	0.107438
3773	0.108677
3774	0.105038
3775	0.108663
3776	0.107372
3777	0.105984
3778	0.105589
3779	0.106156
3780	0.106808
3781	0.104981
3782	0.108604
3783	0.106848
3784	0.106763
3785	0.104484
3786	0.104206
3787	0.106369
3788	0.103748
3789	0.107007
3790	0.103982
3791	0.107003
3792	0.103483
3793	0.106629
3794	0.106356
3795	0.105853
3796	0.103723
3797	0.10662
3798	0.106867
3799	0.103764
3800	0.105139
3801	0.104066
3802	0.10573
3803	0.104415
3804	0.101816
3805	0.104159
3806	0.103987
3807	0.108613
3808	0.104826
3809	0.105753
3810	0.105879
3811	0.104945
3812	0.103701
3813	0.102553
3814	0.104664
3815	0.104691
3816	0.10231
3817	0.108825
3818	0.105107
3819	0.105637
3820	0.103001
3821	0.10399
3822	0.107202
3823	0.108727
3824	0.107055
3825	0.104428
3826	0.106857
3827	0.106344
3828	0.106069
3829	0.10668
3830	0.105321
3831	0.103853
3832	0.106854
3833	0.1051
3834	0.104734
3835	0.1042
3836	0.104019
3837	0.103705
3838	0.106985
3839	0.104542
3840	0.104829
3841	0.106053
3842	0.106821
3843	0.104178
3844	0.103649
3845	0.104384
3846	0.107222
3847	0.10641
3848	0.103501
3849	0.10365
3850	0.105082
3851	0.105276
3852	0.106214
3853	0.103427
3854	0.105202
3855	0.105092
3856	0.104126
3857	0.106604
3858	0.104664
3859	0.103787
3860	0.102777
3861	0.103541
3862	0.101486
3863	0.104227
3864	0.104406
3865	0.104247
3866	0.101599
3867	0.102687
3868	0.103212
3869	0.0998285
3870	0.10223
3871	0.105648
3872	0.105012
3873	0.102661
3874	0.104671
3875	0.102694
3876	0.105355
3877	0.105653
3878	0.104049
3879	0.101933
3880	0.101156
3881	0.104494
3882	0.103844
3883	0.10188
3884	0.101587
3885	0.101041
3886	0.102658
3887	0.102503
3888	0.101909
3889	0.101781
3890	0.101693
3891	0.101169
3892	0.101007
3893	0.105786
3894	0.102309
3895	0.103058
3896	0.10377
3897	0.106996
3898	0.102945
3899	0.102746
3900	0.104081
3901	0.102076
3902	0.105113
3903	0.103858
3904	0.101254
3905	0.101869
3906	0.102334
3907	0.104245
3908	0.102403
3909	0.10148
3910	0.103085
3911	0.105078
3912	0.105638
3913	0.101887
3914	0.101972
3915	0.102789
3916	0.104243
3917	0.103779
3918	0.104767
3919	0.103641
3920	0.104529
3921	0.101884
3922	0.103145
3923	0.105811
3924	0.103562
3925	0.102381
3926	0.105608
3927	0.104309
3928	0.104044
3929	0.103828
3930	0.10258
3931	0.101718
3932	0.102785
3933	0.105449
3934	0.104711
3935	0.104262
3936	0.10628
3937	0.103445
3938	0.103315
3939	0.104084
3940	0.103682
3941	0.101346
3942	0.105558
3943	0.105186
3944	0.104062
3945	0.106139
3946	0.105014
3947	0.105686
3948	0.104086
3949	0.107421
3950	0.105821
3951	0.10572
3952	0.103295
3953	0.106008
3954	0.10711
3955	0.106527
3956	0.107516
3957	0.105838
3958	0.106528
3959	0.108887
3960	0.106961
3961	0.106992
3962	0.1059
3963	0.108135
3964	0.109518
3965	0.105627
3966	0.106262
3967	0.107161
3968	0.106201
3969	0.106328
3970	0.106937
3971	0.108856
3972	0.103918
3973	0.10744
3974	0.107462
3975	0.109243
3976	0.111076
3977	0.110132
3978	0.106212
3979	0.109615
3980	0.107621
3981	0.106976
3982	0.109062
3983	0.107692
3984	0.111179
3985	0.108468
3986	0.107029
3987	0.108231
3988	0.108038
3989	0.109314
3990	0.107963
3991	0.106933
3992	0.110322
3993	0.110777
3994	0.109671
3995	0.1091
3996	0.10749
3997	0.109122
3998	0.107721
3999	0.108311
4000	0.110394
4001	0.111741
4002	0.107529
4003	0.10973
4004	0.109846
4005	0.107854
4006	0.109727
4007	0.1094
4008	0.11059
4009	0.111518
4010	0.109757
4011	0.112162
4012	0.107549
4013	0.1117
4014	0.109499
4015	0.107995
4016	0.109494
4017	0.107874
4018	0.111311
4019	0.109706
4020	0.1082
4021	0.108531
4022	0.109924
4023	0.10818
4024	0.109486
4025	0.10952
4026	0.106678
4027	0.109454
4028	0.108897
4029	0.109903
4030	0.111339
4031	0.110262
4032	0.111065
4033	0.110533
4034	0.107701
4035	0.108853
4036	0.109855
4037	0.109538
4038	0.110338
4039	0.109565
4040	0.108437
4041	0.110674
4042	0.112846
4043	0.112044
4044	0.11203
4045	0.109409
4046	0.11084
4047	0.108629
4048	0.109738
4049	0.110495
4050	0.109553
4051	0.109725
4052	0.110349
4053	0.105764
4054	0.107584
4055	0.1083
4056	0.109568
4057	0.107476
4058	0.108852
4059	0.110179
4060	0.107795
4061	0.109062
4062	0.108976
4063	0.11191
4064	0.107122
4065	0.108961
4066	0.108046
4067	0.106046
4068	0.107657
4069	0.105606
4070	0.109373
4071	0.108222
4072	0.110025
4073	0.106562
4074	0.105535
4075	0.110139
4076	0.107283
4077	0.105871
4078	0.106078
4079	0.107849
4080	0.106192
4081	0.108097
4082	0.106817
4083	0.107055
4084	0.105044
4085	0.106764
4086	0.11023
4087	0.105159
4088	0.107266
4089	0.106376
4090	0.103477
4091	0.104
4092	0.106204
4093	0.103663
4094	0.10612
4095	0.105275
4096	0.103788
4097	0.108121
4098	0.106422
4099	0.105101
4100	0.10392
4101	0.107368
4102	0.105421
4103	0.104586
4104	0.105525
4105	0.105836
4106	0.105435
4107	0.104688
4108	0.10551
4109	0.105208
4110	0.104749
4111	0.106236
4112	0.103681
4113	0.103406
4114	0.10323
4115	0.102523
4116	0.103219
4117	0.105272
4118	0.103436
4119	0.105649
4120	0.103359
4121	0.104857
4122	0.102105
4123	0.104453
4124	0.104756
4125	0.105103
4126	0.103877
4127	0.102994
4128	0.102
4129	0.102716
4130	0.103922
4131	0.101588
4132	0.103845
4133	0.105617
4134	0.104966
4135	0.103649
4136	0.104458
4137	0.104861
4138	0.103065
4139	0.10144
4140	0.103396
4141	0.103105
4142	0.103064
4143	0.103891
4144	0.104069
4145	0.101766
4146	0.103076
4147	0.101113
4148	0.102136
4149	0.104067
4150	0.103136
4151	0.1028
4152	0.101451
4153	0.104943
4154	0.102237
4155	0.104455
4156	0.104007
4157	0.10199
4158	0.103149
4159	0.102899
4160	0.101076
4161	0.101399
4162	0.102242
4163	0.10152
4164	0.102568
4165	0.103351
4166	0.103776
4167	0.103686
4168	0.100716
4169	0.105243
4170	0.102136
4171	0.101942
4172	0.105197
4173	0.106074
4174	0.102265
4175	0.103801
4176	0.102584
4177	0.103019
4178	0.105077
4179	0.103847
4180	0.103697
4181	0.104809
4182	0.107129
4183	0.102953
4184	0.104337
4185	0.104316
4186	0.104624
4187	0.104497
4188	0.102363
4189	0.10674
4190	0.104413
4191	0.107918
4192	0.10674
4193	0.104483
4194	0.106121
4195	0.106509
4196	0.104475
4197	0.103788
4198	0.105211
4199	0.1072
4200	0.105336
4201	0.109288
4202	0.10752
4203	0.107988
4204	0.107441
4205	0.109164
4206	0.108912
4207	0.106379
4208	0.111209
4209	0.109743
4210	0.107999
4211	0.110859
4212	0.110453
4213	0.108416
4214	0.109228
4215	0.107237
4216	0.108933
4217	0.110432
4218	0.110839
4219	0.107968
4220	0.107973
4221	0.108719
4222	0.109894
4223	0.110649
4224	0.108087
4225	0.108285
4226	0.110974
4227	0.107836
4228	0.108422
4229	0.106856
4230	0.112697
4231	0.108645
4232	0.108945
4233	0.108957
4234	0.109166
4235	0.110795
4236	0.11152
4237	0.110406
4238	0.108123
4239	0.108601
4240	0.111062
4241	0.106461
4242	0.107378
4243	0.108864
4244	0.107549
4245	0.106773
4246	0.107062
4247	0.106267
4248	0.106013
4249	0.105673
4250	0.107797
4251	0.105391
4252	0.105356
4253	0.107409
4254	0.106706
4255	0.104196
4256	0.105829
4257	0.105191
4258	0.106307
4259	0.106359
4260	0.103749
4261	0.108573
4262	0.105806
4263	0.103233
4264	0.104111
4265	0.103769
4266	0.10409
4267	0.102677
4268	0.105853
4269	0.10591
4270	0.105763
4271	0.10639
4272	0.10216
4273	0.103863
4274	0.10623
4275	0.106621
4276	0.104388
4277	0.104514
4278	0.101753
4279	0.104682
4280	0.102896
4281	0.102852
4282	0.101742
4283	0.101827
4284	0.103909
4285	0.101559
4286	0.105143
4287	0.103902
4288	0.10313
4289	0.103963
4290	0.101869
4291	0.100742
4292	0.0988129
4293	0.103718
4294	0.104232
4295	0.101379
4296	0.100765
4297	0.102925
4298	0.0993453
4299	0.101921
4300	0.101835
4301	0.101816
4302	0.100157
4303	0.100446
4304	0.102833
4305	0.103178
4306	0.103539
4307	0.105112
4308	0.102537
4309	0.101476
4310	0.104217
4311	0.103574
4312	0.101877
4313	0.102551
4314	0.103884
4315	0.103917
4316	0.104081
4317	0.104811
4318	0.103014
4319	0.106314
4320	0.101062
4321	0.10231
4322	0.103035
4323	0.104437
4324	0.103979
4325	0.101746
4326	0.104155
4327	0.105208
4328	0.102528
4329	0.104568
4330	0.101646
4331	0.105846
4332	0.105446
4333	0.104726
4334	0.106105
4335	0.106964
4336	0.103626
4337	0.102477
4338	0.102334
4339	0.104629
4340	0.105747
4341	0.105824
4342	0.104449
4343	0.105322
4344	0.105871
4345	0.104069
4346	0.105056
4347	0.106098
4348	0.106621
4349	0.10703
4350	0.107417
4351	0.108528
4352	0.109691
4353	0.109779
4354	0.111294
4355	0.107957
4356	0.108165
4357	0.107536
4358	0.109207
4359	0.10998
4360	0.10693
4361	0.106741
4362	0.108952
4363	0.108351
4364	0.109132
4365	0.109307
4366	0.106034
4367	0.109777
4368	0.109378
