### Number of tubes used: 730
### Nuclear profiles per tube: 1.68219
### Resolution (bp): 40000
### Slice thickness (microns): 0.22
### Nuclear radius (microns): 4.5
### Detection efficiency: 0.858886
distance	 pi_threshold
1	0.334885
2	0.276396
3	0.254877
4	0.242352
5	0.229219
6	0.219964
7	0.221884
8	0.21718
9	0.208256
10	0.204364
11	0.203043
12	0.20098
13	0.197324
14	0.188303
15	0.186744
16	0.185281
17	0.184377
18	0.185104
19	0.180201
20	0.177827
21	0.177064
22	0.177489
23	0.173151
24	0.174083
25	0.169835
26	0.16926
27	0.170486
28	0.16866
29	0.163554
30	0.164594
31	0.166053
32	0.164151
33	0.162721
34	0.161787
35	0.156042
36	0.158424
37	0.156595
38	0.157643
39	0.158433
40	0.154348
41	0.155165
42	0.153733
43	0.157258
44	0.152058
45	0.152027
46	0.153769
47	0.151344
48	0.149246
49	0.148318
50	0.148557
51	0.149621
52	0.145354
53	0.149237
54	0.148879
55	0.14808
56	0.14386
57	0.145646
58	0.144827
59	0.142725
60	0.144517
61	0.142719
62	0.143676
63	0.147455
64	0.144996
65	0.139564
66	0.145584
67	0.139523
68	0.136177
69	0.138955
70	0.14021
71	0.142732
72	0.139539
73	0.138142
74	0.139944
75	0.134769
76	0.135841
77	0.140359
78	0.136475
79	0.137522
80	0.137148
81	0.137712
82	0.135987
83	0.135891
84	0.1375
85	0.136073
86	0.137355
87	0.134594
88	0.136678
89	0.137465
90	0.135431
91	0.132781
92	0.13267
93	0.136122
94	0.129702
95	0.133006
96	0.135132
97	0.13543
98	0.133337
99	0.13203
100	0.136956
101	0.134259
102	0.134319
103	0.128655
104	0.131193
105	0.133603
106	0.131722
107	0.130924
108	0.128799
109	0.131747
110	0.135818
111	0.129897
112	0.128322
113	0.133328
114	0.131099
115	0.126873
116	0.131052
117	0.131653
118	0.131414
119	0.134429
120	0.128079
121	0.132177
122	0.133822
123	0.13056
124	0.130769
125	0.126948
126	0.128714
127	0.131215
128	0.128117
129	0.127423
130	0.128225
131	0.129811
132	0.127988
133	0.12626
134	0.128338
135	0.128656
136	0.128862
137	0.129159
138	0.12776
139	0.129382
140	0.12587
141	0.127364
142	0.128039
143	0.129724
144	0.129804
145	0.130223
146	0.127748
147	0.128664
148	0.126374
149	0.126651
150	0.12478
151	0.126081
152	0.127107
153	0.126525
154	0.128075
155	0.124995
156	0.129468
157	0.125589
158	0.125986
159	0.126403
160	0.126417
161	0.128248
162	0.125184
163	0.126091
164	0.125281
165	0.125614
166	0.128271
167	0.125604
168	0.125525
169	0.126747
170	0.125786
171	0.125483
172	0.127632
173	0.126336
174	0.125552
175	0.124766
176	0.125999
177	0.123919
178	0.123974
179	0.124551
180	0.123417
181	0.122349
182	0.124507
183	0.123092
184	0.123339
185	0.125611
186	0.124456
187	0.125953
188	0.125192
189	0.126298
190	0.124313
191	0.124257
192	0.12429
193	0.12422
194	0.125396
195	0.125296
196	0.123946
197	0.124626
198	0.1247
199	0.124341
200	0.122128
201	0.124292
202	0.124918
203	0.12282
204	0.126972
205	0.123599
206	0.123205
207	0.123601
208	0.121587
209	0.123556
210	0.124092
211	0.12266
212	0.125763
213	0.124329
214	0.121173
215	0.126301
216	0.124213
217	0.124629
218	0.122852
219	0.123846
220	0.122962
221	0.123864
222	0.124102
223	0.123204
224	0.121657
225	0.124235
226	0.124134
227	0.121388
228	0.122637
229	0.12327
230	0.122715
231	0.123062
232	0.125169
233	0.120794
234	0.11982
235	0.119365
236	0.124256
237	0.123709
238	0.121056
239	0.118096
240	0.122016
241	0.122618
242	0.122149
243	0.122208
244	0.123111
245	0.124928
246	0.124276
247	0.123387
248	0.11977
249	0.123821
250	0.122623
251	0.121421
252	0.123681
253	0.124597
254	0.121472
255	0.12195
256	0.121925
257	0.124998
258	0.124237
259	0.121636
260	0.121066
261	0.124497
262	0.119342
263	0.122584
264	0.122684
265	0.123001
266	0.123675
267	0.122551
268	0.122901
269	0.123028
270	0.122362
271	0.122928
272	0.123116
273	0.119442
274	0.120747
275	0.121651
276	0.119271
277	0.122382
278	0.120254
279	0.1236
280	0.122768
281	0.122939
282	0.120563
283	0.120388
284	0.124309
285	0.121298
286	0.12174
287	0.119463
288	0.122692
289	0.124908
290	0.121514
291	0.119272
292	0.119854
293	0.122947
294	0.119164
295	0.119837
296	0.117219
297	0.122254
298	0.120653
299	0.120863
300	0.121577
301	0.121057
302	0.12383
303	0.119747
304	0.121119
305	0.120414
306	0.123077
307	0.12231
308	0.122534
309	0.122427
310	0.122396
311	0.119502
312	0.121251
313	0.121472
314	0.119379
315	0.122654
316	0.118998
317	0.122477
318	0.122607
319	0.121237
320	0.122836
321	0.122088
322	0.122655
323	0.12048
324	0.123293
325	0.117536
326	0.123338
327	0.121267
328	0.1211
329	0.120481
330	0.123723
331	0.123292
332	0.121345
333	0.124536
334	0.121265
335	0.121699
336	0.122622
337	0.12118
338	0.120631
339	0.12382
340	0.121199
341	0.120555
342	0.120847
343	0.121225
344	0.121805
345	0.12073
346	0.123812
347	0.121887
348	0.120971
349	0.118179
350	0.118413
351	0.121171
352	0.118092
353	0.117954
354	0.117506
355	0.124739
356	0.119279
357	0.121898
358	0.121951
359	0.122799
360	0.120034
361	0.11998
362	0.122016
363	0.116283
364	0.120841
365	0.121132
366	0.122685
367	0.119487
368	0.12249
369	0.119653
370	0.121563
371	0.120163
372	0.117646
373	0.120796
374	0.118977
375	0.116345
376	0.118017
377	0.118342
378	0.123801
379	0.120372
380	0.120255
381	0.118552
382	0.119441
383	0.120811
384	0.123539
385	0.119984
386	0.122975
387	0.12295
388	0.119945
389	0.121564
390	0.121437
391	0.121233
392	0.116157
393	0.119656
394	0.121177
395	0.119661
396	0.118669
397	0.120756
398	0.118108
399	0.118643
400	0.121267
401	0.120052
402	0.121615
403	0.121979
404	0.119791
405	0.120962
406	0.118831
407	0.119323
408	0.120914
409	0.121835
410	0.118975
411	0.121692
412	0.119258
413	0.121206
414	0.121745
415	0.121001
416	0.121573
417	0.121782
418	0.122293
419	0.120915
420	0.120367
421	0.120433
422	0.122357
423	0.122993
424	0.120468
425	0.121974
426	0.122325
427	0.122713
428	0.124849
429	0.120254
430	0.119588
431	0.11995
432	0.119364
433	0.117638
434	0.119559
435	0.119087
436	0.119212
437	0.120844
438	0.122583
439	0.122556
440	0.121481
441	0.119164
442	0.119796
443	0.122075
444	0.124944
445	0.118741
446	0.124726
447	0.122263
448	0.119818
449	0.124072
450	0.120275
451	0.119337
452	0.122422
453	0.119207
454	0.119835
455	0.118978
456	0.12318
457	0.119033
458	0.120418
459	0.119673
460	0.123406
461	0.119727
462	0.117907
463	0.119938
464	0.120109
465	0.120404
466	0.123185
467	0.12106
468	0.120082
469	0.118721
470	0.121023
471	0.119948
472	0.122084
473	0.120318
474	0.120502
475	0.118406
476	0.116972
477	0.122854
478	0.118825
479	0.118521
480	0.120299
481	0.120107
482	0.120269
483	0.119252
484	0.120709
485	0.119657
486	0.121544
487	0.117992
488	0.120042
489	0.117951
490	0.120412
491	0.118563
492	0.120297
493	0.117948
494	0.121511
495	0.120782
496	0.117374
497	0.120616
498	0.117193
499	0.120978
500	0.121089
501	0.12093
502	0.118517
503	0.124103
504	0.123199
505	0.122712
506	0.117359
507	0.119077
508	0.120016
509	0.120496
510	0.120893
511	0.120342
512	0.120613
513	0.121596
514	0.120478
515	0.119546
516	0.119581
517	0.121424
518	0.120842
519	0.119942
520	0.121668
521	0.1219
522	0.119641
523	0.11888
524	0.119715
525	0.120887
526	0.118728
527	0.117089
528	0.119995
529	0.120008
530	0.121628
531	0.122163
532	0.123337
533	0.119355
534	0.118073
535	0.119064
536	0.118787
537	0.119947
538	0.120669
539	0.119106
540	0.12353
541	0.118423
542	0.121153
543	0.120658
544	0.118358
545	0.120693
546	0.119247
547	0.119637
548	0.120175
549	0.121387
550	0.120239
551	0.119662
552	0.119303
553	0.118556
554	0.119623
555	0.121104
556	0.117714
557	0.119859
558	0.123065
559	0.119048
560	0.117284
561	0.11877
562	0.121549
563	0.121667
564	0.119143
565	0.1208
566	0.120768
567	0.117322
568	0.119172
569	0.118186
570	0.118885
571	0.119565
572	0.121485
573	0.119782
574	0.121676
575	0.119922
576	0.118338
577	0.11846
578	0.11967
579	0.118163
580	0.117647
581	0.120445
582	0.120511
583	0.118217
584	0.119197
585	0.120116
586	0.12033
587	0.118822
588	0.121217
589	0.119763
590	0.120902
591	0.119641
592	0.119591
593	0.118569
594	0.116896
595	0.11974
596	0.118818
597	0.1209
598	0.118951
599	0.118356
600	0.120715
601	0.124832
602	0.118717
603	0.120508
604	0.121622
605	0.119456
606	0.117144
607	0.119225
608	0.122144
609	0.12214
610	0.121038
611	0.121839
612	0.121861
613	0.119163
614	0.117692
615	0.12013
616	0.120055
617	0.12102
618	0.120163
619	0.116877
620	0.121022
621	0.117644
622	0.117085
623	0.11878
624	0.116975
625	0.119627
626	0.119451
627	0.119452
628	0.118003
629	0.121112
630	0.118729
631	0.120962
632	0.118039
633	0.119142
634	0.117376
635	0.11963
636	0.117043
637	0.120146
638	0.118608
639	0.117982
640	0.117086
641	0.121643
642	0.121578
643	0.119542
644	0.118587
645	0.119654
646	0.118042
647	0.11887
648	0.119985
649	0.120353
650	0.119227
651	0.12107
652	0.119627
653	0.119202
654	0.117845
655	0.117016
656	0.12052
657	0.116172
658	0.11997
659	0.119066
660	0.117532
661	0.117837
662	0.119386
663	0.120334
664	0.120563
665	0.118987
666	0.1188
667	0.119396
668	0.116584
669	0.120112
670	0.119601
671	0.1197
672	0.118389
673	0.118735
674	0.118097
675	0.119564
676	0.118294
677	0.116008
678	0.119795
679	0.117948
680	0.118291
681	0.115736
682	0.116714
683	0.118939
684	0.120368
685	0.117737
686	0.118202
687	0.118617
688	0.117358
689	0.118658
690	0.117306
691	0.120644
692	0.116891
693	0.11866
694	0.118136
695	0.119522
696	0.119884
697	0.119228
698	0.119427
699	0.118993
700	0.115146
701	0.118455
702	0.117502
703	0.118765
704	0.116582
705	0.118074
706	0.119717
707	0.11434
708	0.115714
709	0.11442
710	0.118819
711	0.117887
712	0.117344
713	0.117271
714	0.117005
715	0.120192
716	0.116849
717	0.115491
718	0.119937
719	0.115964
720	0.118159
721	0.119418
722	0.119651
723	0.116698
724	0.119256
725	0.116822
726	0.118672
727	0.117683
728	0.118029
729	0.11631
730	0.1174
731	0.11942
732	0.117328
733	0.118719
734	0.11639
735	0.120923
736	0.11657
737	0.116574
738	0.11689
739	0.120455
740	0.115914
741	0.119833
742	0.118224
743	0.114878
744	0.119355
745	0.116285
746	0.117553
747	0.115985
748	0.117177
749	0.117184
750	0.115714
751	0.118725
752	0.118858
753	0.117801
754	0.115901
755	0.117362
756	0.115291
757	0.116605
758	0.121424
759	0.115496
760	0.117846
761	0.118098
762	0.119117
763	0.119113
764	0.115127
765	0.116699
766	0.116805
767	0.118183
768	0.118481
769	0.113861
770	0.117696
771	0.117265
772	0.119791
773	0.116496
774	0.117173
775	0.119149
776	0.11692
777	0.11822
778	0.118037
779	0.117968
780	0.117983
781	0.114351
782	0.114217
783	0.116158
784	0.116957
785	0.11641
786	0.114821
787	0.117482
788	0.115849
789	0.115598
790	0.117266
791	0.117507
792	0.116905
793	0.115727
794	0.118511
795	0.115607
796	0.116419
797	0.117002
798	0.116318
799	0.118404
800	0.114507
801	0.116533
802	0.11579
803	0.115163
804	0.116433
805	0.115755
806	0.115909
807	0.115591
808	0.117401
809	0.115935
810	0.116402
811	0.113231
812	0.115798
813	0.113769
814	0.115288
815	0.110234
816	0.112303
817	0.115317
818	0.116349
819	0.114613
820	0.114265
821	0.114398
822	0.112883
823	0.115009
824	0.117986
825	0.114031
826	0.114581
827	0.113336
828	0.117437
829	0.11763
830	0.116136
831	0.117581
832	0.117828
833	0.117096
834	0.11307
835	0.11572
836	0.115419
837	0.118475
838	0.11554
839	0.113932
840	0.111961
841	0.114773
842	0.114656
843	0.11448
844	0.113115
845	0.11652
846	0.113488
847	0.114406
848	0.112976
849	0.11565
850	0.115962
851	0.114311
852	0.115651
853	0.114581
854	0.115191
855	0.114674
856	0.113677
857	0.116734
858	0.111104
859	0.114552
860	0.115515
861	0.115555
862	0.114209
863	0.114805
864	0.112545
865	0.112278
866	0.113518
867	0.11298
868	0.112642
869	0.111149
870	0.112206
871	0.114391
872	0.113169
873	0.112731
874	0.114031
875	0.113218
876	0.112622
877	0.116915
878	0.114996
879	0.112118
880	0.113822
881	0.114222
882	0.112517
883	0.111958
884	0.114099
885	0.114597
886	0.114743
887	0.11546
888	0.11536
889	0.114828
890	0.112261
891	0.112099
892	0.116144
893	0.114816
894	0.112387
895	0.112567
896	0.11682
897	0.111795
898	0.114983
899	0.112139
900	0.115523
901	0.111783
902	0.113895
903	0.113313
904	0.113944
905	0.11295
906	0.113407
907	0.113365
908	0.11392
909	0.113521
910	0.112756
911	0.112358
912	0.1132
913	0.111916
914	0.112402
915	0.111826
916	0.113349
917	0.114821
918	0.114305
919	0.115248
920	0.11273
921	0.115122
922	0.11681
923	0.114146
924	0.115255
925	0.113794
926	0.114154
927	0.113226
928	0.112464
929	0.113138
930	0.111331
931	0.114974
932	0.11217
933	0.114977
934	0.112017
935	0.113185
936	0.113476
937	0.112769
938	0.116001
939	0.112008
940	0.115554
941	0.114552
942	0.117197
943	0.114088
944	0.116899
945	0.11591
946	0.116491
947	0.117548
948	0.11449
949	0.112343
950	0.115175
951	0.113654
952	0.112114
953	0.115781
954	0.114161
955	0.11376
956	0.113909
957	0.116453
958	0.115374
959	0.113724
960	0.112085
961	0.113204
962	0.113374
963	0.113685
964	0.115983
965	0.112332
966	0.113519
967	0.11504
968	0.1157
969	0.111245
970	0.11616
971	0.115307
972	0.114026
973	0.11394
974	0.116619
975	0.111869
976	0.114531
977	0.117114
978	0.115871
979	0.113983
980	0.116485
981	0.114316
982	0.111966
983	0.115198
984	0.114746
985	0.114752
986	0.113433
987	0.112147
988	0.113394
989	0.112051
990	0.11556
991	0.114361
992	0.113578
993	0.113338
994	0.11486
995	0.114725
996	0.11434
997	0.111294
998	0.112958
999	0.116189
1000	0.115047
1001	0.112624
1002	0.112806
1003	0.113761
1004	0.11479
1005	0.113312
1006	0.114276
1007	0.115595
1008	0.114302
1009	0.113249
1010	0.111965
1011	0.113767
1012	0.1147
1013	0.115908
1014	0.115295
1015	0.113297
1016	0.113013
1017	0.118988
1018	0.113744
1019	0.115402
1020	0.114574
1021	0.115066
1022	0.114944
1023	0.116387
1024	0.112671
1025	0.113222
1026	0.114003
1027	0.113229
1028	0.113267
1029	0.113862
1030	0.110652
1031	0.114812
1032	0.110684
1033	0.11345
1034	0.111429
1035	0.111998
1036	0.113693
1037	0.115564
1038	0.113994
1039	0.115924
1040	0.114976
1041	0.113924
1042	0.114214
1043	0.113889
1044	0.112428
1045	0.113523
1046	0.110569
1047	0.11474
1048	0.11434
1049	0.110623
1050	0.113215
1051	0.115162
1052	0.111893
1053	0.11479
1054	0.114555
1055	0.115465
1056	0.11203
1057	0.112591
1058	0.114059
1059	0.113512
1060	0.112158
1061	0.111792
1062	0.113923
1063	0.112824
1064	0.113937
1065	0.111285
1066	0.112729
1067	0.115949
1068	0.111351
1069	0.113681
1070	0.112693
1071	0.111365
1072	0.112605
1073	0.11357
1074	0.112925
1075	0.112184
1076	0.111705
1077	0.11274
1078	0.115895
1079	0.112976
1080	0.112524
1081	0.112086
1082	0.113249
1083	0.114387
1084	0.114626
1085	0.113666
1086	0.11453
1087	0.112775
1088	0.11414
1089	0.111301
1090	0.113385
1091	0.113641
1092	0.113343
1093	0.110808
1094	0.113178
1095	0.114771
1096	0.112521
1097	0.114953
1098	0.11173
1099	0.113109
1100	0.113671
1101	0.117042
1102	0.115802
1103	0.115091
1104	0.113353
1105	0.114711
1106	0.113069
1107	0.112917
1108	0.113902
1109	0.1136
1110	0.113209
1111	0.11348
1112	0.115746
1113	0.112655
1114	0.112478
1115	0.112224
1116	0.110446
1117	0.113363
1118	0.113609
1119	0.112282
1120	0.112946
1121	0.11288
1122	0.10902
1123	0.112707
1124	0.112663
1125	0.11508
1126	0.115433
1127	0.113637
1128	0.111995
1129	0.114333
1130	0.111828
1131	0.11454
1132	0.116097
1133	0.111343
1134	0.115624
1135	0.110809
1136	0.113199
1137	0.115998
1138	0.113474
1139	0.1139
1140	0.114166
1141	0.113827
1142	0.114877
1143	0.111637
1144	0.113542
1145	0.112251
1146	0.113056
1147	0.110359
1148	0.113404
1149	0.113511
1150	0.111514
1151	0.11067
1152	0.11492
1153	0.113428
1154	0.110214
1155	0.107617
1156	0.112629
1157	0.112452
1158	0.113013
1159	0.110218
1160	0.112198
1161	0.112507
1162	0.113567
1163	0.110343
1164	0.112566
1165	0.111038
1166	0.109981
1167	0.113049
1168	0.111252
1169	0.10876
1170	0.112573
1171	0.114658
1172	0.110396
1173	0.112494
1174	0.112889
1175	0.107277
1176	0.108903
1177	0.112744
1178	0.111999
1179	0.111179
1180	0.111876
1181	0.110112
1182	0.111848
1183	0.112053
1184	0.109902
1185	0.110268
1186	0.112741
1187	0.108759
1188	0.109941
1189	0.109791
1190	0.112653
1191	0.110849
1192	0.108445
1193	0.110619
1194	0.109173
1195	0.111702
1196	0.114726
1197	0.107052
1198	0.109878
1199	0.110163
1200	0.110063
1201	0.111396
1202	0.110538
1203	0.109727
1204	0.110894
1205	0.11106
1206	0.107534
1207	0.112367
1208	0.111601
1209	0.111756
1210	0.110726
1211	0.110172
1212	0.109221
1213	0.110283
1214	0.112077
1215	0.109579
1216	0.109798
1217	0.111073
1218	0.110922
1219	0.110195
1220	0.109245
1221	0.11053
1222	0.111095
1223	0.108128
1224	0.11305
1225	0.110362
1226	0.109614
1227	0.108521
1228	0.110665
1229	0.110423
1230	0.110426
1231	0.110215
1232	0.110018
1233	0.110831
1234	0.111244
1235	0.111805
1236	0.108358
1237	0.110663
1238	0.109675
1239	0.111436
1240	0.111785
1241	0.109935
1242	0.110717
1243	0.112072
1244	0.113916
1245	0.110757
1246	0.111191
1247	0.11374
1248	0.108227
1249	0.112102
1250	0.110799
1251	0.108093
1252	0.111751
1253	0.112126
1254	0.110123
1255	0.109434
1256	0.111312
1257	0.108021
1258	0.113252
1259	0.111654
1260	0.110305
1261	0.113741
1262	0.110688
1263	0.109389
1264	0.109326
1265	0.107713
1266	0.108258
1267	0.109316
1268	0.112748
1269	0.110013
1270	0.107374
1271	0.109586
1272	0.111511
1273	0.110859
1274	0.111146
1275	0.111415
1276	0.11058
1277	0.109698
1278	0.112572
1279	0.110504
1280	0.112631
1281	0.111449
1282	0.110015
1283	0.1078
1284	0.11196
1285	0.110945
1286	0.111272
1287	0.110365
1288	0.111733
1289	0.110678
1290	0.112942
1291	0.111904
1292	0.112892
1293	0.112264
1294	0.111967
1295	0.1095
1296	0.110118
1297	0.110818
1298	0.112757
1299	0.112593
1300	0.110795
1301	0.108658
1302	0.112886
1303	0.110336
1304	0.109242
1305	0.110078
1306	0.109348
1307	0.109873
1308	0.109222
1309	0.110267
1310	0.110011
1311	0.110374
1312	0.112265
1313	0.11314
1314	0.111551
1315	0.11155
1316	0.109748
1317	0.110791
1318	0.110982
1319	0.110648
1320	0.108629
1321	0.110739
1322	0.109264
1323	0.111956
1324	0.110563
1325	0.108819
1326	0.112872
1327	0.109342
1328	0.108874
1329	0.109275
1330	0.111654
1331	0.109994
1332	0.1098
1333	0.11109
1334	0.110687
1335	0.109008
1336	0.110804
1337	0.112124
1338	0.111037
1339	0.11027
1340	0.109858
1341	0.110361
1342	0.110439
1343	0.112339
1344	0.108337
1345	0.10814
1346	0.110443
1347	0.109658
1348	0.108123
1349	0.107664
1350	0.107981
1351	0.112008
1352	0.107319
1353	0.108099
1354	0.109284
1355	0.108152
1356	0.108779
1357	0.109087
1358	0.113076
1359	0.11102
1360	0.108622
1361	0.106814
1362	0.109116
1363	0.109267
1364	0.106715
1365	0.108425
1366	0.111085
1367	0.110329
1368	0.106565
1369	0.110098
1370	0.107787
1371	0.110514
1372	0.109652
1373	0.107574
1374	0.107861
1375	0.108923
1376	0.109636
1377	0.108691
1378	0.111245
1379	0.108092
1380	0.111661
1381	0.106167
1382	0.111281
1383	0.110544
1384	0.110251
1385	0.10985
1386	0.104858
1387	0.109979
1388	0.110113
1389	0.108039
1390	0.108603
1391	0.108109
1392	0.10985
1393	0.110199
1394	0.107279
1395	0.107463
1396	0.108037
1397	0.109603
1398	0.109798
1399	0.10777
1400	0.109941
1401	0.10786
1402	0.107249
1403	0.108939
1404	0.10955
1405	0.110999
1406	0.10883
1407	0.108587
1408	0.111659
1409	0.10977
1410	0.107504
1411	0.108042
1412	0.109477
1413	0.109342
1414	0.10823
1415	0.110347
1416	0.11048
1417	0.109158
1418	0.107209
1419	0.109939
1420	0.107185
1421	0.10933
1422	0.107834
1423	0.108498
1424	0.108128
1425	0.107642
1426	0.108755
1427	0.106879
1428	0.10798
1429	0.10821
1430	0.109236
1431	0.109301
1432	0.109001
1433	0.109161
1434	0.108982
1435	0.106813
1436	0.106792
1437	0.111813
1438	0.107063
1439	0.109581
1440	0.107045
1441	0.107437
1442	0.109569
1443	0.110553
1444	0.106008
1445	0.109236
1446	0.10942
1447	0.106725
1448	0.107633
1449	0.110416
1450	0.10736
1451	0.107246
1452	0.109859
1453	0.108217
1454	0.113172
1455	0.110337
1456	0.108218
1457	0.106813
1458	0.11011
1459	0.10811
1460	0.106101
1461	0.106764
1462	0.110679
1463	0.109174
1464	0.107686
1465	0.109898
1466	0.110982
1467	0.109879
1468	0.107605
1469	0.107498
1470	0.108481
1471	0.109229
1472	0.109336
1473	0.104675
1474	0.108136
1475	0.110233
1476	0.108219
1477	0.110477
1478	0.108039
1479	0.10989
1480	0.108405
1481	0.1091
1482	0.105406
1483	0.108998
1484	0.106839
1485	0.108842
1486	0.106843
1487	0.109152
1488	0.109674
1489	0.109175
1490	0.106586
1491	0.106976
1492	0.109567
1493	0.11159
1494	0.109948
1495	0.105048
1496	0.108517
1497	0.109969
1498	0.108525
1499	0.108051
1500	0.111935
1501	0.111503
1502	0.108899
1503	0.10971
1504	0.106377
1505	0.111748
1506	0.106697
1507	0.106103
1508	0.109174
1509	0.106551
1510	0.106553
1511	0.109047
1512	0.109214
1513	0.109267
1514	0.106457
1515	0.105291
1516	0.109631
1517	0.107698
1518	0.109283
1519	0.109285
1520	0.109143
1521	0.10641
1522	0.112052
1523	0.107463
1524	0.107715
1525	0.106987
1526	0.109782
1527	0.109611
1528	0.107494
1529	0.10616
1530	0.10961
1531	0.109669
1532	0.107842
1533	0.108553
1534	0.109091
1535	0.111295
1536	0.106243
1537	0.106702
1538	0.108129
1539	0.108372
1540	0.108165
1541	0.107754
1542	0.108329
1543	0.105615
1544	0.105724
1545	0.10842
1546	0.109315
1547	0.108971
1548	0.1115
1549	0.10878
1550	0.111812
1551	0.107207
1552	0.10769
1553	0.109054
1554	0.108055
1555	0.108324
1556	0.105546
1557	0.109429
1558	0.107864
1559	0.107815
1560	0.108925
1561	0.106515
1562	0.10738
1563	0.109821
1564	0.1092
1565	0.109438
1566	0.10466
1567	0.106515
1568	0.107217
1569	0.108046
1570	0.109002
1571	0.106949
1572	0.108433
1573	0.106885
1574	0.111019
1575	0.106728
1576	0.112892
1577	0.106647
1578	0.109948
1579	0.109917
1580	0.10969
1581	0.109805
1582	0.107956
1583	0.106856
1584	0.107919
1585	0.109607
1586	0.107245
1587	0.107423
1588	0.106384
1589	0.107986
1590	0.109603
1591	0.10898
1592	0.108441
1593	0.110937
1594	0.104036
1595	0.10697
1596	0.109188
1597	0.108941
1598	0.109034
1599	0.109146
1600	0.107272
1601	0.10791
1602	0.110564
1603	0.110584
1604	0.110037
1605	0.107789
1606	0.108425
1607	0.108936
1608	0.111117
1609	0.10754
1610	0.108417
1611	0.109573
1612	0.109537
1613	0.109418
1614	0.107291
1615	0.112123
1616	0.10814
1617	0.108112
1618	0.106675
1619	0.10852
1620	0.10934
1621	0.108023
1622	0.109432
1623	0.11125
1624	0.108426
1625	0.10857
1626	0.108417
1627	0.107415
1628	0.107542
1629	0.110484
1630	0.107245
1631	0.107789
1632	0.110573
1633	0.108684
1634	0.107773
1635	0.108456
1636	0.110375
1637	0.108765
1638	0.108952
1639	0.108626
1640	0.106924
1641	0.110991
1642	0.113417
1643	0.108801
1644	0.105752
1645	0.107549
1646	0.108385
1647	0.10831
1648	0.107602
1649	0.10721
1650	0.112856
1651	0.107677
1652	0.110885
1653	0.108863
1654	0.107281
1655	0.108892
1656	0.109043
1657	0.10833
1658	0.105072
1659	0.106908
1660	0.106556
1661	0.110899
1662	0.109243
1663	0.109172
1664	0.106365
1665	0.108289
1666	0.110511
1667	0.106659
1668	0.106543
1669	0.107811
1670	0.10913
1671	0.108654
1672	0.106528
1673	0.109186
1674	0.108475
1675	0.109326
1676	0.108129
1677	0.105507
1678	0.106721
1679	0.107822
1680	0.107871
1681	0.109048
1682	0.107257
1683	0.10803
1684	0.110534
1685	0.10861
1686	0.110545
1687	0.110856
1688	0.105331
1689	0.109838
1690	0.110837
1691	0.105811
1692	0.105924
1693	0.104877
1694	0.10684
1695	0.108925
1696	0.109523
1697	0.107654
1698	0.108914
1699	0.105882
1700	0.110651
1701	0.109024
1702	0.107122
1703	0.10885
1704	0.106415
1705	0.109725
1706	0.109366
1707	0.107082
1708	0.107113
1709	0.107942
1710	0.108335
1711	0.108407
1712	0.1081
1713	0.109374
1714	0.106065
1715	0.108197
1716	0.107598
1717	0.107773
1718	0.108228
1719	0.109796
1720	0.106789
1721	0.107661
1722	0.107214
1723	0.10685
1724	0.107502
1725	0.107331
1726	0.107654
1727	0.107418
1728	0.108189
1729	0.10661
1730	0.106873
1731	0.108525
1732	0.1074
1733	0.109032
1734	0.105267
1735	0.107949
1736	0.106303
1737	0.106396
1738	0.104394
1739	0.107096
1740	0.106803
1741	0.107929
1742	0.110063
1743	0.109462
1744	0.106735
1745	0.105332
1746	0.107667
1747	0.108604
1748	0.107654
1749	0.105089
1750	0.108816
1751	0.108457
1752	0.107888
1753	0.105974
1754	0.109369
1755	0.109953
1756	0.1086
1757	0.110759
1758	0.108267
1759	0.109373
1760	0.109262
1761	0.107348
1762	0.104529
1763	0.108264
1764	0.108208
1765	0.108
1766	0.107864
1767	0.108575
1768	0.105861
1769	0.108739
1770	0.109289
1771	0.10819
1772	0.108624
1773	0.110108
1774	0.108616
1775	0.109123
1776	0.108238
1777	0.109987
1778	0.108212
1779	0.109858
1780	0.105941
1781	0.107676
1782	0.108746
1783	0.107775
1784	0.107757
1785	0.111487
1786	0.109887
1787	0.108603
1788	0.111331
1789	0.106042
1790	0.106596
1791	0.107142
1792	0.106472
1793	0.106656
1794	0.1062
1795	0.106051
1796	0.11162
1797	0.108934
1798	0.107529
1799	0.10713
1800	0.110218
1801	0.10922
1802	0.108938
1803	0.107648
1804	0.108449
1805	0.105667
1806	0.105491
1807	0.108028
1808	0.109364
1809	0.107463
1810	0.108359
1811	0.110468
1812	0.107727
1813	0.109308
1814	0.105811
1815	0.106301
1816	0.109769
1817	0.109167
1818	0.107419
1819	0.10927
1820	0.110961
1821	0.108509
1822	0.108859
1823	0.107691
1824	0.11018
1825	0.105771
1826	0.1071
1827	0.106741
1828	0.108231
1829	0.109858
1830	0.10982
1831	0.106249
1832	0.109184
1833	0.111522
1834	0.106854
1835	0.107303
1836	0.106803
1837	0.109372
1838	0.105333
1839	0.107201
1840	0.106986
1841	0.108829
1842	0.110327
1843	0.110006
1844	0.106055
1845	0.108452
1846	0.107947
1847	0.108819
1848	0.106813
1849	0.108456
1850	0.105911
1851	0.111178
1852	0.109044
1853	0.110744
1854	0.106887
1855	0.113146
1856	0.107688
1857	0.110176
1858	0.108216
1859	0.110061
1860	0.107659
1861	0.1075
1862	0.107723
1863	0.107304
1864	0.107469
1865	0.108329
1866	0.109376
1867	0.108557
1868	0.109611
1869	0.106542
1870	0.109395
1871	0.106969
1872	0.108666
1873	0.108898
1874	0.113281
1875	0.106521
1876	0.108991
1877	0.109494
1878	0.106369
1879	0.107844
1880	0.109131
1881	0.110901
1882	0.108509
1883	0.109633
1884	0.109489
1885	0.108599
1886	0.108151
1887	0.107793
1888	0.113088
1889	0.106484
1890	0.109364
1891	0.111255
1892	0.10772
1893	0.10785
1894	0.108421
1895	0.111341
1896	0.111603
1897	0.106449
1898	0.109685
1899	0.112833
1900	0.108802
1901	0.108365
1902	0.108373
1903	0.111945
1904	0.107661
1905	0.108519
1906	0.107961
1907	0.108156
1908	0.108623
1909	0.111511
1910	0.111547
1911	0.108785
1912	0.11183
1913	0.108223
1914	0.112591
1915	0.109295
1916	0.109388
1917	0.108766
1918	0.108969
1919	0.109474
1920	0.110176
1921	0.108948
1922	0.10599
1923	0.108644
1924	0.109571
1925	0.109711
1926	0.108296
1927	0.108844
1928	0.1091
1929	0.109289
1930	0.109705
1931	0.108564
1932	0.109845
1933	0.106759
1934	0.109391
1935	0.11257
1936	0.1099
1937	0.109277
1938	0.107972
1939	0.108336
1940	0.108016
1941	0.104176
1942	0.111532
1943	0.10989
1944	0.108648
1945	0.108175
1946	0.108171
1947	0.108295
1948	0.10863
1949	0.104811
1950	0.107337
1951	0.107545
1952	0.108275
1953	0.107825
1954	0.108921
1955	0.10952
1956	0.109945
1957	0.107124
1958	0.105885
1959	0.108044
1960	0.108381
1961	0.108882
1962	0.10822
1963	0.106027
1964	0.109375
1965	0.108811
1966	0.108813
1967	0.107571
1968	0.10921
1969	0.107
1970	0.10927
1971	0.10972
1972	0.109071
1973	0.107033
1974	0.108315
1975	0.110665
1976	0.108137
1977	0.110655
1978	0.108369
1979	0.109756
1980	0.109306
1981	0.109315
1982	0.112417
1983	0.107852
1984	0.108445
1985	0.107597
1986	0.110593
1987	0.107954
1988	0.108073
1989	0.109478
1990	0.110598
1991	0.107437
1992	0.110191
1993	0.106272
1994	0.108337
1995	0.110064
1996	0.109826
1997	0.109325
1998	0.108605
1999	0.107723
2000	0.110444
2001	0.106739
2002	0.108936
2003	0.108788
2004	0.108947
2005	0.109479
2006	0.108986
2007	0.107745
2008	0.108425
2009	0.110592
2010	0.107874
2011	0.107278
2012	0.107967
2013	0.113032
2014	0.109965
2015	0.1106
2016	0.11074
2017	0.109021
2018	0.104584
2019	0.107239
2020	0.109975
2021	0.110083
2022	0.107134
2023	0.110001
2024	0.109835
2025	0.107732
2026	0.104915
2027	0.110264
2028	0.106125
2029	0.109951
2030	0.110249
2031	0.109353
2032	0.107956
2033	0.108678
2034	0.110197
2035	0.108315
2036	0.106009
2037	0.10959
2038	0.107022
2039	0.106902
2040	0.10702
2041	0.107408
2042	0.108355
2043	0.10552
2044	0.107653
2045	0.108232
2046	0.106737
2047	0.105303
2048	0.108039
2049	0.110239
2050	0.105485
2051	0.107483
2052	0.107855
2053	0.108165
2054	0.107925
2055	0.107303
2056	0.108518
2057	0.107635
2058	0.110039
2059	0.107302
2060	0.107083
2061	0.109717
2062	0.109982
2063	0.10924
2064	0.10674
2065	0.109435
2066	0.10674
2067	0.10568
2068	0.108776
2069	0.110468
2070	0.105193
2071	0.108725
2072	0.109643
2073	0.108407
2074	0.107418
2075	0.105942
2076	0.108366
2077	0.104711
2078	0.108807
2079	0.106789
2080	0.110062
2081	0.107353
2082	0.108113
2083	0.108429
2084	0.106514
2085	0.106114
2086	0.108177
2087	0.106082
2088	0.108133
2089	0.107479
2090	0.10742
2091	0.104195
2092	0.103693
2093	0.107988
2094	0.109936
2095	0.106672
2096	0.107574
2097	0.105646
2098	0.107849
2099	0.106929
2100	0.107806
2101	0.103994
2102	0.106616
2103	0.108777
2104	0.105271
2105	0.106516
2106	0.107379
2107	0.107956
2108	0.104859
2109	0.105898
2110	0.106763
2111	0.108965
2112	0.107205
2113	0.107532
2114	0.106982
2115	0.107564
2116	0.107405
2117	0.106817
2118	0.109497
2119	0.109078
2120	0.104849
2121	0.106406
2122	0.107506
2123	0.110499
2124	0.10711
2125	0.107922
2126	0.107947
2127	0.109814
2128	0.108376
2129	0.107437
2130	0.105744
2131	0.106094
2132	0.108192
2133	0.10953
2134	0.108339
2135	0.106294
2136	0.104743
2137	0.107361
2138	0.108684
2139	0.106015
2140	0.10676
2141	0.109634
2142	0.108265
2143	0.106988
2144	0.109247
2145	0.106941
2146	0.104698
2147	0.106604
2148	0.106875
2149	0.106641
2150	0.106631
2151	0.106042
2152	0.109486
2153	0.108739
2154	0.108292
2155	0.106626
2156	0.106857
2157	0.106074
2158	0.105087
2159	0.107267
2160	0.105687
2161	0.104743
2162	0.10756
2163	0.105792
2164	0.105918
2165	0.106693
2166	0.108579
2167	0.107587
2168	0.108255
2169	0.106667
2170	0.107208
2171	0.109017
2172	0.10511
2173	0.106678
2174	0.107006
2175	0.106555
2176	0.104908
2177	0.108266
2178	0.108317
2179	0.106287
2180	0.108913
2181	0.107863
2182	0.108447
2183	0.110092
2184	0.106786
2185	0.108651
2186	0.107308
2187	0.10643
2188	0.108757
2189	0.107264
2190	0.105955
2191	0.105985
2192	0.107263
2193	0.107854
2194	0.104591
2195	0.107646
2196	0.106571
2197	0.10689
2198	0.108591
2199	0.106626
2200	0.108009
2201	0.103544
2202	0.106115
2203	0.108139
2204	0.106362
2205	0.107174
2206	0.103338
2207	0.104756
2208	0.104554
2209	0.108055
2210	0.108397
2211	0.106621
2212	0.1059
2213	0.104066
2214	0.106822
2215	0.107492
2216	0.10648
2217	0.104891
2218	0.10451
2219	0.103638
2220	0.10796
2221	0.108388
2222	0.106659
2223	0.106065
2224	0.105737
2225	0.104756
2226	0.107458
2227	0.105736
2228	0.10662
2229	0.107346
2230	0.108229
2231	0.107726
2232	0.105233
2233	0.107026
2234	0.105981
2235	0.107215
2236	0.106671
2237	0.105339
2238	0.107096
2239	0.107729
2240	0.107052
2241	0.106094
2242	0.107323
2243	0.108036
2244	0.108239
2245	0.105963
2246	0.106871
2247	0.106972
2248	0.107914
2249	0.107278
2250	0.105306
2251	0.106142
2252	0.107368
2253	0.108185
2254	0.108119
2255	0.105568
2256	0.105855
2257	0.10606
2258	0.107004
2259	0.110322
2260	0.104652
2261	0.110288
2262	0.108512
2263	0.107174
2264	0.1056
2265	0.106289
2266	0.111245
2267	0.107995
2268	0.108472
2269	0.106951
2270	0.105214
2271	0.10689
2272	0.105693
2273	0.10823
2274	0.108632
2275	0.105009
2276	0.105851
2277	0.105136
2278	0.105788
2279	0.106389
2280	0.106414
2281	0.105125
2282	0.1091
2283	0.109336
2284	0.106582
2285	0.109458
2286	0.108464
2287	0.108784
2288	0.109603
2289	0.107775
2290	0.10742
2291	0.108746
2292	0.112999
2293	0.108362
2294	0.11
2295	0.106554
2296	0.108445
2297	0.111232
2298	0.111676
2299	0.107208
2300	0.107686
2301	0.106042
2302	0.108996
2303	0.106779
2304	0.109497
2305	0.108212
2306	0.108665
2307	0.106043
2308	0.107962
2309	0.10763
2310	0.10964
2311	0.105827
2312	0.108281
2313	0.107027
2314	0.105958
2315	0.105851
2316	0.106509
2317	0.110356
2318	0.108784
2319	0.108047
2320	0.106876
2321	0.108721
2322	0.109188
2323	0.109713
2324	0.108482
2325	0.109592
2326	0.106637
2327	0.106911
2328	0.10666
2329	0.107344
2330	0.107665
2331	0.106862
2332	0.106664
2333	0.107824
2334	0.109959
2335	0.107911
2336	0.107378
2337	0.105909
2338	0.107758
2339	0.107684
2340	0.10636
2341	0.107378
2342	0.106938
2343	0.109806
2344	0.106794
2345	0.109012
2346	0.107834
2347	0.110125
2348	0.10583
2349	0.108122
2350	0.10792
2351	0.108014
2352	0.106914
2353	0.107194
2354	0.105281
2355	0.108357
2356	0.108648
2357	0.107964
2358	0.107982
2359	0.107997
2360	0.109066
2361	0.108471
2362	0.108001
2363	0.110378
2364	0.108153
2365	0.108449
2366	0.106053
2367	0.109488
2368	0.111101
2369	0.106274
2370	0.105105
2371	0.106394
2372	0.108879
2373	0.109087
2374	0.106472
2375	0.107581
2376	0.107764
2377	0.107576
2378	0.107126
2379	0.108294
2380	0.106985
2381	0.10913
2382	0.109952
2383	0.109183
2384	0.109697
2385	0.106993
2386	0.111476
2387	0.107413
2388	0.107428
2389	0.107205
2390	0.105845
2391	0.1076
2392	0.10758
2393	0.106132
2394	0.108045
2395	0.107352
2396	0.108071
2397	0.110786
2398	0.106551
2399	0.10964
2400	0.106894
2401	0.107683
2402	0.108078
2403	0.105351
2404	0.1067
2405	0.106815
2406	0.107418
2407	0.108108
2408	0.107457
2409	0.106307
2410	0.10635
2411	0.107185
2412	0.107432
2413	0.107016
2414	0.107221
2415	0.106591
2416	0.107908
2417	0.106634
2418	0.104655
2419	0.108459
2420	0.103535
2421	0.107618
2422	0.108445
2423	0.107911
2424	0.107154
2425	0.106545
2426	0.108916
2427	0.107394
2428	0.107956
2429	0.108168
2430	0.108634
2431	0.105907
2432	0.10787
2433	0.108294
2434	0.10651
2435	0.105846
2436	0.106997
2437	0.10775
2438	0.106122
2439	0.108388
2440	0.106788
2441	0.108296
2442	0.104892
2443	0.107106
2444	0.106147
2445	0.106328
2446	0.105784
2447	0.10543
2448	0.107074
2449	0.105406
2450	0.106486
2451	0.105781
2452	0.104424
2453	0.10705
2454	0.106769
2455	0.106504
2456	0.108584
2457	0.103259
2458	0.106764
2459	0.104153
2460	0.11011
2461	0.107709
2462	0.109176
2463	0.107841
2464	0.107716
2465	0.104696
2466	0.109017
2467	0.10523
2468	0.105089
2469	0.107885
2470	0.105893
2471	0.107114
2472	0.108829
2473	0.108018
2474	0.10596
2475	0.106098
2476	0.107103
2477	0.105632
2478	0.108416
2479	0.10639
2480	0.106391
2481	0.108329
2482	0.109594
2483	0.110611
2484	0.107017
2485	0.105589
2486	0.104634
2487	0.109729
2488	0.104581
2489	0.106162
2490	0.110605
2491	0.106545
2492	0.108407
2493	0.108642
2494	0.108697
2495	0.108429
2496	0.108967
2497	0.1104
2498	0.109983
2499	0.107154
2500	0.109964
2501	0.106979
2502	0.110496
2503	0.107774
2504	0.108371
2505	0.10871
2506	0.108405
2507	0.108593
2508	0.107892
2509	0.107368
2510	0.108239
2511	0.107592
2512	0.10724
2513	0.11197
2514	0.105589
2515	0.106791
2516	0.10774
2517	0.106871
2518	0.108975
2519	0.111546
2520	0.106933
2521	0.108051
2522	0.10608
2523	0.11005
2524	0.105562
2525	0.108186
2526	0.107586
2527	0.105974
2528	0.107195
2529	0.108887
2530	0.109066
2531	0.110525
2532	0.109847
2533	0.107196
2534	0.108319
2535	0.105987
2536	0.106859
2537	0.106826
2538	0.106434
2539	0.107594
2540	0.106608
2541	0.11012
2542	0.106601
2543	0.10922
2544	0.107654
2545	0.106921
2546	0.104774
2547	0.107817
2548	0.10436
2549	0.109472
2550	0.107967
2551	0.107117
2552	0.108017
2553	0.111306
2554	0.106286
2555	0.106354
2556	0.106001
2557	0.105431
2558	0.106768
2559	0.105645
2560	0.106998
2561	0.109154
2562	0.109468
2563	0.106856
2564	0.105078
2565	0.106907
2566	0.106624
2567	0.103051
2568	0.107697
2569	0.108245
2570	0.108108
2571	0.10957
2572	0.105957
2573	0.106329
2574	0.104525
2575	0.105779
2576	0.103715
2577	0.107299
2578	0.105759
2579	0.108485
2580	0.107777
2581	0.108766
2582	0.107229
2583	0.10658
2584	0.105053
2585	0.10625
2586	0.104685
2587	0.107948
2588	0.104185
2589	0.106385
2590	0.106734
2591	0.108079
2592	0.107593
2593	0.106242
2594	0.107487
2595	0.108953
2596	0.107627
2597	0.106875
2598	0.106262
2599	0.107318
2600	0.107176
2601	0.106524
2602	0.10851
2603	0.106706
2604	0.106901
2605	0.107365
2606	0.10566
2607	0.108538
2608	0.107784
2609	0.107653
2610	0.109293
2611	0.10735
2612	0.110501
2613	0.109292
2614	0.107899
2615	0.110088
2616	0.106914
2617	0.10829
2618	0.108357
2619	0.106998
2620	0.106225
2621	0.104783
2622	0.106737
2623	0.106641
2624	0.106796
2625	0.106813
2626	0.107908
2627	0.107418
2628	0.107377
2629	0.108923
2630	0.108199
2631	0.107329
2632	0.108431
2633	0.104679
2634	0.108437
2635	0.108244
2636	0.108248
2637	0.109717
2638	0.10918
2639	0.107951
2640	0.10728
2641	0.106452
2642	0.108328
2643	0.106758
2644	0.108968
2645	0.10947
2646	0.109083
2647	0.109078
2648	0.106666
2649	0.109292
2650	0.107299
2651	0.106581
2652	0.108574
2653	0.106242
2654	0.109081
2655	0.108252
2656	0.106921
2657	0.10662
2658	0.106948
2659	0.107559
2660	0.109416
2661	0.109122
2662	0.106096
2663	0.109161
2664	0.108982
2665	0.106015
2666	0.10674
2667	0.108501
2668	0.104599
2669	0.110368
2670	0.109664
2671	0.108949
2672	0.109853
2673	0.108396
2674	0.106693
2675	0.112089
2676	0.107385
2677	0.110232
2678	0.107882
2679	0.109137
2680	0.106473
2681	0.106378
2682	0.107365
2683	0.108198
2684	0.108174
2685	0.110531
2686	0.10943
2687	0.105727
2688	0.104285
2689	0.108885
2690	0.107221
2691	0.109509
2692	0.108202
2693	0.107381
2694	0.107072
2695	0.106645
2696	0.105486
2697	0.108251
2698	0.105988
2699	0.107592
2700	0.105538
2701	0.110233
2702	0.106731
2703	0.107479
2704	0.104564
2705	0.106856
2706	0.109967
2707	0.108547
2708	0.107664
2709	0.108235
2710	0.108414
2711	0.108509
2712	0.10873
2713	0.105897
2714	0.105382
2715	0.105774
2716	0.108699
2717	0.10492
2718	0.106218
2719	0.105632
2720	0.104182
2721	0.107114
2722	0.105743
2723	0.107135
2724	0.105822
2725	0.108553
2726	0.105619
2727	0.106789
2728	0.108355
2729	0.108202
2730	0.107302
2731	0.105726
2732	0.106397
2733	0.108628
2734	0.10708
2735	0.10695
2736	0.107707
2737	0.105803
2738	0.108042
2739	0.110222
2740	0.110118
2741	0.108852
2742	0.108757
2743	0.108437
2744	0.109487
2745	0.108571
2746	0.109662
2747	0.109077
2748	0.107339
2749	0.106068
2750	0.107507
2751	0.107831
2752	0.109885
2753	0.107901
2754	0.111464
2755	0.10771
2756	0.107702
2757	0.111804
2758	0.109742
2759	0.110758
2760	0.113435
2761	0.110191
2762	0.109545
2763	0.107165
2764	0.110302
2765	0.107358
2766	0.108813
2767	0.10792
2768	0.108005
2769	0.110636
2770	0.107182
2771	0.108618
2772	0.108284
2773	0.10571
2774	0.109992
2775	0.108252
2776	0.108248
2777	0.106407
2778	0.106831
2779	0.107745
2780	0.108196
2781	0.109573
2782	0.110143
2783	0.105814
2784	0.106398
2785	0.106555
2786	0.106389
2787	0.108195
2788	0.105181
2789	0.1056
2790	0.10857
2791	0.105415
2792	0.106668
2793	0.109085
2794	0.105551
2795	0.107866
2796	0.107986
2797	0.106604
2798	0.10552
2799	0.105902
2800	0.109018
2801	0.105484
2802	0.104213
2803	0.108705
2804	0.106391
2805	0.107982
2806	0.108407
2807	0.108582
2808	0.108603
2809	0.107294
2810	0.109133
2811	0.10828
2812	0.10465
2813	0.107037
2814	0.10663
2815	0.10657
2816	0.110506
2817	0.107354
2818	0.105621
2819	0.104885
2820	0.105493
2821	0.107159
2822	0.109052
2823	0.108364
2824	0.106388
2825	0.106798
2826	0.107136
2827	0.105767
2828	0.106393
2829	0.107418
2830	0.10642
2831	0.107039
2832	0.106116
2833	0.108948
2834	0.106093
2835	0.106618
2836	0.106331
2837	0.105551
2838	0.105508
2839	0.106674
2840	0.107197
2841	0.108112
2842	0.106784
2843	0.108206
2844	0.105417
2845	0.106627
2846	0.107655
2847	0.110339
2848	0.109613
2849	0.108187
2850	0.10805
2851	0.107785
2852	0.108851
2853	0.106652
2854	0.109429
2855	0.108114
2856	0.106524
2857	0.109553
2858	0.108373
2859	0.105206
2860	0.108506
2861	0.108152
2862	0.108262
2863	0.108995
2864	0.110168
2865	0.106959
2866	0.106952
2867	0.10939
2868	0.106372
2869	0.110011
2870	0.107634
2871	0.108354
2872	0.108447
2873	0.108789
2874	0.110298
2875	0.105459
2876	0.10573
2877	0.109296
2878	0.109919
2879	0.106976
2880	0.106829
2881	0.110119
2882	0.108296
2883	0.110903
2884	0.108209
2885	0.106704
2886	0.10812
2887	0.106716
2888	0.107503
2889	0.106062
2890	0.110131
2891	0.104971
2892	0.106234
2893	0.106179
2894	0.104269
2895	0.108514
2896	0.109847
2897	0.107158
2898	0.107213
2899	0.111172
2900	0.109925
2901	0.107563
2902	0.108565
2903	0.105745
2904	0.106125
2905	0.111267
2906	0.107088
2907	0.110086
2908	0.107965
2909	0.106891
2910	0.108544
2911	0.110833
2912	0.107624
2913	0.10555
2914	0.106284
2915	0.107258
2916	0.109259
2917	0.107319
2918	0.108509
2919	0.106094
2920	0.107552
2921	0.106327
2922	0.107484
2923	0.10772
2924	0.10952
2925	0.108376
2926	0.106387
2927	0.108907
2928	0.107414
2929	0.107587
2930	0.106867
2931	0.107023
2932	0.107438
2933	0.106754
2934	0.106249
2935	0.106682
2936	0.10617
2937	0.106941
2938	0.105751
2939	0.107738
2940	0.106947
2941	0.10812
2942	0.109545
2943	0.107099
2944	0.107525
2945	0.10664
2946	0.107205
2947	0.109859
2948	0.106169
2949	0.10779
2950	0.107203
2951	0.109814
2952	0.10458
2953	0.10556
2954	0.106613
2955	0.109304
2956	0.107751
2957	0.107032
2958	0.108602
2959	0.107059
2960	0.107364
2961	0.105078
2962	0.108546
2963	0.109313
2964	0.109519
2965	0.108699
2966	0.107539
2967	0.110552
2968	0.107925
2969	0.108763
2970	0.108509
2971	0.106116
2972	0.108784
2973	0.10606
2974	0.107183
2975	0.109714
2976	0.107819
2977	0.107736
2978	0.109476
2979	0.105601
2980	0.109143
2981	0.109577
2982	0.108419
2983	0.110847
2984	0.109929
2985	0.107577
2986	0.110241
2987	0.109041
2988	0.106364
2989	0.108115
2990	0.108245
2991	0.109269
2992	0.108661
2993	0.104733
2994	0.108408
2995	0.109003
2996	0.111016
2997	0.107354
2998	0.107646
2999	0.109216
3000	0.108986
3001	0.108171
3002	0.11031
3003	0.108564
3004	0.109546
3005	0.107482
3006	0.110149
3007	0.109407
3008	0.108435
3009	0.108393
3010	0.111261
3011	0.109356
3012	0.109908
3013	0.111771
3014	0.106742
3015	0.107596
3016	0.108721
3017	0.110816
3018	0.105874
3019	0.108928
3020	0.108027
3021	0.108676
3022	0.106919
3023	0.106647
3024	0.106494
3025	0.10474
3026	0.108972
3027	0.106428
3028	0.104691
3029	0.107485
3030	0.107209
3031	0.108583
3032	0.106822
3033	0.10631
3034	0.108191
3035	0.107847
3036	0.10788
3037	0.105575
3038	0.110229
3039	0.108009
3040	0.105415
3041	0.104806
3042	0.108147
3043	0.108347
3044	0.108243
3045	0.109694
3046	0.107547
3047	0.107929
3048	0.10723
3049	0.105333
3050	0.106904
3051	0.109806
3052	0.108823
3053	0.106217
3054	0.107123
3055	0.105939
3056	0.109497
3057	0.10865
3058	0.106482
3059	0.107138
3060	0.107452
3061	0.105272
3062	0.108196
3063	0.106738
3064	0.108488
3065	0.105995
3066	0.104829
3067	0.104632
3068	0.111156
3069	0.107207
3070	0.107105
3071	0.108213
3072	0.107083
3073	0.106407
3074	0.106016
3075	0.107273
3076	0.107364
3077	0.108055
3078	0.106699
3079	0.106434
3080	0.10566
3081	0.106675
3082	0.10562
3083	0.105173
3084	0.105543
3085	0.108062
3086	0.105024
3087	0.106042
3088	0.103684
3089	0.106511
3090	0.108308
3091	0.107643
3092	0.106897
3093	0.107573
3094	0.105561
3095	0.105684
3096	0.103364
3097	0.106797
3098	0.108337
3099	0.107711
3100	0.107091
3101	0.105724
3102	0.105823
3103	0.104258
3104	0.104993
3105	0.10407
3106	0.106113
3107	0.10471
3108	0.11095
3109	0.108452
3110	0.105973
3111	0.109789
3112	0.105842
3113	0.107842
3114	0.107743
3115	0.108552
3116	0.111566
3117	0.107152
3118	0.108403
3119	0.106096
3120	0.105215
3121	0.105211
3122	0.10557
3123	0.105644
3124	0.109034
3125	0.10801
3126	0.109285
3127	0.108936
3128	0.110153
3129	0.108094
3130	0.10499
3131	0.106514
3132	0.108589
3133	0.107801
3134	0.109278
3135	0.108433
3136	0.111435
3137	0.107842
3138	0.107376
3139	0.108645
3140	0.111982
3141	0.106535
3142	0.110125
3143	0.107019
3144	0.109885
3145	0.109676
3146	0.106113
3147	0.108464
3148	0.108224
3149	0.109695
3150	0.108389
3151	0.108428
3152	0.106829
3153	0.107762
3154	0.108846
3155	0.107845
3156	0.107728
3157	0.110895
3158	0.105462
3159	0.106889
3160	0.107612
3161	0.105581
3162	0.10747
3163	0.107164
3164	0.106087
3165	0.107285
3166	0.104972
3167	0.108456
3168	0.107951
3169	0.109617
3170	0.10805
3171	0.108856
3172	0.108469
3173	0.107528
3174	0.107209
3175	0.106659
3176	0.108365
3177	0.10945
3178	0.110133
3179	0.108371
3180	0.10783
3181	0.110415
3182	0.109354
3183	0.108679
3184	0.108814
3185	0.109848
3186	0.108388
3187	0.106783
3188	0.110039
3189	0.106754
3190	0.107914
3191	0.107903
3192	0.107202
3193	0.106845
3194	0.107979
3195	0.109202
3196	0.106963
3197	0.105863
3198	0.10641
3199	0.107309
3200	0.106489
3201	0.107851
3202	0.107116
3203	0.110774
3204	0.105646
3205	0.10851
3206	0.106431
3207	0.109272
3208	0.107355
3209	0.106848
3210	0.10627
3211	0.108569
3212	0.107215
3213	0.104608
3214	0.108337
3215	0.107758
3216	0.109456
3217	0.10481
3218	0.107222
3219	0.107593
3220	0.107717
3221	0.105809
3222	0.106186
3223	0.105187
3224	0.107393
3225	0.105289
3226	0.106279
3227	0.105988
3228	0.108475
3229	0.108561
3230	0.107738
3231	0.107234
3232	0.106933
3233	0.106605
3234	0.106374
3235	0.10815
3236	0.108799
3237	0.10725
3238	0.108029
3239	0.106234
3240	0.10667
3241	0.106964
3242	0.108305
3243	0.107933
3244	0.107765
3245	0.107674
3246	0.1075
3247	0.108982
3248	0.107758
3249	0.107925
3250	0.108629
3251	0.108155
3252	0.106188
3253	0.108646
3254	0.105079
3255	0.10654
3256	0.10631
3257	0.103793
3258	0.105623
3259	0.106566
3260	0.108908
3261	0.106902
3262	0.106176
3263	0.106983
3264	0.106791
3265	0.105523
3266	0.107909
3267	0.10758
3268	0.106302
3269	0.105924
3270	0.105198
3271	0.108388
3272	0.107099
3273	0.109132
3274	0.106911
3275	0.108247
3276	0.104727
3277	0.107944
3278	0.106194
3279	0.103837
3280	0.1086
3281	0.107857
3282	0.106478
3283	0.110052
3284	0.105122
3285	0.106967
3286	0.107203
3287	0.109549
3288	0.110112
3289	0.108886
3290	0.10732
3291	0.106712
3292	0.109039
3293	0.109722
3294	0.109068
3295	0.109671
3296	0.109233
3297	0.110353
3298	0.108511
3299	0.110084
3300	0.11193
3301	0.109696
3302	0.10833
3303	0.107261
3304	0.107041
3305	0.107021
3306	0.106362
3307	0.108283
3308	0.102277
3309	0.108482
3310	0.106623
3311	0.107541
3312	0.105338
3313	0.106897
3314	0.106968
3315	0.107727
3316	0.107153
3317	0.105957
3318	0.107221
3319	0.108257
3320	0.106942
3321	0.104621
3322	0.109494
3323	0.107685
3324	0.106167
3325	0.10489
3326	0.106344
3327	0.110869
3328	0.107348
3329	0.107402
3330	0.109526
3331	0.108537
3332	0.106321
3333	0.107874
3334	0.106656
3335	0.106693
3336	0.10661
3337	0.105845
3338	0.108633
3339	0.105682
3340	0.107477
3341	0.105532
3342	0.110181
3343	0.107301
3344	0.10773
3345	0.107858
3346	0.10966
3347	0.109317
3348	0.106629
3349	0.108638
3350	0.106649
3351	0.110189
3352	0.10688
3353	0.106561
3354	0.108339
3355	0.108021
3356	0.10683
3357	0.107883
3358	0.10955
3359	0.106673
3360	0.106989
3361	0.106952
3362	0.10817
3363	0.106292
3364	0.107106
3365	0.10838
3366	0.109515
3367	0.108155
3368	0.104782
3369	0.106499
3370	0.104348
3371	0.107683
3372	0.10715
3373	0.107732
3374	0.10605
3375	0.106631
3376	0.10541
3377	0.105692
3378	0.108577
3379	0.107307
3380	0.108523
3381	0.106973
3382	0.110433
3383	0.106381
3384	0.107397
3385	0.105137
3386	0.11019
3387	0.109987
3388	0.104215
3389	0.10681
3390	0.107299
3391	0.107517
3392	0.108445
3393	0.106298
3394	0.109971
3395	0.10728
3396	0.105764
3397	0.107327
3398	0.107287
3399	0.108754
3400	0.109363
3401	0.106415
3402	0.110025
3403	0.104354
3404	0.105898
3405	0.105346
3406	0.108003
3407	0.108447
3408	0.105701
3409	0.103704
3410	0.108501
3411	0.106353
3412	0.107385
3413	0.107132
3414	0.106904
3415	0.106021
3416	0.107578
3417	0.108575
3418	0.108722
3419	0.107475
3420	0.104949
3421	0.107195
3422	0.106868
3423	0.105423
3424	0.106286
3425	0.105727
3426	0.103484
3427	0.105632
3428	0.1067
3429	0.106735
3430	0.105178
3431	0.10644
3432	0.10534
3433	0.105961
3434	0.106141
3435	0.105518
3436	0.104201
3437	0.106656
3438	0.106444
3439	0.106593
3440	0.104176
3441	0.103609
3442	0.10724
3443	0.104675
3444	0.10533
3445	0.104608
3446	0.105496
3447	0.107787
3448	0.107149
3449	0.106396
3450	0.106241
3451	0.103304
3452	0.107282
3453	0.106134
3454	0.10742
3455	0.106487
3456	0.10709
3457	0.106173
3458	0.105701
3459	0.105904
3460	0.10667
3461	0.104596
3462	0.106326
3463	0.106054
3464	0.105825
3465	0.106745
3466	0.105409
3467	0.108879
3468	0.105448
3469	0.108292
3470	0.10704
3471	0.110225
3472	0.105873
3473	0.108874
3474	0.108852
3475	0.104831
3476	0.109402
3477	0.10688
3478	0.109849
3479	0.10703
3480	0.1037
3481	0.107793
3482	0.110793
3483	0.108064
3484	0.107214
3485	0.110261
3486	0.106986
3487	0.109571
3488	0.109262
3489	0.106473
3490	0.108934
3491	0.108292
3492	0.106605
3493	0.107084
3494	0.107668
3495	0.108333
3496	0.108013
3497	0.109513
3498	0.111033
3499	0.108802
3500	0.107469
3501	0.108656
3502	0.107485
3503	0.106701
3504	0.109813
3505	0.105365
3506	0.11017
3507	0.106113
3508	0.107919
3509	0.109173
3510	0.107104
3511	0.107884
3512	0.110335
3513	0.106931
3514	0.108679
3515	0.105256
3516	0.106492
3517	0.106666
3518	0.10898
3519	0.107741
3520	0.111429
3521	0.108583
3522	0.109616
3523	0.10812
3524	0.10546
3525	0.108382
3526	0.105467
3527	0.107947
3528	0.110584
3529	0.106971
3530	0.108597
3531	0.108319
3532	0.108527
3533	0.106525
3534	0.104501
3535	0.107311
3536	0.105873
3537	0.107944
3538	0.106564
3539	0.106981
3540	0.111773
3541	0.110621
3542	0.108706
3543	0.108333
3544	0.107513
3545	0.107272
3546	0.108127
3547	0.109125
3548	0.108223
3549	0.108796
3550	0.110999
3551	0.105698
3552	0.108693
3553	0.106391
3554	0.105936
3555	0.10728
3556	0.107239
3557	0.104842
3558	0.105204
3559	0.106941
3560	0.104943
3561	0.106477
3562	0.106273
3563	0.108855
3564	0.109297
3565	0.105812
3566	0.103709
3567	0.106731
3568	0.105568
3569	0.106524
3570	0.107248
3571	0.109178
3572	0.108713
3573	0.106199
3574	0.105579
3575	0.108515
3576	0.106759
3577	0.108995
3578	0.104073
3579	0.107453
3580	0.107474
3581	0.107932
3582	0.106706
3583	0.106902
3584	0.105087
3585	0.105139
3586	0.106891
3587	0.108463
3588	0.107358
3589	0.104937
3590	0.10823
3591	0.105876
3592	0.106314
3593	0.105447
3594	0.10659
3595	0.105129
3596	0.106958
3597	0.104026
3598	0.103311
3599	0.106993
3600	0.103339
3601	0.106592
3602	0.104461
3603	0.105035
3604	0.103158
3605	0.103219
3606	0.104671
3607	0.105221
3608	0.102786
3609	0.102041
3610	0.102992
3611	0.106031
3612	0.10305
3613	0.10673
3614	0.10362
3615	0.105097
3616	0.105001
3617	0.104486
3618	0.1031
3619	0.104411
3620	0.102887
3621	0.104884
3622	0.105431
3623	0.104328
3624	0.105297
3625	0.10409
3626	0.103951
3627	0.105588
3628	0.104226
3629	0.105041
3630	0.10671
3631	0.105218
3632	0.105259
3633	0.104874
3634	0.108215
3635	0.107214
3636	0.105546
3637	0.105087
3638	0.105266
3639	0.103381
3640	0.10448
3641	0.105116
3642	0.105778
3643	0.102266
3644	0.105192
3645	0.104493
3646	0.102849
3647	0.105292
3648	0.101321
3649	0.102517
3650	0.104325
3651	0.106219
3652	0.10473
3653	0.104178
3654	0.104295
3655	0.102559
3656	0.104349
3657	0.103509
3658	0.104968
3659	0.104962
3660	0.104195
3661	0.104443
3662	0.10175
3663	0.104354
3664	0.101874
3665	0.103071
3666	0.104166
3667	0.104144
3668	0.10523
3669	0.102358
3670	0.103513
3671	0.10337
3672	0.104312
3673	0.104227
3674	0.105888
3675	0.103296
3676	0.104004
3677	0.103506
3678	0.100204
3679	0.10621
3680	0.104531
3681	0.103389
3682	0.106304
3683	0.103716
3684	0.103298
3685	0.102438
3686	0.105632
3687	0.104547
3688	0.100887
3689	0.105966
3690	0.104297
3691	0.102656
3692	0.103026
3693	0.104862
3694	0.107254
3695	0.105874
3696	0.105761
3697	0.100448
3698	0.103253
3699	0.102739
3700	0.105006
3701	0.103598
3702	0.102751
3703	0.101757
3704	0.102603
3705	0.10183
3706	0.103075
3707	0.106765
3708	0.103489
3709	0.105222
3710	0.102386
3711	0.106761
3712	0.102838
3713	0.102521
3714	0.103716
3715	0.106294
3716	0.103761
