### Number of tubes used: 730
### Nuclear profiles per tube: 1.68219
### Resolution (bp): 40000
### Slice thickness (microns): 0.22
### Nuclear radius (microns): 4.5
### Detection efficiency: 0.858886
distance	 pi_threshold
1	0.329172
2	0.271624
3	0.243628
4	0.237732
5	0.229271
6	0.220938
7	0.217069
8	0.207764
9	0.20662
10	0.20675
11	0.196595
12	0.191025
13	0.193278
14	0.188594
15	0.187473
16	0.18448
17	0.18371
18	0.178607
19	0.173691
20	0.179182
21	0.174173
22	0.169192
23	0.171689
24	0.169542
25	0.167011
26	0.16567
27	0.163427
28	0.16128
29	0.158633
30	0.160746
31	0.157699
32	0.154891
33	0.155672
34	0.156504
35	0.156113
36	0.154716
37	0.149176
38	0.151471
39	0.148885
40	0.148922
41	0.151713
42	0.147013
43	0.150223
44	0.149042
45	0.145856
46	0.145375
47	0.147225
48	0.143988
49	0.142469
50	0.142058
51	0.143032
52	0.143326
53	0.143522
54	0.14148
55	0.139673
56	0.141459
57	0.139984
58	0.143356
59	0.140851
60	0.142331
61	0.140832
62	0.139141
63	0.143569
64	0.13791
65	0.137975
66	0.135737
67	0.13812
68	0.139547
69	0.138253
70	0.139091
71	0.13433
72	0.136836
73	0.13408
74	0.135483
75	0.137387
76	0.136591
77	0.136565
78	0.136377
79	0.135211
80	0.134535
81	0.136956
82	0.13331
83	0.134565
84	0.133462
85	0.131668
86	0.1317
87	0.137194
88	0.132475
89	0.132277
90	0.132164
91	0.12921
92	0.129734
93	0.131473
94	0.130497
95	0.131753
96	0.131551
97	0.131791
98	0.132454
99	0.132567
100	0.127612
101	0.130794
102	0.130736
103	0.130449
104	0.130779
105	0.129187
106	0.132535
107	0.131529
108	0.129061
109	0.128588
110	0.127282
111	0.131788
112	0.130854
113	0.130422
114	0.1273
115	0.128748
116	0.128018
117	0.12981
118	0.127415
119	0.126842
120	0.128823
121	0.129158
122	0.126318
123	0.127114
124	0.128802
125	0.125754
126	0.125608
127	0.129011
128	0.129877
129	0.13031
130	0.126834
131	0.12899
132	0.128304
133	0.123204
134	0.126756
135	0.126603
136	0.12618
137	0.122506
138	0.130641
139	0.128341
140	0.127349
141	0.130238
142	0.125521
143	0.126168
144	0.124439
145	0.132473
146	0.124028
147	0.125307
148	0.12636
149	0.127269
150	0.122455
151	0.127304
152	0.126389
153	0.122756
154	0.123626
155	0.125288
156	0.127096
157	0.125067
158	0.12454
159	0.124973
160	0.124787
161	0.125506
162	0.126399
163	0.123852
164	0.126731
165	0.123894
166	0.126482
167	0.12406
168	0.125002
169	0.130623
170	0.125113
171	0.126209
172	0.123498
173	0.125644
174	0.124484
175	0.125131
176	0.122028
177	0.123301
178	0.121501
179	0.124502
180	0.121434
181	0.126332
182	0.125135
183	0.124116
184	0.121691
185	0.124777
186	0.119806
187	0.123076
188	0.12331
189	0.124356
190	0.121003
191	0.124365
192	0.124036
193	0.123034
194	0.12538
195	0.12154
196	0.121659
197	0.1225
198	0.124857
199	0.124327
200	0.124836
201	0.125521
202	0.122675
203	0.123191
204	0.123551
205	0.124186
206	0.12008
207	0.125152
208	0.122985
209	0.123276
210	0.122846
211	0.12557
212	0.121007
213	0.121633
214	0.119551
215	0.119043
216	0.121783
217	0.122326
218	0.122148
219	0.12212
220	0.119622
221	0.123129
222	0.126206
223	0.120411
224	0.124385
225	0.121602
226	0.120375
227	0.121368
228	0.12171
229	0.121538
230	0.121649
231	0.12453
232	0.124428
233	0.120809
234	0.120135
235	0.121172
236	0.123798
237	0.12127
238	0.121131
239	0.12158
240	0.121553
241	0.124131
242	0.121109
243	0.123978
244	0.121485
245	0.121439
246	0.121543
247	0.124552
248	0.121229
249	0.120329
250	0.12283
251	0.122089
252	0.122079
253	0.122556
254	0.119555
255	0.122802
256	0.123079
257	0.123368
258	0.124304
259	0.121484
260	0.124543
261	0.120961
262	0.121666
263	0.121709
264	0.119486
265	0.122379
266	0.119187
267	0.125161
268	0.121754
269	0.122696
270	0.12279
271	0.119505
272	0.122682
273	0.123211
274	0.120634
275	0.121422
276	0.119138
277	0.121878
278	0.121856
279	0.11859
280	0.12332
281	0.122013
282	0.121661
283	0.118387
284	0.120247
285	0.123453
286	0.123423
287	0.120866
288	0.124609
289	0.121727
290	0.121466
291	0.120523
292	0.120604
293	0.118344
294	0.121602
295	0.117986
296	0.121152
297	0.120906
298	0.121545
299	0.120387
300	0.118456
301	0.121259
302	0.121054
303	0.121107
304	0.123846
305	0.121614
306	0.124123
307	0.121671
308	0.120363
309	0.120203
310	0.119362
311	0.12045
312	0.121451
313	0.118707
314	0.125154
315	0.124646
316	0.121893
317	0.11991
318	0.120605
319	0.121837
320	0.118956
321	0.122311
322	0.12265
323	0.12321
324	0.123261
325	0.120012
326	0.122975
327	0.120827
328	0.122206
329	0.122881
330	0.120503
331	0.1231
332	0.122325
333	0.122083
334	0.119982
335	0.120971
336	0.119304
337	0.122263
338	0.120123
339	0.12272
340	0.121229
341	0.124543
342	0.123776
343	0.121595
344	0.121855
345	0.122287
346	0.11927
347	0.121058
348	0.121255
349	0.119106
350	0.121305
351	0.124686
352	0.122259
353	0.122475
354	0.118019
355	0.122884
356	0.118898
357	0.121375
358	0.122613
359	0.121539
360	0.116343
361	0.121105
362	0.120519
363	0.12281
364	0.12058
365	0.120286
366	0.119424
367	0.123863
368	0.121625
369	0.118422
370	0.118174
371	0.120861
372	0.119041
373	0.120341
374	0.120904
375	0.12121
376	0.121362
377	0.120531
378	0.122062
379	0.120568
380	0.120953
381	0.120794
382	0.123336
383	0.119835
384	0.121152
385	0.12126
386	0.119192
387	0.120833
388	0.121162
389	0.121614
390	0.120371
391	0.121163
392	0.121006
393	0.120578
394	0.121119
395	0.125175
396	0.118798
397	0.121039
398	0.12492
399	0.122454
400	0.121736
401	0.119371
402	0.121906
403	0.119263
404	0.120328
405	0.11943
406	0.122451
407	0.120018
408	0.119624
409	0.119577
410	0.120703
411	0.120523
412	0.117502
413	0.120487
414	0.116191
415	0.119943
416	0.12135
417	0.122554
418	0.120271
419	0.121919
420	0.120922
421	0.119125
422	0.121715
423	0.120631
424	0.119731
425	0.116881
426	0.121226
427	0.120841
428	0.120066
429	0.120857
430	0.12424
431	0.123141
432	0.119953
433	0.119711
434	0.119133
435	0.12108
436	0.118746
437	0.121082
438	0.119645
439	0.118342
440	0.121269
441	0.120231
442	0.121765
443	0.119755
444	0.120604
445	0.118435
446	0.117914
447	0.123477
448	0.118321
449	0.117189
450	0.120131
451	0.118998
452	0.119113
453	0.119453
454	0.117026
455	0.121489
456	0.117636
457	0.119048
458	0.11827
459	0.118366
460	0.116448
461	0.117358
462	0.120807
463	0.117463
464	0.116641
465	0.119314
466	0.118772
467	0.119169
468	0.117979
469	0.119438
470	0.11868
471	0.118669
472	0.122063
473	0.118137
474	0.119533
475	0.123338
476	0.120024
477	0.121856
478	0.117783
479	0.120129
480	0.12124
481	0.121816
482	0.1173
483	0.119184
484	0.119794
485	0.118177
486	0.118558
487	0.118233
488	0.120964
489	0.117587
490	0.117995
491	0.120393
492	0.119242
493	0.118178
494	0.119084
495	0.119576
496	0.118031
497	0.120579
498	0.115971
499	0.118237
500	0.120818
501	0.118569
502	0.119631
503	0.117821
504	0.120966
505	0.117111
506	0.115558
507	0.118655
508	0.117966
509	0.121181
510	0.115255
511	0.11958
512	0.119044
513	0.117342
514	0.11759
515	0.116929
516	0.118223
517	0.118494
518	0.119672
519	0.117024
520	0.119361
521	0.117149
522	0.118356
523	0.117784
524	0.119057
525	0.116482
526	0.121279
527	0.119594
528	0.117497
529	0.118036
530	0.116902
531	0.119339
532	0.120107
533	0.116213
534	0.117489
535	0.11656
536	0.118592
537	0.120048
538	0.11537
539	0.118339
540	0.117752
541	0.120639
542	0.117837
543	0.118615
544	0.121449
545	0.117223
546	0.116506
547	0.119797
548	0.119934
549	0.116349
550	0.121478
551	0.119117
552	0.11827
553	0.120447
554	0.117097
555	0.118472
556	0.118717
557	0.117839
558	0.117979
559	0.118894
560	0.118188
561	0.118413
562	0.119417
563	0.118742
564	0.120993
565	0.118106
566	0.118273
567	0.117256
568	0.116426
569	0.120858
570	0.12047
571	0.117708
572	0.117128
573	0.119485
574	0.119303
575	0.120234
576	0.116812
577	0.119164
578	0.117415
579	0.119379
580	0.119488
581	0.12057
582	0.12024
583	0.118977
584	0.118007
585	0.118654
586	0.119737
587	0.116507
588	0.115234
589	0.118305
590	0.119523
591	0.118517
592	0.116608
593	0.114912
594	0.118298
595	0.118832
596	0.118321
597	0.122056
598	0.114693
599	0.119236
600	0.120545
601	0.120802
602	0.118561
603	0.119594
604	0.120147
605	0.117205
606	0.119161
607	0.118475
608	0.118671
609	0.119382
610	0.118046
611	0.120879
612	0.117865
613	0.118417
614	0.120666
615	0.118904
616	0.11677
617	0.121096
618	0.118151
619	0.118119
620	0.117673
621	0.118626
622	0.118303
623	0.12155
624	0.118763
625	0.12033
626	0.119819
627	0.117572
628	0.119204
629	0.1173
630	0.119778
631	0.116934
632	0.115545
633	0.11603
634	0.118417
635	0.115473
636	0.116208
637	0.121768
638	0.11656
639	0.117716
640	0.119604
641	0.114275
642	0.115817
643	0.115903
644	0.119789
645	0.117042
646	0.119729
647	0.120277
648	0.119102
649	0.11818
650	0.119631
651	0.117428
652	0.119926
653	0.119435
654	0.117852
655	0.118779
656	0.121848
657	0.117616
658	0.115344
659	0.115809
660	0.119754
661	0.119963
662	0.119006
663	0.11594
664	0.117932
665	0.11689
666	0.118122
667	0.119329
668	0.117049
669	0.120706
670	0.116147
671	0.116981
672	0.11779
673	0.118088
674	0.118267
675	0.11588
676	0.116402
677	0.118413
678	0.115368
679	0.116784
680	0.118007
681	0.119024
682	0.114602
683	0.121342
684	0.118457
685	0.118174
686	0.117421
687	0.121172
688	0.11801
689	0.118244
690	0.116537
691	0.120546
692	0.116376
693	0.117104
694	0.114893
695	0.11672
696	0.11909
697	0.117502
698	0.120587
699	0.118281
700	0.116913
701	0.117163
702	0.117453
703	0.1186
704	0.116489
705	0.117244
706	0.116925
707	0.118855
708	0.115117
709	0.117968
710	0.117862
711	0.118503
712	0.115505
713	0.116184
714	0.117814
715	0.117416
716	0.118265
717	0.114981
718	0.117611
719	0.116138
720	0.116433
721	0.118127
722	0.116181
723	0.113644
724	0.116575
725	0.114889
726	0.115995
727	0.11814
728	0.117793
729	0.118161
730	0.114663
731	0.11646
732	0.116526
733	0.118545
734	0.118612
735	0.112913
736	0.118129
737	0.116759
738	0.117067
739	0.116851
740	0.116781
741	0.114751
742	0.117315
743	0.115719
744	0.116658
745	0.115506
746	0.116924
747	0.118429
748	0.116873
749	0.115508
750	0.1158
751	0.11803
752	0.115485
753	0.115267
754	0.1174
755	0.118301
756	0.118521
757	0.115471
758	0.114562
759	0.113507
760	0.116195
761	0.116829
762	0.116802
763	0.114897
764	0.115237
765	0.112314
766	0.118252
767	0.11813
768	0.120181
769	0.1163
770	0.116381
771	0.116066
772	0.114175
773	0.113148
774	0.117177
775	0.116915
776	0.115611
777	0.117257
778	0.116014
779	0.115648
780	0.118283
781	0.11798
782	0.115797
783	0.116543
784	0.117297
785	0.117821
786	0.116079
787	0.11631
788	0.118994
789	0.117261
790	0.115973
791	0.114831
792	0.114007
793	0.116289
794	0.117468
795	0.115314
796	0.117194
797	0.119387
798	0.115565
799	0.115593
800	0.117216
801	0.117892
802	0.119836
803	0.116885
804	0.118503
805	0.118058
806	0.119471
807	0.11729
808	0.117463
809	0.115815
810	0.116598
811	0.118176
812	0.117181
813	0.114104
814	0.11658
815	0.117533
816	0.115017
817	0.115028
818	0.116742
819	0.117129
820	0.117481
821	0.115447
822	0.116589
823	0.117022
824	0.11945
825	0.118
826	0.115701
827	0.116052
828	0.117636
829	0.117272
830	0.11576
831	0.115258
832	0.114763
833	0.118183
834	0.117601
835	0.11536
836	0.117407
837	0.116594
838	0.116241
839	0.113587
840	0.11572
841	0.116523
842	0.116433
843	0.118735
844	0.118353
845	0.117869
846	0.115694
847	0.116618
848	0.117753
849	0.114836
850	0.115283
851	0.117703
852	0.115875
853	0.116036
854	0.114705
855	0.118075
856	0.116264
857	0.118863
858	0.11546
859	0.114896
860	0.117246
861	0.118499
862	0.116434
863	0.117617
864	0.118459
865	0.11848
866	0.116463
867	0.118355
868	0.115549
869	0.116271
870	0.119322
871	0.11738
872	0.117551
873	0.114343
874	0.116087
875	0.114125
876	0.116391
877	0.116964
878	0.114846
879	0.116441
880	0.115452
881	0.11785
882	0.120099
883	0.115497
884	0.119169
885	0.115425
886	0.113552
887	0.114685
888	0.117068
889	0.115402
890	0.117487
891	0.116542
892	0.116721
893	0.113238
894	0.115656
895	0.116095
896	0.113921
897	0.118404
898	0.114758
899	0.117284
900	0.116381
901	0.117766
902	0.116757
903	0.116195
904	0.115385
905	0.114619
906	0.115655
907	0.116827
908	0.114893
909	0.116956
910	0.112903
911	0.113222
912	0.120047
913	0.117009
914	0.116564
915	0.114259
916	0.113383
917	0.116544
918	0.113685
919	0.117472
920	0.111358
921	0.114213
922	0.112229
923	0.117376
924	0.11721
925	0.114438
926	0.115098
927	0.114041
928	0.11828
929	0.114832
930	0.114169
931	0.117199
932	0.116867
933	0.11431
934	0.115615
935	0.115449
936	0.115656
937	0.115603
938	0.113811
939	0.116714
940	0.11337
941	0.115127
942	0.117923
943	0.116653
944	0.115606
945	0.116965
946	0.114619
947	0.118279
948	0.113528
949	0.116344
950	0.115878
951	0.115593
952	0.112715
953	0.11478
954	0.116964
955	0.113629
956	0.115582
957	0.11219
958	0.114795
959	0.115268
960	0.1161
961	0.111968
962	0.113952
963	0.115688
964	0.114345
965	0.113693
966	0.117703
967	0.11585
968	0.114201
969	0.11159
970	0.113583
971	0.118225
972	0.11467
973	0.112119
974	0.11527
975	0.116873
976	0.115546
977	0.114382
978	0.113741
979	0.114854
980	0.114155
981	0.115641
982	0.116087
983	0.115221
984	0.114102
985	0.116885
986	0.113109
987	0.114492
988	0.115082
989	0.113289
990	0.114969
991	0.116011
992	0.113941
993	0.115811
994	0.113857
995	0.114186
996	0.115881
997	0.110779
998	0.114452
999	0.114279
1000	0.115205
1001	0.116991
1002	0.112361
1003	0.114773
1004	0.116368
1005	0.113929
1006	0.112635
1007	0.116208
1008	0.115336
1009	0.112748
1010	0.115366
1011	0.11482
1012	0.114379
1013	0.111561
1014	0.114121
1015	0.114074
1016	0.113832
1017	0.113187
1018	0.116168
1019	0.112805
1020	0.11256
1021	0.113257
1022	0.114769
1023	0.114721
1024	0.114502
1025	0.11272
1026	0.115455
1027	0.112083
1028	0.113718
1029	0.11315
1030	0.113494
1031	0.111183
1032	0.113779
1033	0.112768
1034	0.114169
1035	0.112064
1036	0.114189
1037	0.113366
1038	0.112178
1039	0.112278
1040	0.115192
1041	0.114376
1042	0.114352
1043	0.115491
1044	0.113422
1045	0.114427
1046	0.113958
1047	0.111314
1048	0.110427
1049	0.111949
1050	0.113765
1051	0.115159
1052	0.114034
1053	0.113803
1054	0.111032
1055	0.114292
1056	0.113559
1057	0.111844
1058	0.111138
1059	0.112878
1060	0.111941
1061	0.113055
1062	0.11131
1063	0.109126
1064	0.11664
1065	0.110953
1066	0.111695
1067	0.113309
1068	0.111362
1069	0.110653
1070	0.111447
1071	0.114104
1072	0.114159
1073	0.114551
1074	0.111344
1075	0.114058
1076	0.113447
1077	0.113068
1078	0.110879
1079	0.11412
1080	0.113412
1081	0.114465
1082	0.112794
1083	0.112192
1084	0.112234
1085	0.113812
1086	0.11574
1087	0.111207
1088	0.115135
1089	0.110941
1090	0.112813
1091	0.110301
1092	0.112136
1093	0.115057
1094	0.112241
1095	0.112669
1096	0.114798
1097	0.112513
1098	0.115311
1099	0.115362
1100	0.113262
1101	0.115876
1102	0.112173
1103	0.112565
1104	0.113763
1105	0.114587
1106	0.113528
1107	0.112526
1108	0.117086
1109	0.110492
1110	0.113847
1111	0.112076
1112	0.112391
1113	0.112994
1114	0.110786
1115	0.112887
1116	0.113098
1117	0.113318
1118	0.114328
1119	0.113529
1120	0.11471
1121	0.112879
1122	0.113757
1123	0.113497
1124	0.112406
1125	0.115734
1126	0.115015
1127	0.113946
1128	0.115634
1129	0.114817
1130	0.112166
1131	0.113724
1132	0.113342
1133	0.112382
1134	0.112843
1135	0.115478
1136	0.114082
1137	0.108816
1138	0.110116
1139	0.113407
1140	0.114022
1141	0.113329
1142	0.112062
1143	0.112942
1144	0.113815
1145	0.114876
1146	0.113085
1147	0.114057
1148	0.113996
1149	0.115125
1150	0.113319
1151	0.116559
1152	0.11288
1153	0.115332
1154	0.113614
1155	0.113991
1156	0.112212
1157	0.115024
1158	0.113783
1159	0.113418
1160	0.115464
1161	0.11262
1162	0.112682
1163	0.112859
1164	0.116363
1165	0.11385
1166	0.111619
1167	0.110067
1168	0.112423
1169	0.111872
1170	0.112423
1171	0.110996
1172	0.1155
1173	0.112683
1174	0.113287
1175	0.114365
1176	0.112128
1177	0.113344
1178	0.114114
1179	0.112798
1180	0.113254
1181	0.112455
1182	0.114179
1183	0.111557
1184	0.111662
1185	0.114131
1186	0.113431
1187	0.112273
1188	0.114401
1189	0.113443
1190	0.113228
1191	0.11206
1192	0.113845
1193	0.111141
1194	0.112483
1195	0.113488
1196	0.11418
1197	0.113747
1198	0.112013
1199	0.114519
1200	0.114607
1201	0.113197
1202	0.111988
1203	0.112985
1204	0.114424
1205	0.114756
1206	0.113698
1207	0.111933
1208	0.11379
1209	0.111747
1210	0.113529
1211	0.113372
1212	0.113466
1213	0.112846
1214	0.114127
1215	0.114499
1216	0.114677
1217	0.113158
1218	0.111671
1219	0.114149
1220	0.11445
1221	0.112683
1222	0.11195
1223	0.114563
1224	0.113401
1225	0.112954
1226	0.111354
1227	0.114468
1228	0.112782
1229	0.111059
1230	0.112789
1231	0.113929
1232	0.114592
1233	0.113018
1234	0.110407
1235	0.113776
1236	0.114236
1237	0.11405
1238	0.113429
1239	0.114571
1240	0.115737
1241	0.112989
1242	0.1125
1243	0.113371
1244	0.111313
1245	0.113815
1246	0.11322
1247	0.112062
1248	0.110889
1249	0.112889
1250	0.112269
1251	0.11471
1252	0.112088
1253	0.113003
1254	0.113649
1255	0.114216
1256	0.110482
1257	0.11324
1258	0.110168
1259	0.1151
1260	0.112025
1261	0.113956
1262	0.112196
1263	0.11259
1264	0.112495
1265	0.110245
1266	0.110878
1267	0.111976
1268	0.110984
1269	0.112223
1270	0.113271
1271	0.112162
1272	0.110924
1273	0.113148
1274	0.112156
1275	0.114203
1276	0.111945
1277	0.111866
1278	0.111362
1279	0.111992
1280	0.11106
1281	0.112459
1282	0.112028
1283	0.109875
1284	0.11319
1285	0.11118
1286	0.111859
1287	0.110142
1288	0.109515
1289	0.111652
1290	0.110232
1291	0.113843
1292	0.109314
1293	0.111632
1294	0.112387
1295	0.112986
1296	0.112787
1297	0.11228
1298	0.114164
1299	0.11041
1300	0.113254
1301	0.112664
1302	0.110927
1303	0.109785
1304	0.111236
1305	0.111234
1306	0.113873
1307	0.112307
1308	0.111941
1309	0.113357
1310	0.112731
1311	0.112907
1312	0.11192
1313	0.110091
1314	0.108876
1315	0.112459
1316	0.111613
1317	0.110614
1318	0.112498
1319	0.111119
1320	0.112708
1321	0.10857
1322	0.111029
1323	0.110122
1324	0.110658
1325	0.112722
1326	0.112086
1327	0.112324
1328	0.111095
1329	0.112139
1330	0.110987
1331	0.11227
1332	0.112949
1333	0.109672
1334	0.109871
1335	0.109555
1336	0.110547
1337	0.109709
1338	0.111993
1339	0.110927
1340	0.110496
1341	0.111388
1342	0.109927
1343	0.112355
1344	0.111416
1345	0.110597
1346	0.108685
1347	0.11256
1348	0.110595
1349	0.111506
1350	0.110916
1351	0.108723
1352	0.112003
1353	0.109897
1354	0.109774
1355	0.113609
1356	0.112276
1357	0.110498
1358	0.110505
1359	0.107907
1360	0.111228
1361	0.110022
1362	0.110519
1363	0.110798
1364	0.107735
1365	0.108029
1366	0.112712
1367	0.109168
1368	0.110649
1369	0.110153
1370	0.109822
1371	0.110067
1372	0.107511
1373	0.106818
1374	0.112685
1375	0.111155
1376	0.111419
1377	0.109335
1378	0.108339
1379	0.111861
1380	0.111569
1381	0.111212
1382	0.10978
1383	0.108248
1384	0.108755
1385	0.111104
1386	0.1087
1387	0.109216
1388	0.110646
1389	0.111054
1390	0.109216
1391	0.109665
1392	0.109425
1393	0.111447
1394	0.109898
1395	0.110222
1396	0.109039
1397	0.110148
1398	0.111543
1399	0.111291
1400	0.108546
1401	0.109893
1402	0.112293
1403	0.11122
1404	0.111224
1405	0.112345
1406	0.109837
1407	0.112732
1408	0.112362
1409	0.112008
1410	0.108667
1411	0.110917
1412	0.110238
1413	0.112872
1414	0.11164
1415	0.110765
1416	0.110764
1417	0.107329
1418	0.11363
1419	0.110517
1420	0.110177
1421	0.113455
1422	0.110007
1423	0.109131
1424	0.110446
1425	0.111077
1426	0.112727
1427	0.112283
1428	0.111014
1429	0.110218
1430	0.11121
1431	0.112292
1432	0.111874
1433	0.108438
1434	0.111091
1435	0.110072
1436	0.111893
1437	0.112208
1438	0.111557
1439	0.109421
1440	0.108889
1441	0.111072
1442	0.111249
1443	0.108499
1444	0.113765
1445	0.111328
1446	0.11098
1447	0.112865
1448	0.109529
1449	0.11039
1450	0.111878
1451	0.108709
1452	0.111416
1453	0.110657
1454	0.111316
1455	0.111681
1456	0.109791
1457	0.112801
1458	0.111476
1459	0.11286
1460	0.110839
1461	0.108715
1462	0.111991
1463	0.109847
1464	0.110513
1465	0.108841
1466	0.108375
1467	0.110012
1468	0.113864
1469	0.110209
1470	0.113597
1471	0.112521
1472	0.11202
1473	0.110992
1474	0.109887
1475	0.111174
1476	0.112381
1477	0.111806
1478	0.110209
1479	0.112086
1480	0.110805
1481	0.110971
1482	0.107883
1483	0.109145
1484	0.109592
1485	0.110135
1486	0.110669
1487	0.10859
1488	0.111031
1489	0.10905
1490	0.111936
1491	0.109891
1492	0.112448
1493	0.111883
1494	0.111241
1495	0.111808
1496	0.112882
1497	0.110851
1498	0.110372
1499	0.109441
1500	0.1085
1501	0.107401
1502	0.112513
1503	0.11061
1504	0.108978
1505	0.110926
1506	0.109356
1507	0.111931
1508	0.111539
1509	0.11173
1510	0.109821
1511	0.110908
1512	0.111903
1513	0.110574
1514	0.108543
1515	0.110787
1516	0.110929
1517	0.11071
1518	0.114063
1519	0.111771
1520	0.108482
1521	0.109858
1522	0.109823
1523	0.11004
1524	0.107774
1525	0.111589
1526	0.110983
1527	0.112423
1528	0.112593
1529	0.10952
1530	0.112026
1531	0.110126
1532	0.110255
1533	0.110781
1534	0.112003
1535	0.114507
1536	0.108783
1537	0.111072
1538	0.112406
1539	0.110082
1540	0.108829
1541	0.108699
1542	0.110756
1543	0.112365
1544	0.110096
1545	0.112823
1546	0.109791
1547	0.110472
1548	0.109792
1549	0.109182
1550	0.10999
1551	0.11058
1552	0.108964
1553	0.110796
1554	0.111206
1555	0.110484
1556	0.112881
1557	0.110612
1558	0.112182
1559	0.11108
1560	0.114562
1561	0.112927
1562	0.111208
1563	0.110899
1564	0.1081
1565	0.107184
1566	0.109236
1567	0.111282
1568	0.108984
1569	0.108791
1570	0.109986
1571	0.112087
1572	0.108378
1573	0.109364
1574	0.109882
1575	0.112674
1576	0.110025
1577	0.110985
1578	0.108162
1579	0.110328
1580	0.110286
1581	0.108037
1582	0.107504
1583	0.107443
1584	0.109843
1585	0.107941
1586	0.110861
1587	0.107573
1588	0.108991
1589	0.108997
1590	0.111002
1591	0.109039
1592	0.107183
1593	0.1098
1594	0.111408
1595	0.111233
1596	0.109404
1597	0.105815
1598	0.110417
1599	0.110174
1600	0.108682
1601	0.107278
1602	0.109851
1603	0.109682
1604	0.10752
1605	0.109617
1606	0.111283
1607	0.109498
1608	0.111341
1609	0.109663
1610	0.106449
1611	0.111948
1612	0.109987
1613	0.110146
1614	0.111106
1615	0.11121
1616	0.109859
1617	0.108285
1618	0.110078
1619	0.112875
1620	0.109946
1621	0.110836
1622	0.110459
1623	0.108582
1624	0.110294
1625	0.108758
1626	0.10949
1627	0.10849
1628	0.111077
1629	0.108917
1630	0.110955
1631	0.109833
1632	0.107427
1633	0.112036
1634	0.10759
1635	0.109166
1636	0.109956
1637	0.107806
1638	0.109706
1639	0.110898
1640	0.111856
1641	0.108974
1642	0.111387
1643	0.107442
1644	0.10921
1645	0.109978
1646	0.111852
1647	0.109877
1648	0.112712
1649	0.112417
1650	0.109144
1651	0.110166
1652	0.10684
1653	0.109317
1654	0.111286
1655	0.111808
1656	0.108766
1657	0.10887
1658	0.109099
1659	0.108413
1660	0.109889
1661	0.110317
1662	0.110913
1663	0.110799
1664	0.111537
1665	0.109992
1666	0.108941
1667	0.109403
1668	0.110585
1669	0.110441
1670	0.107372
1671	0.110984
1672	0.109915
1673	0.109753
1674	0.11439
1675	0.110185
1676	0.112637
1677	0.109605
1678	0.108235
1679	0.107208
1680	0.107632
1681	0.108989
1682	0.111031
1683	0.106028
1684	0.110758
1685	0.111397
1686	0.111711
1687	0.110201
1688	0.111725
1689	0.111626
1690	0.1106
1691	0.109498
1692	0.1109
1693	0.110277
1694	0.111982
1695	0.10942
1696	0.109893
1697	0.11142
1698	0.111044
1699	0.11106
1700	0.112508
1701	0.11081
1702	0.110796
1703	0.110704
1704	0.112561
1705	0.111009
1706	0.109851
1707	0.110912
1708	0.113774
1709	0.111849
1710	0.112
1711	0.110983
1712	0.11127
1713	0.110819
1714	0.112151
1715	0.109308
1716	0.111598
1717	0.109592
1718	0.112083
1719	0.11273
1720	0.112717
1721	0.108124
1722	0.113548
1723	0.108087
1724	0.111536
1725	0.110262
1726	0.113552
1727	0.112044
1728	0.112306
1729	0.108953
1730	0.112554
1731	0.108044
1732	0.111042
1733	0.110716
1734	0.109017
1735	0.113162
1736	0.106961
1737	0.111299
1738	0.109648
1739	0.111514
1740	0.113306
1741	0.111877
1742	0.110868
1743	0.111089
1744	0.113909
1745	0.11079
1746	0.110771
1747	0.111624
1748	0.113478
1749	0.112673
1750	0.111481
1751	0.109427
1752	0.110966
1753	0.109057
1754	0.111389
1755	0.110837
1756	0.11292
1757	0.112609
1758	0.111463
1759	0.112327
1760	0.108213
1761	0.109061
1762	0.111476
1763	0.109094
1764	0.111826
1765	0.109334
1766	0.111468
1767	0.108226
1768	0.112015
1769	0.110832
1770	0.112599
1771	0.108653
1772	0.109725
1773	0.110142
1774	0.111659
1775	0.112583
1776	0.113571
1777	0.108755
1778	0.109359
1779	0.111273
1780	0.110764
1781	0.106447
1782	0.11346
1783	0.110493
1784	0.110265
1785	0.110551
1786	0.111119
1787	0.10804
1788	0.109614
1789	0.109794
1790	0.108893
1791	0.108375
1792	0.10899
1793	0.111015
1794	0.108379
1795	0.109586
1796	0.11015
1797	0.10924
1798	0.110243
1799	0.112647
1800	0.110579
1801	0.11007
1802	0.110991
1803	0.109728
1804	0.110929
1805	0.109405
1806	0.111814
1807	0.112028
1808	0.109124
1809	0.11233
1810	0.110054
1811	0.111565
1812	0.111949
1813	0.111029
1814	0.110906
1815	0.111193
1816	0.110627
1817	0.110465
1818	0.108095
1819	0.110887
1820	0.108564
1821	0.111323
1822	0.111561
1823	0.111288
1824	0.109459
1825	0.107868
1826	0.108475
1827	0.1144
1828	0.110741
1829	0.109594
1830	0.112289
1831	0.108214
1832	0.108725
1833	0.111355
1834	0.106783
1835	0.109732
1836	0.113408
1837	0.108734
1838	0.110879
1839	0.112048
1840	0.109693
1841	0.109045
1842	0.107567
1843	0.10924
1844	0.107762
1845	0.109449
1846	0.108347
1847	0.108462
1848	0.109296
1849	0.111854
1850	0.109953
1851	0.107426
1852	0.109387
1853	0.108699
1854	0.108739
1855	0.111299
1856	0.10824
1857	0.108955
1858	0.109156
1859	0.108292
1860	0.109279
1861	0.107382
1862	0.107677
1863	0.109376
1864	0.107525
1865	0.107627
1866	0.107842
1867	0.112
1868	0.106376
1869	0.108328
1870	0.108617
1871	0.107539
1872	0.110524
1873	0.11033
1874	0.110259
1875	0.106875
1876	0.108232
1877	0.110078
1878	0.108275
1879	0.112983
1880	0.112386
1881	0.110348
1882	0.108641
1883	0.109801
1884	0.108723
1885	0.109917
1886	0.108737
1887	0.110719
1888	0.107917
1889	0.107033
1890	0.110635
1891	0.109905
1892	0.1105
1893	0.108208
1894	0.108611
1895	0.108633
1896	0.113905
1897	0.106275
1898	0.109147
1899	0.111159
1900	0.109548
1901	0.108153
1902	0.110229
1903	0.111182
1904	0.106952
1905	0.108159
1906	0.108117
1907	0.107606
1908	0.110415
1909	0.108392
1910	0.107851
1911	0.107592
1912	0.11016
1913	0.110008
1914	0.107894
1915	0.110494
1916	0.107669
1917	0.106155
1918	0.107885
1919	0.110054
1920	0.10793
1921	0.113206
1922	0.110725
1923	0.107619
1924	0.107185
1925	0.110021
1926	0.10895
1927	0.11162
1928	0.10789
1929	0.1075
1930	0.107944
1931	0.10803
1932	0.10829
1933	0.108693
1934	0.109093
1935	0.108862
1936	0.108141
1937	0.110382
1938	0.109306
1939	0.111323
1940	0.111702
1941	0.108494
1942	0.110647
1943	0.1098
1944	0.107725
1945	0.110423
1946	0.110357
1947	0.109313
1948	0.109902
1949	0.109812
1950	0.11078
1951	0.10798
1952	0.110102
1953	0.110218
1954	0.107093
1955	0.108343
1956	0.108318
1957	0.107234
1958	0.108493
1959	0.108885
1960	0.108148
1961	0.109116
1962	0.109896
1963	0.107117
1964	0.109444
1965	0.108876
1966	0.111812
1967	0.107957
1968	0.110889
1969	0.106512
1970	0.107065
1971	0.109217
1972	0.109551
1973	0.110939
1974	0.107689
1975	0.111399
1976	0.109704
1977	0.108105
1978	0.111392
1979	0.109212
1980	0.10855
1981	0.105114
1982	0.108812
1983	0.107918
1984	0.107184
1985	0.109377
1986	0.106726
1987	0.108397
1988	0.106974
1989	0.10778
1990	0.109579
1991	0.107629
1992	0.106474
1993	0.109021
1994	0.107747
1995	0.110139
1996	0.107946
1997	0.107298
1998	0.10835
1999	0.110885
2000	0.107787
2001	0.106448
2002	0.107175
2003	0.107195
2004	0.106503
2005	0.107079
2006	0.108113
2007	0.108546
2008	0.10783
2009	0.108999
2010	0.108057
2011	0.109138
2012	0.107522
2013	0.107212
2014	0.107842
2015	0.108214
2016	0.108744
2017	0.105803
2018	0.107423
2019	0.106736
2020	0.10939
2021	0.108412
2022	0.107811
2023	0.107332
2024	0.108692
2025	0.107978
2026	0.109464
2027	0.111222
2028	0.110522
2029	0.108578
2030	0.108442
2031	0.107618
2032	0.109445
2033	0.109582
2034	0.108883
2035	0.106421
2036	0.108394
2037	0.107425
2038	0.108852
2039	0.106752
2040	0.107559
2041	0.107087
2042	0.108533
2043	0.109922
2044	0.108368
2045	0.106331
2046	0.109553
2047	0.10822
2048	0.110223
2049	0.109777
2050	0.107502
2051	0.108808
2052	0.109903
2053	0.109788
2054	0.111951
2055	0.109205
2056	0.109668
2057	0.110415
2058	0.107537
2059	0.10977
2060	0.107861
2061	0.10912
2062	0.104877
2063	0.108709
2064	0.111737
2065	0.107509
2066	0.109816
2067	0.107514
2068	0.109393
2069	0.107904
2070	0.110611
2071	0.107869
2072	0.109153
2073	0.109468
2074	0.109192
2075	0.110377
2076	0.107468
2077	0.107387
2078	0.10962
2079	0.107564
2080	0.109412
2081	0.110009
2082	0.109812
2083	0.110056
2084	0.107435
2085	0.106357
2086	0.11
2087	0.109614
2088	0.11032
2089	0.110401
2090	0.107744
2091	0.111435
2092	0.112849
2093	0.108935
2094	0.11072
2095	0.110676
2096	0.10908
2097	0.110506
2098	0.108154
2099	0.109951
2100	0.110076
2101	0.109606
2102	0.107185
2103	0.106688
2104	0.106819
2105	0.108858
2106	0.109687
2107	0.11175
2108	0.110302
2109	0.107711
2110	0.109746
2111	0.108478
2112	0.109483
2113	0.109235
2114	0.110067
2115	0.108281
2116	0.107903
2117	0.110609
2118	0.107594
2119	0.109188
2120	0.110145
2121	0.109411
2122	0.110416
2123	0.111136
2124	0.107553
2125	0.108243
2126	0.108263
2127	0.107627
2128	0.107143
2129	0.107547
2130	0.10748
2131	0.106313
2132	0.11002
2133	0.108021
2134	0.109282
2135	0.109717
2136	0.111109
2137	0.109985
2138	0.107243
2139	0.107523
2140	0.107092
2141	0.10675
2142	0.108754
2143	0.110898
2144	0.106408
2145	0.106418
2146	0.106892
2147	0.106642
2148	0.10641
2149	0.108584
2150	0.107313
2151	0.106377
2152	0.108717
2153	0.108227
2154	0.108696
2155	0.108715
2156	0.107173
2157	0.108103
2158	0.108567
2159	0.107487
2160	0.109593
2161	0.109964
2162	0.107629
2163	0.109099
2164	0.108661
2165	0.107883
2166	0.107449
2167	0.107046
2168	0.108414
2169	0.108283
2170	0.109293
2171	0.110064
2172	0.108421
2173	0.111671
2174	0.10781
2175	0.108964
2176	0.108363
2177	0.10682
2178	0.10739
2179	0.110437
2180	0.109857
2181	0.111276
2182	0.108498
2183	0.108448
2184	0.108322
2185	0.10959
2186	0.110785
2187	0.106649
2188	0.107744
2189	0.108991
2190	0.110723
2191	0.109187
2192	0.106993
2193	0.106191
2194	0.108395
2195	0.107105
2196	0.106486
2197	0.106756
2198	0.106713
2199	0.109035
2200	0.109294
2201	0.107461
2202	0.108199
2203	0.109146
2204	0.10986
2205	0.109243
2206	0.108916
2207	0.107268
2208	0.109062
2209	0.109518
2210	0.109932
2211	0.109732
2212	0.111237
2213	0.106503
2214	0.106993
2215	0.107708
2216	0.109433
2217	0.1081
2218	0.106272
2219	0.106754
2220	0.109882
2221	0.106988
2222	0.108157
2223	0.106736
2224	0.10809
2225	0.111525
2226	0.107782
2227	0.109202
2228	0.109131
2229	0.110155
2230	0.107121
2231	0.10854
2232	0.107608
2233	0.10885
2234	0.105982
2235	0.109241
2236	0.107408
2237	0.107864
2238	0.10767
2239	0.107181
2240	0.108559
2241	0.107955
2242	0.112121
2243	0.107512
2244	0.108058
2245	0.106285
2246	0.108714
2247	0.109057
2248	0.108206
2249	0.107928
2250	0.107444
2251	0.110036
2252	0.107483
2253	0.109048
2254	0.1084
2255	0.108756
2256	0.107345
2257	0.105614
2258	0.107373
2259	0.110557
2260	0.108865
2261	0.1091
2262	0.106764
2263	0.107165
2264	0.11052
2265	0.107813
2266	0.108993
2267	0.108295
2268	0.109394
2269	0.106335
2270	0.108419
2271	0.110853
2272	0.109294
2273	0.108672
2274	0.105439
2275	0.105642
2276	0.106331
2277	0.109996
2278	0.105237
2279	0.1086
2280	0.105787
2281	0.104336
2282	0.107283
2283	0.106387
2284	0.105612
2285	0.105555
2286	0.106896
2287	0.109432
2288	0.105685
2289	0.107373
2290	0.107503
2291	0.107246
2292	0.107079
2293	0.107964
2294	0.110273
2295	0.106438
2296	0.105742
2297	0.108518
2298	0.107248
2299	0.107312
2300	0.108982
2301	0.109455
2302	0.108462
2303	0.10677
2304	0.105919
2305	0.108407
2306	0.110344
2307	0.107346
2308	0.107579
2309	0.108044
2310	0.108282
2311	0.107762
2312	0.108949
2313	0.106337
2314	0.108941
2315	0.109345
2316	0.107174
2317	0.114176
2318	0.108077
2319	0.107653
2320	0.107811
2321	0.108651
2322	0.107851
2323	0.107694
2324	0.107813
2325	0.107112
2326	0.107664
2327	0.107972
2328	0.108983
2329	0.106784
2330	0.109048
2331	0.108836
2332	0.10806
2333	0.107985
2334	0.107753
2335	0.108852
2336	0.109576
2337	0.111796
2338	0.109438
2339	0.111304
2340	0.106622
2341	0.107723
2342	0.107656
2343	0.107529
2344	0.110068
2345	0.113043
2346	0.106814
2347	0.104158
2348	0.108787
2349	0.107837
2350	0.107667
2351	0.107849
2352	0.106935
2353	0.110616
2354	0.108205
2355	0.107374
2356	0.106062
2357	0.108254
2358	0.108278
2359	0.104428
2360	0.108561
2361	0.10852
2362	0.106347
2363	0.105865
2364	0.10602
2365	0.107845
2366	0.105797
2367	0.108443
2368	0.106544
2369	0.105218
2370	0.107242
2371	0.107276
2372	0.110972
2373	0.106693
2374	0.106116
2375	0.108295
2376	0.107059
2377	0.109487
2378	0.105749
2379	0.107245
2380	0.108922
2381	0.105853
2382	0.107851
2383	0.106333
2384	0.109942
2385	0.106988
2386	0.105538
2387	0.10707
2388	0.107079
2389	0.107878
2390	0.106137
2391	0.106315
2392	0.106369
2393	0.108352
2394	0.107778
2395	0.106267
2396	0.107454
2397	0.105834
2398	0.106616
2399	0.107469
2400	0.107619
2401	0.107824
2402	0.105656
2403	0.107987
2404	0.106186
2405	0.106859
2406	0.10637
2407	0.106263
2408	0.109614
2409	0.107074
2410	0.108402
2411	0.108124
2412	0.103983
2413	0.10702
2414	0.105654
2415	0.106847
2416	0.107923
2417	0.107074
2418	0.106953
2419	0.106657
2420	0.108014
2421	0.10801
2422	0.107474
2423	0.108898
2424	0.108207
2425	0.105765
2426	0.109284
2427	0.107783
2428	0.105965
2429	0.109559
2430	0.106866
2431	0.105892
2432	0.106013
2433	0.108206
2434	0.111183
2435	0.107435
2436	0.107356
2437	0.109017
2438	0.109883
2439	0.10924
2440	0.108381
2441	0.109341
2442	0.108324
2443	0.109164
2444	0.110945
2445	0.106361
2446	0.107618
2447	0.108606
2448	0.104694
2449	0.108808
2450	0.108125
2451	0.108522
2452	0.109989
2453	0.104821
2454	0.106018
2455	0.110063
2456	0.109385
2457	0.107505
2458	0.107423
2459	0.109535
2460	0.106023
2461	0.106001
2462	0.106592
2463	0.107859
2464	0.108635
2465	0.109663
2466	0.11001
2467	0.109197
2468	0.108795
2469	0.107654
2470	0.110122
2471	0.107805
2472	0.108708
2473	0.107681
2474	0.109411
2475	0.108589
2476	0.105917
2477	0.108989
2478	0.110814
2479	0.109433
2480	0.109459
2481	0.10717
2482	0.106084
2483	0.108031
2484	0.107247
2485	0.109141
2486	0.109633
2487	0.109545
2488	0.112238
2489	0.107981
2490	0.108923
2491	0.106265
2492	0.110083
2493	0.107163
2494	0.108416
2495	0.111152
2496	0.107137
2497	0.108781
2498	0.108434
2499	0.109811
2500	0.11024
2501	0.110522
2502	0.107792
2503	0.10813
2504	0.11128
2505	0.105105
2506	0.107663
2507	0.107951
2508	0.110089
2509	0.111382
2510	0.110611
2511	0.108005
2512	0.106662
2513	0.105119
2514	0.108645
2515	0.10827
2516	0.10774
2517	0.110024
2518	0.11041
2519	0.110464
2520	0.109787
2521	0.110556
2522	0.110159
2523	0.109175
2524	0.109533
2525	0.111691
2526	0.110157
2527	0.107647
2528	0.111313
2529	0.107847
2530	0.108905
2531	0.107356
2532	0.109772
2533	0.106437
2534	0.112049
2535	0.107772
2536	0.105512
2537	0.10867
2538	0.107914
2539	0.109379
2540	0.109348
2541	0.109305
2542	0.10996
2543	0.11
2544	0.107224
2545	0.109071
2546	0.110483
2547	0.109286
2548	0.111271
2549	0.107996
2550	0.107629
2551	0.111929
2552	0.109046
2553	0.108402
2554	0.11058
2555	0.110002
2556	0.109207
2557	0.10796
2558	0.109915
2559	0.112864
2560	0.110475
2561	0.107757
2562	0.110779
2563	0.109166
2564	0.10933
2565	0.109634
2566	0.113012
2567	0.10922
2568	0.1083
2569	0.104593
2570	0.107881
2571	0.110249
2572	0.111877
2573	0.109784
2574	0.109972
2575	0.108117
2576	0.106964
2577	0.109118
2578	0.109015
2579	0.110519
2580	0.111906
2581	0.107394
2582	0.109202
2583	0.109715
2584	0.11038
2585	0.110837
2586	0.108058
2587	0.110422
2588	0.110523
2589	0.108221
2590	0.111059
2591	0.108431
2592	0.109461
2593	0.108227
2594	0.109022
2595	0.11149
2596	0.108651
2597	0.1091
2598	0.111734
2599	0.109024
2600	0.107363
2601	0.1071
2602	0.109685
2603	0.109729
2604	0.104767
2605	0.109232
2606	0.111687
2607	0.108674
2608	0.111766
2609	0.106798
2610	0.108373
2611	0.110831
2612	0.108306
2613	0.109523
2614	0.109527
2615	0.108933
2616	0.110502
2617	0.108504
2618	0.108646
2619	0.108758
2620	0.110291
2621	0.111225
2622	0.109873
2623	0.110525
2624	0.107335
2625	0.106836
2626	0.11056
2627	0.105608
2628	0.108837
2629	0.107886
2630	0.109291
2631	0.108943
2632	0.106494
2633	0.112342
2634	0.108235
2635	0.108033
2636	0.110116
2637	0.108795
2638	0.106153
2639	0.108805
2640	0.108674
2641	0.107507
2642	0.108305
2643	0.106366
2644	0.108656
2645	0.108275
2646	0.105587
2647	0.109131
2648	0.11039
2649	0.110833
2650	0.107571
2651	0.110527
2652	0.110355
2653	0.108316
2654	0.110612
2655	0.107586
2656	0.109042
2657	0.109291
2658	0.108299
2659	0.108094
2660	0.110515
2661	0.106587
2662	0.109738
2663	0.107168
2664	0.106698
2665	0.105485
2666	0.107566
2667	0.108579
2668	0.106844
2669	0.106826
2670	0.108408
2671	0.106582
2672	0.107761
2673	0.105815
2674	0.107306
2675	0.108241
2676	0.105962
2677	0.107723
2678	0.108983
2679	0.110576
2680	0.107184
2681	0.108339
2682	0.108976
2683	0.107192
2684	0.107184
2685	0.108927
2686	0.107679
2687	0.106499
2688	0.106709
2689	0.109413
2690	0.106715
2691	0.107419
2692	0.107998
2693	0.107779
2694	0.105272
2695	0.108871
2696	0.109879
2697	0.106329
2698	0.10903
2699	0.106534
2700	0.109329
2701	0.111839
2702	0.108207
2703	0.107188
2704	0.107708
2705	0.106431
2706	0.10963
2707	0.110745
2708	0.109255
2709	0.107043
2710	0.106465
2711	0.108588
2712	0.108207
2713	0.109539
2714	0.110297
2715	0.107489
2716	0.106237
2717	0.110142
2718	0.107428
2719	0.107583
2720	0.106332
2721	0.106835
2722	0.10551
2723	0.107636
2724	0.106944
2725	0.104808
2726	0.107229
2727	0.104806
2728	0.105948
2729	0.108506
2730	0.106339
2731	0.108476
2732	0.108067
2733	0.108251
2734	0.107462
2735	0.105961
2736	0.106861
2737	0.105619
2738	0.105519
2739	0.107078
2740	0.110634
2741	0.108285
2742	0.105873
2743	0.108894
2744	0.107626
2745	0.108469
2746	0.108568
2747	0.10733
2748	0.106238
2749	0.107717
2750	0.106888
2751	0.110372
2752	0.10876
2753	0.107433
2754	0.108518
2755	0.106397
2756	0.107097
2757	0.10741
2758	0.107073
2759	0.107041
2760	0.108399
2761	0.105927
2762	0.105725
2763	0.111432
2764	0.108277
2765	0.108183
2766	0.107633
2767	0.109428
2768	0.108248
2769	0.107188
2770	0.108168
2771	0.106972
2772	0.109534
2773	0.104785
2774	0.106494
2775	0.107005
2776	0.107509
2777	0.10753
2778	0.108374
2779	0.108935
2780	0.109483
2781	0.10746
2782	0.108828
2783	0.108469
2784	0.106847
2785	0.105964
2786	0.1057
2787	0.104555
2788	0.106678
2789	0.109086
2790	0.105775
2791	0.10705
2792	0.106861
2793	0.110009
2794	0.109338
2795	0.107916
2796	0.107659
2797	0.106771
2798	0.106959
2799	0.110237
2800	0.107949
2801	0.107948
2802	0.104739
2803	0.109907
2804	0.104666
2805	0.107839
2806	0.108315
2807	0.109504
2808	0.108037
2809	0.109387
2810	0.109712
2811	0.107174
2812	0.105737
2813	0.108864
2814	0.107135
2815	0.108863
2816	0.106148
2817	0.108589
2818	0.106789
2819	0.108984
2820	0.108257
2821	0.108465
2822	0.107375
2823	0.109172
2824	0.111039
2825	0.109719
2826	0.109153
2827	0.108526
2828	0.110344
2829	0.108639
2830	0.108098
2831	0.109604
2832	0.109344
2833	0.110959
2834	0.106116
2835	0.110282
2836	0.111622
2837	0.108173
2838	0.107666
2839	0.108551
2840	0.106793
2841	0.110314
2842	0.10651
2843	0.109332
2844	0.107416
2845	0.106439
2846	0.108741
2847	0.107932
2848	0.106331
2849	0.109539
2850	0.110007
2851	0.105267
2852	0.109256
2853	0.107288
2854	0.109485
2855	0.110938
2856	0.107707
2857	0.112005
2858	0.107825
2859	0.109061
2860	0.108079
2861	0.107817
2862	0.10987
2863	0.109931
2864	0.111158
2865	0.108229
2866	0.107838
2867	0.108669
2868	0.110383
2869	0.108686
2870	0.110735
2871	0.106877
2872	0.108157
2873	0.110056
2874	0.1114
2875	0.109204
2876	0.111246
2877	0.107303
2878	0.108742
2879	0.110992
2880	0.108583
2881	0.107384
2882	0.110545
2883	0.107768
2884	0.113823
2885	0.109954
2886	0.109133
2887	0.110999
2888	0.107798
2889	0.111051
2890	0.108236
2891	0.109506
2892	0.108519
2893	0.109384
2894	0.10757
2895	0.108837
2896	0.108293
2897	0.106905
2898	0.107442
2899	0.105983
2900	0.106218
2901	0.106155
2902	0.108579
2903	0.109161
2904	0.107956
2905	0.108462
2906	0.106662
2907	0.109147
2908	0.108905
2909	0.106308
2910	0.10876
2911	0.10692
2912	0.108443
2913	0.10931
2914	0.108675
2915	0.108613
2916	0.106996
2917	0.109216
2918	0.109195
2919	0.108062
2920	0.110595
2921	0.108927
2922	0.105908
2923	0.109542
2924	0.108126
2925	0.107331
2926	0.110024
2927	0.106919
2928	0.108661
2929	0.108295
2930	0.108574
2931	0.108833
2932	0.105464
2933	0.106039
2934	0.110106
2935	0.107141
2936	0.107491
2937	0.107916
2938	0.107899
2939	0.106233
2940	0.107784
2941	0.107537
2942	0.107059
2943	0.108837
2944	0.106974
2945	0.107315
2946	0.109925
2947	0.10539
2948	0.110654
2949	0.107733
2950	0.107536
2951	0.105352
2952	0.106914
2953	0.107331
2954	0.107409
2955	0.10737
2956	0.103781
2957	0.108876
2958	0.107273
2959	0.104805
2960	0.103868
2961	0.10593
2962	0.106099
2963	0.106061
2964	0.1079
2965	0.109417
2966	0.10534
2967	0.106284
2968	0.105042
2969	0.105828
2970	0.107297
2971	0.104485
2972	0.105957
2973	0.106481
2974	0.107697
2975	0.106354
2976	0.107865
2977	0.105828
2978	0.106313
2979	0.105675
2980	0.108141
2981	0.104842
2982	0.102891
2983	0.10549
2984	0.107458
2985	0.106387
2986	0.104581
2987	0.10662
2988	0.103472
2989	0.106527
2990	0.102095
2991	0.107466
2992	0.104216
2993	0.106174
2994	0.106527
2995	0.104955
2996	0.104282
2997	0.10681
2998	0.103541
2999	0.104562
3000	0.107093
3001	0.102833
3002	0.103841
3003	0.10434
3004	0.104923
3005	0.106218
3006	0.104093
3007	0.104786
3008	0.104339
3009	0.105892
3010	0.103326
3011	0.105325
3012	0.104022
3013	0.106284
3014	0.104563
3015	0.104906
3016	0.105977
3017	0.106738
3018	0.105354
3019	0.102698
3020	0.106545
3021	0.103301
3022	0.106375
3023	0.10622
3024	0.105959
3025	0.10431
3026	0.104849
3027	0.103484
3028	0.104284
3029	0.104338
3030	0.106376
3031	0.103931
3032	0.105819
3033	0.105887
3034	0.105598
3035	0.10308
3036	0.10409
3037	0.105225
3038	0.104663
3039	0.104442
3040	0.106179
3041	0.104625
3042	0.105051
3043	0.105304
3044	0.106007
3045	0.10362
3046	0.102783
3047	0.105093
3048	0.104305
3049	0.106291
3050	0.10406
3051	0.103298
3052	0.104558
3053	0.105543
3054	0.103564
3055	0.107564
3056	0.102516
3057	0.106008
3058	0.103792
3059	0.103351
3060	0.102792
3061	0.105342
3062	0.10586
3063	0.102935
3064	0.10653
3065	0.106831
3066	0.106809
3067	0.105476
3068	0.107084
3069	0.105687
3070	0.10408
3071	0.104224
3072	0.106169
3073	0.105252
3074	0.106866
3075	0.10471
3076	0.10796
3077	0.106422
3078	0.106153
3079	0.10331
3080	0.100924
3081	0.105445
3082	0.104435
3083	0.104084
3084	0.103415
3085	0.103945
3086	0.103703
3087	0.102013
3088	0.106456
3089	0.102773
3090	0.101291
3091	0.104755
3092	0.103756
3093	0.104794
3094	0.104834
3095	0.102222
3096	0.104073
3097	0.105555
3098	0.103752
3099	0.103239
3100	0.103218
3101	0.103215
3102	0.103894
3103	0.105184
3104	0.10471
3105	0.102574
3106	0.102342
3107	0.103832
3108	0.104763
3109	0.105367
3110	0.103073
3111	0.105907
3112	0.105081
3113	0.106333
3114	0.104612
3115	0.105813
3116	0.104552
3117	0.106358
3118	0.103909
3119	0.104197
3120	0.105935
3121	0.104805
3122	0.105433
3123	0.10474
3124	0.102176
3125	0.104136
3126	0.104698
3127	0.104902
3128	0.106585
3129	0.106181
3130	0.105532
3131	0.105601
3132	0.106489
3133	0.106272
3134	0.105815
3135	0.106253
3136	0.107512
3137	0.107277
3138	0.107086
3139	0.107142
3140	0.108789
3141	0.107179
3142	0.10621
3143	0.10755
3144	0.106688
3145	0.107996
3146	0.106643
3147	0.108619
3148	0.105856
3149	0.106183
3150	0.106025
3151	0.10552
3152	0.106512
3153	0.102803
3154	0.10525
3155	0.106082
3156	0.104623
3157	0.107186
3158	0.105477
3159	0.105906
3160	0.106815
3161	0.1066
3162	0.107453
3163	0.106507
3164	0.106518
3165	0.107166
3166	0.104963
3167	0.105286
3168	0.105193
3169	0.109126
3170	0.106016
3171	0.106119
3172	0.106241
3173	0.106525
3174	0.105452
3175	0.104769
3176	0.106849
3177	0.107179
3178	0.105133
3179	0.104155
3180	0.10528
3181	0.104277
3182	0.108369
3183	0.108503
3184	0.105934
3185	0.106537
3186	0.102572
3187	0.106182
3188	0.104572
3189	0.105383
3190	0.105478
3191	0.106201
3192	0.107934
3193	0.106562
3194	0.109431
3195	0.10547
3196	0.103578
3197	0.107415
3198	0.107206
3199	0.106711
3200	0.10568
3201	0.108513
3202	0.106337
3203	0.10784
3204	0.107446
3205	0.105182
3206	0.105265
3207	0.106551
3208	0.106979
3209	0.107965
3210	0.107139
3211	0.105751
3212	0.107125
3213	0.106733
3214	0.106168
3215	0.107387
3216	0.107394
3217	0.105995
3218	0.106473
3219	0.109288
3220	0.105456
3221	0.106142
3222	0.107039
3223	0.109989
3224	0.105306
3225	0.105793
3226	0.106114
3227	0.105339
3228	0.107214
3229	0.107233
3230	0.104888
3231	0.10519
3232	0.1055
3233	0.103273
3234	0.103203
3235	0.105615
3236	0.105908
3237	0.104742
3238	0.102787
3239	0.106628
3240	0.104141
3241	0.104595
3242	0.104352
3243	0.106078
3244	0.105049
3245	0.107956
3246	0.106365
3247	0.102623
3248	0.102719
3249	0.104874
3250	0.105377
3251	0.106069
3252	0.103857
3253	0.102522
3254	0.105384
3255	0.105296
3256	0.104447
3257	0.103058
3258	0.107312
3259	0.10604
3260	0.101731
3261	0.10391
3262	0.103754
3263	0.105629
3264	0.105324
3265	0.106131
3266	0.105598
3267	0.104819
3268	0.103714
3269	0.10686
3270	0.103901
3271	0.102758
3272	0.100439
3273	0.105732
3274	0.104074
3275	0.107009
3276	0.105549
3277	0.102356
3278	0.104068
3279	0.102375
3280	0.105704
3281	0.103739
3282	0.102253
3283	0.104085
3284	0.106584
3285	0.105605
3286	0.103801
3287	0.106858
3288	0.10483
3289	0.105141
3290	0.104574
3291	0.10628
3292	0.105075
3293	0.102976
3294	0.106338
3295	0.103599
3296	0.102711
3297	0.10753
3298	0.103774
3299	0.106537
3300	0.102235
3301	0.104821
3302	0.102799
3303	0.102618
3304	0.102889
3305	0.103243
3306	0.104611
3307	0.104302
3308	0.10209
3309	0.105563
3310	0.102512
3311	0.103648
3312	0.103889
3313	0.0984924
3314	0.101041
3315	0.102071
3316	0.10184
3317	0.101826
3318	0.100794
3319	0.101485
3320	0.101662
3321	0.103037
3322	0.10202
3323	0.103563
3324	0.101574
3325	0.102809
3326	0.101934
3327	0.104196
3328	0.101646
3329	0.101556
3330	0.101294
3331	0.101852
3332	0.100615
3333	0.0999179
3334	0.101198
3335	0.102496
3336	0.10216
3337	0.099374
3338	0.101992
3339	0.103901
3340	0.100978
3341	0.0980048
3342	0.096515
3343	0.100327
3344	0.10009
3345	0.101658
3346	0.100658
3347	0.100781
3348	0.102138
3349	0.103007
3350	0.0995301
3351	0.100096
3352	0.101806
3353	0.100668
3354	0.0984686
3355	0.0989173
3356	0.101093
3357	0.0971681
3358	0.101274
3359	0.100627
3360	0.101009
3361	0.101882
3362	0.100076
3363	0.100547
3364	0.103709
3365	0.101457
3366	0.102141
3367	0.103767
3368	0.0999348
3369	0.100709
3370	0.10107
3371	0.103366
3372	0.102503
3373	0.100892
3374	0.102099
3375	0.101191
3376	0.101713
3377	0.102787
3378	0.100041
3379	0.101861
3380	0.10079
3381	0.105071
3382	0.102049
3383	0.103303
3384	0.101448
3385	0.101036
3386	0.104201
3387	0.103598
3388	0.104079
3389	0.102768
3390	0.100361
3391	0.105556
3392	0.103352
3393	0.103831
3394	0.102468
3395	0.10334
3396	0.100256
3397	0.102363
3398	0.0993709
3399	0.100301
3400	0.101066
3401	0.104287
3402	0.0996183
3403	0.10424
3404	0.102695
3405	0.102059
3406	0.100389
3407	0.102749
3408	0.102352
3409	0.100803
3410	0.104762
3411	0.102947
3412	0.104265
3413	0.102994
3414	0.103749
3415	0.103721
3416	0.103124
3417	0.106439
3418	0.104487
3419	0.102501
3420	0.105715
3421	0.103455
3422	0.106024
3423	0.103937
3424	0.105647
3425	0.105502
3426	0.1032
3427	0.102053
3428	0.104036
3429	0.10509
3430	0.104646
3431	0.103229
3432	0.102582
3433	0.102262
3434	0.1025
3435	0.103598
3436	0.10313
3437	0.102776
3438	0.104609
3439	0.101679
3440	0.10418
3441	0.104285
3442	0.104974
3443	0.103422
3444	0.100971
3445	0.101552
3446	0.100874
3447	0.102868
3448	0.102898
3449	0.103095
3450	0.102969
3451	0.101846
3452	0.10059
3453	0.101501
3454	0.0974574
3455	0.100178
3456	0.102286
3457	0.10032
3458	0.102828
3459	0.0999464
3460	0.101504
3461	0.101187
3462	0.10019
3463	0.101343
3464	0.097106
3465	0.0988904
3466	0.0989251
3467	0.100465
3468	0.0991166
3469	0.100129
3470	0.101113
3471	0.100327
3472	0.100137
3473	0.0997937
3474	0.0990242
3475	0.0995583
3476	0.101043
3477	0.0994313
3478	0.0982765
3479	0.104922
3480	0.099527
3481	0.0987143
3482	0.0996897
3483	0.100322
3484	0.101338
3485	0.100766
3486	0.100195
3487	0.101678
3488	0.101719
3489	0.0982473
3490	0.101741
3491	0.102925
3492	0.103523
3493	0.102229
3494	0.102127
3495	0.100697
3496	0.100209
3497	0.0992034
3498	0.10162
3499	0.102912
3500	0.100676
3501	0.0988669
3502	0.102738
3503	0.100394
3504	0.104801
3505	0.102786
3506	0.103372
3507	0.103017
3508	0.105815
3509	0.103995
3510	0.106614
3511	0.104129
3512	0.10635
3513	0.1015
3514	0.104367
3515	0.101392
3516	0.102148
3517	0.10715
3518	0.106168
3519	0.107043
3520	0.105675
3521	0.107176
3522	0.107902
3523	0.105972
3524	0.106487
3525	0.106029
3526	0.105277
3527	0.108243
3528	0.105957
3529	0.107235
3530	0.105723
3531	0.102955
3532	0.105948
3533	0.104977
3534	0.105313
3535	0.105763
3536	0.10644
3537	0.105861
3538	0.106191
3539	0.104695
3540	0.107443
3541	0.106059
3542	0.105798
3543	0.105345
3544	0.102719
3545	0.106002
3546	0.105888
3547	0.10596
3548	0.108786
3549	0.104308
3550	0.107235
3551	0.105192
3552	0.105787
3553	0.105508
3554	0.103668
3555	0.104736
3556	0.1036
3557	0.107121
3558	0.106127
3559	0.10639
3560	0.106547
3561	0.106717
3562	0.106361
3563	0.104481
3564	0.104809
3565	0.107168
3566	0.105734
3567	0.105333
3568	0.104616
3569	0.105528
3570	0.105954
3571	0.105206
3572	0.106045
3573	0.103666
3574	0.104562
3575	0.105443
3576	0.104364
3577	0.100851
3578	0.10417
3579	0.105601
3580	0.105235
3581	0.10468
3582	0.100453
3583	0.104911
3584	0.105734
3585	0.104885
3586	0.105903
3587	0.104412
3588	0.106636
3589	0.106306
3590	0.103653
3591	0.105094
3592	0.106476
3593	0.105535
3594	0.102796
3595	0.103684
3596	0.105245
3597	0.10478
3598	0.10449
3599	0.105678
3600	0.106116
3601	0.104281
3602	0.103621
3603	0.103888
3604	0.101823
3605	0.103805
3606	0.102493
3607	0.103995
3608	0.10492
3609	0.101537
3610	0.101318
3611	0.102553
3612	0.104563
3613	0.100547
3614	0.102095
3615	0.101417
3616	0.101665
3617	0.102938
3618	0.100127
3619	0.102692
3620	0.103509
3621	0.102876
3622	0.10263
3623	0.101945
3624	0.10022
3625	0.100896
3626	0.102304
3627	0.100534
3628	0.102621
3629	0.101965
3630	0.104014
3631	0.103122
3632	0.103232
3633	0.102006
3634	0.103934
3635	0.103259
3636	0.102929
3637	0.10056
3638	0.105248
3639	0.103463
