### Number of tubes used: 730
### Nuclear profiles per tube: 1.68219
### Resolution (bp): 40000
### Slice thickness (microns): 0.22
### Nuclear radius (microns): 4.5
### Detection efficiency: 0.858886
distance	 pi_threshold
1	0.349637
2	0.286659
3	0.26567
4	0.246417
5	0.238297
6	0.231605
7	0.223214
8	0.224688
9	0.211704
10	0.206741
11	0.209381
12	0.200464
13	0.19881
14	0.196328
15	0.188618
16	0.185998
17	0.184248
18	0.186283
19	0.180539
20	0.180239
21	0.178199
22	0.177892
23	0.179885
24	0.174437
25	0.165915
26	0.173221
27	0.164339
28	0.16723
29	0.163238
30	0.162964
31	0.163654
32	0.159721
33	0.158538
34	0.15735
35	0.15595
36	0.155464
37	0.156056
38	0.158186
39	0.15903
40	0.152745
41	0.153505
42	0.154716
43	0.152662
44	0.151418
45	0.149179
46	0.150962
47	0.152669
48	0.150237
49	0.14809
50	0.150557
51	0.14829
52	0.147693
53	0.148947
54	0.146475
55	0.148371
56	0.144927
57	0.146768
58	0.145687
59	0.1432
60	0.148666
61	0.143245
62	0.14244
63	0.142928
64	0.144698
65	0.144741
66	0.144008
67	0.145916
68	0.142748
69	0.14454
70	0.142008
71	0.14346
72	0.144317
73	0.142566
74	0.139688
75	0.141051
76	0.138404
77	0.143382
78	0.141115
79	0.141634
80	0.139252
81	0.139772
82	0.136065
83	0.137597
84	0.138402
85	0.136937
86	0.138063
87	0.139199
88	0.138662
89	0.136443
90	0.135274
91	0.132563
92	0.13556
93	0.138003
94	0.135678
95	0.133903
96	0.133088
97	0.134736
98	0.135497
99	0.1324
100	0.135351
101	0.134499
102	0.136316
103	0.136334
104	0.132597
105	0.135857
106	0.133589
107	0.131831
108	0.132496
109	0.135989
110	0.131844
111	0.131551
112	0.134996
113	0.131677
114	0.134061
115	0.135579
116	0.133413
117	0.129576
118	0.131884
119	0.131782
120	0.13158
121	0.133387
122	0.130603
123	0.132402
124	0.131924
125	0.13031
126	0.129882
127	0.134299
128	0.131331
129	0.129294
130	0.131008
131	0.129867
132	0.129869
133	0.129088
134	0.129176
135	0.130833
136	0.134304
137	0.131086
138	0.130973
139	0.130291
140	0.131113
141	0.132267
142	0.128562
143	0.130215
144	0.130308
145	0.131366
146	0.130509
147	0.130017
148	0.130862
149	0.132941
150	0.130218
151	0.127754
152	0.130154
153	0.130979
154	0.130065
155	0.130285
156	0.128093
157	0.127858
158	0.131039
159	0.130079
160	0.129822
161	0.127835
162	0.127027
163	0.130399
164	0.128766
165	0.129749
166	0.131635
167	0.127916
168	0.129464
169	0.127629
170	0.126223
171	0.127708
172	0.131162
173	0.129185
174	0.131282
175	0.127986
176	0.127628
177	0.129127
178	0.127522
179	0.129767
180	0.129568
181	0.126397
182	0.126164
183	0.129227
184	0.12872
185	0.128287
186	0.126425
187	0.128302
188	0.126957
189	0.127454
190	0.125588
191	0.128974
192	0.128293
193	0.128371
194	0.128261
195	0.128674
196	0.125796
197	0.127601
198	0.128157
199	0.129055
200	0.126125
201	0.12763
202	0.127483
203	0.126261
204	0.12496
205	0.129908
206	0.128227
207	0.126687
208	0.126035
209	0.125741
210	0.127368
211	0.125028
212	0.126164
213	0.123527
214	0.126425
215	0.125079
216	0.124052
217	0.126479
218	0.126238
219	0.123053
220	0.127136
221	0.12829
222	0.127316
223	0.126219
224	0.127531
225	0.126286
226	0.124012
227	0.126082
228	0.1275
229	0.129401
230	0.123911
231	0.126117
232	0.12525
233	0.128622
234	0.125863
235	0.124396
236	0.122665
237	0.125686
238	0.126918
239	0.126064
240	0.124147
241	0.125744
242	0.128845
243	0.126849
244	0.128922
245	0.126376
246	0.12507
247	0.127237
248	0.127659
249	0.126087
250	0.127272
251	0.129759
252	0.125478
253	0.125977
254	0.124785
255	0.123584
256	0.125637
257	0.129078
258	0.125268
259	0.124222
260	0.125207
261	0.123299
262	0.125099
263	0.125859
264	0.123314
265	0.124063
266	0.126994
267	0.124899
268	0.12099
269	0.127505
270	0.12502
271	0.123459
272	0.122569
273	0.125983
274	0.127006
275	0.127167
276	0.124703
277	0.12391
278	0.124135
279	0.127687
280	0.125569
281	0.124482
282	0.127004
283	0.125877
284	0.121754
285	0.123352
286	0.122192
287	0.121684
288	0.124553
289	0.124158
290	0.126147
291	0.123366
292	0.122153
293	0.123801
294	0.125121
295	0.12818
296	0.124771
297	0.123509
298	0.123287
299	0.122218
300	0.123368
301	0.123706
302	0.122369
303	0.126458
304	0.126044
305	0.121835
306	0.124207
307	0.125158
308	0.124038
309	0.1239
310	0.122012
311	0.124441
312	0.125029
313	0.125803
314	0.124069
315	0.127104
316	0.124873
317	0.121641
318	0.122853
319	0.125608
320	0.125612
321	0.125509
322	0.128018
323	0.124458
324	0.12582
325	0.123986
326	0.126518
327	0.126167
328	0.128376
329	0.122114
330	0.122944
331	0.121851
332	0.125611
333	0.124818
334	0.122879
335	0.12258
336	0.126048
337	0.125891
338	0.123544
339	0.125054
340	0.126055
341	0.125907
342	0.120974
343	0.123962
344	0.12423
345	0.121985
346	0.12211
347	0.123546
348	0.123434
349	0.126458
350	0.122866
351	0.124201
352	0.125507
353	0.12665
354	0.124002
355	0.125466
356	0.123204
357	0.125707
358	0.122221
359	0.126339
360	0.124999
361	0.125623
362	0.122924
363	0.127894
364	0.122599
365	0.123509
366	0.12353
367	0.124089
368	0.125349
369	0.123937
370	0.122493
371	0.123848
372	0.124567
373	0.124747
374	0.12402
375	0.124425
376	0.126524
377	0.127697
378	0.123364
379	0.124457
380	0.1282
381	0.125659
382	0.126936
383	0.126212
384	0.12691
385	0.122558
386	0.126014
387	0.127382
388	0.125862
389	0.124771
390	0.1235
391	0.127813
392	0.127016
393	0.124148
394	0.12348
395	0.125593
396	0.127155
397	0.126347
398	0.127962
399	0.122163
400	0.123976
401	0.125107
402	0.129505
403	0.127536
404	0.124945
405	0.12758
406	0.12589
407	0.124317
408	0.12511
409	0.124541
410	0.126896
411	0.126901
412	0.125946
413	0.127218
414	0.125276
415	0.124999
416	0.126204
417	0.12536
418	0.129257
419	0.124724
420	0.127346
421	0.127719
422	0.127363
423	0.125195
424	0.126261
425	0.128554
426	0.123466
427	0.125506
428	0.125166
429	0.124137
430	0.125275
431	0.126958
432	0.125025
433	0.12595
434	0.126328
435	0.123439
436	0.126701
437	0.124226
438	0.122923
439	0.128381
440	0.125347
441	0.125912
442	0.12322
443	0.126307
444	0.125273
445	0.125084
446	0.125936
447	0.124294
448	0.123885
449	0.127019
450	0.124998
451	0.127221
452	0.124788
453	0.12437
454	0.124918
455	0.126813
456	0.127438
457	0.125563
458	0.125805
459	0.127033
460	0.126079
461	0.127229
462	0.124652
463	0.125473
464	0.127184
465	0.123506
466	0.127402
467	0.122656
468	0.1212
469	0.128872
470	0.126968
471	0.124407
472	0.126061
473	0.124914
474	0.12739
475	0.126892
476	0.125348
477	0.124964
478	0.127275
479	0.126514
480	0.125674
481	0.125544
482	0.124462
483	0.125451
484	0.126867
485	0.123783
486	0.123943
487	0.124464
488	0.124366
489	0.127272
490	0.126433
491	0.124644
492	0.125228
493	0.123212
494	0.123995
495	0.129517
496	0.124053
497	0.124528
498	0.122707
499	0.123797
500	0.126845
501	0.12423
502	0.125848
503	0.126214
504	0.125214
505	0.12649
506	0.124198
507	0.122464
508	0.125771
509	0.122445
510	0.12523
511	0.124421
512	0.125437
513	0.124897
514	0.125336
515	0.125558
516	0.124104
517	0.125837
518	0.123893
519	0.123351
520	0.122627
521	0.126398
522	0.125444
523	0.124935
524	0.127303
525	0.123445
526	0.127537
527	0.123797
528	0.126846
529	0.124184
530	0.125586
531	0.127923
532	0.12424
533	0.123801
534	0.123162
535	0.12654
536	0.128583
537	0.125399
538	0.124535
539	0.126373
540	0.124716
541	0.124442
542	0.125618
543	0.123802
544	0.123225
545	0.124204
546	0.123409
547	0.12228
548	0.126763
549	0.126356
550	0.127689
551	0.125703
552	0.124043
553	0.125881
554	0.127515
555	0.125401
556	0.124119
557	0.123045
558	0.125313
559	0.125681
560	0.125876
561	0.124533
562	0.12649
563	0.124695
564	0.126218
565	0.124138
566	0.122194
567	0.12367
568	0.124687
569	0.122648
570	0.126705
571	0.126061
572	0.123597
573	0.123711
574	0.124386
575	0.122807
576	0.123267
577	0.125228
578	0.128341
579	0.126411
580	0.125504
581	0.123841
582	0.128921
583	0.122059
584	0.127627
585	0.128097
586	0.125282
587	0.12493
588	0.123637
589	0.123907
590	0.124715
591	0.123912
592	0.124226
593	0.123797
594	0.125495
595	0.123573
596	0.125602
597	0.124948
598	0.124882
599	0.126056
600	0.124855
601	0.127527
602	0.124355
603	0.125524
604	0.124992
605	0.124818
606	0.126647
607	0.127236
608	0.122791
609	0.124671
610	0.125019
611	0.126209
612	0.125717
613	0.122821
614	0.125127
615	0.1223
616	0.123097
617	0.122803
618	0.12261
619	0.124372
620	0.123515
621	0.125264
622	0.125086
623	0.125124
624	0.123783
625	0.126098
626	0.126133
627	0.123977
628	0.121463
629	0.124961
630	0.124963
631	0.119972
632	0.121741
633	0.122701
634	0.1237
635	0.123437
636	0.123455
637	0.123821
638	0.122808
639	0.124309
640	0.123856
641	0.121558
642	0.124204
643	0.123748
644	0.124687
645	0.124744
646	0.125133
647	0.122557
648	0.122472
649	0.124295
650	0.125441
651	0.123273
652	0.122322
653	0.12226
654	0.122089
655	0.122217
656	0.12354
657	0.12638
658	0.120419
659	0.126431
660	0.121458
661	0.121099
662	0.124515
663	0.121797
664	0.123682
665	0.124955
666	0.121498
667	0.121158
668	0.121477
669	0.125808
670	0.121433
671	0.118718
672	0.122768
673	0.119659
674	0.123362
675	0.123789
676	0.121137
677	0.121572
678	0.120881
679	0.121165
680	0.12114
681	0.124017
682	0.121711
683	0.121774
684	0.119566
685	0.122971
686	0.120907
687	0.121131
688	0.117726
689	0.122735
690	0.125439
691	0.122235
692	0.123056
693	0.120797
694	0.120528
695	0.122807
696	0.121938
697	0.123538
698	0.120009
699	0.121582
700	0.123695
701	0.122042
702	0.121308
703	0.120056
704	0.120384
705	0.12013
706	0.122469
707	0.122247
708	0.122995
709	0.12267
710	0.121856
711	0.121398
712	0.11942
713	0.123424
714	0.120971
715	0.122269
716	0.122389
717	0.123559
718	0.120088
719	0.120313
720	0.123262
721	0.123304
722	0.123385
723	0.123363
724	0.120571
725	0.121583
726	0.121033
727	0.121957
728	0.121577
729	0.118132
730	0.121573
731	0.120946
732	0.122418
733	0.11913
734	0.120239
735	0.12017
736	0.118467
737	0.12088
738	0.121622
739	0.121358
740	0.120638
741	0.119449
742	0.119221
743	0.119214
744	0.121298
745	0.119486
746	0.123115
747	0.123043
748	0.120491
749	0.121879
750	0.118379
751	0.119848
752	0.119853
753	0.121132
754	0.121726
755	0.121747
756	0.119159
757	0.121696
758	0.117852
759	0.122644
760	0.118876
761	0.117721
762	0.119474
763	0.122497
764	0.118936
765	0.119326
766	0.12003
767	0.120385
768	0.121117
769	0.121836
770	0.11703
771	0.118289
772	0.120837
773	0.120841
774	0.121083
775	0.117467
776	0.122113
777	0.118336
778	0.120141
779	0.12049
780	0.121646
781	0.117071
782	0.117473
783	0.123193
784	0.118061
785	0.119361
786	0.118787
787	0.119287
788	0.12081
789	0.119848
790	0.120754
791	0.119282
792	0.118832
793	0.120977
794	0.118633
795	0.118579
796	0.120766
797	0.117851
798	0.119581
799	0.11913
800	0.118749
801	0.117577
802	0.118857
803	0.117679
804	0.124405
805	0.117215
806	0.120425
807	0.116788
808	0.11887
809	0.12053
810	0.115881
811	0.121182
812	0.120768
813	0.119259
814	0.120596
815	0.119917
816	0.11869
817	0.117039
818	0.118236
819	0.118916
820	0.118724
821	0.11785
822	0.120127
823	0.121883
824	0.11828
825	0.117469
826	0.118344
827	0.121465
828	0.120362
829	0.120441
830	0.117871
831	0.123195
832	0.12099
833	0.118955
834	0.118225
835	0.119122
836	0.119802
837	0.120191
838	0.119818
839	0.118272
840	0.119678
841	0.118426
842	0.118465
843	0.119522
844	0.119249
845	0.119165
846	0.118368
847	0.120793
848	0.118905
849	0.118982
850	0.118035
851	0.117366
852	0.120974
853	0.119462
854	0.119247
855	0.117768
856	0.119672
857	0.119595
858	0.120746
859	0.11998
860	0.118203
861	0.11806
862	0.122251
863	0.120638
864	0.119995
865	0.121487
866	0.119677
867	0.118689
868	0.120536
869	0.118755
870	0.119423
871	0.120925
872	0.12051
873	0.119953
874	0.119835
875	0.117961
876	0.120051
877	0.117419
878	0.11869
879	0.117935
880	0.121129
881	0.118461
882	0.119189
883	0.117147
884	0.117939
885	0.118214
886	0.123384
887	0.116266
888	0.116206
889	0.118128
890	0.116923
891	0.118834
892	0.122853
893	0.118149
894	0.121715
895	0.121508
896	0.120312
897	0.120106
898	0.117971
899	0.11963
900	0.120022
901	0.120494
902	0.120056
903	0.118555
904	0.120854
905	0.123007
906	0.116275
907	0.118077
908	0.117631
909	0.114678
910	0.121465
911	0.119462
912	0.117304
913	0.118475
914	0.120081
915	0.118556
916	0.11968
917	0.118477
918	0.120651
919	0.118591
920	0.116442
921	0.118102
922	0.120148
923	0.118069
924	0.11893
925	0.116952
926	0.119733
927	0.117559
928	0.119118
929	0.115784
930	0.118614
931	0.118762
932	0.119497
933	0.118568
934	0.120927
935	0.117716
936	0.118464
937	0.118585
938	0.120897
939	0.118241
940	0.118059
941	0.117579
942	0.11898
943	0.117365
944	0.117739
945	0.11732
946	0.119164
947	0.118308
948	0.116589
949	0.119859
950	0.118329
951	0.117163
952	0.119046
953	0.117343
954	0.117383
955	0.119817
956	0.11605
957	0.117778
958	0.119325
959	0.117922
960	0.117222
961	0.116823
962	0.118292
963	0.120596
964	0.119551
965	0.1196
966	0.121526
967	0.121398
968	0.118615
969	0.118795
970	0.121531
971	0.119053
972	0.119939
973	0.118841
974	0.119096
975	0.117702
976	0.121847
977	0.119295
978	0.120616
979	0.120767
980	0.119228
981	0.118279
982	0.119393
983	0.11939
984	0.119138
985	0.117807
986	0.115432
987	0.118397
988	0.11676
989	0.119071
990	0.118012
991	0.121542
992	0.118004
993	0.118137
994	0.120815
995	0.120363
996	0.118843
997	0.121015
998	0.118773
999	0.118515
1000	0.12055
1001	0.121548
1002	0.122332
1003	0.11758
1004	0.119074
1005	0.118788
1006	0.119184
1007	0.119186
1008	0.118513
1009	0.120644
1010	0.115275
1011	0.118219
1012	0.118334
1013	0.118812
1014	0.119508
1015	0.11568
1016	0.118264
1017	0.118044
1018	0.119183
1019	0.11955
1020	0.116287
1021	0.117991
1022	0.117156
1023	0.118583
1024	0.120126
1025	0.117545
1026	0.118457
1027	0.118338
1028	0.120229
1029	0.116024
1030	0.120308
1031	0.118819
1032	0.116672
1033	0.117627
1034	0.118337
1035	0.119325
1036	0.116859
1037	0.117506
1038	0.118729
1039	0.119004
1040	0.119191
1041	0.117674
1042	0.116482
1043	0.118521
1044	0.113913
1045	0.114727
1046	0.115834
1047	0.115587
1048	0.116556
1049	0.117498
1050	0.117865
1051	0.116942
1052	0.115669
1053	0.117453
1054	0.118301
1055	0.117808
1056	0.118942
1057	0.118049
1058	0.120622
1059	0.115187
1060	0.117277
1061	0.117843
1062	0.120371
1063	0.117382
1064	0.11804
1065	0.11821
1066	0.115943
1067	0.11941
1068	0.12056
1069	0.119561
1070	0.118999
1071	0.116721
1072	0.119293
1073	0.120191
1074	0.119883
1075	0.118484
1076	0.119051
1077	0.117628
1078	0.116019
1079	0.119378
1080	0.115685
1081	0.121543
1082	0.119133
1083	0.119407
1084	0.118423
1085	0.115481
1086	0.11602
1087	0.115038
1088	0.120508
1089	0.119053
1090	0.118005
1091	0.118083
1092	0.119395
1093	0.115822
1094	0.119716
1095	0.115218
1096	0.117068
1097	0.118421
1098	0.116531
1099	0.116595
1100	0.118568
1101	0.120137
1102	0.119088
1103	0.117896
1104	0.115265
1105	0.118953
1106	0.117641
1107	0.115094
1108	0.117263
1109	0.117022
1110	0.118255
1111	0.117288
1112	0.117024
1113	0.11609
1114	0.114128
1115	0.118099
1116	0.116868
1117	0.118639
1118	0.121151
1119	0.118652
1120	0.119388
1121	0.117349
1122	0.116396
1123	0.114896
1124	0.120121
1125	0.117913
1126	0.114495
1127	0.11924
1128	0.116669
1129	0.119409
1130	0.119076
1131	0.118614
1132	0.121598
1133	0.117237
1134	0.116648
1135	0.12007
1136	0.11541
1137	0.115554
1138	0.117053
1139	0.117373
1140	0.113876
1141	0.117894
1142	0.115987
1143	0.116018
1144	0.114388
1145	0.11858
1146	0.11796
1147	0.114706
1148	0.118816
1149	0.119612
1150	0.120487
1151	0.117334
1152	0.119387
1153	0.117324
1154	0.116491
1155	0.116179
1156	0.115467
1157	0.116308
1158	0.11377
1159	0.117437
1160	0.120174
1161	0.11835
1162	0.120289
1163	0.117658
1164	0.120018
1165	0.117958
1166	0.118715
1167	0.118121
1168	0.118561
1169	0.119276
1170	0.118438
1171	0.119843
1172	0.11738
1173	0.117617
1174	0.117277
1175	0.118634
1176	0.119311
1177	0.118433
1178	0.11904
1179	0.117404
1180	0.11703
1181	0.115082
1182	0.119028
1183	0.119553
1184	0.117945
1185	0.11628
1186	0.114535
1187	0.113061
1188	0.115803
1189	0.118725
1190	0.114076
1191	0.117408
1192	0.117942
1193	0.11478
1194	0.117833
1195	0.113177
1196	0.116674
1197	0.116761
1198	0.117491
1199	0.1183
1200	0.116031
1201	0.11707
1202	0.117771
1203	0.115957
1204	0.11512
1205	0.118473
1206	0.116625
1207	0.113501
1208	0.11507
1209	0.11665
1210	0.114275
1211	0.1146
1212	0.117913
1213	0.116134
1214	0.11454
1215	0.115952
1216	0.116866
1217	0.115197
1218	0.117091
1219	0.11372
1220	0.115424
1221	0.117016
1222	0.11654
1223	0.118731
1224	0.115749
1225	0.117511
1226	0.116128
1227	0.114249
1228	0.116751
1229	0.112272
1230	0.116316
1231	0.114418
1232	0.113648
1233	0.115398
1234	0.115512
1235	0.114261
1236	0.11283
1237	0.113688
1238	0.114191
1239	0.116502
1240	0.115376
1241	0.113344
1242	0.116408
1243	0.116613
1244	0.116183
1245	0.116617
1246	0.11544
1247	0.11568
1248	0.113879
1249	0.113853
1250	0.114946
1251	0.11158
1252	0.11554
1253	0.112497
1254	0.113635
1255	0.117605
1256	0.113638
1257	0.112209
1258	0.112044
1259	0.113551
1260	0.116311
1261	0.113746
1262	0.111533
1263	0.11253
1264	0.114018
1265	0.11522
1266	0.113432
1267	0.112643
1268	0.113622
1269	0.112477
1270	0.116669
1271	0.115551
1272	0.114487
1273	0.115115
1274	0.116238
1275	0.115259
1276	0.115424
1277	0.114148
1278	0.11427
1279	0.119204
1280	0.114025
1281	0.114339
1282	0.115303
1283	0.114709
1284	0.119608
1285	0.108516
1286	0.115402
1287	0.115373
1288	0.115636
1289	0.115845
1290	0.114542
1291	0.116697
1292	0.116909
1293	0.114286
1294	0.115159
1295	0.116701
1296	0.115283
1297	0.116312
1298	0.116002
1299	0.116334
1300	0.1128
1301	0.116491
1302	0.113078
1303	0.1163
1304	0.113968
1305	0.117536
1306	0.116966
1307	0.11313
1308	0.113563
1309	0.114964
1310	0.112239
1311	0.113707
1312	0.113235
1313	0.114748
1314	0.113266
1315	0.114233
1316	0.113958
1317	0.112284
1318	0.111735
1319	0.114367
1320	0.113256
1321	0.113136
1322	0.112058
1323	0.114774
1324	0.113261
1325	0.114664
1326	0.118131
1327	0.112828
1328	0.114317
1329	0.114304
1330	0.114877
1331	0.114394
1332	0.118298
1333	0.115247
1334	0.114161
1335	0.116328
1336	0.116229
1337	0.114343
1338	0.115161
1339	0.11717
1340	0.115435
1341	0.117092
1342	0.116405
1343	0.114785
1344	0.11391
1345	0.116392
1346	0.114673
1347	0.11254
1348	0.116597
1349	0.115658
1350	0.114111
1351	0.114384
1352	0.115451
1353	0.117569
1354	0.116624
1355	0.117385
1356	0.115143
1357	0.115964
1358	0.114644
1359	0.113745
1360	0.11348
1361	0.113725
1362	0.114263
1363	0.115913
1364	0.113019
1365	0.116227
1366	0.113838
1367	0.117743
1368	0.114011
1369	0.115271
1370	0.114319
1371	0.116486
1372	0.115701
1373	0.114855
1374	0.115788
1375	0.114643
1376	0.113799
1377	0.115801
1378	0.116272
1379	0.114034
1380	0.114688
1381	0.111918
1382	0.114803
1383	0.115302
1384	0.114916
1385	0.116099
1386	0.114742
1387	0.113462
1388	0.113209
1389	0.11507
1390	0.114146
1391	0.112983
1392	0.11347
1393	0.116036
1394	0.113955
1395	0.111251
1396	0.115161
1397	0.110937
1398	0.116924
1399	0.112942
1400	0.113168
1401	0.11519
1402	0.11314
1403	0.11259
1404	0.115189
1405	0.114127
1406	0.114
1407	0.112026
1408	0.112394
1409	0.112139
1410	0.1126
1411	0.113676
1412	0.113524
1413	0.114821
1414	0.11346
1415	0.114738
1416	0.113017
1417	0.115716
1418	0.114762
1419	0.113669
1420	0.115306
1421	0.113137
1422	0.11405
1423	0.114225
1424	0.115667
1425	0.114252
1426	0.113906
1427	0.110634
1428	0.113109
1429	0.112575
1430	0.110552
1431	0.110525
1432	0.112473
1433	0.112913
1434	0.113125
1435	0.113233
1436	0.111775
1437	0.110893
1438	0.115307
1439	0.1133
1440	0.112656
1441	0.113334
1442	0.11382
1443	0.112202
1444	0.115092
1445	0.113468
1446	0.113071
1447	0.113053
1448	0.111804
1449	0.112534
1450	0.114264
1451	0.111604
1452	0.112421
1453	0.114063
1454	0.113195
1455	0.110752
1456	0.112733
1457	0.111836
1458	0.113759
1459	0.113047
1460	0.111695
1461	0.109585
1462	0.112682
1463	0.112295
1464	0.111878
1465	0.111061
1466	0.113014
1467	0.114374
1468	0.110783
1469	0.110905
1470	0.112177
1471	0.112545
1472	0.112259
1473	0.11477
1474	0.111723
1475	0.110937
1476	0.110128
1477	0.110016
1478	0.109973
1479	0.112531
1480	0.112518
1481	0.111572
1482	0.110692
1483	0.1103
1484	0.114871
1485	0.112028
1486	0.112236
1487	0.111352
1488	0.11163
1489	0.109179
1490	0.110808
1491	0.112145
1492	0.111468
1493	0.109892
1494	0.110569
1495	0.112878
1496	0.114294
1497	0.110895
1498	0.112212
1499	0.109044
1500	0.112379
1501	0.113285
1502	0.109694
1503	0.112166
1504	0.108967
1505	0.112327
1506	0.114049
1507	0.112092
1508	0.111367
1509	0.115704
1510	0.10827
1511	0.112069
1512	0.112713
1513	0.112931
1514	0.111043
1515	0.111841
1516	0.112535
1517	0.110774
1518	0.110873
1519	0.109286
1520	0.116138
1521	0.109716
1522	0.115072
1523	0.111501
1524	0.109256
1525	0.112919
1526	0.112227
1527	0.112029
1528	0.113473
1529	0.113683
1530	0.110861
1531	0.113717
1532	0.110244
1533	0.114054
1534	0.111655
1535	0.111767
1536	0.114812
1537	0.110386
1538	0.11296
1539	0.110718
1540	0.113913
1541	0.110851
1542	0.110566
1543	0.112743
1544	0.112459
1545	0.109256
1546	0.112315
1547	0.110664
1548	0.111156
1549	0.109708
1550	0.112664
1551	0.11034
1552	0.111879
1553	0.11239
1554	0.114304
1555	0.111383
1556	0.110879
1557	0.112897
1558	0.11241
1559	0.111115
1560	0.114966
1561	0.111703
1562	0.111277
1563	0.112636
1564	0.110817
1565	0.112032
1566	0.111174
1567	0.110058
1568	0.110934
1569	0.112452
1570	0.112054
1571	0.11577
1572	0.112402
1573	0.109559
1574	0.112442
1575	0.111379
1576	0.111261
1577	0.112066
1578	0.113602
1579	0.111894
1580	0.111485
1581	0.11071
1582	0.115127
1583	0.114057
1584	0.11275
1585	0.114671
1586	0.113747
1587	0.11318
1588	0.114223
1589	0.113353
1590	0.111313
1591	0.112157
1592	0.111102
1593	0.11339
1594	0.113591
1595	0.114891
1596	0.111993
1597	0.112602
1598	0.113124
1599	0.11189
1600	0.111079
1601	0.109214
1602	0.113121
1603	0.116202
1604	0.111024
1605	0.111922
1606	0.11368
1607	0.112835
1608	0.11136
1609	0.113805
1610	0.110003
1611	0.115072
1612	0.111036
1613	0.116258
1614	0.11093
1615	0.112101
1616	0.112348
1617	0.111153
1618	0.111751
1619	0.115388
1620	0.113426
1621	0.114176
1622	0.113311
1623	0.111612
1624	0.113009
1625	0.110954
1626	0.112949
1627	0.11233
1628	0.112296
1629	0.111261
1630	0.113762
1631	0.114067
1632	0.114621
1633	0.111109
1634	0.109675
1635	0.114223
1636	0.111837
1637	0.112896
1638	0.111768
1639	0.110109
1640	0.110041
1641	0.112379
1642	0.113033
1643	0.113861
1644	0.111971
1645	0.111119
1646	0.112106
1647	0.114159
1648	0.112142
1649	0.112664
1650	0.112719
1651	0.112425
1652	0.111133
1653	0.111434
1654	0.109215
1655	0.111083
1656	0.111197
1657	0.111855
1658	0.113606
1659	0.110567
1660	0.110079
1661	0.112732
1662	0.110914
1663	0.111099
1664	0.110673
1665	0.11172
1666	0.112166
1667	0.111788
1668	0.112268
1669	0.11269
1670	0.110496
1671	0.112884
1672	0.112309
1673	0.109691
1674	0.109853
1675	0.111701
1676	0.113913
1677	0.113263
1678	0.111028
1679	0.111125
1680	0.109699
1681	0.112972
1682	0.108428
1683	0.110341
1684	0.108054
1685	0.108429
1686	0.111331
1687	0.110086
1688	0.109901
1689	0.112126
1690	0.108739
1691	0.110985
1692	0.108935
1693	0.108859
1694	0.109542
1695	0.111763
1696	0.110628
1697	0.108688
1698	0.110067
1699	0.110656
1700	0.111234
1701	0.113077
1702	0.110183
1703	0.108563
1704	0.109041
1705	0.111948
1706	0.109038
1707	0.108868
1708	0.108987
1709	0.107826
1710	0.109235
1711	0.109069
1712	0.110604
1713	0.110245
1714	0.109416
1715	0.109435
1716	0.110085
1717	0.109594
1718	0.108833
1719	0.108728
1720	0.110943
1721	0.110701
1722	0.111271
1723	0.1107
1724	0.109552
1725	0.107428
1726	0.109723
1727	0.110534
1728	0.111859
1729	0.110673
1730	0.105459
1731	0.110285
1732	0.108248
1733	0.109994
1734	0.112317
1735	0.109875
1736	0.108521
1737	0.108632
1738	0.110576
1739	0.108064
1740	0.108228
1741	0.107597
1742	0.109846
1743	0.111333
1744	0.110489
1745	0.109886
1746	0.110604
1747	0.108667
1748	0.110115
1749	0.110024
1750	0.110294
1751	0.108219
1752	0.111079
1753	0.110793
1754	0.108718
1755	0.110411
1756	0.110301
1757	0.110088
1758	0.112602
1759	0.111864
1760	0.110769
1761	0.109601
1762	0.10942
1763	0.110535
1764	0.110769
1765	0.106781
1766	0.108892
1767	0.108669
1768	0.10777
1769	0.114481
1770	0.110329
1771	0.109561
1772	0.112474
1773	0.109141
1774	0.113342
1775	0.111959
1776	0.109101
1777	0.111545
1778	0.113656
1779	0.11052
1780	0.111204
1781	0.110821
1782	0.110634
1783	0.110182
1784	0.112292
1785	0.11036
1786	0.111426
1787	0.110818
1788	0.110028
1789	0.109294
1790	0.111062
1791	0.109185
1792	0.108774
1793	0.11277
1794	0.110767
1795	0.109472
1796	0.110106
1797	0.112484
1798	0.11055
1799	0.110192
1800	0.109187
1801	0.109563
1802	0.111052
1803	0.111017
1804	0.111968
1805	0.111163
1806	0.107791
1807	0.110718
1808	0.108303
1809	0.109846
1810	0.107668
1811	0.108559
1812	0.108017
1813	0.11073
1814	0.106756
1815	0.109275
1816	0.11089
1817	0.109306
1818	0.107937
1819	0.108818
1820	0.110119
1821	0.109056
1822	0.110067
1823	0.111891
1824	0.109031
1825	0.105602
1826	0.107397
1827	0.107683
1828	0.110083
1829	0.107889
1830	0.108633
1831	0.111048
1832	0.108023
1833	0.11062
1834	0.106688
1835	0.109453
1836	0.109566
1837	0.108499
1838	0.109081
1839	0.107174
1840	0.106701
1841	0.108957
1842	0.108746
1843	0.110319
1844	0.10827
1845	0.109401
1846	0.109324
1847	0.111221
1848	0.109865
1849	0.108809
1850	0.108172
1851	0.108378
1852	0.106896
1853	0.109467
1854	0.108339
1855	0.11026
1856	0.107676
1857	0.109583
1858	0.11001
1859	0.108439
1860	0.109721
1861	0.113275
1862	0.110807
1863	0.109926
1864	0.105497
1865	0.108774
1866	0.10798
1867	0.108874
1868	0.108154
1869	0.108518
1870	0.108946
1871	0.108266
1872	0.107212
1873	0.111113
1874	0.110541
1875	0.107868
1876	0.108452
1877	0.111068
1878	0.109976
1879	0.108521
1880	0.109123
1881	0.107508
1882	0.110437
1883	0.109715
1884	0.107796
1885	0.110169
1886	0.108237
1887	0.105854
1888	0.112624
1889	0.110122
1890	0.10752
1891	0.110496
1892	0.108161
1893	0.109902
1894	0.108152
1895	0.107763
1896	0.109291
1897	0.108638
1898	0.105653
1899	0.107234
1900	0.109152
1901	0.109934
1902	0.107431
1903	0.109561
1904	0.110441
1905	0.109354
1906	0.108681
1907	0.108609
1908	0.107816
1909	0.10651
1910	0.107574
1911	0.108528
1912	0.112322
1913	0.107906
1914	0.107538
1915	0.10932
1916	0.1094
1917	0.111277
1918	0.112387
1919	0.106636
1920	0.109103
1921	0.106289
1922	0.111707
1923	0.108206
1924	0.106162
1925	0.110418
1926	0.108523
1927	0.110528
1928	0.110385
1929	0.107537
1930	0.109612
1931	0.108331
1932	0.112286
1933	0.110462
1934	0.111843
1935	0.109329
1936	0.107482
1937	0.109197
1938	0.109716
1939	0.107238
1940	0.107444
1941	0.108669
1942	0.107391
1943	0.109274
1944	0.111361
1945	0.109164
1946	0.110119
1947	0.109188
1948	0.109237
1949	0.108914
1950	0.107636
1951	0.10845
1952	0.111446
1953	0.109888
1954	0.110749
1955	0.10879
1956	0.107475
1957	0.10969
1958	0.110713
1959	0.10994
1960	0.110534
1961	0.108902
1962	0.110297
1963	0.110202
1964	0.108874
1965	0.108771
1966	0.1086
1967	0.108676
1968	0.107757
1969	0.108937
1970	0.111345
1971	0.111464
1972	0.110991
1973	0.112789
1974	0.109389
1975	0.110603
1976	0.109773
1977	0.109806
1978	0.110466
1979	0.107863
1980	0.109641
1981	0.106634
1982	0.109527
1983	0.108268
1984	0.108525
1985	0.109088
1986	0.109467
1987	0.111116
1988	0.110363
1989	0.11043
1990	0.108375
1991	0.108907
1992	0.109093
1993	0.110181
1994	0.108982
1995	0.113275
1996	0.111165
1997	0.109493
1998	0.111621
1999	0.108091
2000	0.107981
2001	0.110757
2002	0.110672
2003	0.110724
2004	0.110362
2005	0.109923
2006	0.108998
2007	0.110621
2008	0.109183
2009	0.112001
2010	0.111742
2011	0.110355
2012	0.111073
2013	0.108466
2014	0.110709
2015	0.105839
2016	0.11006
2017	0.109301
2018	0.111712
2019	0.109099
2020	0.109719
2021	0.109478
2022	0.109993
2023	0.108263
2024	0.106183
2025	0.106862
2026	0.111283
2027	0.109536
2028	0.110049
2029	0.109003
2030	0.109303
2031	0.110013
2032	0.108801
2033	0.109283
2034	0.109123
2035	0.111026
2036	0.109394
2037	0.10591
2038	0.108223
2039	0.108536
2040	0.110997
2041	0.108954
2042	0.108731
2043	0.106958
2044	0.108605
2045	0.10741
2046	0.107001
2047	0.107054
2048	0.108444
2049	0.108686
2050	0.108835
2051	0.107573
2052	0.106577
2053	0.108591
2054	0.10832
2055	0.10886
2056	0.109354
2057	0.106155
2058	0.10943
2059	0.107279
2060	0.109306
2061	0.105449
2062	0.109602
2063	0.10676
2064	0.107812
2065	0.105867
2066	0.108954
2067	0.109378
2068	0.10892
2069	0.106415
2070	0.107811
2071	0.110115
2072	0.108666
2073	0.107035
2074	0.110114
2075	0.109211
2076	0.106876
2077	0.108927
2078	0.105173
2079	0.108044
2080	0.10774
2081	0.108214
2082	0.107065
2083	0.107929
2084	0.105516
2085	0.108203
2086	0.107633
2087	0.107644
2088	0.10539
2089	0.104754
2090	0.107909
2091	0.106566
2092	0.107952
2093	0.110132
2094	0.108784
2095	0.108275
2096	0.106604
2097	0.107138
2098	0.109409
2099	0.106492
2100	0.107955
2101	0.108633
2102	0.107371
2103	0.108849
2104	0.109269
2105	0.111497
2106	0.108793
2107	0.107996
2108	0.106348
2109	0.107275
2110	0.105491
2111	0.108748
2112	0.109349
2113	0.112306
2114	0.106806
2115	0.111033
2116	0.109221
2117	0.105105
2118	0.107109
2119	0.106505
2120	0.105543
2121	0.106092
2122	0.106406
2123	0.110116
2124	0.110306
2125	0.109648
2126	0.106039
2127	0.108234
2128	0.10671
2129	0.10774
2130	0.104388
2131	0.106335
2132	0.108234
2133	0.105819
2134	0.106388
2135	0.108094
2136	0.105818
2137	0.105029
2138	0.107811
2139	0.109229
2140	0.108448
2141	0.108604
2142	0.105363
2143	0.106372
2144	0.108426
2145	0.108788
2146	0.107549
2147	0.107608
2148	0.108456
2149	0.108322
2150	0.108651
2151	0.106843
2152	0.10852
2153	0.108623
2154	0.105315
2155	0.108988
2156	0.107972
2157	0.107451
2158	0.107237
2159	0.109404
2160	0.108019
2161	0.106715
2162	0.108451
2163	0.106247
2164	0.105553
2165	0.107984
2166	0.106847
2167	0.109883
2168	0.104939
2169	0.107114
2170	0.106428
2171	0.107678
2172	0.109169
2173	0.108194
2174	0.110258
2175	0.10429
2176	0.107538
2177	0.107084
2178	0.108107
2179	0.108339
2180	0.106501
2181	0.106004
2182	0.108556
2183	0.107818
2184	0.108238
2185	0.106495
2186	0.109217
2187	0.106306
2188	0.105314
2189	0.106288
2190	0.105722
2191	0.106957
2192	0.105515
2193	0.108745
2194	0.107013
2195	0.106134
2196	0.106045
2197	0.106625
2198	0.106009
2199	0.108078
2200	0.108505
2201	0.107469
2202	0.108281
2203	0.107009
2204	0.107716
2205	0.106756
2206	0.106184
2207	0.109292
2208	0.106488
2209	0.106367
2210	0.107555
2211	0.107974
2212	0.109692
2213	0.10672
2214	0.111474
2215	0.105366
2216	0.108787
2217	0.108628
2218	0.110284
2219	0.109136
2220	0.104758
2221	0.106928
2222	0.107907
2223	0.108781
2224	0.110687
2225	0.111689
2226	0.106394
2227	0.112015
2228	0.109125
2229	0.110488
2230	0.108557
2231	0.109791
2232	0.108471
2233	0.107422
2234	0.109786
2235	0.109005
2236	0.105367
2237	0.108248
2238	0.107825
2239	0.109841
2240	0.109461
2241	0.106425
2242	0.110866
2243	0.111327
2244	0.106896
2245	0.107959
2246	0.110363
2247	0.10891
2248	0.109338
2249	0.111406
2250	0.109097
2251	0.110788
2252	0.110604
2253	0.105945
2254	0.111787
2255	0.110789
2256	0.110498
2257	0.111202
2258	0.11082
2259	0.108728
2260	0.11114
2261	0.10947
2262	0.107081
2263	0.109243
2264	0.10906
2265	0.110437
2266	0.110028
2267	0.109109
2268	0.110586
2269	0.107684
2270	0.112137
2271	0.111417
2272	0.109721
2273	0.108635
2274	0.107741
2275	0.110146
2276	0.108936
2277	0.10911
2278	0.109147
2279	0.108068
2280	0.107937
2281	0.110722
2282	0.112502
2283	0.111054
2284	0.111023
2285	0.111238
2286	0.106718
2287	0.110837
2288	0.110195
2289	0.108152
2290	0.10882
2291	0.110031
2292	0.111637
2293	0.10742
2294	0.108529
2295	0.112449
2296	0.110153
2297	0.108638
2298	0.110807
2299	0.106281
2300	0.10993
2301	0.108738
2302	0.108092
2303	0.110179
2304	0.110294
2305	0.108756
2306	0.108636
2307	0.108022
2308	0.109694
2309	0.11038
2310	0.107724
2311	0.10907
2312	0.108868
2313	0.109349
2314	0.107426
2315	0.108498
2316	0.106368
2317	0.107086
2318	0.108028
2319	0.109978
2320	0.109844
2321	0.105698
2322	0.108265
2323	0.106255
2324	0.109693
2325	0.107193
2326	0.10834
2327	0.107853
2328	0.10997
2329	0.110432
2330	0.107819
2331	0.106807
2332	0.105644
2333	0.109802
2334	0.109016
2335	0.108367
2336	0.105591
2337	0.110008
2338	0.109624
2339	0.106955
2340	0.106496
2341	0.104699
2342	0.111032
2343	0.108216
2344	0.112803
2345	0.109044
2346	0.108995
2347	0.108449
2348	0.107449
2349	0.109324
2350	0.110677
2351	0.105798
2352	0.102945
2353	0.106907
2354	0.108911
2355	0.107146
2356	0.108486
2357	0.106775
2358	0.106703
2359	0.106309
2360	0.109149
2361	0.107998
2362	0.108776
2363	0.11004
2364	0.108221
2365	0.108685
2366	0.108573
2367	0.10939
2368	0.110525
2369	0.109329
2370	0.107862
2371	0.110753
2372	0.111414
2373	0.109797
2374	0.109994
2375	0.110607
2376	0.108404
2377	0.112153
2378	0.109734
2379	0.112011
2380	0.109815
2381	0.109602
2382	0.10862
2383	0.11209
2384	0.108027
2385	0.109556
2386	0.110324
2387	0.111284
2388	0.110734
2389	0.109735
2390	0.107195
2391	0.106568
2392	0.107906
2393	0.109338
2394	0.107702
2395	0.109048
2396	0.108515
2397	0.1079
2398	0.108158
2399	0.105735
2400	0.107214
2401	0.107919
2402	0.105154
2403	0.107818
2404	0.107301
2405	0.109812
2406	0.109447
2407	0.106849
2408	0.108001
2409	0.105195
2410	0.108092
2411	0.108363
2412	0.105927
2413	0.107739
2414	0.106179
2415	0.107695
2416	0.108727
2417	0.109465
2418	0.110287
2419	0.108104
2420	0.106801
2421	0.108301
2422	0.106911
2423	0.110054
2424	0.110934
2425	0.108239
2426	0.109152
2427	0.108642
2428	0.112022
2429	0.108784
2430	0.107088
2431	0.108732
2432	0.107413
2433	0.107915
2434	0.108645
2435	0.109633
2436	0.109156
2437	0.11138
2438	0.108956
2439	0.110035
2440	0.109558
2441	0.106482
2442	0.10667
2443	0.11105
2444	0.108347
2445	0.107935
2446	0.10633
2447	0.106664
2448	0.107628
2449	0.109058
2450	0.109258
2451	0.107685
2452	0.108878
2453	0.106543
2454	0.106837
2455	0.106737
2456	0.106525
2457	0.108442
2458	0.108757
2459	0.106359
2460	0.108377
2461	0.10975
2462	0.105845
2463	0.108884
2464	0.106092
2465	0.106164
2466	0.105954
2467	0.106607
2468	0.10617
2469	0.107016
2470	0.104707
2471	0.108316
2472	0.104209
2473	0.107138
2474	0.107729
2475	0.107805
2476	0.104737
2477	0.107208
2478	0.105904
2479	0.10779
2480	0.106287
2481	0.105118
2482	0.105991
2483	0.103295
2484	0.105312
2485	0.107302
2486	0.103317
2487	0.106273
2488	0.103534
2489	0.105881
2490	0.10479
2491	0.106968
2492	0.104995
2493	0.104287
2494	0.106861
2495	0.106025
2496	0.107188
2497	0.108246
2498	0.107498
2499	0.104433
2500	0.10983
2501	0.105175
2502	0.105922
2503	0.106314
2504	0.104301
2505	0.107663
2506	0.107331
2507	0.106346
2508	0.105741
2509	0.105145
2510	0.104993
2511	0.10446
2512	0.105453
2513	0.109306
2514	0.10585
2515	0.102851
2516	0.10489
2517	0.104933
2518	0.107755
2519	0.107226
2520	0.10443
2521	0.107659
2522	0.105875
2523	0.105839
2524	0.104195
2525	0.106661
2526	0.105839
2527	0.107314
2528	0.109783
2529	0.109402
2530	0.106973
2531	0.10681
2532	0.105679
2533	0.106828
2534	0.104554
2535	0.105888
2536	0.106894
2537	0.104187
2538	0.103336
2539	0.104491
2540	0.104174
2541	0.107586
2542	0.106179
2543	0.104117
2544	0.107147
2545	0.105896
2546	0.10583
2547	0.104825
2548	0.102584
2549	0.10553
2550	0.103321
2551	0.105847
2552	0.104338
2553	0.103467
2554	0.104085
2555	0.103978
2556	0.102631
2557	0.105625
2558	0.103372
2559	0.104917
2560	0.103079
2561	0.10424
2562	0.105866
2563	0.104999
2564	0.102585
2565	0.103292
2566	0.105526
2567	0.105646
2568	0.107075
2569	0.104518
2570	0.105672
2571	0.103374
2572	0.106287
2573	0.103478
2574	0.103757
2575	0.109019
2576	0.103908
2577	0.10567
2578	0.104196
2579	0.102234
2580	0.103028
2581	0.10396
2582	0.10335
2583	0.107402
2584	0.107008
2585	0.104118
2586	0.104887
2587	0.103444
2588	0.106067
2589	0.103297
2590	0.103666
2591	0.105958
2592	0.106136
2593	0.107464
2594	0.106027
2595	0.107116
2596	0.106262
2597	0.104043
2598	0.104875
2599	0.104867
2600	0.104369
2601	0.103922
2602	0.106869
2603	0.106928
2604	0.104222
2605	0.104016
2606	0.105954
2607	0.104139
2608	0.107014
2609	0.10617
2610	0.106257
2611	0.104621
2612	0.106262
2613	0.103315
2614	0.104853
2615	0.105561
2616	0.103578
2617	0.105543
2618	0.107174
2619	0.106378
2620	0.107174
2621	0.106777
2622	0.108679
2623	0.106188
2624	0.106346
2625	0.107002
2626	0.106827
2627	0.107307
2628	0.108242
2629	0.107241
2630	0.106731
2631	0.103465
2632	0.104893
2633	0.108561
2634	0.104576
2635	0.105985
2636	0.105313
2637	0.10597
2638	0.104928
2639	0.107366
2640	0.104265
2641	0.107706
2642	0.106676
2643	0.106283
2644	0.105065
2645	0.10662
2646	0.106736
2647	0.105783
2648	0.108595
2649	0.106496
2650	0.105513
2651	0.105662
2652	0.107136
2653	0.105887
2654	0.105959
2655	0.107069
2656	0.106113
2657	0.103541
2658	0.104029
2659	0.103306
2660	0.1054
2661	0.105984
2662	0.107787
2663	0.10615
2664	0.109809
2665	0.106597
2666	0.10737
2667	0.105479
2668	0.106969
2669	0.107051
2670	0.106758
2671	0.107673
2672	0.107961
2673	0.106342
2674	0.107527
2675	0.104561
2676	0.110037
2677	0.105975
2678	0.107442
2679	0.105973
2680	0.105306
2681	0.109503
2682	0.110228
2683	0.107753
2684	0.108787
2685	0.108943
2686	0.108408
2687	0.108683
2688	0.106955
2689	0.108763
2690	0.108431
2691	0.110305
2692	0.106128
2693	0.109126
2694	0.109876
2695	0.111303
2696	0.111056
2697	0.110052
2698	0.109841
2699	0.110534
2700	0.111395
2701	0.111071
2702	0.108654
2703	0.111754
2704	0.111608
2705	0.110475
2706	0.111594
2707	0.112393
2708	0.113072
2709	0.112677
2710	0.111043
2711	0.11131
2712	0.110518
2713	0.111576
2714	0.111635
2715	0.110685
2716	0.110499
2717	0.110548
2718	0.109652
2719	0.110687
2720	0.111196
2721	0.110489
2722	0.11201
2723	0.112837
2724	0.111212
2725	0.112474
2726	0.110781
2727	0.115792
2728	0.112375
2729	0.111927
2730	0.111455
2731	0.111646
2732	0.113137
2733	0.11405
2734	0.113881
2735	0.112823
2736	0.113046
2737	0.111634
2738	0.11571
2739	0.11224
2740	0.115459
2741	0.115093
2742	0.115351
2743	0.113435
2744	0.11234
2745	0.116538
2746	0.114933
2747	0.117471
2748	0.112775
2749	0.112256
2750	0.112156
2751	0.114155
2752	0.113334
2753	0.116975
2754	0.113423
2755	0.117883
2756	0.113425
2757	0.117966
2758	0.114722
2759	0.117295
2760	0.115955
2761	0.115067
2762	0.117451
2763	0.115046
2764	0.114404
2765	0.113614
2766	0.116367
2767	0.119831
2768	0.11559
2769	0.115549
2770	0.116543
2771	0.116399
2772	0.116063
2773	0.118788
2774	0.114592
2775	0.116829
2776	0.117969
2777	0.116119
2778	0.11396
2779	0.116976
2780	0.118874
2781	0.114513
2782	0.118553
2783	0.116057
2784	0.117634
2785	0.11731
2786	0.118271
2787	0.117865
2788	0.117667
2789	0.119224
2790	0.116421
2791	0.117789
2792	0.117881
2793	0.1191
2794	0.118509
2795	0.1165
2796	0.12161
2797	0.119746
2798	0.120618
2799	0.119955
2800	0.117103
2801	0.12109
2802	0.120217
2803	0.118225
2804	0.118597
2805	0.120017
2806	0.119818
2807	0.1211
2808	0.120127
2809	0.118905
2810	0.122185
2811	0.120364
2812	0.121095
2813	0.118807
2814	0.120254
2815	0.117984
2816	0.117662
2817	0.115289
2818	0.117824
2819	0.120172
2820	0.120287
2821	0.1226
2822	0.118874
2823	0.122502
2824	0.122525
2825	0.123722
2826	0.121854
2827	0.119216
2828	0.119341
2829	0.117933
2830	0.119774
2831	0.123178
2832	0.117331
2833	0.122292
2834	0.122465
2835	0.120348
2836	0.123198
2837	0.121995
2838	0.118182
2839	0.121381
2840	0.119557
2841	0.119986
2842	0.118315
2843	0.120922
2844	0.119358
2845	0.1197
2846	0.122461
2847	0.121059
2848	0.117952
2849	0.118434
2850	0.120174
2851	0.119548
2852	0.115592
2853	0.121194
2854	0.119132
2855	0.113279
2856	0.120048
2857	0.118863
2858	0.119422
2859	0.117687
2860	0.117171
2861	0.119311
2862	0.119754
2863	0.119869
2864	0.119188
2865	0.118527
2866	0.119659
2867	0.12201
2868	0.120148
