### Number of tubes used: 730
### Nuclear profiles per tube: 1.68219
### Resolution (bp): 40000
### Slice thickness (microns): 0.22
### Nuclear radius (microns): 4.5
### Detection efficiency: 0.858886
distance	 pi_threshold
1	0.348522
2	0.29456
3	0.259257
4	0.253456
5	0.236078
6	0.235867
7	0.226941
8	0.220584
9	0.21345
10	0.212558
11	0.207242
12	0.202319
13	0.202941
14	0.196204
15	0.188599
16	0.195709
17	0.18628
18	0.187226
19	0.17878
20	0.182755
21	0.180103
22	0.180059
23	0.174008
24	0.175676
25	0.174589
26	0.174529
27	0.169599
28	0.170599
29	0.165051
30	0.166176
31	0.170058
32	0.164794
33	0.162969
34	0.162863
35	0.16021
36	0.162173
37	0.160167
38	0.162412
39	0.157615
40	0.162273
41	0.157155
42	0.159442
43	0.157045
44	0.159133
45	0.153786
46	0.149147
47	0.153712
48	0.15408
49	0.151862
50	0.152175
51	0.149172
52	0.147544
53	0.149336
54	0.14832
55	0.149673
56	0.152334
57	0.147614
58	0.148036
59	0.145965
60	0.147095
61	0.146374
62	0.148957
63	0.144491
64	0.143202
65	0.146212
66	0.146283
67	0.145779
68	0.144488
69	0.144759
70	0.145354
71	0.144478
72	0.14419
73	0.14209
74	0.140872
75	0.141532
76	0.143335
77	0.145406
78	0.137874
79	0.142565
80	0.140386
81	0.141828
82	0.138215
83	0.135662
84	0.140121
85	0.141783
86	0.139521
87	0.141436
88	0.138356
89	0.141549
90	0.14263
91	0.139012
92	0.140481
93	0.140538
94	0.137068
95	0.136693
96	0.137536
97	0.139216
98	0.138009
99	0.13873
100	0.135001
101	0.137724
102	0.137028
103	0.136817
104	0.138895
105	0.135137
106	0.136649
107	0.136094
108	0.135438
109	0.134186
110	0.132305
111	0.134879
112	0.135637
113	0.136507
114	0.134333
115	0.134738
116	0.135497
117	0.1381
118	0.134832
119	0.13348
120	0.132057
121	0.133132
122	0.134846
123	0.133109
124	0.131289
125	0.13355
126	0.133096
127	0.132243
128	0.127955
129	0.133258
130	0.130277
131	0.131561
132	0.132382
133	0.132238
134	0.133214
135	0.133231
136	0.13226
137	0.130082
138	0.12899
139	0.134977
140	0.130849
141	0.128993
142	0.130318
143	0.130037
144	0.127515
145	0.128847
146	0.13053
147	0.127583
148	0.131136
149	0.13474
150	0.131533
151	0.131994
152	0.134152
153	0.132765
154	0.130837
155	0.130213
156	0.129622
157	0.129578
158	0.12673
159	0.13428
160	0.131166
161	0.134944
162	0.131065
163	0.132397
164	0.132072
165	0.12947
166	0.129899
167	0.131323
168	0.129431
169	0.127702
170	0.131796
171	0.132578
172	0.130501
173	0.131045
174	0.12981
175	0.13072
176	0.13185
177	0.129806
178	0.125493
179	0.129724
180	0.12956
181	0.132954
182	0.126728
183	0.13101
184	0.133707
185	0.129355
186	0.126832
187	0.128898
188	0.131418
189	0.131153
190	0.128176
191	0.126119
192	0.130117
193	0.130826
194	0.129673
195	0.128785
196	0.13038
197	0.129618
198	0.132372
199	0.127647
200	0.131118
201	0.131214
202	0.131949
203	0.12596
204	0.127976
205	0.126422
206	0.126977
207	0.128792
208	0.127861
209	0.128419
210	0.128623
211	0.127375
212	0.130055
213	0.125404
214	0.125562
215	0.128438
216	0.131131
217	0.126155
218	0.126802
219	0.126301
220	0.126309
221	0.127895
222	0.127831
223	0.128017
224	0.126453
225	0.124627
226	0.126955
227	0.125832
228	0.126996
229	0.125795
230	0.128755
231	0.130311
232	0.129063
233	0.127852
234	0.126981
235	0.12527
236	0.126998
237	0.125435
238	0.128157
239	0.128263
240	0.129241
241	0.126525
242	0.128703
243	0.124838
244	0.129201
245	0.126002
246	0.127143
247	0.12716
248	0.126351
249	0.124551
250	0.127509
251	0.129598
252	0.124649
253	0.123869
254	0.125992
255	0.126383
256	0.125599
257	0.126861
258	0.127891
259	0.125077
260	0.12404
261	0.126985
262	0.125737
263	0.124244
264	0.124913
265	0.121385
266	0.125692
267	0.124978
268	0.124783
269	0.125866
270	0.127115
271	0.125624
272	0.126216
273	0.125001
274	0.121382
275	0.127606
276	0.126016
277	0.126106
278	0.122333
279	0.121466
280	0.127891
281	0.122433
282	0.122405
283	0.127535
284	0.125633
285	0.12549
286	0.127076
287	0.12773
288	0.126773
289	0.124212
290	0.126399
291	0.128121
292	0.125411
293	0.12435
294	0.126292
295	0.124876
296	0.125356
297	0.127283
298	0.126059
299	0.124549
300	0.122759
301	0.126914
302	0.124063
303	0.126422
304	0.126662
305	0.126238
306	0.125001
307	0.12663
308	0.126377
309	0.128446
310	0.123179
311	0.127708
312	0.125384
313	0.125899
314	0.12563
315	0.129716
316	0.130176
317	0.126428
318	0.125805
319	0.124203
320	0.125488
321	0.126127
322	0.125281
323	0.124549
324	0.125704
325	0.125236
326	0.127564
327	0.127513
328	0.124802
329	0.129299
330	0.128561
331	0.123855
332	0.127502
333	0.12459
334	0.128869
335	0.126471
336	0.12698
337	0.127844
338	0.125429
339	0.126326
340	0.126705
341	0.122114
342	0.12593
343	0.124229
344	0.126428
345	0.125426
346	0.123692
347	0.125217
348	0.124097
349	0.127191
350	0.120932
351	0.126179
352	0.127577
353	0.121164
354	0.124873
355	0.126112
356	0.125993
357	0.12267
358	0.124059
359	0.124614
360	0.123663
361	0.12367
362	0.123105
363	0.122211
364	0.124843
365	0.123157
366	0.122385
367	0.1233
368	0.12449
369	0.124919
370	0.125817
371	0.125197
372	0.123382
373	0.122937
374	0.124521
375	0.123055
376	0.125775
377	0.124188
378	0.126383
379	0.12513
380	0.125132
381	0.122296
382	0.124196
383	0.127041
384	0.126506
385	0.123748
386	0.124221
387	0.122637
388	0.126931
389	0.123665
390	0.12318
391	0.123848
392	0.124755
393	0.125801
394	0.124976
395	0.126206
396	0.121769
397	0.12368
398	0.124252
399	0.124694
400	0.12305
401	0.121258
402	0.124418
403	0.121491
404	0.123021
405	0.122608
406	0.123098
407	0.123967
408	0.120108
409	0.124599
410	0.123537
411	0.127001
412	0.124173
413	0.124455
414	0.126305
415	0.124039
416	0.124805
417	0.126131
418	0.123002
419	0.126801
420	0.126751
421	0.124799
422	0.122073
423	0.125943
424	0.12138
425	0.124476
426	0.123874
427	0.122176
428	0.125323
429	0.122431
430	0.12195
431	0.121494
432	0.122058
433	0.12571
434	0.125094
435	0.124528
436	0.124441
437	0.123515
438	0.125283
439	0.123988
440	0.126692
441	0.123292
442	0.121806
443	0.122789
444	0.123094
445	0.123915
446	0.125118
447	0.124441
448	0.122426
449	0.12368
450	0.123913
451	0.12374
452	0.125142
453	0.124869
454	0.124353
455	0.123967
456	0.123924
457	0.123642
458	0.127514
459	0.121899
460	0.123725
461	0.12338
462	0.120251
463	0.124602
464	0.12254
465	0.122902
466	0.12225
467	0.12296
468	0.121253
469	0.120757
470	0.123456
471	0.12429
472	0.120992
473	0.123472
474	0.123488
475	0.123428
476	0.124171
477	0.121788
478	0.124606
479	0.121404
480	0.124283
481	0.122821
482	0.1239
483	0.123597
484	0.122838
485	0.126266
486	0.123816
487	0.124918
488	0.124758
489	0.122194
490	0.12417
491	0.123655
492	0.123504
493	0.12294
494	0.123471
495	0.123683
496	0.123783
497	0.122535
498	0.12538
499	0.120612
500	0.122975
501	0.122871
502	0.123846
503	0.120641
504	0.123634
505	0.121592
506	0.123695
507	0.122163
508	0.122655
509	0.124314
510	0.123667
511	0.124808
512	0.123876
513	0.127708
514	0.124906
515	0.125911
516	0.123578
517	0.123441
518	0.127184
519	0.125026
520	0.124322
521	0.124776
522	0.126223
523	0.12511
524	0.122768
525	0.123675
526	0.122329
527	0.125683
528	0.124445
529	0.123998
530	0.126995
531	0.124998
532	0.124723
533	0.124258
534	0.123627
535	0.122593
536	0.123207
537	0.126283
538	0.125604
539	0.124399
540	0.123521
541	0.122702
542	0.12241
543	0.12273
544	0.124494
545	0.121937
546	0.120648
547	0.125648
548	0.121103
549	0.123045
550	0.123263
551	0.123141
552	0.123608
553	0.123484
554	0.121597
555	0.124968
556	0.124961
557	0.119481
558	0.123197
559	0.122804
560	0.119776
561	0.122136
562	0.120671
563	0.12546
564	0.121068
565	0.122629
566	0.121033
567	0.123381
568	0.122678
569	0.122858
570	0.125679
571	0.120531
572	0.120174
573	0.123021
574	0.125635
575	0.12408
576	0.122691
577	0.123053
578	0.120714
579	0.120383
580	0.118739
581	0.122638
582	0.123668
583	0.123971
584	0.1214
585	0.122362
586	0.120846
587	0.120829
588	0.123916
589	0.122261
590	0.122165
591	0.12667
592	0.121117
593	0.124133
594	0.119753
595	0.121563
596	0.121086
597	0.122143
598	0.116958
599	0.123179
600	0.119862
601	0.12388
602	0.122416
603	0.124676
604	0.122056
605	0.121215
606	0.121411
607	0.121058
608	0.12141
609	0.123884
610	0.121445
611	0.127195
612	0.118596
613	0.118897
614	0.121163
615	0.121829
616	0.12185
617	0.121915
618	0.125027
619	0.119226
620	0.12299
621	0.122624
622	0.1227
623	0.123357
624	0.123383
625	0.122816
626	0.123171
627	0.120744
628	0.123787
629	0.123
630	0.119897
631	0.120972
632	0.119846
633	0.121003
634	0.123748
635	0.120894
636	0.120849
637	0.123491
638	0.122065
639	0.12495
640	0.122153
641	0.122452
642	0.119072
643	0.121265
644	0.121561
645	0.121373
646	0.121507
647	0.12473
648	0.121342
649	0.121103
650	0.118576
651	0.120307
652	0.120829
653	0.123085
654	0.120299
655	0.1218
656	0.12319
657	0.119228
658	0.121087
659	0.122099
660	0.123902
661	0.121963
662	0.120074
663	0.121242
664	0.117565
665	0.119766
666	0.120063
667	0.123001
668	0.121746
669	0.121176
670	0.119693
671	0.122319
672	0.122306
673	0.121499
674	0.118156
675	0.121752
676	0.121268
677	0.120714
678	0.118817
679	0.121141
680	0.119904
681	0.116934
682	0.120135
683	0.119317
684	0.122137
685	0.118203
686	0.120774
687	0.124611
688	0.121672
689	0.121286
690	0.121163
691	0.12144
692	0.121462
693	0.11865
694	0.118871
695	0.120651
696	0.119742
697	0.117917
698	0.119752
699	0.11914
700	0.118726
701	0.118618
702	0.118184
703	0.122419
704	0.116613
705	0.120135
706	0.119048
707	0.117086
708	0.120417
709	0.118614
710	0.119405
711	0.115469
712	0.118616
713	0.119723
714	0.117772
715	0.118495
716	0.118676
717	0.122005
718	0.120422
719	0.120366
720	0.118433
721	0.119157
722	0.118715
723	0.120578
724	0.119059
725	0.118016
726	0.119155
727	0.119838
728	0.119954
729	0.119062
730	0.119416
731	0.120998
732	0.120516
733	0.117264
734	0.119851
735	0.121003
736	0.11689
737	0.117213
738	0.118371
739	0.119767
740	0.117445
741	0.11616
742	0.118483
743	0.120275
744	0.117231
745	0.117145
746	0.118684
747	0.119307
748	0.121927
749	0.119134
750	0.116102
751	0.118557
752	0.116733
753	0.118093
754	0.1169
755	0.11686
756	0.122552
757	0.119557
758	0.118965
759	0.117923
760	0.11686
761	0.120009
762	0.118652
763	0.118246
764	0.117855
765	0.119177
766	0.118967
767	0.120098
768	0.119145
769	0.120842
770	0.117877
771	0.118331
772	0.119702
773	0.119634
774	0.118872
775	0.118737
776	0.120046
777	0.117898
778	0.119347
779	0.118006
780	0.120883
781	0.119506
782	0.115864
783	0.120068
784	0.116824
785	0.119519
786	0.120183
787	0.117095
788	0.118619
789	0.118313
790	0.117578
791	0.11639
792	0.116596
793	0.11744
794	0.119745
795	0.11851
796	0.119636
797	0.119334
798	0.120326
799	0.117369
800	0.11644
801	0.120024
802	0.120264
803	0.116227
804	0.116495
805	0.120223
806	0.119319
807	0.120299
808	0.120262
809	0.118878
810	0.120284
811	0.11947
812	0.120207
813	0.119612
814	0.116766
815	0.114838
816	0.117451
817	0.118163
818	0.117059
819	0.120896
820	0.116909
821	0.118706
822	0.120757
823	0.117412
824	0.121542
825	0.118341
826	0.120113
827	0.119275
828	0.117232
829	0.117997
830	0.118729
831	0.116658
832	0.118574
833	0.118901
834	0.120833
835	0.118966
836	0.118133
837	0.119713
838	0.120598
839	0.117989
840	0.120507
841	0.118965
842	0.11984
843	0.118716
844	0.116641
845	0.117869
846	0.118629
847	0.119706
848	0.12195
849	0.116567
850	0.117076
851	0.1187
852	0.118078
853	0.117578
854	0.1212
855	0.119584
856	0.120241
857	0.120109
858	0.118769
859	0.120205
860	0.11943
861	0.12062
862	0.118786
863	0.118111
864	0.118304
865	0.118442
866	0.116283
867	0.117417
868	0.120059
869	0.118197
870	0.117411
871	0.117173
872	0.120371
873	0.118113
874	0.118734
875	0.117792
876	0.11597
877	0.120398
878	0.12011
879	0.118789
880	0.117117
881	0.118905
882	0.117767
883	0.116032
884	0.116856
885	0.121491
886	0.118732
887	0.117793
888	0.117475
889	0.118549
890	0.116287
891	0.122684
892	0.118804
893	0.116411
894	0.113886
895	0.118664
896	0.11982
897	0.117355
898	0.119403
899	0.115998
900	0.11632
901	0.12121
902	0.116348
903	0.118843
904	0.117071
905	0.116699
906	0.116714
907	0.12093
908	0.117988
909	0.117288
910	0.121164
911	0.117042
912	0.115313
913	0.118059
914	0.120168
915	0.116544
916	0.120148
917	0.118869
918	0.116441
919	0.114275
920	0.118469
921	0.11739
922	0.116637
923	0.115795
924	0.116545
925	0.114361
926	0.118349
927	0.117977
928	0.119649
929	0.1175
930	0.118533
931	0.115329
932	0.117325
933	0.117478
934	0.116781
935	0.117756
936	0.118729
937	0.117743
938	0.114767
939	0.117078
940	0.118302
941	0.118327
942	0.118283
943	0.114594
944	0.119096
945	0.117779
946	0.118086
947	0.118461
948	0.117872
949	0.115077
950	0.120192
951	0.118052
952	0.11824
953	0.114988
954	0.117432
955	0.118226
956	0.119207
957	0.115566
958	0.118646
959	0.114658
960	0.117729
961	0.117161
962	0.115347
963	0.117869
964	0.116484
965	0.117272
966	0.117398
967	0.114861
968	0.116517
969	0.115525
970	0.113911
971	0.117525
972	0.115217
973	0.115441
974	0.116773
975	0.119598
976	0.115573
977	0.116511
978	0.116849
979	0.118315
980	0.113343
981	0.119398
982	0.116396
983	0.116261
984	0.118801
985	0.119865
986	0.11609
987	0.116523
988	0.120101
989	0.119057
990	0.114676
991	0.119197
992	0.117891
993	0.115665
994	0.118579
995	0.11786
996	0.116183
997	0.118804
998	0.115107
999	0.117785
1000	0.117192
1001	0.117053
1002	0.120807
1003	0.114757
1004	0.114786
1005	0.117714
1006	0.116203
1007	0.114236
1008	0.117918
1009	0.114983
1010	0.116139
1011	0.116465
1012	0.120196
1013	0.115482
1014	0.116269
1015	0.114537
1016	0.11708
1017	0.117732
1018	0.116198
1019	0.11443
1020	0.118499
1021	0.114957
1022	0.115669
1023	0.119427
1024	0.117299
1025	0.117606
1026	0.115915
1027	0.118722
1028	0.112591
1029	0.1168
1030	0.117391
1031	0.117821
1032	0.116301
1033	0.114497
1034	0.113822
1035	0.117579
1036	0.117152
1037	0.118564
1038	0.115909
1039	0.115773
1040	0.116537
1041	0.11583
1042	0.114393
1043	0.116025
1044	0.117927
1045	0.116291
1046	0.114946
1047	0.116456
1048	0.115603
1049	0.115432
1050	0.114453
1051	0.115518
1052	0.116418
1053	0.118878
1054	0.113283
1055	0.115195
1056	0.115319
1057	0.11563
1058	0.116012
1059	0.115969
1060	0.116237
1061	0.118162
1062	0.115649
1063	0.116033
1064	0.116391
1065	0.11454
1066	0.116586
1067	0.113995
1068	0.117688
1069	0.112865
1070	0.117222
1071	0.116756
1072	0.114774
1073	0.119684
1074	0.117822
1075	0.118919
1076	0.116299
1077	0.118062
1078	0.118082
1079	0.116213
1080	0.116728
1081	0.113047
1082	0.119663
1083	0.114921
1084	0.115198
1085	0.118862
1086	0.114811
1087	0.115047
1088	0.114873
1089	0.115012
1090	0.11345
1091	0.117926
1092	0.11604
1093	0.117182
1094	0.115923
1095	0.116874
1096	0.117096
1097	0.120345
1098	0.114646
1099	0.116381
1100	0.114856
1101	0.11514
1102	0.116953
1103	0.112275
1104	0.118006
1105	0.118248
1106	0.118403
1107	0.114133
1108	0.117144
1109	0.11657
1110	0.117213
1111	0.116605
1112	0.117255
1113	0.12011
1114	0.115804
1115	0.11437
1116	0.11635
1117	0.117662
1118	0.115961
1119	0.115676
1120	0.115585
1121	0.114629
1122	0.115424
1123	0.115248
1124	0.115177
1125	0.117713
1126	0.114641
1127	0.114409
1128	0.117866
1129	0.117106
1130	0.113141
1131	0.116308
1132	0.117165
1133	0.119385
1134	0.117114
1135	0.11777
1136	0.116982
1137	0.118657
1138	0.115096
1139	0.119411
1140	0.116801
1141	0.118508
1142	0.113099
1143	0.117813
1144	0.117583
1145	0.11765
1146	0.118136
1147	0.117575
1148	0.116004
1149	0.118395
1150	0.117347
1151	0.115733
1152	0.117293
1153	0.117572
1154	0.115781
1155	0.115512
1156	0.115476
1157	0.11838
1158	0.117802
1159	0.115113
1160	0.114673
1161	0.114413
1162	0.115851
1163	0.117351
1164	0.117674
1165	0.114033
1166	0.116811
1167	0.114806
1168	0.116952
1169	0.114179
1170	0.117
1171	0.115458
1172	0.115442
1173	0.118038
1174	0.115972
1175	0.112785
1176	0.11534
1177	0.116101
1178	0.116549
1179	0.116951
1180	0.115753
1181	0.115104
1182	0.112792
1183	0.11398
1184	0.117029
1185	0.115395
1186	0.115443
1187	0.114757
1188	0.11632
1189	0.114138
1190	0.113272
1191	0.113997
1192	0.114688
1193	0.114448
1194	0.114004
1195	0.117292
1196	0.116746
1197	0.115404
1198	0.11258
1199	0.114082
1200	0.114151
1201	0.116061
1202	0.115283
1203	0.116866
1204	0.113486
1205	0.115185
1206	0.116433
1207	0.11391
1208	0.117155
1209	0.113877
1210	0.112904
1211	0.11638
1212	0.116461
1213	0.11574
1214	0.116832
1215	0.116788
1216	0.11302
1217	0.116634
1218	0.114014
1219	0.11482
1220	0.114867
1221	0.113956
1222	0.114515
1223	0.115308
1224	0.115149
1225	0.115358
1226	0.115917
1227	0.114438
1228	0.116867
1229	0.114101
1230	0.114191
1231	0.113139
1232	0.112009
1233	0.114027
1234	0.112887
1235	0.116189
1236	0.113539
1237	0.110969
1238	0.114032
1239	0.114104
1240	0.117845
1241	0.116218
1242	0.113646
1243	0.115301
1244	0.114038
1245	0.11653
1246	0.115068
1247	0.115276
1248	0.115887
1249	0.1143
1250	0.112825
1251	0.114673
1252	0.1138
1253	0.114466
1254	0.113622
1255	0.113669
1256	0.118354
1257	0.113918
1258	0.113498
1259	0.113805
1260	0.114749
1261	0.113432
1262	0.115373
1263	0.113871
1264	0.113452
1265	0.115084
1266	0.114939
1267	0.115512
1268	0.112461
1269	0.112873
1270	0.11393
1271	0.113816
1272	0.1134
1273	0.116969
1274	0.116057
1275	0.111651
1276	0.114979
1277	0.112798
1278	0.111169
1279	0.115829
1280	0.113971
1281	0.116133
1282	0.112312
1283	0.114473
1284	0.116909
1285	0.113895
1286	0.113649
1287	0.114107
1288	0.115572
1289	0.116018
1290	0.114622
1291	0.116075
1292	0.112303
1293	0.116658
1294	0.116855
1295	0.115345
1296	0.114403
1297	0.114226
1298	0.114392
1299	0.113817
1300	0.111611
1301	0.11166
1302	0.113124
1303	0.114177
1304	0.112612
1305	0.114256
1306	0.112825
1307	0.113329
1308	0.112641
1309	0.111024
1310	0.110925
1311	0.113526
1312	0.113915
1313	0.111562
1314	0.116051
1315	0.114893
1316	0.111254
1317	0.115899
1318	0.110364
1319	0.110885
1320	0.112344
1321	0.112426
1322	0.113227
1323	0.114469
1324	0.110907
1325	0.113731
1326	0.112193
1327	0.114551
1328	0.114266
1329	0.112123
1330	0.111413
1331	0.113302
1332	0.113523
1333	0.114503
1334	0.115032
1335	0.11125
1336	0.11318
1337	0.111862
1338	0.114434
1339	0.113335
1340	0.113206
1341	0.111013
1342	0.112884
1343	0.112752
1344	0.113646
1345	0.111956
1346	0.112981
1347	0.112731
1348	0.115166
1349	0.110937
1350	0.111548
1351	0.113539
1352	0.111387
1353	0.112366
1354	0.114117
1355	0.112963
1356	0.11203
1357	0.110702
1358	0.112113
1359	0.113575
1360	0.111192
1361	0.112258
1362	0.114195
1363	0.112938
1364	0.113374
1365	0.115383
1366	0.113894
1367	0.110508
1368	0.111313
1369	0.115618
1370	0.112356
1371	0.113981
1372	0.112675
1373	0.112716
1374	0.112961
1375	0.113909
1376	0.110541
1377	0.113364
1378	0.109773
1379	0.110615
1380	0.112519
1381	0.113018
1382	0.113013
1383	0.108263
1384	0.112409
1385	0.113007
1386	0.112464
1387	0.110054
1388	0.112133
1389	0.113016
1390	0.112616
1391	0.108568
1392	0.111882
1393	0.115048
1394	0.111861
1395	0.112641
1396	0.112096
1397	0.114019
1398	0.109936
1399	0.111539
1400	0.114314
1401	0.109787
1402	0.111619
1403	0.113005
1404	0.109503
1405	0.112552
1406	0.11305
1407	0.11417
1408	0.11108
1409	0.112553
1410	0.113317
1411	0.113075
1412	0.112599
1413	0.11096
1414	0.110288
1415	0.111735
1416	0.112515
1417	0.109811
1418	0.112246
1419	0.109307
1420	0.111857
1421	0.112768
1422	0.110124
1423	0.112202
1424	0.112757
1425	0.110541
1426	0.111647
1427	0.110938
1428	0.112408
1429	0.11099
1430	0.112555
1431	0.111671
1432	0.110728
1433	0.108462
1434	0.112813
1435	0.111733
1436	0.109238
1437	0.111049
1438	0.111172
1439	0.110226
1440	0.112158
1441	0.112568
1442	0.111641
1443	0.111891
1444	0.110873
1445	0.110438
1446	0.110329
1447	0.113424
1448	0.1097
1449	0.110139
1450	0.111702
1451	0.109355
1452	0.111507
1453	0.111134
1454	0.112645
1455	0.108559
1456	0.109643
1457	0.107948
1458	0.109014
1459	0.110816
1460	0.108839
1461	0.111688
1462	0.109691
1463	0.107213
1464	0.110552
1465	0.108314
1466	0.110081
1467	0.110625
1468	0.109016
1469	0.109043
1470	0.109624
1471	0.113467
1472	0.109869
1473	0.111548
1474	0.110384
1475	0.108065
1476	0.111988
1477	0.113391
1478	0.110675
1479	0.112119
1480	0.110137
1481	0.108187
1482	0.111432
1483	0.111094
1484	0.110805
1485	0.110932
1486	0.108708
1487	0.108317
1488	0.112254
1489	0.110612
1490	0.107884
1491	0.108359
1492	0.111858
1493	0.111495
1494	0.109557
1495	0.111108
1496	0.109526
1497	0.111137
1498	0.110716
1499	0.109971
1500	0.111471
1501	0.110071
1502	0.107531
1503	0.110456
1504	0.110228
1505	0.110835
1506	0.112416
1507	0.111176
1508	0.112118
1509	0.111002
1510	0.108599
1511	0.111402
1512	0.111656
1513	0.110126
1514	0.113206
1515	0.10958
1516	0.108163
1517	0.108625
1518	0.114121
1519	0.112585
1520	0.110911
1521	0.111427
1522	0.109947
1523	0.10913
1524	0.111121
1525	0.110383
1526	0.110996
1527	0.110644
1528	0.10909
1529	0.108745
1530	0.110973
1531	0.111137
1532	0.110189
1533	0.110125
1534	0.11352
1535	0.109612
1536	0.111412
1537	0.107499
1538	0.111093
1539	0.109766
1540	0.110257
1541	0.109741
1542	0.111093
1543	0.110984
1544	0.108586
1545	0.108965
1546	0.110617
1547	0.111367
1548	0.11206
1549	0.111028
1550	0.112646
1551	0.112412
1552	0.11001
1553	0.110145
1554	0.109918
1555	0.11065
1556	0.112826
1557	0.108962
1558	0.111317
1559	0.112206
1560	0.110471
1561	0.109969
1562	0.114152
1563	0.111928
1564	0.111655
1565	0.110931
1566	0.111737
1567	0.108096
1568	0.111047
1569	0.11019
1570	0.11199
1571	0.113419
1572	0.111416
1573	0.108216
1574	0.110528
1575	0.109653
1576	0.109719
1577	0.110712
1578	0.107247
1579	0.109701
1580	0.108626
1581	0.111666
1582	0.109287
1583	0.111342
1584	0.109968
1585	0.108384
1586	0.111537
1587	0.111084
1588	0.110893
1589	0.111295
1590	0.111352
1591	0.111536
1592	0.11259
1593	0.109315
1594	0.110256
1595	0.111047
1596	0.109111
1597	0.109863
1598	0.110782
1599	0.110094
1600	0.109366
1601	0.110131
1602	0.107816
1603	0.112923
1604	0.113039
1605	0.111043
1606	0.110844
1607	0.109815
1608	0.111562
1609	0.108009
1610	0.108387
1611	0.108538
1612	0.10902
1613	0.110955
1614	0.109416
1615	0.1086
1616	0.110607
1617	0.109489
1618	0.110682
1619	0.11149
1620	0.107679
1621	0.10927
1622	0.110767
1623	0.107259
1624	0.109935
1625	0.10709
1626	0.111849
1627	0.110435
1628	0.110447
1629	0.11221
1630	0.110385
1631	0.109377
1632	0.108651
1633	0.108722
1634	0.111356
1635	0.11058
1636	0.11114
1637	0.11021
1638	0.110903
1639	0.106953
1640	0.109176
1641	0.112888
1642	0.109302
1643	0.112873
1644	0.112455
1645	0.109529
1646	0.108038
1647	0.110717
1648	0.110887
1649	0.110725
1650	0.108343
1651	0.108272
1652	0.112183
1653	0.108859
1654	0.110423
1655	0.108752
1656	0.110839
1657	0.110397
1658	0.111337
1659	0.111616
1660	0.110766
1661	0.111017
1662	0.109904
1663	0.109427
1664	0.111945
1665	0.111748
1666	0.112384
1667	0.110879
1668	0.109586
1669	0.111087
1670	0.107941
1671	0.111725
1672	0.107574
1673	0.11142
1674	0.110795
1675	0.109802
1676	0.110152
1677	0.11114
1678	0.109857
1679	0.109641
1680	0.1082
1681	0.107214
1682	0.108967
1683	0.107631
1684	0.110066
1685	0.111244
1686	0.110147
1687	0.110053
1688	0.111497
1689	0.111309
1690	0.110247
1691	0.109197
1692	0.111426
1693	0.110181
1694	0.107973
1695	0.112836
1696	0.108067
1697	0.109277
1698	0.109889
1699	0.11074
1700	0.108902
1701	0.11062
1702	0.111056
1703	0.106738
1704	0.107884
1705	0.105346
1706	0.109974
1707	0.110891
1708	0.107569
1709	0.109914
1710	0.107589
1711	0.109364
1712	0.110534
1713	0.108728
1714	0.108841
1715	0.106949
1716	0.109641
1717	0.108697
1718	0.111103
1719	0.107691
1720	0.11077
1721	0.113821
1722	0.107545
1723	0.109847
1724	0.11138
1725	0.108993
1726	0.112312
1727	0.110197
1728	0.108952
1729	0.109213
1730	0.11153
1731	0.1099
1732	0.111671
1733	0.112815
1734	0.111013
1735	0.112455
1736	0.113203
1737	0.113174
1738	0.110394
1739	0.111492
1740	0.109931
1741	0.110962
1742	0.110122
1743	0.112224
1744	0.111181
1745	0.111405
1746	0.108147
1747	0.112567
1748	0.111268
1749	0.108641
1750	0.110106
1751	0.10873
1752	0.108916
1753	0.111034
1754	0.110013
1755	0.109552
1756	0.110132
1757	0.106725
1758	0.107639
1759	0.112622
1760	0.10607
1761	0.108167
1762	0.111722
1763	0.109015
1764	0.108504
1765	0.110388
1766	0.109072
1767	0.109845
1768	0.108043
1769	0.107953
1770	0.108655
1771	0.107606
1772	0.107414
1773	0.108723
1774	0.110876
1775	0.110828
1776	0.108639
1777	0.110278
1778	0.108776
1779	0.107858
1780	0.109994
1781	0.10886
1782	0.112814
1783	0.108441
1784	0.10872
1785	0.110026
1786	0.107643
1787	0.108021
1788	0.108214
1789	0.109531
1790	0.106502
1791	0.10676
1792	0.106868
1793	0.109399
1794	0.110534
1795	0.108146
1796	0.112391
1797	0.108608
1798	0.110167
1799	0.110228
1800	0.108955
1801	0.111937
1802	0.106139
1803	0.10999
1804	0.107556
1805	0.108686
1806	0.109304
1807	0.110208
1808	0.112311
1809	0.109005
1810	0.112105
1811	0.109679
1812	0.11305
1813	0.111364
1814	0.109699
1815	0.107964
1816	0.109332
1817	0.110151
1818	0.108737
1819	0.111996
1820	0.110006
1821	0.110956
1822	0.105954
1823	0.108569
1824	0.109457
1825	0.109196
1826	0.108723
1827	0.108883
1828	0.106551
1829	0.108709
1830	0.109319
1831	0.104641
1832	0.109392
1833	0.110905
1834	0.110956
1835	0.112806
1836	0.110149
1837	0.110472
1838	0.109655
1839	0.108966
1840	0.110735
1841	0.111001
1842	0.110619
1843	0.11055
1844	0.107924
1845	0.109913
1846	0.109012
1847	0.107215
1848	0.109537
1849	0.108427
1850	0.110187
1851	0.108507
1852	0.11099
1853	0.110063
1854	0.107792
1855	0.107826
1856	0.108216
1857	0.108306
1858	0.107024
1859	0.111297
1860	0.107515
1861	0.109233
1862	0.107861
1863	0.109081
1864	0.111273
1865	0.10793
1866	0.11001
1867	0.108045
1868	0.109642
1869	0.110121
1870	0.107613
1871	0.111425
1872	0.108506
1873	0.108534
1874	0.110353
1875	0.108662
1876	0.108559
1877	0.112813
1878	0.111135
1879	0.109027
1880	0.107038
1881	0.111149
1882	0.111143
1883	0.109172
1884	0.106812
1885	0.11006
1886	0.109796
1887	0.109789
1888	0.10971
1889	0.108441
1890	0.11265
1891	0.110581
1892	0.111091
1893	0.107582
1894	0.106572
1895	0.110059
1896	0.106012
1897	0.10843
1898	0.109055
1899	0.109001
1900	0.111194
1901	0.109865
1902	0.106039
1903	0.105536
1904	0.110942
1905	0.110886
1906	0.109455
1907	0.109771
1908	0.106419
1909	0.107863
1910	0.106847
1911	0.112377
1912	0.108014
1913	0.109504
1914	0.111333
1915	0.104969
1916	0.107666
1917	0.107436
1918	0.107662
1919	0.107762
1920	0.107442
1921	0.105781
1922	0.108966
1923	0.10737
1924	0.106935
1925	0.109256
1926	0.107306
1927	0.10741
1928	0.107407
1929	0.108243
1930	0.107871
1931	0.109265
1932	0.108841
1933	0.105557
1934	0.108318
1935	0.108957
1936	0.11073
1937	0.106956
1938	0.109137
1939	0.106258
1940	0.109717
1941	0.105099
1942	0.108399
1943	0.105535
1944	0.108372
1945	0.104876
1946	0.107138
1947	0.110836
1948	0.107565
1949	0.108132
1950	0.10746
1951	0.107676
1952	0.110862
1953	0.108858
1954	0.107578
1955	0.107216
1956	0.105171
1957	0.107925
1958	0.108295
1959	0.107961
1960	0.108865
1961	0.10561
1962	0.10657
1963	0.107544
1964	0.106014
1965	0.109555
1966	0.108041
1967	0.108067
1968	0.1081
1969	0.105584
1970	0.107647
1971	0.106336
1972	0.110581
1973	0.105463
1974	0.10806
1975	0.106881
1976	0.108709
1977	0.108083
1978	0.106858
1979	0.108424
1980	0.105132
1981	0.10701
1982	0.108406
1983	0.103695
1984	0.106947
1985	0.106912
1986	0.104808
1987	0.108853
1988	0.105832
1989	0.107995
1990	0.106965
1991	0.108854
1992	0.106618
1993	0.108749
1994	0.108856
1995	0.108438
1996	0.107121
1997	0.108589
1998	0.10852
1999	0.108308
2000	0.10717
2001	0.107143
2002	0.10705
2003	0.106557
2004	0.105174
2005	0.105966
2006	0.106728
2007	0.107258
2008	0.108407
2009	0.108066
2010	0.105084
2011	0.107112
2012	0.106655
2013	0.10777
2014	0.105671
2015	0.106696
2016	0.107243
2017	0.105498
2018	0.106152
2019	0.106285
2020	0.105969
2021	0.107785
2022	0.104809
2023	0.106847
2024	0.107991
2025	0.105679
2026	0.108353
2027	0.107603
2028	0.107749
2029	0.10716
2030	0.107414
2031	0.105222
2032	0.107463
2033	0.105076
2034	0.110348
2035	0.11041
2036	0.107402
2037	0.105837
2038	0.105396
2039	0.106543
2040	0.107902
2041	0.107253
2042	0.104912
2043	0.108073
2044	0.108991
2045	0.106305
2046	0.104117
2047	0.106624
2048	0.106026
2049	0.105454
2050	0.105315
2051	0.103875
2052	0.10311
2053	0.104233
2054	0.10562
2055	0.107359
2056	0.112464
2057	0.105355
2058	0.105452
2059	0.108624
2060	0.107527
2061	0.110169
2062	0.10683
2063	0.106262
2064	0.106402
2065	0.106524
2066	0.108351
2067	0.107165
2068	0.108274
2069	0.107734
2070	0.107208
2071	0.104592
2072	0.109836
2073	0.105976
2074	0.107106
2075	0.103632
2076	0.107104
2077	0.107242
2078	0.10723
2079	0.106913
2080	0.104332
2081	0.105015
2082	0.105231
2083	0.108994
2084	0.107006
2085	0.106634
2086	0.105471
2087	0.107488
2088	0.108523
2089	0.107589
2090	0.10751
2091	0.107678
2092	0.10489
2093	0.10542
2094	0.107176
2095	0.107093
2096	0.104948
2097	0.108949
2098	0.105571
2099	0.105305
2100	0.107523
2101	0.108587
2102	0.104219
2103	0.103428
2104	0.104063
2105	0.106632
2106	0.107365
2107	0.105768
2108	0.106777
2109	0.106401
2110	0.107441
2111	0.10742
2112	0.105644
2113	0.107842
2114	0.106809
2115	0.105304
2116	0.107523
2117	0.105764
2118	0.110744
2119	0.105339
2120	0.107208
2121	0.107105
2122	0.106652
2123	0.108334
2124	0.107105
2125	0.107287
2126	0.10513
2127	0.109279
2128	0.105044
2129	0.108684
2130	0.107332
2131	0.107132
2132	0.107022
2133	0.108256
2134	0.108887
2135	0.105704
2136	0.10831
2137	0.107037
2138	0.108378
2139	0.111312
2140	0.109314
2141	0.110454
2142	0.108919
2143	0.109048
2144	0.108996
2145	0.106623
2146	0.107523
2147	0.107682
2148	0.105974
2149	0.109193
2150	0.105208
2151	0.109117
2152	0.10888
2153	0.10618
2154	0.108007
2155	0.110326
2156	0.109494
2157	0.109297
2158	0.108784
2159	0.105201
2160	0.107788
2161	0.108532
2162	0.108358
2163	0.106925
2164	0.109157
2165	0.108815
2166	0.108855
2167	0.108938
2168	0.109024
2169	0.107352
2170	0.108555
2171	0.106854
2172	0.108577
2173	0.108301
2174	0.112745
2175	0.110441
2176	0.110458
2177	0.10919
2178	0.107208
2179	0.108699
2180	0.11018
2181	0.106842
2182	0.110744
2183	0.111828
2184	0.112588
2185	0.110055
2186	0.110824
2187	0.108524
2188	0.110037
2189	0.107389
2190	0.112465
2191	0.108941
2192	0.109272
2193	0.108996
2194	0.111024
2195	0.109752
2196	0.112992
2197	0.111098
2198	0.108143
2199	0.110479
2200	0.109934
2201	0.109375
2202	0.111529
2203	0.111684
2204	0.110758
2205	0.111094
2206	0.110524
2207	0.110649
2208	0.107997
2209	0.110623
2210	0.110661
2211	0.111018
2212	0.109618
2213	0.110812
2214	0.108821
2215	0.1089
2216	0.11203
2217	0.111034
2218	0.111679
2219	0.109431
2220	0.110687
2221	0.109013
2222	0.111707
2223	0.110095
2224	0.111039
2225	0.11071
2226	0.111589
2227	0.110779
2228	0.111282
2229	0.110774
2230	0.111081
2231	0.111482
2232	0.109067
2233	0.112053
2234	0.111495
2235	0.113812
2236	0.111216
2237	0.11003
2238	0.108872
2239	0.112331
2240	0.111006
2241	0.107477
2242	0.111016
2243	0.11055
2244	0.109067
2245	0.109957
2246	0.111389
2247	0.1081
2248	0.108436
2249	0.110462
2250	0.109868
2251	0.111545
2252	0.11151
2253	0.108036
2254	0.11155
2255	0.111348
2256	0.109079
2257	0.107471
2258	0.107526
2259	0.107723
2260	0.109539
2261	0.110418
2262	0.110707
2263	0.109283
2264	0.108108
2265	0.11036
2266	0.109041
2267	0.110496
2268	0.110261
2269	0.111619
2270	0.108844
2271	0.112908
2272	0.110487
2273	0.105883
2274	0.107787
2275	0.111052
2276	0.111386
2277	0.110282
2278	0.111591
2279	0.112671
2280	0.112188
2281	0.11037
2282	0.112369
2283	0.110439
2284	0.111323
2285	0.110311
2286	0.109921
2287	0.110617
2288	0.111693
2289	0.107742
2290	0.10887
2291	0.10705
2292	0.112377
2293	0.112102
2294	0.1131
2295	0.111342
2296	0.114745
2297	0.111286
2298	0.10985
2299	0.111753
2300	0.110761
2301	0.114119
2302	0.111966
2303	0.110441
2304	0.113219
2305	0.112342
2306	0.109218
2307	0.110384
2308	0.112229
2309	0.109113
2310	0.112804
2311	0.114095
2312	0.111634
2313	0.112178
2314	0.1078
2315	0.1112
2316	0.111716
2317	0.111184
2318	0.109606
2319	0.112584
2320	0.110142
2321	0.110056
2322	0.110137
2323	0.111337
2324	0.110585
2325	0.112696
2326	0.11345
2327	0.112436
2328	0.109786
2329	0.109064
2330	0.112128
2331	0.110246
2332	0.110209
2333	0.109482
2334	0.110052
2335	0.107565
2336	0.111409
2337	0.111274
2338	0.111592
2339	0.108869
2340	0.110059
2341	0.111653
2342	0.106292
2343	0.108285
2344	0.109229
2345	0.1107
2346	0.111268
2347	0.110292
2348	0.111083
2349	0.108658
2350	0.109993
2351	0.107833
2352	0.106761
2353	0.111031
2354	0.108888
2355	0.110373
2356	0.111342
2357	0.109688
2358	0.107602
2359	0.108216
2360	0.110206
2361	0.106759
2362	0.108381
2363	0.108067
2364	0.107804
2365	0.106996
2366	0.10942
2367	0.106628
2368	0.106488
2369	0.106296
2370	0.106916
2371	0.10769
2372	0.105609
2373	0.108504
2374	0.10663
2375	0.107609
2376	0.107362
2377	0.105175
2378	0.103784
2379	0.107916
2380	0.105838
2381	0.108075
2382	0.108859
2383	0.105546
2384	0.107197
2385	0.107164
2386	0.107589
2387	0.106895
2388	0.10753
2389	0.106162
2390	0.106391
2391	0.106884
2392	0.106877
2393	0.109439
2394	0.106536
2395	0.108041
2396	0.1077
2397	0.108847
2398	0.103896
2399	0.105673
2400	0.107441
2401	0.105266
2402	0.108253
2403	0.106216
2404	0.109602
2405	0.109612
2406	0.106989
2407	0.109118
2408	0.104855
2409	0.105794
2410	0.108602
2411	0.106482
2412	0.106149
2413	0.104702
2414	0.107497
2415	0.105039
2416	0.108108
2417	0.108994
2418	0.106439
2419	0.107946
2420	0.105849
2421	0.104839
2422	0.105258
2423	0.109515
2424	0.104782
2425	0.107908
2426	0.107866
2427	0.107471
2428	0.105928
2429	0.10713
2430	0.10589
2431	0.109594
2432	0.104416
2433	0.107662
2434	0.104989
2435	0.106159
2436	0.108226
2437	0.106038
2438	0.107593
2439	0.106458
2440	0.104893
2441	0.108634
2442	0.107046
2443	0.107196
2444	0.107968
2445	0.109209
2446	0.107726
2447	0.107079
2448	0.108754
2449	0.10637
2450	0.105658
2451	0.106507
2452	0.105013
2453	0.10555
2454	0.10654
2455	0.109531
2456	0.107398
2457	0.105283
2458	0.105639
2459	0.107333
2460	0.110461
2461	0.106691
2462	0.106831
2463	0.108102
2464	0.10644
2465	0.108078
2466	0.108077
2467	0.1073
2468	0.103603
2469	0.107817
2470	0.105768
2471	0.108268
2472	0.105829
2473	0.107609
2474	0.107517
2475	0.109246
2476	0.107678
2477	0.11042
2478	0.106772
2479	0.108804
2480	0.108718
2481	0.107069
2482	0.10851
2483	0.107896
2484	0.104855
2485	0.107936
2486	0.10696
2487	0.106551
2488	0.105711
2489	0.108759
2490	0.104984
2491	0.10471
2492	0.10677
2493	0.109135
2494	0.10711
2495	0.106844
2496	0.106827
2497	0.107949
2498	0.111331
2499	0.107286
2500	0.108149
2501	0.108738
2502	0.110334
2503	0.105106
2504	0.106719
2505	0.109418
2506	0.106041
2507	0.106073
2508	0.107066
2509	0.109638
2510	0.108308
2511	0.110348
2512	0.107321
2513	0.11171
2514	0.106403
2515	0.107995
2516	0.107044
2517	0.106233
2518	0.106512
2519	0.107533
2520	0.110178
2521	0.11189
2522	0.110621
2523	0.108044
2524	0.108868
2525	0.106244
2526	0.108913
2527	0.107446
2528	0.109017
2529	0.108273
2530	0.108251
2531	0.106469
2532	0.109471
2533	0.109081
2534	0.106409
2535	0.106249
2536	0.108582
2537	0.107947
2538	0.109507
2539	0.107508
2540	0.108815
2541	0.106989
2542	0.106593
2543	0.109421
2544	0.106714
2545	0.107807
2546	0.111006
2547	0.107398
2548	0.107843
2549	0.107953
2550	0.108117
2551	0.106929
2552	0.109316
2553	0.106193
2554	0.10629
2555	0.106715
2556	0.107707
2557	0.107112
2558	0.105404
2559	0.107766
2560	0.109156
2561	0.107036
2562	0.108712
2563	0.106608
2564	0.106285
2565	0.104601
2566	0.105113
2567	0.104527
2568	0.106916
2569	0.106319
2570	0.105436
2571	0.106794
2572	0.106073
2573	0.10307
2574	0.107081
2575	0.108977
2576	0.103727
2577	0.10479
2578	0.105753
2579	0.105019
2580	0.106369
2581	0.107376
2582	0.106092
2583	0.104683
2584	0.10779
2585	0.106355
2586	0.107138
2587	0.10815
2588	0.108674
2589	0.107171
2590	0.107235
2591	0.10584
2592	0.105786
2593	0.106136
2594	0.10571
2595	0.106931
2596	0.10543
2597	0.103943
2598	0.105128
2599	0.105373
2600	0.105693
2601	0.106311
2602	0.102702
2603	0.103525
2604	0.107651
2605	0.104916
2606	0.103489
2607	0.105214
2608	0.104076
2609	0.104172
2610	0.104771
2611	0.103379
2612	0.105333
2613	0.105696
2614	0.104564
2615	0.103313
2616	0.102011
2617	0.104846
2618	0.106364
2619	0.103702
2620	0.103095
2621	0.104189
2622	0.103744
2623	0.106909
2624	0.102434
2625	0.106074
2626	0.105049
2627	0.105764
2628	0.104626
2629	0.107147
2630	0.104489
2631	0.106435
2632	0.10634
2633	0.107359
2634	0.106607
2635	0.104772
2636	0.104225
2637	0.104555
2638	0.106618
2639	0.105742
2640	0.105285
2641	0.103922
2642	0.10402
2643	0.105423
2644	0.107728
2645	0.105244
2646	0.105889
2647	0.107031
2648	0.104312
2649	0.105778
2650	0.106373
2651	0.104541
2652	0.105317
2653	0.102788
2654	0.106805
2655	0.104065
2656	0.105975
2657	0.104295
2658	0.105249
2659	0.106479
2660	0.105317
2661	0.105398
2662	0.10613
2663	0.107669
2664	0.108842
2665	0.107021
2666	0.105549
2667	0.106831
2668	0.108541
2669	0.104282
2670	0.106726
2671	0.103951
2672	0.105413
2673	0.106057
2674	0.106012
2675	0.102654
2676	0.10466
2677	0.103555
2678	0.103288
2679	0.105313
2680	0.104098
2681	0.104344
2682	0.103513
2683	0.106782
2684	0.104562
2685	0.103335
2686	0.105094
2687	0.103146
2688	0.10663
2689	0.106453
2690	0.105648
2691	0.103837
2692	0.104386
2693	0.104196
2694	0.105367
2695	0.104967
2696	0.105797
2697	0.104883
2698	0.103479
2699	0.104525
2700	0.104328
2701	0.103193
2702	0.104886
2703	0.103752
2704	0.105798
2705	0.104959
2706	0.106274
2707	0.101958
2708	0.105841
2709	0.105447
2710	0.105274
2711	0.103592
2712	0.103454
2713	0.101327
2714	0.104761
2715	0.103653
2716	0.104253
2717	0.102645
2718	0.102231
2719	0.102167
2720	0.104463
2721	0.102519
2722	0.103824
2723	0.105312
2724	0.107306
2725	0.105353
2726	0.10354
2727	0.105285
2728	0.106745
2729	0.106336
2730	0.103911
2731	0.104391
2732	0.104934
2733	0.103452
2734	0.106097
2735	0.104508
2736	0.106365
2737	0.106862
2738	0.106883
2739	0.104838
2740	0.104062
2741	0.104639
2742	0.10624
2743	0.107723
2744	0.105895
2745	0.103326
2746	0.105618
2747	0.107205
2748	0.106019
2749	0.106655
2750	0.101211
2751	0.104666
2752	0.103056
2753	0.105258
2754	0.105574
2755	0.104642
2756	0.104049
2757	0.103672
2758	0.106612
2759	0.104406
2760	0.104243
2761	0.107843
2762	0.10838
2763	0.106806
2764	0.106924
2765	0.106172
2766	0.104074
2767	0.105169
2768	0.105737
2769	0.104675
2770	0.103955
2771	0.103771
2772	0.105431
2773	0.105693
2774	0.10352
2775	0.107651
2776	0.105371
2777	0.106288
2778	0.103416
2779	0.107827
2780	0.104455
2781	0.104954
2782	0.101925
2783	0.103067
2784	0.101394
2785	0.104246
2786	0.103867
2787	0.10194
2788	0.105174
2789	0.101218
2790	0.10422
2791	0.103894
2792	0.1025
2793	0.101869
2794	0.102895
2795	0.104131
2796	0.106332
2797	0.103804
2798	0.104771
2799	0.105165
2800	0.104327
2801	0.105002
2802	0.105079
2803	0.102733
2804	0.104939
2805	0.105346
2806	0.104099
2807	0.104586
2808	0.103197
2809	0.102543
2810	0.104742
2811	0.10167
2812	0.105416
2813	0.104191
2814	0.102164
2815	0.102126
2816	0.103184
2817	0.104558
2818	0.103907
2819	0.104535
2820	0.106364
2821	0.106275
2822	0.0992842
2823	0.103072
2824	0.103993
2825	0.10366
2826	0.105334
2827	0.105704
2828	0.106208
2829	0.10464
2830	0.103912
2831	0.108021
2832	0.10408
2833	0.104449
2834	0.102876
2835	0.105345
2836	0.106579
2837	0.104518
2838	0.103757
2839	0.105919
2840	0.106772
2841	0.102475
2842	0.104249
2843	0.108092
2844	0.103292
2845	0.106601
2846	0.106159
2847	0.10382
2848	0.104952
2849	0.107419
2850	0.104445
2851	0.107009
2852	0.105945
2853	0.107048
2854	0.10508
2855	0.10717
2856	0.109019
2857	0.106863
2858	0.103305
2859	0.107389
2860	0.109175
2861	0.105161
2862	0.104031
2863	0.105619
2864	0.104229
2865	0.106735
2866	0.105502
2867	0.106912
2868	0.109703
2869	0.109251
2870	0.107766
2871	0.107937
2872	0.107687
2873	0.107214
2874	0.10756
2875	0.110814
2876	0.107841
2877	0.110171
2878	0.103691
2879	0.108259
2880	0.107488
2881	0.110908
2882	0.107924
2883	0.107081
2884	0.106075
2885	0.108825
2886	0.107987
2887	0.106488
2888	0.10668
2889	0.10756
2890	0.104224
2891	0.10486
2892	0.106674
2893	0.108526
2894	0.1061
2895	0.107425
2896	0.109932
2897	0.10942
2898	0.105333
2899	0.107011
2900	0.111614
2901	0.103821
2902	0.105639
2903	0.105751
2904	0.107551
2905	0.1047
2906	0.109876
2907	0.109412
2908	0.107455
2909	0.105228
2910	0.107006
2911	0.104984
2912	0.106552
2913	0.105041
2914	0.104726
2915	0.103205
2916	0.10366
2917	0.104862
2918	0.105879
2919	0.103371
2920	0.106883
2921	0.105801
2922	0.105495
2923	0.104637
2924	0.106597
2925	0.105957
2926	0.10525
