### Number of tubes used: 730
### Nuclear profiles per tube: 1.68219
### Resolution (bp): 40000
### Slice thickness (microns): 0.22
### Nuclear radius (microns): 4.5
### Detection efficiency: 0.858886
distance	 pi_threshold
1	0.321509
2	0.271667
3	0.248136
4	0.240232
5	0.225812
6	0.22455
7	0.216458
8	0.207103
9	0.211526
10	0.201066
11	0.198003
12	0.190864
13	0.187081
14	0.189765
15	0.188308
16	0.184573
17	0.179393
18	0.177869
19	0.176169
20	0.173403
21	0.17589
22	0.171096
23	0.172724
24	0.164328
25	0.168209
26	0.169107
27	0.164651
28	0.163475
29	0.167896
30	0.162711
31	0.164182
32	0.159793
33	0.160335
34	0.15796
35	0.156607
36	0.155197
37	0.153709
38	0.157302
39	0.15351
40	0.153186
41	0.15106
42	0.150899
43	0.148389
44	0.150633
45	0.149122
46	0.14535
47	0.151761
48	0.150129
49	0.150012
50	0.147523
51	0.146431
52	0.146899
53	0.146663
54	0.147667
55	0.143582
56	0.138659
57	0.142553
58	0.139568
59	0.143885
60	0.141648
61	0.13874
62	0.140389
63	0.137933
64	0.143627
65	0.139371
66	0.138723
67	0.13688
68	0.139187
69	0.138649
70	0.139509
71	0.138715
72	0.14037
73	0.138732
74	0.136231
75	0.138478
76	0.137028
77	0.137411
78	0.135657
79	0.13795
80	0.136735
81	0.133132
82	0.133621
83	0.136629
84	0.133767
85	0.13446
86	0.133685
87	0.131237
88	0.134647
89	0.132029
90	0.13076
91	0.131382
92	0.133735
93	0.13502
94	0.134144
95	0.132763
96	0.129231
97	0.129572
98	0.129926
99	0.133042
100	0.132206
101	0.128977
102	0.128421
103	0.128971
104	0.130045
105	0.13151
106	0.129416
107	0.130032
108	0.127431
109	0.129392
110	0.131908
111	0.129231
112	0.129665
113	0.128189
114	0.130569
115	0.130688
116	0.127161
117	0.127627
118	0.126148
119	0.126352
120	0.131022
121	0.128448
122	0.127551
123	0.128552
124	0.129287
125	0.128386
126	0.127182
127	0.128895
128	0.128298
129	0.126903
130	0.128825
131	0.126836
132	0.124455
133	0.12532
134	0.127768
135	0.126275
136	0.12783
137	0.126527
138	0.127793
139	0.128234
140	0.126679
141	0.127155
142	0.126646
143	0.125415
144	0.124633
145	0.1268
146	0.125251
147	0.129447
148	0.123631
149	0.124691
150	0.125956
151	0.124356
152	0.12686
153	0.125022
154	0.125784
155	0.124965
156	0.126611
157	0.123432
158	0.124822
159	0.123977
160	0.126359
161	0.126157
162	0.123259
163	0.119579
164	0.125057
165	0.123574
166	0.122039
167	0.124923
168	0.123812
169	0.12352
170	0.122737
171	0.124578
172	0.125916
173	0.126524
174	0.125111
175	0.122864
176	0.122211
177	0.123363
178	0.125161
179	0.122331
180	0.123331
181	0.12286
182	0.121581
183	0.124313
184	0.12577
185	0.12325
186	0.122549
187	0.12354
188	0.122888
189	0.125442
190	0.125237
191	0.123948
192	0.125437
193	0.122754
194	0.123374
195	0.122121
196	0.122363
197	0.120744
198	0.121142
199	0.125682
200	0.12233
201	0.117371
202	0.120098
203	0.123357
204	0.121461
205	0.124925
206	0.124047
207	0.12429
208	0.121398
209	0.122247
210	0.122567
211	0.12231
212	0.123159
213	0.120732
214	0.123664
215	0.118382
216	0.121383
217	0.118031
218	0.121221
219	0.119587
220	0.121971
221	0.121989
222	0.119833
223	0.123418
224	0.120623
225	0.121261
226	0.119878
227	0.119486
228	0.120608
229	0.118279
230	0.120708
231	0.121268
232	0.121215
233	0.122296
234	0.119355
235	0.119642
236	0.120314
237	0.121008
238	0.118766
239	0.121819
240	0.120723
241	0.121205
242	0.121117
243	0.120703
244	0.119916
245	0.118735
246	0.123274
247	0.123001
248	0.121877
249	0.118572
250	0.119473
251	0.117534
252	0.11779
253	0.115075
254	0.12066
255	0.117767
256	0.117575
257	0.11855
258	0.117766
259	0.118016
260	0.120384
261	0.117564
262	0.119024
263	0.121423
264	0.121749
265	0.119712
266	0.121644
267	0.118842
268	0.121
269	0.121017
270	0.119879
271	0.117791
272	0.122944
273	0.118145
274	0.119363
275	0.11913
276	0.120266
277	0.118759
278	0.121734
279	0.119634
280	0.12297
281	0.118249
282	0.119466
283	0.11764
284	0.116754
285	0.118188
286	0.117387
287	0.115252
288	0.12163
289	0.120445
290	0.117731
291	0.122524
292	0.120647
293	0.117831
294	0.117661
295	0.121306
296	0.118803
297	0.118339
298	0.119754
299	0.119692
300	0.116944
301	0.122247
302	0.120238
303	0.12037
304	0.121514
305	0.119074
306	0.118536
307	0.118509
308	0.118398
309	0.116728
310	0.123185
311	0.118709
312	0.119019
313	0.119059
314	0.120792
315	0.121245
316	0.118803
317	0.122926
318	0.120473
319	0.116737
320	0.118907
321	0.12034
322	0.122727
323	0.120282
324	0.12346
325	0.12064
326	0.119021
327	0.120062
328	0.117695
329	0.116045
330	0.119104
331	0.120794
332	0.120073
333	0.116421
334	0.117903
335	0.119438
336	0.119982
337	0.116583
338	0.118846
339	0.120288
340	0.119306
341	0.122583
342	0.118738
343	0.117871
344	0.120207
345	0.118005
346	0.118562
347	0.119042
348	0.118289
349	0.120415
350	0.116761
351	0.119152
352	0.120692
353	0.116406
354	0.116844
355	0.118918
356	0.119313
357	0.119552
358	0.120578
359	0.118463
360	0.119015
361	0.121163
362	0.11706
363	0.116287
364	0.120647
365	0.118036
366	0.114855
367	0.119326
368	0.11987
369	0.121343
370	0.118853
371	0.11485
372	0.11701
373	0.116731
374	0.117585
375	0.11798
376	0.116879
377	0.114605
378	0.118628
379	0.118709
380	0.116623
381	0.116002
382	0.116298
383	0.119444
384	0.115186
385	0.118185
386	0.117083
387	0.119177
388	0.117725
389	0.11646
390	0.118101
391	0.11805
392	0.121353
393	0.116757
394	0.119458
395	0.116541
396	0.116371
397	0.116222
398	0.116006
399	0.117388
400	0.118969
401	0.116712
402	0.118828
403	0.11828
404	0.117608
405	0.116183
406	0.113919
407	0.119436
408	0.117835
409	0.115126
410	0.116485
411	0.119113
412	0.118927
413	0.11871
414	0.119153
415	0.11823
416	0.117262
417	0.119097
418	0.117169
419	0.117798
420	0.118512
421	0.118091
422	0.115739
423	0.11884
424	0.118295
425	0.115839
426	0.118638
427	0.117407
428	0.118009
429	0.11853
430	0.116704
431	0.11722
432	0.115972
433	0.118596
434	0.119454
435	0.1189
436	0.115564
437	0.115227
438	0.119543
439	0.116889
440	0.116883
441	0.121897
442	0.118162
443	0.116635
444	0.118409
445	0.118496
446	0.116658
447	0.12038
448	0.115846
449	0.116026
450	0.115336
451	0.11369
452	0.117929
453	0.113465
454	0.116902
455	0.117129
456	0.116427
457	0.114626
458	0.117183
459	0.115101
460	0.116292
461	0.117885
462	0.116211
463	0.11816
464	0.118895
465	0.118295
466	0.118622
467	0.120682
468	0.116359
469	0.120736
470	0.115947
471	0.116233
472	0.119796
473	0.118522
474	0.120299
475	0.116812
476	0.118838
477	0.116413
478	0.116341
479	0.115193
480	0.117769
481	0.119695
482	0.119053
483	0.115898
484	0.11847
485	0.117697
486	0.118773
487	0.118807
488	0.118017
489	0.115997
490	0.117436
491	0.117092
492	0.115793
493	0.117322
494	0.11755
495	0.117966
496	0.119438
497	0.116063
498	0.117683
499	0.118879
500	0.118354
501	0.116332
502	0.11788
503	0.117562
504	0.117249
505	0.1193
506	0.119312
507	0.120476
508	0.117742
509	0.118273
510	0.118047
511	0.118529
512	0.117324
513	0.120272
514	0.119322
515	0.11849
516	0.11489
517	0.116302
518	0.120047
519	0.115546
520	0.118244
521	0.116052
522	0.117883
523	0.116241
524	0.120626
525	0.119152
526	0.119386
527	0.119096
528	0.118244
529	0.116695
530	0.118624
531	0.11851
532	0.118152
533	0.117322
534	0.117665
535	0.118277
536	0.117279
537	0.116608
538	0.118628
539	0.115121
540	0.119464
541	0.119825
542	0.115774
543	0.119888
544	0.116748
545	0.118878
546	0.11776
547	0.116601
548	0.115339
549	0.119894
550	0.119416
551	0.11985
552	0.117942
553	0.118157
554	0.115246
555	0.117959
556	0.118846
557	0.115479
558	0.117244
559	0.118429
560	0.114666
561	0.121975
562	0.117223
563	0.117868
564	0.116817
565	0.117939
566	0.116905
567	0.11707
568	0.117844
569	0.116729
570	0.120166
571	0.116902
572	0.118176
573	0.117796
574	0.117201
575	0.118215
576	0.118425
577	0.117021
578	0.11477
579	0.119309
580	0.117808
581	0.113967
582	0.117273
583	0.119368
584	0.11637
585	0.116841
586	0.118958
587	0.117203
588	0.11621
589	0.117676
590	0.114064
591	0.117031
592	0.121027
593	0.118671
594	0.116393
595	0.117526
596	0.116171
597	0.118238
598	0.117604
599	0.115679
600	0.116702
601	0.117641
602	0.116143
603	0.115613
604	0.117759
605	0.117593
606	0.116705
607	0.118149
608	0.118201
609	0.117439
610	0.116307
611	0.115147
612	0.11667
613	0.119829
614	0.115467
615	0.120031
616	0.119308
617	0.116541
618	0.116294
619	0.119563
620	0.115058
621	0.11848
622	0.117711
623	0.115261
624	0.116651
625	0.118851
626	0.117875
627	0.11542
628	0.118298
629	0.119574
630	0.115939
631	0.118814
632	0.121592
633	0.119012
634	0.120076
635	0.11782
636	0.119779
637	0.119782
638	0.119674
639	0.120015
640	0.120446
641	0.118157
642	0.117725
643	0.119905
644	0.115636
645	0.119828
646	0.119361
647	0.117182
648	0.117364
649	0.120359
650	0.117723
651	0.116838
652	0.119742
653	0.116241
654	0.121298
655	0.117191
656	0.120794
657	0.119705
658	0.117278
659	0.120056
660	0.118494
661	0.119498
662	0.116649
663	0.115443
664	0.119209
665	0.11773
666	0.119165
667	0.117079
668	0.115219
669	0.118933
670	0.117386
671	0.116221
672	0.114237
673	0.117566
674	0.1165
675	0.118427
676	0.117873
677	0.120246
678	0.11883
679	0.11816
680	0.117568
681	0.118415
682	0.118771
683	0.119339
684	0.118287
685	0.117483
686	0.118884
687	0.116364
688	0.118208
689	0.117686
690	0.11547
691	0.117107
692	0.11657
693	0.117277
694	0.117126
695	0.116599
696	0.119715
697	0.119161
698	0.116875
699	0.121144
700	0.116114
701	0.117744
702	0.115598
703	0.119772
704	0.118314
705	0.117894
706	0.115322
707	0.11536
708	0.117212
709	0.116798
710	0.119346
711	0.118187
712	0.117138
713	0.117574
714	0.116575
715	0.11699
716	0.116719
717	0.115281
718	0.11413
719	0.11717
720	0.114595
721	0.113915
722	0.118033
723	0.115309
724	0.11606
725	0.115907
726	0.118958
727	0.112515
728	0.11467
729	0.116926
730	0.116751
731	0.11517
732	0.11488
733	0.112732
734	0.11564
735	0.115919
736	0.116188
737	0.114986
738	0.116572
739	0.118293
740	0.115737
741	0.116247
742	0.111556
743	0.11614
744	0.118342
745	0.117499
746	0.113704
747	0.116929
748	0.118192
749	0.114626
750	0.115221
751	0.118175
752	0.114914
753	0.115273
754	0.115852
755	0.115378
756	0.116255
757	0.116521
758	0.115548
759	0.113587
760	0.113374
761	0.115289
762	0.11821
763	0.11298
764	0.115973
765	0.117442
766	0.115832
767	0.116027
768	0.114523
769	0.115759
770	0.115196
771	0.117417
772	0.116412
773	0.115604
774	0.115448
775	0.11412
776	0.113301
777	0.114479
778	0.116763
779	0.116263
780	0.115369
781	0.116145
782	0.115752
783	0.116662
784	0.114411
785	0.114955
786	0.115038
787	0.115281
788	0.114335
789	0.116535
790	0.114514
791	0.117323
792	0.113887
793	0.115935
794	0.112954
795	0.114223
796	0.116855
797	0.114015
798	0.115959
799	0.115432
800	0.116958
801	0.116388
802	0.116739
803	0.11543
804	0.11705
805	0.113209
806	0.112873
807	0.117598
808	0.115086
809	0.117976
810	0.116019
811	0.112551
812	0.113283
813	0.116062
814	0.115333
815	0.112995
816	0.113698
817	0.115042
818	0.115258
819	0.113586
820	0.115643
821	0.112953
822	0.116075
823	0.113237
824	0.115965
825	0.116354
826	0.119002
827	0.114432
828	0.116333
829	0.11462
830	0.116857
831	0.115932
832	0.116903
833	0.115205
834	0.115308
835	0.117797
836	0.115838
837	0.117044
838	0.116205
839	0.116481
840	0.116427
841	0.115225
842	0.112987
843	0.118062
844	0.116132
845	0.116347
846	0.115221
847	0.115146
848	0.113383
849	0.115909
850	0.116881
851	0.114135
852	0.116943
853	0.116753
854	0.116519
855	0.119263
856	0.116654
857	0.116815
858	0.11451
859	0.115482
860	0.117359
861	0.115272
862	0.11368
863	0.116402
864	0.117239
865	0.114914
866	0.117105
867	0.117204
868	0.115422
869	0.118688
870	0.119058
871	0.116326
872	0.116366
873	0.117491
874	0.115207
875	0.118059
876	0.114681
877	0.118787
878	0.118393
879	0.11471
880	0.112945
881	0.114925
882	0.11279
883	0.113238
884	0.115803
885	0.114144
886	0.114484
887	0.112895
888	0.116965
889	0.118782
890	0.114656
891	0.118854
892	0.116541
893	0.114733
894	0.114045
895	0.114841
896	0.116288
897	0.116463
898	0.114633
899	0.115509
900	0.117127
901	0.112242
902	0.113936
903	0.114278
904	0.116627
905	0.11413
906	0.114379
907	0.112238
908	0.114102
909	0.11485
910	0.111886
911	0.11357
912	0.11123
913	0.11413
914	0.115468
915	0.111209
916	0.116017
917	0.117972
918	0.114335
919	0.113231
920	0.113795
921	0.1128
922	0.113964
923	0.116669
924	0.112961
925	0.114338
926	0.115506
927	0.113746
928	0.114816
929	0.114324
930	0.115667
931	0.115302
932	0.113622
933	0.113112
934	0.114997
935	0.114209
936	0.115329
937	0.112129
938	0.114481
939	0.113101
940	0.114633
941	0.114871
942	0.112986
943	0.11606
944	0.112527
945	0.113782
946	0.113181
947	0.112953
948	0.112385
949	0.113761
950	0.114992
951	0.114285
952	0.11247
953	0.113582
954	0.111859
955	0.112528
956	0.112163
957	0.116002
958	0.112106
959	0.113759
960	0.114827
961	0.113889
962	0.111514
963	0.116761
964	0.111956
965	0.114131
966	0.114254
967	0.114455
968	0.113068
969	0.113665
970	0.11851
971	0.116274
972	0.114591
973	0.114403
974	0.113826
975	0.111946
976	0.115684
977	0.116984
978	0.11542
979	0.116462
980	0.112601
981	0.115096
982	0.116506
983	0.112632
984	0.114439
985	0.114702
986	0.112751
987	0.112898
988	0.116427
989	0.112977
990	0.113319
991	0.116234
992	0.112931
993	0.113208
994	0.114045
995	0.115705
996	0.113176
997	0.11268
998	0.11429
999	0.113451
1000	0.11479
1001	0.11412
1002	0.114753
1003	0.11291
1004	0.116272
1005	0.11537
1006	0.113304
1007	0.114557
1008	0.113649
1009	0.114823
1010	0.113577
1011	0.113848
1012	0.115149
1013	0.112538
1014	0.114574
1015	0.115027
1016	0.113703
1017	0.115724
1018	0.111517
1019	0.11342
1020	0.112112
1021	0.111618
1022	0.115508
1023	0.114177
1024	0.111019
1025	0.114594
1026	0.114719
1027	0.1129
1028	0.112402
1029	0.114199
1030	0.113709
1031	0.113761
1032	0.114306
1033	0.115121
1034	0.11031
1035	0.112512
1036	0.11177
1037	0.110567
1038	0.112428
1039	0.111379
1040	0.113492
1041	0.111567
1042	0.116461
1043	0.110999
1044	0.115113
1045	0.111872
1046	0.111618
1047	0.112793
1048	0.112534
1049	0.113598
1050	0.111498
1051	0.114397
1052	0.111286
1053	0.113921
1054	0.113153
1055	0.112652
1056	0.115361
1057	0.114314
1058	0.113222
1059	0.114992
1060	0.112267
1061	0.113895
1062	0.114615
1063	0.112202
1064	0.112332
1065	0.114388
1066	0.114
1067	0.114074
1068	0.113376
1069	0.112745
1070	0.113892
1071	0.113586
1072	0.114229
1073	0.112363
1074	0.114562
1075	0.112738
1076	0.115471
1077	0.115329
1078	0.114412
1079	0.112663
1080	0.111812
1081	0.114212
1082	0.112288
1083	0.110229
1084	0.111259
1085	0.112001
1086	0.112479
1087	0.111074
1088	0.115975
1089	0.112612
1090	0.112025
1091	0.11324
1092	0.112393
1093	0.111231
1094	0.113336
1095	0.11142
1096	0.110748
1097	0.113312
1098	0.112572
1099	0.111824
1100	0.114151
1101	0.113692
1102	0.11235
1103	0.113061
1104	0.111989
1105	0.111874
1106	0.111352
1107	0.112513
1108	0.114112
1109	0.112746
1110	0.111552
1111	0.110488
1112	0.111926
1113	0.115198
1114	0.111421
1115	0.1117
1116	0.114344
1117	0.111277
1118	0.11345
1119	0.112085
1120	0.114685
1121	0.115618
1122	0.115535
1123	0.116077
1124	0.112635
1125	0.11666
1126	0.114851
1127	0.112682
1128	0.114109
1129	0.114862
1130	0.112469
1131	0.113101
1132	0.116579
1133	0.11253
1134	0.11231
1135	0.114692
1136	0.111541
1137	0.111342
1138	0.112249
1139	0.114134
1140	0.113911
1141	0.112629
1142	0.112654
1143	0.113616
1144	0.109887
1145	0.113101
1146	0.113021
1147	0.112735
1148	0.114424
1149	0.114215
1150	0.111697
1151	0.112316
1152	0.11173
1153	0.113343
1154	0.1158
1155	0.115634
1156	0.110759
1157	0.113508
1158	0.11358
1159	0.113325
1160	0.112933
1161	0.11386
1162	0.111453
1163	0.110155
1164	0.114132
1165	0.112947
1166	0.110983
1167	0.113702
1168	0.113674
1169	0.112783
1170	0.112202
1171	0.114576
1172	0.11008
1173	0.110559
1174	0.112577
1175	0.115999
1176	0.113075
1177	0.112088
1178	0.11181
1179	0.112362
1180	0.112525
1181	0.114299
1182	0.113451
1183	0.114597
1184	0.113052
1185	0.111966
1186	0.113007
1187	0.111794
1188	0.110915
1189	0.109582
1190	0.113881
1191	0.11053
1192	0.115106
1193	0.111768
1194	0.11109
1195	0.110637
1196	0.114731
1197	0.113222
1198	0.113473
1199	0.113763
1200	0.110798
1201	0.11328
1202	0.114309
1203	0.111514
1204	0.110639
1205	0.110932
1206	0.110728
1207	0.112641
1208	0.110093
1209	0.111709
1210	0.110547
1211	0.113404
1212	0.107535
1213	0.112168
1214	0.110023
1215	0.112051
1216	0.113787
1217	0.111691
1218	0.112559
1219	0.110777
1220	0.109612
1221	0.111801
1222	0.110888
1223	0.112614
1224	0.109347
1225	0.112816
1226	0.115093
1227	0.112444
1228	0.111487
1229	0.111061
1230	0.110451
1231	0.110233
1232	0.110652
1233	0.111603
1234	0.114767
1235	0.112454
1236	0.111176
1237	0.112971
1238	0.113844
1239	0.114757
1240	0.112974
1241	0.110805
1242	0.112962
1243	0.111267
1244	0.114209
1245	0.110245
1246	0.112378
1247	0.112283
1248	0.111041
1249	0.110525
1250	0.11114
1251	0.112946
1252	0.112735
1253	0.113352
1254	0.113501
1255	0.112922
1256	0.112113
1257	0.111706
1258	0.110483
1259	0.112374
1260	0.112818
1261	0.111101
1262	0.110321
1263	0.111622
1264	0.11245
1265	0.110958
1266	0.111834
1267	0.112384
1268	0.113594
1269	0.111111
1270	0.112198
1271	0.109958
1272	0.113225
1273	0.114103
1274	0.111649
1275	0.10966
1276	0.110137
1277	0.109999
1278	0.111888
1279	0.110432
1280	0.112003
1281	0.112379
1282	0.115758
1283	0.111175
1284	0.108279
1285	0.111431
1286	0.114125
1287	0.113436
1288	0.114924
1289	0.112614
1290	0.113416
1291	0.111099
1292	0.113765
1293	0.11312
1294	0.113029
1295	0.112207
1296	0.111657
1297	0.110969
1298	0.110721
1299	0.113023
1300	0.112641
1301	0.111571
1302	0.111121
1303	0.112308
1304	0.112239
1305	0.115408
1306	0.112108
1307	0.111978
1308	0.112251
1309	0.110533
1310	0.115607
1311	0.110986
1312	0.11029
1313	0.112901
1314	0.113041
1315	0.111304
1316	0.110122
1317	0.110666
1318	0.111014
1319	0.111185
1320	0.110225
1321	0.111667
1322	0.113781
1323	0.110849
1324	0.112233
1325	0.112878
1326	0.113176
1327	0.110773
1328	0.112088
1329	0.109803
1330	0.113399
1331	0.109097
1332	0.111593
1333	0.111804
1334	0.111306
1335	0.109221
1336	0.10843
1337	0.108946
1338	0.110577
1339	0.109319
1340	0.109716
1341	0.11018
1342	0.110968
1343	0.109317
1344	0.11036
1345	0.11195
1346	0.113657
1347	0.107553
1348	0.110327
1349	0.109899
1350	0.110149
1351	0.111555
1352	0.114104
1353	0.110408
1354	0.109721
1355	0.110637
1356	0.110623
1357	0.108336
1358	0.109587
1359	0.109319
1360	0.110208
1361	0.108982
1362	0.111581
1363	0.11316
1364	0.110596
1365	0.111303
1366	0.112253
1367	0.110974
1368	0.109445
1369	0.107715
1370	0.111034
1371	0.107475
1372	0.111593
1373	0.1092
1374	0.110131
1375	0.110597
1376	0.109058
1377	0.109353
1378	0.109958
1379	0.109661
1380	0.10875
1381	0.108432
1382	0.108318
1383	0.109314
1384	0.111609
1385	0.112278
1386	0.110223
1387	0.110347
1388	0.11154
1389	0.111276
1390	0.109988
1391	0.109528
1392	0.106942
1393	0.109326
1394	0.110411
1395	0.106375
1396	0.107948
1397	0.10872
1398	0.107823
1399	0.111462
1400	0.108718
1401	0.112554
1402	0.111077
1403	0.109778
1404	0.112864
1405	0.108973
1406	0.110173
1407	0.112633
1408	0.110837
1409	0.108294
1410	0.111211
1411	0.109339
1412	0.110754
1413	0.109592
1414	0.108918
1415	0.111488
1416	0.109732
1417	0.110507
1418	0.10946
1419	0.109632
1420	0.109269
1421	0.110609
1422	0.109717
1423	0.111962
1424	0.111075
1425	0.109218
1426	0.108856
1427	0.109058
1428	0.111102
1429	0.110203
1430	0.108479
1431	0.10842
1432	0.111248
1433	0.106489
1434	0.108702
1435	0.112678
1436	0.10857
1437	0.106286
1438	0.110338
1439	0.108502
1440	0.11128
1441	0.10915
1442	0.112792
1443	0.108793
1444	0.111034
1445	0.112028
1446	0.111333
1447	0.112537
1448	0.109796
1449	0.10799
1450	0.110962
1451	0.110374
1452	0.110221
1453	0.111754
1454	0.111989
1455	0.10933
1456	0.110533
1457	0.109422
1458	0.109647
1459	0.109655
1460	0.110236
1461	0.112816
1462	0.109793
1463	0.111787
1464	0.109836
1465	0.11099
1466	0.111496
1467	0.11074
1468	0.110231
1469	0.110426
1470	0.108043
1471	0.112153
1472	0.110341
1473	0.107403
1474	0.112172
1475	0.112368
1476	0.108431
1477	0.111516
1478	0.109566
1479	0.108306
1480	0.112922
1481	0.108948
1482	0.112663
1483	0.111939
1484	0.110457
1485	0.10971
1486	0.1109
1487	0.111735
1488	0.111575
1489	0.110601
1490	0.113213
1491	0.111489
1492	0.109376
1493	0.11544
1494	0.11126
1495	0.114346
1496	0.111556
1497	0.111981
1498	0.114144
1499	0.112211
1500	0.111331
1501	0.112668
1502	0.111266
1503	0.112267
1504	0.107886
1505	0.112112
1506	0.111187
1507	0.113193
1508	0.112594
1509	0.112067
1510	0.113908
1511	0.112556
1512	0.111731
1513	0.112133
1514	0.111534
1515	0.111689
1516	0.112585
1517	0.11239
1518	0.112495
1519	0.111508
1520	0.112075
1521	0.113527
1522	0.112017
1523	0.109706
1524	0.112141
1525	0.112315
1526	0.109336
1527	0.111133
1528	0.109209
1529	0.110031
1530	0.114215
1531	0.109145
1532	0.110539
1533	0.113778
1534	0.112824
1535	0.111786
1536	0.114156
1537	0.111594
1538	0.110256
1539	0.11274
1540	0.111744
1541	0.110331
1542	0.109734
1543	0.109259
1544	0.110768
1545	0.112175
1546	0.109546
1547	0.111503
1548	0.111876
1549	0.107553
1550	0.111486
1551	0.109149
1552	0.109583
1553	0.110143
1554	0.110166
1555	0.11117
1556	0.11222
1557	0.106312
1558	0.109087
1559	0.109322
1560	0.108936
1561	0.10897
1562	0.111345
1563	0.107905
1564	0.107308
1565	0.111532
1566	0.109875
1567	0.105462
1568	0.109979
1569	0.11011
1570	0.109763
1571	0.109798
1572	0.111053
1573	0.107368
1574	0.108443
1575	0.11099
1576	0.10817
1577	0.107878
1578	0.108078
1579	0.108668
1580	0.107524
1581	0.109652
1582	0.106865
1583	0.104558
1584	0.106435
1585	0.108821
1586	0.107816
1587	0.109194
1588	0.10862
1589	0.105637
1590	0.10892
1591	0.105505
1592	0.109654
1593	0.108243
1594	0.106379
1595	0.106376
1596	0.107016
1597	0.110817
1598	0.107689
1599	0.108865
1600	0.106883
1601	0.106542
1602	0.106458
1603	0.109423
1604	0.109661
1605	0.108861
1606	0.108712
1607	0.105807
1608	0.109419
1609	0.111529
1610	0.111352
1611	0.109523
1612	0.107899
1613	0.108096
1614	0.109819
1615	0.109516
1616	0.111399
1617	0.109829
1618	0.109857
1619	0.109655
1620	0.110132
1621	0.109499
1622	0.110461
1623	0.109314
1624	0.112486
1625	0.112668
1626	0.110647
1627	0.112758
1628	0.106969
1629	0.110741
1630	0.111104
1631	0.110718
1632	0.108695
1633	0.10843
1634	0.111289
1635	0.110363
1636	0.112109
1637	0.110875
1638	0.109593
1639	0.109997
1640	0.110464
1641	0.109477
1642	0.109929
1643	0.110214
1644	0.109476
1645	0.109475
1646	0.113064
1647	0.109392
1648	0.109333
1649	0.111487
1650	0.11149
1651	0.109698
1652	0.109529
1653	0.107473
1654	0.112046
1655	0.107445
1656	0.110682
1657	0.110789
1658	0.107244
1659	0.109705
1660	0.10959
1661	0.10973
1662	0.109957
1663	0.110646
1664	0.109676
1665	0.110014
1666	0.109458
1667	0.107606
1668	0.11108
1669	0.109413
1670	0.110311
1671	0.107924
1672	0.110568
1673	0.111034
1674	0.106917
1675	0.10901
1676	0.10977
1677	0.109313
1678	0.108687
1679	0.109897
1680	0.11125
1681	0.111917
1682	0.110825
1683	0.108703
1684	0.108918
1685	0.109972
1686	0.10971
1687	0.107251
1688	0.109524
1689	0.111713
1690	0.111184
1691	0.110509
1692	0.110872
1693	0.110528
1694	0.107013
1695	0.107316
1696	0.110423
1697	0.107078
1698	0.109654
1699	0.109683
1700	0.108129
1701	0.110184
1702	0.109754
1703	0.109329
1704	0.111377
1705	0.109651
1706	0.108804
1707	0.112005
1708	0.110385
1709	0.111038
1710	0.112035
1711	0.11021
1712	0.11254
1713	0.110182
1714	0.113116
1715	0.110421
1716	0.112565
1717	0.111526
1718	0.111153
1719	0.113862
1720	0.112453
1721	0.11165
1722	0.112371
1723	0.110956
1724	0.112567
1725	0.112998
1726	0.110587
1727	0.114315
1728	0.111656
1729	0.110508
1730	0.112884
1731	0.112808
1732	0.110217
1733	0.111015
1734	0.11285
1735	0.113801
1736	0.111861
1737	0.110808
1738	0.110704
1739	0.112077
1740	0.113132
1741	0.110872
1742	0.110383
1743	0.109382
1744	0.111799
1745	0.111155
1746	0.11186
1747	0.111999
1748	0.110646
1749	0.113298
1750	0.110875
1751	0.111865
1752	0.109228
1753	0.111811
1754	0.112374
1755	0.112223
1756	0.114899
1757	0.110223
1758	0.111725
1759	0.110336
1760	0.11047
1761	0.111903
1762	0.11217
1763	0.109803
1764	0.112587
1765	0.110018
1766	0.110624
1767	0.109192
1768	0.111406
1769	0.109875
1770	0.109351
1771	0.110457
1772	0.11228
1773	0.108953
1774	0.109618
1775	0.110295
1776	0.109885
1777	0.109764
1778	0.110174
1779	0.111315
1780	0.108246
1781	0.108766
1782	0.109598
1783	0.108397
1784	0.108608
1785	0.109788
1786	0.10975
1787	0.110762
1788	0.109686
1789	0.113341
1790	0.109109
1791	0.111972
1792	0.110481
1793	0.110662
1794	0.109968
1795	0.111809
1796	0.107784
1797	0.108876
1798	0.110641
1799	0.10999
1800	0.111237
1801	0.109968
1802	0.11291
1803	0.111818
1804	0.110893
1805	0.113396
1806	0.112338
1807	0.11011
1808	0.111261
1809	0.110822
1810	0.109464
1811	0.108683
1812	0.109602
1813	0.110165
1814	0.111783
1815	0.111665
1816	0.108458
1817	0.11186
1818	0.113447
1819	0.109583
1820	0.110956
1821	0.112141
1822	0.11154
1823	0.112581
1824	0.11089
1825	0.111867
1826	0.112517
1827	0.111107
1828	0.1109
1829	0.110656
1830	0.112754
1831	0.112049
1832	0.111683
1833	0.111531
1834	0.110859
1835	0.111845
1836	0.109836
1837	0.111119
1838	0.109724
1839	0.111833
1840	0.109368
1841	0.113805
1842	0.110728
1843	0.11294
1844	0.111836
1845	0.112491
1846	0.106264
1847	0.112681
1848	0.109703
1849	0.111849
1850	0.110713
1851	0.110595
1852	0.11144
1853	0.112811
1854	0.112928
1855	0.112853
1856	0.109927
1857	0.110051
1858	0.112787
1859	0.109941
1860	0.112982
1861	0.112473
1862	0.109813
1863	0.109981
1864	0.110596
1865	0.111415
1866	0.112631
1867	0.113353
1868	0.109824
1869	0.112404
1870	0.110869
1871	0.112113
1872	0.110235
1873	0.113347
1874	0.111456
1875	0.107651
1876	0.111106
1877	0.110529
1878	0.109927
1879	0.111791
1880	0.111726
1881	0.108988
1882	0.111728
1883	0.10936
1884	0.11125
1885	0.108487
1886	0.111749
1887	0.113227
1888	0.11003
1889	0.111398
1890	0.11191
1891	0.110538
1892	0.110877
1893	0.110973
1894	0.11245
1895	0.108895
1896	0.109882
1897	0.112205
1898	0.111583
1899	0.110382
1900	0.110067
1901	0.11177
1902	0.110779
1903	0.110683
1904	0.11161
1905	0.110497
1906	0.109731
1907	0.110013
1908	0.109971
1909	0.110854
1910	0.111805
1911	0.11371
1912	0.110535
1913	0.111457
1914	0.110836
1915	0.110983
1916	0.111691
1917	0.110463
1918	0.108769
1919	0.109542
1920	0.111664
1921	0.109688
1922	0.109756
1923	0.10961
1924	0.112485
1925	0.107853
1926	0.109636
1927	0.10824
1928	0.112745
1929	0.11101
1930	0.111496
1931	0.111003
1932	0.111813
1933	0.114818
1934	0.114649
1935	0.110242
1936	0.112931
1937	0.11038
1938	0.111485
1939	0.11272
1940	0.109271
1941	0.113642
1942	0.110627
1943	0.113284
1944	0.111737
1945	0.110359
1946	0.11095
1947	0.112514
1948	0.109541
1949	0.111455
1950	0.111155
1951	0.110267
1952	0.110388
1953	0.111232
1954	0.108149
1955	0.109806
1956	0.110765
1957	0.110376
1958	0.113522
1959	0.110445
1960	0.110847
1961	0.11097
1962	0.109708
1963	0.109053
1964	0.110299
1965	0.109896
1966	0.108156
1967	0.109358
1968	0.109727
1969	0.107458
1970	0.106249
1971	0.112026
1972	0.109257
1973	0.110463
1974	0.111745
1975	0.111866
1976	0.107273
1977	0.110347
1978	0.109043
1979	0.1108
1980	0.111109
1981	0.111835
1982	0.111724
1983	0.111134
1984	0.110416
1985	0.110605
1986	0.112129
1987	0.112713
1988	0.109768
1989	0.113588
1990	0.113745
1991	0.110105
1992	0.111963
1993	0.111169
1994	0.109149
1995	0.111393
1996	0.110203
1997	0.110001
1998	0.109741
1999	0.107908
2000	0.108882
2001	0.10941
2002	0.109707
2003	0.107788
2004	0.107936
2005	0.107995
2006	0.109606
2007	0.106847
2008	0.110578
2009	0.112996
2010	0.106912
2011	0.108363
2012	0.110876
2013	0.108487
2014	0.109895
2015	0.111021
2016	0.110566
2017	0.106628
2018	0.110009
2019	0.110943
2020	0.109939
2021	0.110549
2022	0.109931
2023	0.11225
2024	0.112231
2025	0.109955
2026	0.10893
2027	0.108553
2028	0.108285
2029	0.108649
2030	0.108675
2031	0.11274
2032	0.11105
2033	0.114034
2034	0.111139
2035	0.11282
2036	0.111888
2037	0.112479
2038	0.110095
2039	0.110148
2040	0.11014
2041	0.110161
2042	0.112397
2043	0.111575
2044	0.110429
2045	0.112192
2046	0.11047
2047	0.108443
2048	0.113622
2049	0.10728
2050	0.10968
2051	0.110361
2052	0.112831
2053	0.113617
2054	0.107782
2055	0.108669
2056	0.110993
2057	0.109165
2058	0.110778
2059	0.111323
2060	0.111259
2061	0.111462
2062	0.111913
2063	0.110857
2064	0.111188
2065	0.112762
2066	0.114813
2067	0.111509
2068	0.111524
2069	0.113651
2070	0.110854
2071	0.109485
2072	0.115026
2073	0.112152
2074	0.109401
2075	0.112845
2076	0.114294
2077	0.111829
2078	0.112142
2079	0.110553
2080	0.113038
2081	0.11157
2082	0.113058
2083	0.111405
2084	0.112589
2085	0.110789
2086	0.111062
2087	0.108411
2088	0.109549
2089	0.111055
2090	0.112385
2091	0.108996
2092	0.108567
2093	0.108912
2094	0.10722
2095	0.109683
2096	0.108585
2097	0.109238
2098	0.106572
2099	0.108796
2100	0.11075
2101	0.108013
2102	0.111313
2103	0.10825
2104	0.107901
2105	0.107987
2106	0.107861
2107	0.109381
2108	0.107866
2109	0.107846
2110	0.108067
2111	0.108971
2112	0.105851
2113	0.108582
2114	0.107485
2115	0.108104
2116	0.105915
2117	0.107826
2118	0.10745
2119	0.11115
2120	0.109007
2121	0.108176
2122	0.105263
2123	0.109479
2124	0.107601
2125	0.107888
2126	0.108312
2127	0.108995
2128	0.107479
2129	0.106069
2130	0.107696
2131	0.111815
2132	0.110471
2133	0.110328
2134	0.110999
2135	0.110522
2136	0.110724
2137	0.11013
2138	0.11133
2139	0.110266
2140	0.109377
2141	0.109408
2142	0.111257
2143	0.11299
2144	0.112844
2145	0.108606
2146	0.112659
2147	0.113675
2148	0.11315
2149	0.111583
2150	0.113908
2151	0.112836
2152	0.110366
2153	0.111674
2154	0.110182
2155	0.113198
2156	0.113758
2157	0.114405
2158	0.112797
2159	0.109564
2160	0.115195
2161	0.115472
2162	0.113957
2163	0.110121
2164	0.113158
2165	0.113579
2166	0.113148
2167	0.110552
2168	0.114552
2169	0.115824
2170	0.112091
2171	0.113231
2172	0.114017
2173	0.115888
2174	0.114716
2175	0.116255
2176	0.116162
2177	0.11424
2178	0.115152
2179	0.113162
2180	0.11144
2181	0.114127
2182	0.111851
2183	0.112314
2184	0.11149
2185	0.112023
2186	0.114337
2187	0.114377
2188	0.112768
2189	0.111845
2190	0.113752
2191	0.112336
2192	0.113509
2193	0.11347
2194	0.111933
2195	0.110247
2196	0.114008
2197	0.109453
2198	0.111704
2199	0.113227
2200	0.110884
2201	0.110131
2202	0.108738
2203	0.11012
2204	0.110875
2205	0.110323
2206	0.109939
2207	0.112684
2208	0.111861
2209	0.111349
2210	0.111711
2211	0.106156
2212	0.106287
2213	0.111362
2214	0.11009
2215	0.108678
2216	0.108541
2217	0.109062
2218	0.110906
2219	0.106119
2220	0.109468
2221	0.108627
2222	0.110103
2223	0.110295
2224	0.109065
2225	0.107931
2226	0.109268
2227	0.109353
2228	0.109443
2229	0.110133
2230	0.109397
2231	0.109424
2232	0.110731
2233	0.10849
2234	0.109172
2235	0.109056
2236	0.110988
2237	0.110712
2238	0.111968
2239	0.111275
2240	0.110176
2241	0.110965
2242	0.11202
2243	0.112439
2244	0.111315
2245	0.109922
2246	0.110582
2247	0.113821
2248	0.114954
2249	0.114476
2250	0.112888
2251	0.110785
2252	0.111748
2253	0.113807
2254	0.112456
2255	0.114199
2256	0.112233
2257	0.11198
2258	0.110458
2259	0.114868
2260	0.11296
2261	0.111881
2262	0.112224
2263	0.113076
2264	0.107921
2265	0.110985
2266	0.110619
2267	0.110594
2268	0.109658
2269	0.111284
2270	0.110894
2271	0.110558
2272	0.115248
2273	0.113597
2274	0.115776
2275	0.112029
2276	0.113195
2277	0.110862
2278	0.112096
