### Number of tubes used: 730
### Nuclear profiles per tube: 1.68219
### Resolution (bp): 40000
### Slice thickness (microns): 0.22
### Nuclear radius (microns): 4.5
### Detection efficiency: 0.858886
distance	 pi_threshold
1	0.338309
2	0.267622
3	0.250539
4	0.240098
5	0.227673
6	0.22604
7	0.21666
8	0.212121
9	0.207297
10	0.203256
11	0.201437
12	0.196368
13	0.195358
14	0.192394
15	0.189327
16	0.18797
17	0.181275
18	0.182328
19	0.179918
20	0.17327
21	0.173543
22	0.16977
23	0.177364
24	0.173262
25	0.167871
26	0.168844
27	0.170794
28	0.165154
29	0.161765
30	0.162461
31	0.157785
32	0.158909
33	0.159027
34	0.157627
35	0.151708
36	0.156838
37	0.159869
38	0.155115
39	0.154401
40	0.153878
41	0.153427
42	0.150447
43	0.153965
44	0.149223
45	0.150816
46	0.149873
47	0.151112
48	0.149636
49	0.144479
50	0.144772
51	0.143509
52	0.145654
53	0.148562
54	0.14461
55	0.142132
56	0.145392
57	0.141338
58	0.144793
59	0.140629
60	0.143284
61	0.13911
62	0.144547
63	0.139188
64	0.140265
65	0.141003
66	0.140382
67	0.14022
68	0.139606
69	0.139937
70	0.140296
71	0.135614
72	0.134911
73	0.140445
74	0.136692
75	0.137231
76	0.138663
77	0.137543
78	0.136791
79	0.135116
80	0.133683
81	0.134994
82	0.135833
83	0.134949
84	0.133346
85	0.137376
86	0.13396
87	0.135974
88	0.132165
89	0.136895
90	0.131552
91	0.134565
92	0.129715
93	0.132528
94	0.130913
95	0.130546
96	0.133722
97	0.133763
98	0.13066
99	0.137555
100	0.130944
101	0.133948
102	0.134546
103	0.130767
104	0.134279
105	0.130893
106	0.130061
107	0.130801
108	0.129545
109	0.130201
110	0.131086
111	0.129071
112	0.129562
113	0.13008
114	0.130836
115	0.128169
116	0.126081
117	0.132696
118	0.128317
119	0.128883
120	0.128518
121	0.130051
122	0.131842
123	0.126678
124	0.128303
125	0.127753
126	0.130314
127	0.126509
128	0.127388
129	0.125688
130	0.127765
131	0.127174
132	0.126558
133	0.126911
134	0.12853
135	0.125306
136	0.127194
137	0.125931
138	0.128623
139	0.125171
140	0.126233
141	0.124304
142	0.126195
143	0.127267
144	0.127574
145	0.122123
146	0.12734
147	0.124348
148	0.124988
149	0.125707
150	0.126443
151	0.124248
152	0.124974
153	0.127546
154	0.124243
155	0.126824
156	0.124537
157	0.123714
158	0.12721
159	0.126701
160	0.12648
161	0.124962
162	0.126143
163	0.124112
164	0.127001
165	0.12389
166	0.125456
167	0.123929
168	0.124211
169	0.124798
170	0.124423
171	0.12416
172	0.123648
173	0.125776
174	0.121876
175	0.126379
176	0.124702
177	0.123209
178	0.122037
179	0.120378
180	0.124691
181	0.125492
182	0.122749
183	0.120889
184	0.123334
185	0.120911
186	0.127002
187	0.124184
188	0.121078
189	0.124407
190	0.124676
191	0.125578
192	0.123625
193	0.125399
194	0.122195
195	0.122971
196	0.1201
197	0.122926
198	0.120329
199	0.123372
200	0.123286
201	0.123988
202	0.121185
203	0.120945
204	0.12379
205	0.124826
206	0.12108
207	0.12484
208	0.122278
209	0.122919
210	0.119767
211	0.123144
212	0.122746
213	0.119895
214	0.125697
215	0.122041
216	0.123268
217	0.123612
218	0.124099
219	0.12343
220	0.120224
221	0.122938
222	0.120288
223	0.123818
224	0.121923
225	0.123162
226	0.120408
227	0.121749
228	0.125015
229	0.120994
230	0.12435
231	0.121922
232	0.11922
233	0.121931
234	0.122588
235	0.122034
236	0.12162
237	0.121944
238	0.122173
239	0.118696
240	0.122712
241	0.122274
242	0.123336
243	0.120961
244	0.120498
245	0.120589
246	0.124088
247	0.121098
248	0.120455
249	0.121625
250	0.118243
251	0.119202
252	0.122894
253	0.12273
254	0.119436
255	0.11977
256	0.117559
257	0.120657
258	0.120858
259	0.120745
260	0.123892
261	0.121257
262	0.121555
263	0.122828
264	0.118794
265	0.119619
266	0.122421
267	0.120168
268	0.120542
269	0.120095
270	0.122203
271	0.120063
272	0.119454
273	0.119341
274	0.123602
275	0.121096
276	0.121455
277	0.123593
278	0.120637
279	0.120189
280	0.1231
281	0.123213
282	0.123546
283	0.1192
284	0.1182
285	0.119777
286	0.121172
287	0.118639
288	0.120676
289	0.123896
290	0.119697
291	0.119932
292	0.120444
293	0.121192
294	0.121013
295	0.121027
296	0.121705
297	0.121293
298	0.124292
299	0.118525
300	0.120743
301	0.118129
302	0.122372
303	0.121697
304	0.120049
305	0.121797
306	0.121153
307	0.119452
308	0.122983
309	0.1175
310	0.120341
311	0.12152
312	0.120772
313	0.120647
314	0.121001
315	0.120788
316	0.121091
317	0.116638
318	0.119328
319	0.123642
320	0.118898
321	0.118656
322	0.11822
323	0.118074
324	0.12075
325	0.118851
326	0.117777
327	0.121451
328	0.122069
329	0.118815
330	0.121548
331	0.11855
332	0.118314
333	0.120366
334	0.121527
335	0.117082
336	0.121305
337	0.121213
338	0.119619
339	0.119809
340	0.117566
341	0.122925
342	0.123838
343	0.11942
344	0.120499
345	0.121737
346	0.121083
347	0.121624
348	0.121297
349	0.118594
350	0.119524
351	0.121836
352	0.120763
353	0.11847
354	0.120363
355	0.119499
356	0.118302
357	0.118895
358	0.118625
359	0.120434
360	0.119415
361	0.120946
362	0.118211
363	0.119668
364	0.118381
365	0.120717
366	0.119972
367	0.117876
368	0.119498
369	0.118309
370	0.123437
371	0.119026
372	0.118825
373	0.119355
374	0.118221
375	0.118437
376	0.119268
377	0.119221
378	0.118584
379	0.118319
380	0.120241
381	0.117836
382	0.118938
383	0.12041
384	0.119306
385	0.117828
386	0.119207
387	0.11882
388	0.11916
389	0.116464
390	0.122566
391	0.119228
392	0.11614
393	0.121186
394	0.119677
395	0.120985
396	0.117384
397	0.118217
398	0.117871
399	0.122061
400	0.119609
401	0.121398
402	0.117441
403	0.118041
404	0.116771
405	0.118338
406	0.115338
407	0.119336
408	0.119626
409	0.118564
410	0.119833
411	0.117954
412	0.120468
413	0.120598
414	0.116774
415	0.118074
416	0.118978
417	0.118924
418	0.119724
419	0.118333
420	0.115882
421	0.1186
422	0.11955
423	0.119277
424	0.117193
425	0.118745
426	0.117909
427	0.116083
428	0.120825
429	0.11705
430	0.119244
431	0.116696
432	0.11867
433	0.120643
434	0.120067
435	0.117527
436	0.11602
437	0.117791
438	0.118698
439	0.119806
440	0.120177
441	0.115357
442	0.117729
443	0.118209
444	0.117671
445	0.11692
446	0.119587
447	0.118887
448	0.120464
449	0.118448
450	0.115952
451	0.116344
452	0.122625
453	0.119399
454	0.117587
455	0.118585
456	0.11729
457	0.120827
458	0.119789
459	0.118755
460	0.122258
461	0.118892
462	0.118141
463	0.120349
464	0.123914
465	0.120665
466	0.117676
467	0.117516
468	0.119697
469	0.12254
470	0.120286
471	0.118678
472	0.121271
473	0.118064
474	0.121135
475	0.119136
476	0.119736
477	0.11877
478	0.119451
479	0.120141
480	0.118044
481	0.117246
482	0.120721
483	0.118967
484	0.119406
485	0.118757
486	0.119613
487	0.117738
488	0.120019
489	0.118176
490	0.119984
491	0.120536
492	0.119087
493	0.118218
494	0.115847
495	0.1197
496	0.120802
497	0.117182
498	0.119367
499	0.119657
500	0.121474
501	0.11889
502	0.118225
503	0.119901
504	0.120503
505	0.120393
506	0.117993
507	0.118288
508	0.116757
509	0.119003
510	0.117716
511	0.120764
512	0.119433
513	0.119797
514	0.118635
515	0.116824
516	0.118424
517	0.117756
518	0.120935
519	0.119464
520	0.12001
521	0.120466
522	0.119227
523	0.120389
524	0.118943
525	0.119432
526	0.115931
527	0.118723
528	0.119833
529	0.120348
530	0.119112
531	0.114522
532	0.120912
533	0.115942
534	0.118656
535	0.120015
536	0.12181
537	0.117721
538	0.115611
539	0.116479
540	0.117741
541	0.119793
542	0.11856
543	0.1188
544	0.118776
545	0.119486
546	0.118113
547	0.120974
548	0.121695
549	0.121143
550	0.115458
551	0.117915
552	0.11764
553	0.116444
554	0.117231
555	0.118346
556	0.118539
557	0.119407
558	0.115798
559	0.118327
560	0.117982
561	0.118376
562	0.120016
563	0.116833
564	0.118497
565	0.119438
566	0.1184
567	0.118899
568	0.119329
569	0.11948
570	0.118664
571	0.117497
572	0.117458
573	0.114118
574	0.115797
575	0.119249
576	0.118369
577	0.117627
578	0.116317
579	0.117169
580	0.119774
581	0.118521
582	0.116556
583	0.117999
584	0.115752
585	0.121587
586	0.118345
587	0.117763
588	0.119234
589	0.120567
590	0.116062
591	0.119297
592	0.117107
593	0.119503
594	0.118496
595	0.119038
596	0.118451
597	0.118326
598	0.12197
599	0.1197
600	0.118681
601	0.119131
602	0.118072
603	0.119012
604	0.115996
605	0.12078
606	0.117817
607	0.119584
608	0.119131
609	0.11897
610	0.118138
611	0.117252
612	0.118816
613	0.11632
614	0.117554
615	0.12025
616	0.118444
617	0.116591
618	0.114887
619	0.118497
620	0.118994
621	0.120527
622	0.116848
623	0.118365
624	0.120023
625	0.118714
626	0.115783
627	0.118611
628	0.118279
629	0.11638
630	0.116869
631	0.11953
632	0.117036
633	0.11859
634	0.11719
635	0.118346
636	0.118651
637	0.11771
638	0.117853
639	0.119064
640	0.11602
641	0.122745
642	0.117677
643	0.121792
644	0.117584
645	0.118126
646	0.121735
647	0.118649
648	0.11812
649	0.118335
650	0.117907
651	0.118256
652	0.119101
653	0.118241
654	0.120448
655	0.121057
656	0.117161
657	0.117118
658	0.119249
659	0.119097
660	0.119922
661	0.117428
662	0.122891
663	0.116908
664	0.120353
665	0.119901
666	0.120227
667	0.119911
668	0.117629
669	0.120278
670	0.120928
671	0.119532
672	0.117847
673	0.118305
674	0.119352
675	0.121908
676	0.116925
677	0.118829
678	0.118803
679	0.117675
680	0.117486
681	0.118465
682	0.117397
683	0.117908
684	0.118183
685	0.120899
686	0.11652
687	0.117991
688	0.119336
689	0.120457
690	0.119329
691	0.116225
692	0.119449
693	0.119987
694	0.119658
695	0.12047
696	0.115664
697	0.116444
698	0.116676
699	0.120468
700	0.11945
701	0.117972
702	0.119774
703	0.117874
704	0.121395
705	0.119222
706	0.118341
707	0.117035
708	0.115123
709	0.117155
710	0.117063
711	0.118307
712	0.117871
713	0.116788
714	0.117429
715	0.117163
716	0.118827
717	0.118464
718	0.114311
719	0.121007
720	0.118974
721	0.120789
722	0.118231
723	0.119069
724	0.119458
725	0.11984
726	0.120096
727	0.117614
728	0.117546
729	0.119045
730	0.11596
731	0.119298
732	0.119894
733	0.11908
734	0.118498
735	0.116464
736	0.11499
737	0.120515
738	0.118193
739	0.116567
740	0.117456
741	0.120517
742	0.116993
743	0.11641
744	0.116843
745	0.116358
746	0.116879
747	0.118958
748	0.120304
749	0.116565
750	0.117885
751	0.119452
752	0.117042
753	0.117191
754	0.116025
755	0.116727
756	0.11689
757	0.117419
758	0.118584
759	0.116034
760	0.116843
761	0.116618
762	0.118276
763	0.114567
764	0.117258
765	0.117682
766	0.118197
767	0.116035
768	0.112942
769	0.117994
770	0.113549
771	0.116606
772	0.118362
773	0.118451
774	0.117297
775	0.114935
776	0.115205
777	0.117354
778	0.119073
779	0.117748
780	0.116781
781	0.119457
782	0.1159
783	0.117209
784	0.115614
785	0.11824
786	0.118072
787	0.116341
788	0.116519
789	0.114983
790	0.117275
791	0.119903
792	0.116345
793	0.117861
794	0.117411
795	0.115681
796	0.119491
797	0.11522
798	0.114689
799	0.115327
800	0.117976
801	0.116665
802	0.116416
803	0.115629
804	0.117842
805	0.117105
806	0.115722
807	0.115665
808	0.114565
809	0.115946
810	0.11462
811	0.119792
812	0.118146
813	0.116035
814	0.116762
815	0.113272
816	0.115202
817	0.117797
818	0.115633
819	0.116447
820	0.116919
821	0.115322
822	0.117087
823	0.114792
824	0.118019
825	0.117268
826	0.115957
827	0.113833
828	0.118249
829	0.117048
830	0.116203
831	0.115345
832	0.115703
833	0.115134
834	0.114719
835	0.115078
836	0.114282
837	0.114078
838	0.115656
839	0.115672
840	0.114552
841	0.116022
842	0.112837
843	0.115081
844	0.114249
845	0.116557
846	0.114691
847	0.114877
848	0.116184
849	0.11671
850	0.116077
851	0.117255
852	0.113441
853	0.115414
854	0.114424
855	0.117572
856	0.115738
857	0.117297
858	0.116779
859	0.116463
860	0.117474
861	0.116948
862	0.113914
863	0.114355
864	0.114531
865	0.117727
866	0.114121
867	0.115594
868	0.116166
869	0.11214
870	0.114797
871	0.114202
872	0.114773
873	0.114524
874	0.116837
875	0.116207
876	0.112532
877	0.114391
878	0.117719
879	0.117797
880	0.116372
881	0.115049
882	0.113699
883	0.113118
884	0.113532
885	0.116355
886	0.115541
887	0.116958
888	0.115952
889	0.113266
890	0.118782
891	0.115611
892	0.116812
893	0.116462
894	0.114223
895	0.115033
896	0.115202
897	0.115931
898	0.114927
899	0.113209
900	0.114031
901	0.114611
902	0.113375
903	0.11534
904	0.115987
905	0.113022
906	0.116644
907	0.112805
908	0.116309
909	0.113232
910	0.11649
911	0.116411
912	0.114913
913	0.118401
914	0.115898
915	0.114432
916	0.114273
917	0.112804
918	0.113395
919	0.11668
920	0.11333
921	0.116942
922	0.111581
923	0.116209
924	0.113961
925	0.115472
926	0.115454
927	0.115925
928	0.114728
929	0.114552
930	0.114226
931	0.116575
932	0.113247
933	0.114931
934	0.114906
935	0.115069
936	0.113938
937	0.11356
938	0.111641
939	0.115923
940	0.11647
941	0.116238
942	0.116398
943	0.115807
944	0.114872
945	0.115002
946	0.114238
947	0.113603
948	0.113853
949	0.117449
950	0.113519
951	0.114895
952	0.116617
953	0.110577
954	0.115171
955	0.117095
956	0.114684
957	0.11489
958	0.115897
959	0.114313
960	0.115048
961	0.113302
962	0.118046
963	0.115922
964	0.115268
965	0.113205
966	0.113788
967	0.115154
968	0.116272
969	0.112679
970	0.113362
971	0.114127
972	0.112597
973	0.113815
974	0.114337
975	0.113254
976	0.113074
977	0.111271
978	0.112268
979	0.114499
980	0.11425
981	0.114041
982	0.116058
983	0.114155
984	0.114775
985	0.115466
986	0.115307
987	0.11353
988	0.115324
989	0.113582
990	0.11339
991	0.113579
992	0.115862
993	0.113036
994	0.115059
995	0.111484
996	0.115167
997	0.114691
998	0.113677
999	0.11808
1000	0.115442
1001	0.112833
1002	0.115743
1003	0.113485
1004	0.114787
1005	0.113766
1006	0.114134
1007	0.11465
1008	0.11464
1009	0.113038
1010	0.113063
1011	0.114313
1012	0.112777
1013	0.114345
1014	0.113863
1015	0.111938
1016	0.111932
1017	0.11304
1018	0.116777
1019	0.116275
1020	0.115232
1021	0.112928
1022	0.115255
1023	0.113758
1024	0.115921
1025	0.115696
1026	0.112364
1027	0.114016
1028	0.112572
1029	0.11139
1030	0.116727
1031	0.111956
1032	0.11271
1033	0.112786
1034	0.112842
1035	0.110366
1036	0.113439
1037	0.11654
1038	0.116331
1039	0.115233
1040	0.115482
1041	0.111869
1042	0.112815
1043	0.116516
1044	0.114107
1045	0.11502
1046	0.116561
1047	0.115338
1048	0.11397
1049	0.115233
1050	0.115501
1051	0.114962
1052	0.113816
1053	0.113294
1054	0.115783
1055	0.11255
1056	0.116305
1057	0.113974
1058	0.113746
1059	0.115217
1060	0.116064
1061	0.114855
1062	0.113347
1063	0.113754
1064	0.112569
1065	0.113613
1066	0.115194
1067	0.11186
1068	0.11255
1069	0.114807
1070	0.114601
1071	0.114224
1072	0.115013
1073	0.113573
1074	0.115404
1075	0.112245
1076	0.111277
1077	0.113517
1078	0.116285
1079	0.117385
1080	0.114879
1081	0.112624
1082	0.114507
1083	0.113094
1084	0.115807
1085	0.114905
1086	0.110838
1087	0.11257
1088	0.113767
1089	0.115227
1090	0.115935
1091	0.114673
1092	0.116185
1093	0.111838
1094	0.112804
1095	0.113459
1096	0.115495
1097	0.113806
1098	0.11239
1099	0.113977
1100	0.114551
1101	0.113271
1102	0.114978
1103	0.111991
1104	0.115161
1105	0.113114
1106	0.113353
1107	0.113437
1108	0.113362
1109	0.115416
1110	0.112352
1111	0.112963
1112	0.112869
1113	0.11579
1114	0.112833
1115	0.109932
1116	0.11667
1117	0.114247
1118	0.114624
1119	0.112662
1120	0.113861
1121	0.113206
1122	0.113607
1123	0.112947
1124	0.113475
1125	0.114456
1126	0.114682
1127	0.11431
1128	0.11184
1129	0.112653
1130	0.112892
1131	0.11037
1132	0.109433
1133	0.111774
1134	0.111356
1135	0.11636
1136	0.115
1137	0.115576
1138	0.111434
1139	0.112461
1140	0.111635
1141	0.112435
1142	0.111155
1143	0.113409
1144	0.113173
1145	0.114857
1146	0.11206
1147	0.110743
1148	0.111281
1149	0.111227
1150	0.112675
1151	0.112721
1152	0.111741
1153	0.110702
1154	0.112076
1155	0.11364
1156	0.108971
1157	0.11273
1158	0.114017
1159	0.112572
1160	0.112706
1161	0.113123
1162	0.11262
1163	0.112283
1164	0.110872
1165	0.11307
1166	0.112642
1167	0.110915
1168	0.111619
1169	0.113724
1170	0.112191
1171	0.114845
1172	0.112199
1173	0.114636
1174	0.1137
1175	0.115278
1176	0.112603
1177	0.114747
1178	0.113825
1179	0.113149
1180	0.112163
1181	0.112928
1182	0.11318
1183	0.110501
1184	0.109611
1185	0.114029
1186	0.114481
1187	0.112773
1188	0.11219
1189	0.112456
1190	0.111627
1191	0.109136
1192	0.111617
1193	0.111307
1194	0.112206
1195	0.112024
1196	0.11062
1197	0.110728
1198	0.114388
1199	0.11421
1200	0.114117
1201	0.11559
1202	0.11415
1203	0.113803
1204	0.114046
1205	0.112828
1206	0.11121
1207	0.114204
1208	0.112953
1209	0.114967
1210	0.114242
1211	0.111926
1212	0.113843
1213	0.112881
1214	0.115303
1215	0.113594
1216	0.112242
1217	0.113
1218	0.111931
1219	0.113349
1220	0.117118
1221	0.114629
1222	0.115804
1223	0.112628
1224	0.113696
1225	0.114484
1226	0.110546
1227	0.110923
1228	0.114878
1229	0.11371
1230	0.113367
1231	0.113747
1232	0.113753
1233	0.114364
1234	0.113173
1235	0.112903
1236	0.111223
1237	0.111837
1238	0.113795
1239	0.115007
1240	0.112941
1241	0.113842
1242	0.11214
1243	0.112995
1244	0.113702
1245	0.112352
1246	0.112606
1247	0.113257
1248	0.109755
1249	0.112141
1250	0.11291
1251	0.112251
1252	0.114416
1253	0.112021
1254	0.112129
1255	0.112666
1256	0.112348
1257	0.116291
1258	0.112934
1259	0.112445
1260	0.110867
1261	0.109818
1262	0.112201
1263	0.112371
1264	0.11319
1265	0.110766
1266	0.111866
1267	0.113181
1268	0.112772
1269	0.110477
1270	0.110948
1271	0.112223
1272	0.112379
1273	0.11003
1274	0.111858
1275	0.112192
1276	0.111539
1277	0.11393
1278	0.112312
1279	0.110038
1280	0.111904
1281	0.116003
1282	0.110418
1283	0.113988
1284	0.110738
1285	0.112706
1286	0.112997
1287	0.111653
1288	0.113851
1289	0.113764
1290	0.114132
1291	0.114517
1292	0.112223
1293	0.111463
1294	0.114222
1295	0.110552
1296	0.110915
1297	0.1109
1298	0.112982
1299	0.111411
1300	0.109583
1301	0.111085
1302	0.113497
1303	0.112183
1304	0.111009
1305	0.114873
1306	0.113925
1307	0.116234
1308	0.110539
1309	0.113852
1310	0.113815
1311	0.113153
1312	0.11225
1313	0.111871
1314	0.113344
1315	0.114507
1316	0.112759
1317	0.115247
1318	0.111108
1319	0.114708
1320	0.114835
1321	0.110465
1322	0.112608
1323	0.115139
1324	0.110326
1325	0.113781
1326	0.113967
1327	0.113019
1328	0.109838
1329	0.114465
1330	0.113614
1331	0.112108
1332	0.113099
1333	0.110852
1334	0.113862
1335	0.113482
1336	0.113923
1337	0.111449
1338	0.112324
1339	0.112791
1340	0.111763
1341	0.111575
1342	0.111524
1343	0.112912
1344	0.111784
1345	0.114322
1346	0.114303
1347	0.114565
1348	0.114374
1349	0.110766
1350	0.110897
1351	0.112844
1352	0.111603
1353	0.111655
1354	0.110169
1355	0.110288
1356	0.110325
1357	0.111053
1358	0.109727
1359	0.11296
1360	0.113377
1361	0.112971
1362	0.114256
1363	0.113082
1364	0.114071
1365	0.112481
1366	0.111124
1367	0.114358
1368	0.112644
1369	0.11351
1370	0.109261
1371	0.112932
1372	0.111563
1373	0.111551
1374	0.113195
1375	0.111745
1376	0.111615
1377	0.1134
1378	0.11015
1379	0.110529
1380	0.112086
1381	0.110084
1382	0.111116
1383	0.112431
1384	0.11281
1385	0.111181
1386	0.114824
1387	0.110734
1388	0.108977
1389	0.113495
1390	0.107752
1391	0.110725
1392	0.110961
1393	0.112307
1394	0.109495
1395	0.108685
1396	0.109666
1397	0.110885
1398	0.10936
1399	0.112078
1400	0.106959
1401	0.110687
1402	0.109288
1403	0.112054
1404	0.11129
1405	0.112521
1406	0.109944
1407	0.110897
1408	0.112586
1409	0.1097
1410	0.108113
1411	0.110893
1412	0.110921
1413	0.110866
1414	0.111366
1415	0.110004
1416	0.110162
1417	0.111681
1418	0.110692
1419	0.112348
1420	0.112441
1421	0.105895
1422	0.111081
1423	0.110117
1424	0.109556
1425	0.110168
1426	0.11038
1427	0.108295
1428	0.110169
1429	0.11065
1430	0.110185
1431	0.110235
1432	0.108157
1433	0.10816
1434	0.1078
1435	0.109825
1436	0.10897
1437	0.109912
1438	0.109244
1439	0.107499
1440	0.105221
1441	0.107618
1442	0.108021
1443	0.109582
1444	0.109275
1445	0.111548
1446	0.106612
1447	0.111363
1448	0.108979
1449	0.109754
1450	0.109599
1451	0.108782
1452	0.10872
1453	0.109543
1454	0.106504
1455	0.110806
1456	0.111307
1457	0.112108
1458	0.111456
1459	0.109424
1460	0.108834
1461	0.111746
1462	0.108062
1463	0.110574
1464	0.107253
1465	0.109469
1466	0.111072
1467	0.11236
1468	0.110191
1469	0.110988
1470	0.110512
1471	0.108413
1472	0.107796
1473	0.105679
1474	0.112642
1475	0.111534
1476	0.107979
1477	0.110632
1478	0.109821
1479	0.105565
1480	0.108697
1481	0.110935
1482	0.111475
1483	0.111514
1484	0.1093
1485	0.109687
1486	0.109671
1487	0.111851
1488	0.106885
1489	0.10989
1490	0.109791
1491	0.111259
1492	0.109409
1493	0.108936
1494	0.11114
1495	0.109395
1496	0.110996
1497	0.110197
1498	0.109695
1499	0.107739
1500	0.110066
1501	0.109492
1502	0.109621
1503	0.109672
1504	0.109649
1505	0.109392
1506	0.110734
1507	0.110717
1508	0.108409
1509	0.108607
1510	0.110199
1511	0.109141
1512	0.111146
1513	0.10925
1514	0.109304
1515	0.109269
1516	0.110269
1517	0.109291
1518	0.108715
1519	0.107752
1520	0.106265
1521	0.107418
1522	0.10525
1523	0.10862
1524	0.109549
1525	0.108958
1526	0.107605
1527	0.109214
1528	0.106635
1529	0.108862
1530	0.107572
1531	0.108675
1532	0.113182
1533	0.108168
1534	0.107014
1535	0.109626
1536	0.109819
1537	0.108219
1538	0.109415
1539	0.107922
1540	0.108996
1541	0.107994
1542	0.107454
1543	0.107243
1544	0.108888
1545	0.105933
1546	0.111522
1547	0.108576
1548	0.108971
1549	0.109201
1550	0.110039
1551	0.10702
1552	0.109175
1553	0.109298
1554	0.107084
1555	0.109554
1556	0.10847
1557	0.108045
1558	0.105804
1559	0.108116
1560	0.108072
1561	0.108279
1562	0.108018
1563	0.108268
1564	0.108169
1565	0.110342
1566	0.10591
1567	0.107505
1568	0.109251
1569	0.107626
1570	0.109448
1571	0.108434
1572	0.108808
1573	0.107752
1574	0.107576
1575	0.107886
1576	0.10776
1577	0.109689
1578	0.107577
1579	0.107199
1580	0.109321
1581	0.10712
1582	0.107981
1583	0.107446
1584	0.107672
1585	0.107249
1586	0.11069
1587	0.110638
1588	0.103919
1589	0.10792
1590	0.108609
1591	0.108567
1592	0.109441
1593	0.108475
1594	0.108022
1595	0.109492
1596	0.105941
1597	0.105551
1598	0.107419
1599	0.110382
1600	0.10836
1601	0.110935
1602	0.104781
1603	0.109445
1604	0.107635
1605	0.105835
1606	0.107661
1607	0.10516
1608	0.106574
1609	0.107805
1610	0.106084
1611	0.105651
1612	0.107704
1613	0.107913
1614	0.108859
1615	0.104883
1616	0.10926
1617	0.108671
1618	0.108444
1619	0.110457
1620	0.108454
1621	0.10603
1622	0.109402
1623	0.10889
1624	0.10669
1625	0.104564
1626	0.106387
1627	0.107098
1628	0.108377
1629	0.110035
1630	0.109347
1631	0.105207
1632	0.10851
1633	0.107019
1634	0.105612
1635	0.105661
1636	0.107787
1637	0.108714
1638	0.106867
1639	0.110115
1640	0.107552
1641	0.108216
1642	0.106193
1643	0.108092
1644	0.104994
1645	0.104392
1646	0.110434
1647	0.107606
1648	0.107975
1649	0.105867
1650	0.105986
1651	0.108673
1652	0.10509
1653	0.106136
1654	0.107195
1655	0.106975
1656	0.106074
1657	0.106969
1658	0.108649
1659	0.10633
1660	0.107641
1661	0.107156
1662	0.106565
1663	0.106037
1664	0.104585
1665	0.106815
1666	0.10514
1667	0.105757
1668	0.108355
1669	0.107891
1670	0.106679
1671	0.104807
1672	0.106855
1673	0.107566
1674	0.107324
1675	0.108308
1676	0.10496
1677	0.107302
1678	0.10752
1679	0.104397
1680	0.109005
1681	0.104368
1682	0.107852
1683	0.108942
1684	0.104529
1685	0.107721
1686	0.105572
1687	0.105421
1688	0.105832
1689	0.107854
1690	0.106929
1691	0.108659
1692	0.106868
1693	0.104905
1694	0.108074
1695	0.108187
1696	0.103788
1697	0.104453
1698	0.103944
1699	0.104895
1700	0.105695
1701	0.105232
1702	0.107371
1703	0.109125
1704	0.107476
1705	0.106228
1706	0.107212
1707	0.105074
1708	0.105923
1709	0.104412
1710	0.106996
1711	0.106864
1712	0.106018
1713	0.105089
1714	0.105044
1715	0.105104
1716	0.105874
1717	0.106637
1718	0.105686
1719	0.105253
1720	0.1083
1721	0.104263
1722	0.104412
1723	0.105656
1724	0.106742
1725	0.106894
1726	0.10657
1727	0.1052
1728	0.10758
1729	0.107287
1730	0.107717
1731	0.106316
1732	0.105618
1733	0.103468
1734	0.104712
1735	0.105402
1736	0.107616
1737	0.105166
1738	0.106323
1739	0.105286
1740	0.105589
1741	0.103406
1742	0.104245
1743	0.108473
1744	0.103019
1745	0.106361
1746	0.106725
1747	0.102352
1748	0.107872
1749	0.10522
1750	0.106558
1751	0.105363
1752	0.104427
1753	0.106951
1754	0.106611
1755	0.106056
1756	0.107278
1757	0.107853
1758	0.106884
1759	0.108127
1760	0.105044
1761	0.102484
1762	0.109303
1763	0.109238
1764	0.103231
1765	0.104081
1766	0.107401
1767	0.105668
1768	0.107478
1769	0.108564
1770	0.106386
1771	0.107618
1772	0.104494
1773	0.105657
1774	0.103697
1775	0.104693
1776	0.103916
1777	0.107189
1778	0.105591
1779	0.107206
1780	0.105635
1781	0.105626
1782	0.106439
1783	0.106984
1784	0.10686
1785	0.106138
1786	0.106731
1787	0.106471
1788	0.104619
1789	0.106447
1790	0.104583
1791	0.10909
1792	0.104364
1793	0.105107
1794	0.105892
1795	0.104576
1796	0.107589
1797	0.107449
1798	0.105847
1799	0.104542
1800	0.10539
1801	0.105613
1802	0.104729
1803	0.104585
1804	0.106
1805	0.105005
1806	0.105378
1807	0.106811
1808	0.104248
1809	0.104458
1810	0.107019
1811	0.106076
1812	0.105674
1813	0.106748
1814	0.104041
1815	0.1071
1816	0.105355
1817	0.106335
1818	0.104179
1819	0.107162
1820	0.108166
1821	0.10414
1822	0.106089
1823	0.10547
1824	0.105885
1825	0.106918
1826	0.105627
1827	0.106364
1828	0.105728
1829	0.107541
1830	0.107275
1831	0.107739
1832	0.107707
1833	0.108429
1834	0.106313
1835	0.105919
1836	0.105636
1837	0.105231
1838	0.106487
1839	0.105525
1840	0.108141
1841	0.107175
1842	0.108752
1843	0.106637
1844	0.108687
1845	0.108838
1846	0.107931
1847	0.108531
1848	0.108448
1849	0.106951
1850	0.107377
1851	0.107477
1852	0.106177
1853	0.107857
1854	0.108014
1855	0.106942
1856	0.1082
1857	0.108035
1858	0.110488
1859	0.107707
1860	0.108991
1861	0.107946
1862	0.104492
1863	0.104119
1864	0.106644
1865	0.106782
1866	0.105724
1867	0.109683
1868	0.106739
1869	0.107219
1870	0.108208
1871	0.10543
1872	0.105622
1873	0.105374
1874	0.105611
1875	0.108046
1876	0.106392
1877	0.108054
1878	0.104091
1879	0.107117
1880	0.110567
1881	0.108202
1882	0.10522
1883	0.108505
1884	0.10673
1885	0.106792
1886	0.110764
1887	0.107595
1888	0.104856
1889	0.105562
1890	0.107094
1891	0.105989
1892	0.105499
1893	0.107777
1894	0.110958
1895	0.105598
1896	0.10848
1897	0.109171
1898	0.108403
1899	0.107658
1900	0.106045
1901	0.107169
1902	0.104215
1903	0.105715
1904	0.107096
1905	0.107326
1906	0.108633
1907	0.108008
1908	0.11017
1909	0.103913
1910	0.106494
1911	0.106377
1912	0.107173
1913	0.106519
1914	0.107202
1915	0.105806
1916	0.108871
1917	0.107737
1918	0.105965
1919	0.107412
1920	0.10761
1921	0.105713
1922	0.105884
1923	0.105323
1924	0.106831
1925	0.104896
1926	0.106574
1927	0.105083
1928	0.105652
1929	0.103714
1930	0.107966
1931	0.105286
1932	0.109613
1933	0.105849
1934	0.106154
1935	0.107299
1936	0.104294
1937	0.103859
1938	0.106658
1939	0.10824
1940	0.105968
1941	0.103881
1942	0.108642
1943	0.107957
1944	0.106406
1945	0.110089
1946	0.108025
1947	0.107075
1948	0.107015
1949	0.107297
1950	0.107235
1951	0.105262
1952	0.106198
1953	0.109947
1954	0.105487
1955	0.105639
1956	0.10579
1957	0.105072
1958	0.105528
1959	0.107218
1960	0.106884
1961	0.106406
1962	0.106982
1963	0.106342
1964	0.106818
1965	0.108032
1966	0.106568
1967	0.105759
1968	0.106509
1969	0.104197
1970	0.105929
1971	0.107147
1972	0.109565
1973	0.106332
1974	0.10658
1975	0.106062
1976	0.105707
1977	0.107305
1978	0.105262
1979	0.105167
1980	0.104547
1981	0.104453
1982	0.107364
1983	0.106693
1984	0.105917
1985	0.105045
1986	0.104629
1987	0.102886
1988	0.105183
1989	0.106092
1990	0.10577
1991	0.105984
1992	0.103578
1993	0.106876
1994	0.106959
1995	0.106881
1996	0.107962
1997	0.10527
1998	0.10731
1999	0.105709
2000	0.104715
2001	0.107052
2002	0.106527
2003	0.104374
2004	0.103123
2005	0.104703
2006	0.106654
2007	0.105601
2008	0.107318
2009	0.106102
2010	0.106175
2011	0.107283
2012	0.10565
2013	0.10589
2014	0.106629
2015	0.104016
2016	0.105663
2017	0.104193
2018	0.105558
2019	0.104779
2020	0.106105
2021	0.106904
2022	0.107104
2023	0.106708
2024	0.106819
2025	0.10706
2026	0.106653
2027	0.106767
2028	0.108413
2029	0.107181
2030	0.103232
2031	0.106684
2032	0.107104
2033	0.106046
2034	0.104025
2035	0.104588
2036	0.103965
2037	0.103731
2038	0.105881
2039	0.105231
2040	0.106334
2041	0.104992
2042	0.106788
2043	0.105528
2044	0.103691
2045	0.105276
2046	0.103937
2047	0.107328
2048	0.104345
2049	0.104962
2050	0.105699
2051	0.106679
2052	0.107204
2053	0.103499
2054	0.10771
2055	0.106163
2056	0.106249
2057	0.106397
2058	0.105229
2059	0.10669
2060	0.105024
2061	0.103005
2062	0.105578
2063	0.105909
2064	0.103109
2065	0.104207
2066	0.105782
2067	0.104614
2068	0.105088
2069	0.109395
2070	0.105929
2071	0.104816
2072	0.107563
2073	0.102511
2074	0.106631
2075	0.1074
2076	0.104599
2077	0.105607
2078	0.103318
2079	0.105279
2080	0.10528
2081	0.103571
2082	0.105864
2083	0.101638
2084	0.105464
2085	0.103705
2086	0.10603
2087	0.104499
2088	0.10626
2089	0.106133
2090	0.105987
2091	0.105196
2092	0.101765
2093	0.105191
2094	0.106931
2095	0.10515
2096	0.104873
2097	0.102502
2098	0.103706
2099	0.105547
2100	0.101918
2101	0.10461
2102	0.105866
2103	0.105984
2104	0.105342
2105	0.1061
2106	0.106058
2107	0.104922
2108	0.10423
2109	0.104562
2110	0.10358
2111	0.104237
2112	0.104837
2113	0.102976
2114	0.106394
2115	0.102131
2116	0.105188
2117	0.106355
2118	0.106465
2119	0.104626
2120	0.106721
2121	0.103773
2122	0.104253
2123	0.105587
2124	0.104881
2125	0.106314
2126	0.104941
2127	0.103353
2128	0.105022
2129	0.104093
2130	0.103686
2131	0.105863
2132	0.106755
2133	0.103799
2134	0.105212
2135	0.110156
2136	0.103844
2137	0.104106
2138	0.107245
2139	0.10478
2140	0.105392
2141	0.105566
2142	0.104258
2143	0.10449
2144	0.103997
2145	0.107364
2146	0.106852
2147	0.105887
2148	0.104962
2149	0.105656
2150	0.107933
2151	0.105799
2152	0.103638
2153	0.104796
2154	0.107372
2155	0.104996
2156	0.107636
2157	0.106947
2158	0.103476
2159	0.105775
2160	0.105952
2161	0.106591
2162	0.104132
2163	0.106196
2164	0.107509
2165	0.105489
2166	0.108022
2167	0.105941
2168	0.107773
2169	0.108723
2170	0.106327
2171	0.104905
2172	0.1082
2173	0.105902
2174	0.106179
2175	0.105499
2176	0.107211
2177	0.106877
2178	0.10619
2179	0.107479
2180	0.105099
2181	0.107214
2182	0.106577
2183	0.105628
2184	0.104371
2185	0.107083
2186	0.104788
2187	0.10695
2188	0.106848
2189	0.106233
2190	0.106855
2191	0.103738
2192	0.105945
2193	0.104041
2194	0.106033
2195	0.107726
2196	0.105669
2197	0.106624
2198	0.106942
2199	0.104994
2200	0.105272
2201	0.105799
2202	0.105776
2203	0.103717
2204	0.105723
2205	0.105028
2206	0.105409
2207	0.106802
2208	0.107556
2209	0.105347
2210	0.105044
2211	0.104438
2212	0.104219
2213	0.105407
2214	0.104322
2215	0.105009
2216	0.104342
2217	0.105001
2218	0.103236
2219	0.104256
2220	0.105336
2221	0.103587
2222	0.105704
2223	0.104944
2224	0.106605
2225	0.104423
2226	0.104885
2227	0.108126
2228	0.106544
2229	0.103586
2230	0.10539
2231	0.10684
2232	0.106336
2233	0.106233
2234	0.10576
2235	0.103064
2236	0.106082
2237	0.103747
2238	0.105749
2239	0.1087
2240	0.10284
2241	0.105941
2242	0.103201
2243	0.105349
2244	0.105556
2245	0.105855
2246	0.102247
2247	0.106643
2248	0.102098
2249	0.107776
2250	0.103533
2251	0.104387
2252	0.103096
2253	0.102823
2254	0.104103
2255	0.102273
2256	0.106993
2257	0.106127
2258	0.10196
2259	0.105294
2260	0.10566
2261	0.107617
2262	0.102891
2263	0.105274
2264	0.105327
2265	0.10282
2266	0.104298
2267	0.10312
2268	0.102034
2269	0.102676
2270	0.10595
2271	0.107163
2272	0.101587
2273	0.106512
2274	0.10452
2275	0.10446
2276	0.103552
2277	0.105426
2278	0.106803
2279	0.106152
2280	0.105321
2281	0.106097
2282	0.104226
2283	0.105627
2284	0.103183
2285	0.103563
2286	0.103992
2287	0.10687
2288	0.102268
2289	0.102057
2290	0.104936
2291	0.103258
2292	0.104709
2293	0.103075
2294	0.104786
2295	0.108925
2296	0.104703
2297	0.103979
2298	0.10701
2299	0.103377
2300	0.103533
2301	0.10483
2302	0.104076
2303	0.104278
2304	0.103869
2305	0.103743
2306	0.103751
2307	0.104479
2308	0.103938
2309	0.105185
2310	0.106705
2311	0.107205
2312	0.105521
2313	0.102566
2314	0.104027
2315	0.103299
2316	0.102966
2317	0.105396
2318	0.1036
2319	0.102798
2320	0.104999
2321	0.102319
2322	0.103594
2323	0.104616
2324	0.103892
2325	0.10169
2326	0.10375
2327	0.102089
2328	0.104664
2329	0.102828
2330	0.103258
2331	0.102335
2332	0.101709
2333	0.105528
2334	0.10558
2335	0.102488
2336	0.101252
2337	0.102639
2338	0.103942
2339	0.101836
2340	0.104413
2341	0.103201
2342	0.104472
2343	0.106383
2344	0.10198
2345	0.101072
2346	0.103732
2347	0.104328
2348	0.104115
2349	0.103341
2350	0.104502
2351	0.104798
2352	0.101879
2353	0.103577
2354	0.104125
2355	0.105669
2356	0.101065
2357	0.10617
2358	0.105285
2359	0.105404
2360	0.10154
2361	0.103896
2362	0.101037
2363	0.101222
2364	0.102478
2365	0.103796
2366	0.104454
2367	0.102138
2368	0.102977
2369	0.102927
2370	0.102989
2371	0.104768
2372	0.104713
2373	0.10466
2374	0.1043
2375	0.101654
2376	0.103636
2377	0.105509
2378	0.104228
2379	0.105016
2380	0.103753
2381	0.103997
2382	0.105108
2383	0.105855
2384	0.103856
2385	0.10282
2386	0.103815
2387	0.104232
2388	0.10375
2389	0.104264
2390	0.103945
2391	0.103028
2392	0.104567
2393	0.102699
2394	0.102751
2395	0.104202
2396	0.106174
2397	0.103339
2398	0.105445
2399	0.101658
2400	0.104734
2401	0.102891
2402	0.103653
2403	0.104959
2404	0.104187
2405	0.101187
2406	0.101378
2407	0.103864
2408	0.102806
2409	0.101403
2410	0.10213
2411	0.106205
2412	0.101755
2413	0.105909
2414	0.103294
2415	0.102535
2416	0.10381
2417	0.10487
2418	0.103851
2419	0.104834
2420	0.105361
2421	0.103882
2422	0.103295
2423	0.10246
2424	0.102287
2425	0.109454
2426	0.105084
2427	0.103034
2428	0.103508
2429	0.104708
2430	0.104331
2431	0.105175
2432	0.104889
2433	0.103631
2434	0.105598
2435	0.103576
2436	0.104725
2437	0.107476
2438	0.103608
2439	0.102225
2440	0.102887
2441	0.104104
2442	0.106084
2443	0.10427
2444	0.104854
2445	0.10376
2446	0.103087
2447	0.102463
2448	0.106768
2449	0.103442
2450	0.105362
2451	0.105089
2452	0.104209
2453	0.101737
2454	0.103788
2455	0.105475
2456	0.103293
2457	0.102819
2458	0.101864
2459	0.103091
2460	0.104982
2461	0.102659
2462	0.103399
2463	0.103139
2464	0.10043
2465	0.105066
2466	0.102939
2467	0.100967
2468	0.103211
2469	0.101192
2470	0.102827
2471	0.104689
2472	0.100452
2473	0.103726
2474	0.102113
2475	0.101893
2476	0.105137
2477	0.102269
2478	0.102154
2479	0.102386
2480	0.100032
2481	0.103176
2482	0.100528
2483	0.104414
2484	0.101637
2485	0.103303
2486	0.102156
2487	0.103295
2488	0.101111
2489	0.100744
2490	0.100551
2491	0.103404
2492	0.103887
2493	0.103036
2494	0.101674
2495	0.100141
2496	0.100457
2497	0.101931
2498	0.101726
2499	0.10309
2500	0.101922
2501	0.100892
2502	0.100869
2503	0.104366
2504	0.104185
2505	0.100875
2506	0.102844
2507	0.10159
2508	0.101834
2509	0.102261
2510	0.101975
2511	0.101733
2512	0.101891
2513	0.100996
2514	0.101097
2515	0.10177
2516	0.0998874
2517	0.102086
2518	0.101322
2519	0.0976574
2520	0.100855
2521	0.100761
2522	0.101891
2523	0.100308
2524	0.0991237
2525	0.101752
2526	0.100791
2527	0.100796
2528	0.100417
2529	0.101788
2530	0.0995329
2531	0.101562
2532	0.1016
2533	0.103203
2534	0.100299
2535	0.104287
2536	0.0998538
2537	0.101622
2538	0.101773
2539	0.103226
2540	0.0991161
2541	0.102911
2542	0.100468
2543	0.10537
2544	0.101041
2545	0.103981
2546	0.10258
2547	0.101409
2548	0.0997299
2549	0.100707
2550	0.0996722
2551	0.102929
2552	0.101716
2553	0.101193
2554	0.102
2555	0.101011
2556	0.102581
2557	0.101683
2558	0.100734
2559	0.100595
2560	0.101131
2561	0.102363
2562	0.102266
2563	0.100317
2564	0.100831
2565	0.103589
2566	0.101205
2567	0.102445
2568	0.0996949
2569	0.103071
2570	0.101095
2571	0.101965
2572	0.103473
2573	0.100417
2574	0.104027
2575	0.103493
2576	0.10244
2577	0.100723
2578	0.102624
2579	0.101517
2580	0.101053
2581	0.102117
2582	0.100767
2583	0.100979
2584	0.101911
2585	0.101359
2586	0.102268
2587	0.100444
2588	0.103402
2589	0.103524
2590	0.104691
2591	0.101471
2592	0.103325
2593	0.10224
2594	0.102208
2595	0.101149
2596	0.100567
2597	0.100845
2598	0.101163
2599	0.10389
2600	0.104238
2601	0.105177
2602	0.105578
2603	0.100429
2604	0.100659
2605	0.101298
2606	0.100722
2607	0.103743
2608	0.101579
2609	0.100734
2610	0.101299
2611	0.106777
2612	0.103338
2613	0.102507
2614	0.100427
2615	0.101478
2616	0.100788
2617	0.101936
2618	0.101889
2619	0.101377
2620	0.102741
2621	0.10228
2622	0.101742
2623	0.10149
2624	0.105539
2625	0.103462
2626	0.103011
2627	0.101776
2628	0.104689
2629	0.101429
2630	0.102619
2631	0.102347
2632	0.102183
2633	0.103617
2634	0.102047
2635	0.103072
2636	0.103103
2637	0.102727
2638	0.101708
2639	0.101744
2640	0.101882
2641	0.102157
2642	0.102514
2643	0.105682
2644	0.105158
2645	0.101663
2646	0.102466
2647	0.0980594
2648	0.104026
2649	0.103892
2650	0.102259
2651	0.102893
2652	0.102594
2653	0.101899
2654	0.09981
2655	0.103655
2656	0.0985369
2657	0.101536
2658	0.100567
2659	0.102131
2660	0.101856
2661	0.10243
2662	0.0984491
2663	0.103013
2664	0.102254
2665	0.102468
2666	0.101663
2667	0.102943
2668	0.103212
2669	0.0998077
2670	0.101616
2671	0.101072
2672	0.100263
2673	0.0999638
2674	0.103679
2675	0.100984
2676	0.102087
2677	0.101255
2678	0.101631
2679	0.0972672
2680	0.101202
2681	0.100993
2682	0.101559
2683	0.101019
2684	0.101493
2685	0.0996953
2686	0.0985774
2687	0.100508
2688	0.102402
2689	0.099989
2690	0.101359
2691	0.102376
2692	0.101156
2693	0.100424
2694	0.100442
2695	0.100366
2696	0.101157
2697	0.100526
2698	0.103119
2699	0.0992853
2700	0.100441
2701	0.0997662
2702	0.102435
2703	0.101779
2704	0.101475
2705	0.102998
2706	0.101883
2707	0.10121
2708	0.0988278
2709	0.101011
2710	0.104551
2711	0.100511
2712	0.100127
2713	0.100697
2714	0.103001
2715	0.101206
2716	0.10077
2717	0.100128
2718	0.100289
2719	0.101555
2720	0.10393
2721	0.101147
2722	0.0998083
2723	0.0993451
2724	0.10259
2725	0.0990283
2726	0.10081
2727	0.102465
2728	0.100964
2729	0.101019
2730	0.101378
2731	0.099477
2732	0.0987738
2733	0.0996204
2734	0.101764
2735	0.0999369
2736	0.100537
2737	0.101095
2738	0.103046
2739	0.0983646
2740	0.102204
2741	0.103406
2742	0.102107
2743	0.103623
2744	0.101988
2745	0.103197
2746	0.0996506
2747	0.100993
2748	0.102526
2749	0.100908
2750	0.0998199
2751	0.101703
2752	0.101176
2753	0.102219
2754	0.103337
2755	0.102307
2756	0.099139
2757	0.10218
2758	0.10265
2759	0.102727
2760	0.101652
2761	0.102055
2762	0.0991977
2763	0.101706
2764	0.10043
2765	0.10046
2766	0.0988299
2767	0.103686
2768	0.101904
2769	0.100277
2770	0.1025
2771	0.10346
2772	0.102354
2773	0.10572
2774	0.104001
2775	0.101583
2776	0.104446
2777	0.103819
2778	0.103664
2779	0.101525
2780	0.1056
2781	0.103909
2782	0.101364
2783	0.103724
2784	0.103943
2785	0.100877
2786	0.103499
2787	0.104462
2788	0.104122
2789	0.103883
2790	0.103684
2791	0.103404
2792	0.101228
2793	0.104517
2794	0.100719
2795	0.101837
2796	0.103831
2797	0.101771
2798	0.102782
2799	0.10355
2800	0.100493
2801	0.102474
2802	0.101807
2803	0.100809
2804	0.10271
2805	0.101329
2806	0.102161
2807	0.10321
2808	0.103632
2809	0.102896
2810	0.104573
2811	0.102829
2812	0.101346
2813	0.100692
2814	0.103372
2815	0.104281
2816	0.103662
2817	0.099571
2818	0.10204
2819	0.100867
2820	0.10356
2821	0.101356
2822	0.101376
2823	0.0998929
2824	0.103059
2825	0.100383
2826	0.100644
2827	0.10127
2828	0.103898
2829	0.101648
2830	0.10192
2831	0.101145
2832	0.10413
2833	0.101132
2834	0.104801
2835	0.101786
2836	0.10033
2837	0.102839
2838	0.100667
2839	0.10048
2840	0.0998215
2841	0.100412
2842	0.0989617
2843	0.101698
2844	0.10215
2845	0.103212
2846	0.101322
2847	0.103037
2848	0.100542
2849	0.101181
2850	0.105184
2851	0.103103
2852	0.104233
2853	0.101436
2854	0.101464
2855	0.10482
2856	0.103182
2857	0.101099
2858	0.104739
2859	0.103687
2860	0.10066
2861	0.10255
2862	0.103405
2863	0.101272
2864	0.102007
2865	0.101208
2866	0.100701
2867	0.103047
2868	0.103579
2869	0.101609
2870	0.102909
2871	0.101401
2872	0.102194
2873	0.100283
2874	0.10233
2875	0.101282
2876	0.100443
2877	0.101468
2878	0.102257
2879	0.102648
2880	0.10131
2881	0.104134
2882	0.10503
2883	0.104559
2884	0.102756
2885	0.101438
2886	0.101329
2887	0.10191
2888	0.103461
2889	0.102473
2890	0.103348
2891	0.098527
2892	0.105152
2893	0.103311
2894	0.099937
2895	0.10122
2896	0.101884
2897	0.102965
2898	0.101678
2899	0.102086
2900	0.100628
2901	0.101017
2902	0.100253
2903	0.103186
2904	0.10389
2905	0.101443
2906	0.100559
2907	0.101364
2908	0.101582
2909	0.10388
2910	0.101324
2911	0.102176
2912	0.101695
2913	0.10221
2914	0.101419
2915	0.101244
2916	0.0986982
2917	0.101001
2918	0.101661
2919	0.101457
2920	0.0998455
2921	0.100934
2922	0.100803
2923	0.101437
2924	0.102036
2925	0.101321
2926	0.100236
2927	0.101329
2928	0.0991047
2929	0.0997196
2930	0.0993472
2931	0.0993019
2932	0.100125
2933	0.0983367
2934	0.098365
2935	0.0966023
2936	0.0992798
2937	0.0978537
2938	0.0996387
2939	0.100751
2940	0.100592
2941	0.0978139
2942	0.0989649
2943	0.100733
2944	0.100873
2945	0.0991701
2946	0.100941
2947	0.100973
2948	0.101312
2949	0.10134
2950	0.100772
2951	0.100068
2952	0.100539
2953	0.102161
2954	0.100258
2955	0.100893
2956	0.101502
2957	0.101791
2958	0.101421
2959	0.100424
2960	0.0999329
2961	0.0996968
2962	0.101184
2963	0.0991182
2964	0.100678
2965	0.0984375
2966	0.0998655
2967	0.100508
2968	0.101218
2969	0.0996818
2970	0.0995832
2971	0.099558
2972	0.100138
2973	0.102439
2974	0.100109
2975	0.101402
2976	0.0995113
2977	0.100232
2978	0.0996524
2979	0.101823
2980	0.100249
2981	0.0991138
2982	0.101078
2983	0.0992871
2984	0.0985262
2985	0.0980438
2986	0.100402
2987	0.100799
2988	0.101997
2989	0.101285
2990	0.101635
2991	0.0996896
2992	0.0984021
2993	0.0989617
2994	0.0996693
2995	0.0992022
2996	0.100255
2997	0.098403
2998	0.0976301
2999	0.101658
3000	0.0985741
3001	0.10182
3002	0.0998142
3003	0.0998024
3004	0.0961345
3005	0.10017
3006	0.0969863
3007	0.0976814
3008	0.0983783
3009	0.0998907
3010	0.0972332
3011	0.100605
3012	0.0975392
3013	0.0979919
3014	0.0971165
3015	0.101138
3016	0.0968609
3017	0.0987695
3018	0.0976273
3019	0.100397
3020	0.0980429
3021	0.0965636
3022	0.09548
3023	0.096145
3024	0.0982844
3025	0.0977155
3026	0.0956795
3027	0.0992542
3028	0.0961998
3029	0.100443
3030	0.0952849
3031	0.0969017
3032	0.0979473
3033	0.0969707
3034	0.0985274
3035	0.0992614
3036	0.0974556
3037	0.097829
3038	0.0972812
3039	0.0996115
3040	0.099584
3041	0.0965857
3042	0.0987895
3043	0.0983146
3044	0.0995443
3045	0.0997038
3046	0.102625
3047	0.100325
3048	0.0980682
3049	0.0983454
3050	0.0979509
3051	0.0959427
3052	0.098072
3053	0.099053
3054	0.0967734
3055	0.0990537
3056	0.0978222
3057	0.099433
3058	0.0988815
3059	0.0997139
3060	0.0983691
3061	0.101391
3062	0.0993443
3063	0.0986062
3064	0.100998
3065	0.0999807
3066	0.0968675
3067	0.0981712
3068	0.0990757
3069	0.100722
3070	0.0978606
3071	0.0964295
3072	0.101675
3073	0.10025
3074	0.100351
3075	0.0975425
3076	0.102782
3077	0.0993708
3078	0.100001
3079	0.0974721
3080	0.0989953
3081	0.099002
3082	0.0982936
3083	0.0985583
3084	0.0978187
3085	0.0986295
3086	0.0998497
3087	0.0979466
3088	0.0996107
3089	0.0989324
3090	0.0986372
3091	0.0987951
3092	0.099916
3093	0.0992035
3094	0.0969156
3095	0.0989857
3096	0.0970806
3097	0.100691
3098	0.0960393
3099	0.0963061
3100	0.0990712
3101	0.0976774
3102	0.0999341
3103	0.0997464
3104	0.0972545
3105	0.0974298
3106	0.0963023
3107	0.0978126
3108	0.0988677
3109	0.0989358
3110	0.096886
3111	0.100004
3112	0.0971363
3113	0.0976415
3114	0.0981385
3115	0.0987476
3116	0.0949829
3117	0.0996195
3118	0.0991931
3119	0.0977995
3120	0.0965308
3121	0.097565
3122	0.0989594
3123	0.101122
3124	0.0995327
3125	0.0988005
3126	0.0968178
3127	0.0959585
3128	0.0979822
3129	0.0964814
3130	0.0981556
3131	0.0963933
3132	0.0957531
3133	0.0961479
3134	0.0978036
3135	0.0947631
3136	0.0985982
3137	0.0967796
3138	0.0968739
3139	0.0986129
3140	0.0978447
3141	0.0981433
3142	0.0977604
3143	0.0974315
3144	0.0970857
3145	0.0946576
3146	0.0977481
3147	0.0960983
3148	0.095009
3149	0.095754
3150	0.0957643
3151	0.0968838
3152	0.0967121
3153	0.0948467
3154	0.0966038
3155	0.0947979
3156	0.0956782
3157	0.09482
3158	0.0973962
3159	0.097035
3160	0.0975505
3161	0.0961483
3162	0.0936802
3163	0.098225
3164	0.0978215
3165	0.0966587
3166	0.0965334
3167	0.0945772
3168	0.0957051
3169	0.0972158
3170	0.0939377
3171	0.0987571
3172	0.093467
3173	0.0978255
3174	0.0945252
3175	0.0972615
3176	0.0968927
3177	0.0959369
3178	0.0956152
3179	0.0961868
3180	0.0953649
3181	0.0968301
3182	0.096422
3183	0.0985983
3184	0.09612
3185	0.0963582
3186	0.0959216
3187	0.0952139
3188	0.0961823
3189	0.095638
3190	0.095503
3191	0.0944146
3192	0.0948477
3193	0.0947796
3194	0.0952765
3195	0.0964172
3196	0.0951048
3197	0.0951075
3198	0.0934593
3199	0.0956387
3200	0.0932806
3201	0.0987573
3202	0.0943856
3203	0.0941361
3204	0.0969973
3205	0.0957746
3206	0.0965576
3207	0.0972865
3208	0.0961668
3209	0.0939478
3210	0.0953985
3211	0.0956342
3212	0.0963153
3213	0.0993001
3214	0.0976828
3215	0.0962432
3216	0.0966836
3217	0.0973084
3218	0.0973585
3219	0.0976605
3220	0.0993971
3221	0.0976593
3222	0.0956137
3223	0.0984123
3224	0.0980277
3225	0.0956853
3226	0.0967721
3227	0.0975315
3228	0.0965934
3229	0.0955861
3230	0.0955151
3231	0.096369
3232	0.0988771
3233	0.0956462
3234	0.097769
3235	0.0975166
3236	0.0968335
3237	0.0972442
3238	0.0949284
3239	0.0985466
3240	0.101779
3241	0.0982632
3242	0.0981587
3243	0.0966555
3244	0.0997693
3245	0.0968173
3246	0.098401
3247	0.097168
3248	0.095535
3249	0.0969937
3250	0.0972704
3251	0.0959382
3252	0.0966334
3253	0.0969316
3254	0.0962658
3255	0.0989055
3256	0.0949731
3257	0.0964851
3258	0.0971421
3259	0.0981333
3260	0.0966527
3261	0.098295
3262	0.0960471
3263	0.0992876
3264	0.0976179
3265	0.0979564
3266	0.0990385
3267	0.0959597
3268	0.0971456
3269	0.098501
3270	0.0951708
3271	0.0985049
3272	0.0986085
3273	0.0991131
3274	0.0989924
3275	0.0972273
3276	0.0987069
3277	0.0993122
3278	0.0979535
3279	0.0975328
3280	0.0968771
3281	0.0961412
3282	0.0986843
3283	0.096511
3284	0.0980801
3285	0.0958289
3286	0.0983417
3287	0.0972755
3288	0.0968973
3289	0.098371
3290	0.0949557
3291	0.0976563
3292	0.0982375
3293	0.0961323
3294	0.096233
3295	0.100235
3296	0.0967225
3297	0.09732
3298	0.0988486
3299	0.0967749
3300	0.0986842
3301	0.0971444
3302	0.0994128
3303	0.100164
3304	0.100282
3305	0.0988909
3306	0.0972705
3307	0.0982873
3308	0.0960986
3309	0.0975414
3310	0.0971274
3311	0.0958961
3312	0.10038
3313	0.0968116
3314	0.0982044
3315	0.101204
3316	0.0980035
3317	0.0973291
3318	0.0991558
3319	0.102178
3320	0.0982698
3321	0.0988725
3322	0.0989359
3323	0.0974306
3324	0.0994629
3325	0.0950146
3326	0.095063
3327	0.0980905
3328	0.0981117
3329	0.0981612
3330	0.0969067
3331	0.102515
3332	0.100385
3333	0.0987257
3334	0.102378
3335	0.0982476
3336	0.0974538
3337	0.0975288
3338	0.0973717
3339	0.0975106
3340	0.0981067
3341	0.0990135
3342	0.100461
3343	0.0992311
3344	0.0970171
3345	0.0974801
3346	0.0978352
3347	0.100313
3348	0.0972043
3349	0.0996346
3350	0.0989616
3351	0.097196
3352	0.0976024
3353	0.0970195
3354	0.0967416
3355	0.0972125
3356	0.0987145
3357	0.0990449
3358	0.0967365
3359	0.0972354
3360	0.09779
3361	0.0959864
3362	0.098062
3363	0.0979436
3364	0.0972072
3365	0.0955561
3366	0.0978861
3367	0.0949697
3368	0.0963522
3369	0.0986471
3370	0.0972112
3371	0.0943211
3372	0.0974706
3373	0.0978559
3374	0.0961468
3375	0.096735
3376	0.0965165
3377	0.098906
3378	0.099191
3379	0.0946785
3380	0.0957669
3381	0.0977513
3382	0.0982731
3383	0.0965337
3384	0.0959528
3385	0.0988623
3386	0.0981785
3387	0.0949615
3388	0.0958723
3389	0.0952496
3390	0.0956951
3391	0.0939698
3392	0.0974818
3393	0.0987833
3394	0.0957931
3395	0.0960735
3396	0.0973636
3397	0.0971782
3398	0.0960945
3399	0.0973794
3400	0.0950291
3401	0.0958701
3402	0.097179
3403	0.0964517
3404	0.0967675
3405	0.0977486
3406	0.0962572
3407	0.0970688
3408	0.0976625
3409	0.0982872
3410	0.0966709
3411	0.0964786
3412	0.0961104
3413	0.0963321
3414	0.0952195
3415	0.0966529
3416	0.0963027
3417	0.0991446
3418	0.0968119
3419	0.0983012
3420	0.0954513
3421	0.0975005
3422	0.0975709
3423	0.0960675
3424	0.0961431
3425	0.09862
3426	0.0967764
3427	0.0979605
3428	0.0961488
3429	0.0979374
3430	0.0978556
3431	0.0957661
3432	0.0959462
3433	0.0975451
3434	0.0969542
3435	0.097568
3436	0.0952758
3437	0.0987233
3438	0.0998628
3439	0.102084
3440	0.102694
3441	0.0999847
3442	0.0968966
3443	0.0994375
3444	0.0994082
3445	0.0972125
3446	0.1019
3447	0.0975819
3448	0.0990593
3449	0.0994751
3450	0.0987301
3451	0.0995902
3452	0.0957793
3453	0.100078
3454	0.099272
3455	0.0990155
3456	0.100377
3457	0.101648
3458	0.101506
3459	0.100655
3460	0.100085
3461	0.098898
3462	0.102487
3463	0.0996578
3464	0.0977418
3465	0.0982283
3466	0.100703
3467	0.0980653
3468	0.0991299
3469	0.0996511
3470	0.101514
3471	0.0967461
3472	0.101445
3473	0.0999534
3474	0.098468
3475	0.0995031
3476	0.0959383
3477	0.0994252
3478	0.0990265
3479	0.0992835
3480	0.100897
3481	0.0984304
3482	0.097285
3483	0.0972226
3484	0.0986873
3485	0.0992145
3486	0.0984995
3487	0.0993116
3488	0.0984667
3489	0.102778
3490	0.101106
3491	0.0988679
3492	0.101075
3493	0.0997908
3494	0.095521
3495	0.0963522
3496	0.0990995
3497	0.0976393
3498	0.0985027
3499	0.0983617
3500	0.0990543
3501	0.0996409
3502	0.0999308
3503	0.0963289
3504	0.099915
3505	0.0998105
3506	0.0959078
3507	0.101111
3508	0.0975722
3509	0.0979194
3510	0.101016
3511	0.0983879
3512	0.0983477
3513	0.097459
3514	0.0966766
3515	0.0980264
3516	0.0974121
3517	0.0991705
3518	0.0963571
3519	0.100177
3520	0.0950739
3521	0.101385
3522	0.0985286
3523	0.0989786
3524	0.0984982
3525	0.0972814
3526	0.10115
3527	0.0982608
3528	0.0996088
3529	0.0990671
3530	0.0987946
3531	0.0993383
3532	0.0993048
3533	0.0994094
3534	0.0956965
3535	0.0966125
3536	0.0973545
3537	0.0985913
3538	0.0972809
3539	0.0962344
3540	0.0990361
3541	0.0979847
3542	0.099326
3543	0.0998179
3544	0.100314
3545	0.0963461
3546	0.0981383
3547	0.0991252
3548	0.0973009
3549	0.0983154
3550	0.0983471
3551	0.0979938
3552	0.0978055
3553	0.0971392
3554	0.0960558
3555	0.0980147
3556	0.0968419
3557	0.0968752
3558	0.0993141
3559	0.0973794
3560	0.101148
3561	0.0985177
3562	0.098961
3563	0.101841
